2017-11-18 15:31:31,667     INFO #[ PsychoPy2 RuntimeInfoStart ]
  #[[ PsychoPy ]] #---------
    psychopyVersion: 1.85.4
    psychopyHaveExtRush: True
  #[[ Experiment ]] #---------
    experimentRunTime: 2017_11_18 15:31 (Year_Month_Day Hour:Min)
    experimentRunTime.epoch: 1511047889
    experimentScript: localizer.py
    experimentScript.digestSHA1: 73af835c2bb6458b858315d12675d6355738a2b3
    experimentScript.directory: /Users/mengdu/Repos/hierarchy/saccades
  #[[ System ]] #---------
    systemHaveInternetAccess: True
    systemHostName: mengs-mbp.ad.medctr.ucla.edu
    systemLocale: C
    systemMemFreeRAM: 3903.63671875
    systemMemTotalRAM: 8192.0
    systemPlatform: darwin 10.13.1 x86_64
    systemPyo.InputDevices: {0: {'host api index': 0, 'latency': 0.0029478457290679216, 'default sr': 44100, 'name': u'Built-in Microph'}}
    systemPyo.OutputDevices: {1: {'host api index': 0, 'latency': 0.018798185512423515, 'default sr': 44100, 'name': u'Built-in Output'}, 2: {'host api index': 0, 'latency': 0.0014375000027939677, 'default sr': 48000, 'name': u'HDMI'}}
    systemPyoVersion: 0.8.6
    systemRebooted: Nov 8 22:08
    systemSec.OpenSSLVersion: LibreSSL 2.2.7
    systemSec.pythonSSL: True
    systemTimeNumpySD1000000_sec: 0.0051
    systemUser: mengdu
    systemUserID: 501
    systemUserProcCount: 146
    systemUserProcFlagged: 'Google Chrome' mdworker iTunes Safari
    systemUsersCount: 1
  #[[ Window ]] #---------
    windowRefreshTimeSD_ms: 0.041
    windowRefreshTimeMedian_ms: 16.675
    windowRefreshTimeAvg_ms: 16.667
  #[[ Python ]] #---------
    pythonVersion: 2.7.12
  #[[ OpenGL ]] #---------
#[ PsychoPy2 RuntimeInfoEnd ]

2017-11-18 15:31:31,823     INFO Showing instructions
2017-11-18 15:31:31,852     INFO Instruction: When you see a RED cross, plea...
2017-11-18 15:31:38,734     INFO Received response [('space', 6.863423109054565)]
2017-11-18 15:31:38,735     INFO End of instructions
2017-11-18 15:31:38,736     INFO Showing instructions
2017-11-18 15:31:38,754     INFO Instruction: When you see a RED cross, plea...
2017-11-18 15:31:48,950     INFO Received signal 5 after 10.1810519695 seconds
2017-11-18 15:31:48,950     INFO End of instructions
2017-11-18 15:31:48,951     INFO Showing instructions
2017-11-18 15:31:48,951     INFO Instruction: 
2017-11-18 15:31:49,950     INFO Received signal 5 after 0.980813980103 seconds
2017-11-18 15:31:49,950     INFO End of instructions
2017-11-18 15:31:49,951     INFO Block 0 fixations
2017-11-18 15:31:49,959     INFO Showing fixation at (0, 0)
2017-11-18 15:31:51,170     INFO End of fixations
2017-11-18 15:31:51,175     INFO Showing fixation at (-0.02436169160587038, 0.7859130603162334)
2017-11-18 15:31:52,386     INFO End of fixations
2017-11-18 15:31:52,392     INFO Showing fixation at (0.02112923980592315, -0.8376919104185487)
2017-11-18 15:31:53,203     INFO End of fixations
2017-11-18 15:31:53,208     INFO Showing fixation at (-0.45805032636254933, 0.04270173268323617)
2017-11-18 15:31:54,220     INFO End of fixations
2017-11-18 15:31:54,226     INFO Showing fixation at (0.4870913629134812, 0.06590807805664814)
2017-11-18 15:31:55,037     INFO End of fixations
2017-11-18 15:31:55,042     INFO Showing fixation at (0.025700546360966206, -0.8202056609516822)
2017-11-18 15:31:56,053     INFO End of fixations
2017-11-18 15:31:56,059     INFO Showing fixation at (-0.004329104018939586, -0.8100494167142629)
2017-11-18 15:31:57,270     INFO End of fixations
2017-11-18 15:31:57,275     INFO Showing fixation at (0.00921141167026246, 0.7696268118484583)
2017-11-18 15:31:58,087     INFO End of fixations
2017-11-18 15:31:58,092     INFO Showing fixation at (-0.4663503924928786, -0.02270009596710424)
2017-11-18 15:31:59,104     INFO End of fixations
2017-11-18 15:31:59,109     INFO Showing fixation at (0.47578702641455023, 0.04846409237106472)
2017-11-18 15:31:59,919     INFO End of fixations
2017-11-18 15:31:59,924     INFO Showing fixation at (0.44609653597545823, -0.051559275491343724)
2017-11-18 15:32:01,137     INFO End of fixations
2017-11-18 15:32:01,142     INFO Showing fixation at (0.02593080979451584, 0.876661362734417)
2017-11-18 15:32:02,154     INFO End of fixations
2017-11-18 15:32:02,159     INFO Showing fixation at (-0.46070132258871727, -0.0685922653623895)
2017-11-18 15:32:02,970     INFO End of fixations
2017-11-18 15:32:02,975     INFO Showing fixation at (0, 0)
2017-11-18 15:32:04,187     INFO End of fixations
2017-11-18 15:32:04,187     INFO Showing instructions
2017-11-18 15:32:04,188     INFO Instruction: 
2017-11-18 15:32:04,951     INFO Received signal 5 after 0.747694969177 seconds
2017-11-18 15:32:04,951     INFO End of instructions
2017-11-18 15:32:04,951     INFO Block 0 saccades
2017-11-18 15:32:04,956     INFO Showing fixation at (0, 0)
2017-11-18 15:32:06,170     INFO End of fixations
2017-11-18 15:32:06,175     INFO Showing fixation at (-0.02436169160587038, 0.7859130603162334)
2017-11-18 15:32:07,387     INFO End of fixations
2017-11-18 15:32:07,392     INFO Showing fixation at (0.02112923980592315, -0.8376919104185487)
2017-11-18 15:32:08,204     INFO End of fixations
2017-11-18 15:32:08,209     INFO Showing fixation at (-0.45805032636254933, 0.04270173268323617)
2017-11-18 15:32:09,221     INFO End of fixations
2017-11-18 15:32:09,228     INFO Showing fixation at (0.4870913629134812, 0.06590807805664814)
2017-11-18 15:32:10,037     INFO End of fixations
2017-11-18 15:32:10,042     INFO Showing fixation at (0.025700546360966206, -0.8202056609516822)
2017-11-18 15:32:11,054     INFO End of fixations
2017-11-18 15:32:11,059     INFO Showing fixation at (-0.004329104018939586, -0.8100494167142629)
2017-11-18 15:32:12,270     INFO End of fixations
2017-11-18 15:32:12,276     INFO Showing fixation at (0.00921141167026246, 0.7696268118484583)
2017-11-18 15:32:13,087     INFO End of fixations
2017-11-18 15:32:13,092     INFO Showing fixation at (-0.4663503924928786, -0.02270009596710424)
2017-11-18 15:32:14,104     INFO End of fixations
2017-11-18 15:32:14,110     INFO Showing fixation at (0.47578702641455023, 0.04846409237106472)
2017-11-18 15:32:14,920     INFO End of fixations
2017-11-18 15:32:14,930     INFO Showing fixation at (0.44609653597545823, -0.051559275491343724)
2017-11-18 15:32:16,136     INFO End of fixations
2017-11-18 15:32:16,142     INFO Showing fixation at (0.02593080979451584, 0.876661362734417)
2017-11-18 15:32:17,154     INFO End of fixations
2017-11-18 15:32:17,160     INFO Showing fixation at (-0.46070132258871727, -0.0685922653623895)
2017-11-18 15:32:17,970     INFO End of fixations
2017-11-18 15:32:17,977     INFO Showing fixation at (0, 0)
2017-11-18 15:32:19,187     INFO End of fixations
2017-11-18 15:32:19,188     INFO Showing instructions
2017-11-18 15:32:19,188     INFO Instruction: 
2017-11-18 15:32:19,950     INFO Received signal 5 after 0.746285915375 seconds
2017-11-18 15:32:19,950     INFO End of instructions
2017-11-18 15:32:19,950     INFO Block 1 fixations
2017-11-18 15:32:19,955     INFO Showing fixation at (0, 0)
2017-11-18 15:32:20,971     INFO End of fixations
2017-11-18 15:32:20,979     INFO Showing fixation at (0.004589546089182266, -0.770289763239938)
2017-11-18 15:32:21,987     INFO End of fixations
2017-11-18 15:32:21,993     INFO Showing fixation at (0.018352537511877737, 0.8687819235104176)
2017-11-18 15:32:22,804     INFO End of fixations
2017-11-18 15:32:22,809     INFO Showing fixation at (-0.4524053823990718, 0.030875891971277228)
2017-11-18 15:32:24,021     INFO End of fixations
2017-11-18 15:32:24,026     INFO Showing fixation at (-0.0014808324624094038, -0.8234650038447923)
2017-11-18 15:32:24,838     INFO End of fixations
2017-11-18 15:32:24,843     INFO Showing fixation at (0.47212402320337676, -0.03217808491220376)
2017-11-18 15:32:25,854     INFO End of fixations
2017-11-18 15:32:25,860     INFO Showing fixation at (-0.44918753425358987, 0.03732692164910299)
2017-11-18 15:32:26,671     INFO End of fixations
2017-11-18 15:32:26,676     INFO Showing fixation at (-0.002034294320121248, 0.8809322845461868)
2017-11-18 15:32:27,488     INFO End of fixations
2017-11-18 15:32:27,493     INFO Showing fixation at (-0.03667823759859142, 0.8128991033446324)
2017-11-18 15:32:28,704     INFO End of fixations
2017-11-18 15:32:28,709     INFO Showing fixation at (-0.027031349260106363, -0.8843564727834511)
2017-11-18 15:32:29,521     INFO End of fixations
2017-11-18 15:32:29,526     INFO Showing fixation at (-0.43697199919517316, -0.0010523082781518367)
2017-11-18 15:32:30,738     INFO End of fixations
2017-11-18 15:32:30,743     INFO Showing fixation at (0.4314674676231825, 0.022255672109820643)
2017-11-18 15:32:31,954     INFO End of fixations
2017-11-18 15:32:31,960     INFO Showing fixation at (0.5014252777212532, 0.06175649554353277)
2017-11-18 15:32:32,971     INFO End of fixations
2017-11-18 15:32:32,977     INFO Showing fixation at (0, 0)
2017-11-18 15:32:34,188     INFO End of fixations
2017-11-18 15:32:34,188     INFO Showing instructions
2017-11-18 15:32:34,189     INFO Instruction: 
2017-11-18 15:32:34,950     INFO Received signal 5 after 0.745931148529 seconds
2017-11-18 15:32:34,950     INFO End of instructions
2017-11-18 15:32:34,950     INFO Block 1 saccades
2017-11-18 15:32:34,956     INFO Showing fixation at (0, 0)
2017-11-18 15:32:35,971     INFO End of fixations
2017-11-18 15:32:35,976     INFO Showing fixation at (0.004589546089182266, -0.770289763239938)
2017-11-18 15:32:36,988     INFO End of fixations
2017-11-18 15:32:36,993     INFO Showing fixation at (0.018352537511877737, 0.8687819235104176)
2017-11-18 15:32:37,805     INFO End of fixations
2017-11-18 15:32:37,810     INFO Showing fixation at (-0.4524053823990718, 0.030875891971277228)
2017-11-18 15:32:39,021     INFO End of fixations
2017-11-18 15:32:39,026     INFO Showing fixation at (-0.0014808324624094038, -0.8234650038447923)
2017-11-18 15:32:39,838     INFO End of fixations
2017-11-18 15:32:39,844     INFO Showing fixation at (0.47212402320337676, -0.03217808491220376)
2017-11-18 15:32:40,855     INFO End of fixations
2017-11-18 15:32:40,860     INFO Showing fixation at (-0.44918753425358987, 0.03732692164910299)
2017-11-18 15:32:41,672     INFO End of fixations
2017-11-18 15:32:41,677     INFO Showing fixation at (-0.002034294320121248, 0.8809322845461868)
2017-11-18 15:32:42,488     INFO End of fixations
2017-11-18 15:32:42,493     INFO Showing fixation at (-0.03667823759859142, 0.8128991033446324)
2017-11-18 15:32:43,705     INFO End of fixations
2017-11-18 15:32:43,711     INFO Showing fixation at (-0.027031349260106363, -0.8843564727834511)
2017-11-18 15:32:44,522     INFO End of fixations
2017-11-18 15:32:44,527     INFO Showing fixation at (-0.43697199919517316, -0.0010523082781518367)
2017-11-18 15:32:45,738     INFO End of fixations
2017-11-18 15:32:45,743     INFO Showing fixation at (0.4314674676231825, 0.022255672109820643)
2017-11-18 15:32:46,955     INFO End of fixations
2017-11-18 15:32:46,960     INFO Showing fixation at (0.5014252777212532, 0.06175649554353277)
2017-11-18 15:32:47,972     INFO End of fixations
2017-11-18 15:32:47,977     INFO Showing fixation at (0, 0)
2017-11-18 15:32:49,188     INFO End of fixations
2017-11-18 15:32:49,189     INFO Showing instructions
2017-11-18 15:32:49,189     INFO Instruction: 
2017-11-18 15:32:49,950     INFO Received signal 5 after 0.7453789711 seconds
2017-11-18 15:32:49,950     INFO End of instructions
2017-11-18 15:32:49,951     INFO Block 2 fixations
2017-11-18 15:32:49,956     INFO Showing fixation at (0, 0)
2017-11-18 15:32:50,972     INFO End of fixations
2017-11-18 15:32:50,977     INFO Showing fixation at (0.42848137492527577, 0.029427057608703552)
2017-11-18 15:32:52,188     INFO End of fixations
2017-11-18 15:32:52,193     INFO Showing fixation at (-0.4476453857830375, -0.04481216734029465)
2017-11-18 15:32:53,405     INFO End of fixations
2017-11-18 15:32:53,411     INFO Showing fixation at (0.014382315275553559, 0.7692945812901958)
2017-11-18 15:32:54,622     INFO End of fixations
2017-11-18 15:32:54,628     INFO Showing fixation at (-0.4756576468538817, -0.042638702681345717)
2017-11-18 15:32:55,439     INFO End of fixations
2017-11-18 15:32:55,445     INFO Showing fixation at (0.43786981694084826, 0.032450293735664604)
2017-11-18 15:32:56,255     INFO End of fixations
2017-11-18 15:32:56,261     INFO Showing fixation at (0.02777950756649271, -0.870146803566477)
2017-11-18 15:32:57,272     INFO End of fixations
2017-11-18 15:32:57,277     INFO Showing fixation at (0.029713302426850483, 0.8162834757987898)
2017-11-18 15:32:58,288     INFO End of fixations
2017-11-18 15:32:58,293     INFO Showing fixation at (-0.014314847952632635, 0.864132185702933)
2017-11-18 15:32:59,106     INFO End of fixations
2017-11-18 15:32:59,111     INFO Showing fixation at (0.03468253653845027, -0.8705460209663025)
2017-11-18 15:32:59,923     INFO End of fixations
2017-11-18 15:32:59,928     INFO Showing fixation at (-0.009661616105606723, -0.8156253159218035)
2017-11-18 15:33:00,739     INFO End of fixations
2017-11-18 15:33:00,744     INFO Showing fixation at (-0.4827435747624136, 0.04486861504668893)
2017-11-18 15:33:01,956     INFO End of fixations
2017-11-18 15:33:01,961     INFO Showing fixation at (0.45885799330643295, -0.0033238498695227214)
2017-11-18 15:33:02,972     INFO End of fixations
2017-11-18 15:33:02,978     INFO Showing fixation at (0, 0)
2017-11-18 15:33:04,189     INFO End of fixations
2017-11-18 15:33:04,189     INFO Showing instructions
2017-11-18 15:33:04,190     INFO Instruction: 
2017-11-18 15:33:04,950     INFO Received signal 5 after 0.744802951813 seconds
2017-11-18 15:33:04,950     INFO End of instructions
2017-11-18 15:33:04,950     INFO Block 2 saccades
2017-11-18 15:33:04,955     INFO Showing fixation at (0, 0)
2017-11-18 15:33:05,972     INFO End of fixations
2017-11-18 15:33:05,977     INFO Showing fixation at (0.42848137492527577, 0.029427057608703552)
2017-11-18 15:33:07,189     INFO End of fixations
2017-11-18 15:33:07,194     INFO Showing fixation at (-0.4476453857830375, -0.04481216734029465)
2017-11-18 15:33:08,406     INFO End of fixations
2017-11-18 15:33:08,412     INFO Showing fixation at (0.014382315275553559, 0.7692945812901958)
2017-11-18 15:33:09,623     INFO End of fixations
2017-11-18 15:33:09,628     INFO Showing fixation at (-0.4756576468538817, -0.042638702681345717)
2017-11-18 15:33:10,439     INFO End of fixations
2017-11-18 15:33:10,444     INFO Showing fixation at (0.43786981694084826, 0.032450293735664604)
2017-11-18 15:33:11,256     INFO End of fixations
2017-11-18 15:33:11,261     INFO Showing fixation at (0.02777950756649271, -0.870146803566477)
2017-11-18 15:33:12,273     INFO End of fixations
2017-11-18 15:33:12,278     INFO Showing fixation at (0.029713302426850483, 0.8162834757987898)
2017-11-18 15:33:13,289     INFO End of fixations
2017-11-18 15:33:13,294     INFO Showing fixation at (-0.014314847952632635, 0.864132185702933)
2017-11-18 15:33:14,106     INFO End of fixations
2017-11-18 15:33:14,111     INFO Showing fixation at (0.03468253653845027, -0.8705460209663025)
2017-11-18 15:33:14,923     INFO End of fixations
2017-11-18 15:33:14,928     INFO Showing fixation at (-0.009661616105606723, -0.8156253159218035)
2017-11-18 15:33:15,739     INFO End of fixations
2017-11-18 15:33:15,746     INFO Showing fixation at (-0.4827435747624136, 0.04486861504668893)
2017-11-18 15:33:16,956     INFO End of fixations
2017-11-18 15:33:16,962     INFO Showing fixation at (0.45885799330643295, -0.0033238498695227214)
2017-11-18 15:33:17,973     INFO End of fixations
2017-11-18 15:33:17,978     INFO Showing fixation at (0, 0)
2017-11-18 15:33:19,190     INFO End of fixations
2017-11-18 15:33:19,190     INFO Showing instructions
2017-11-18 15:33:19,191     INFO Instruction: 
2017-11-18 15:33:19,950     INFO Received signal 5 after 0.744270086288 seconds
2017-11-18 15:33:19,950     INFO End of instructions
2017-11-18 15:33:19,950     INFO Block 3 fixations
2017-11-18 15:33:19,955     INFO Showing fixation at (0, 0)
2017-11-18 15:33:21,173     INFO End of fixations
2017-11-18 15:33:21,244     INFO Showing fixation at (-0.48411767426127106, 0.019635987736386737)
2017-11-18 15:33:22,256     INFO End of fixations
2017-11-18 15:33:22,261     INFO Showing fixation at (-0.4560094242217739, 0.03900593698060505)
2017-11-18 15:33:23,273     INFO End of fixations
2017-11-18 15:33:23,278     INFO Showing fixation at (-0.036165504732240956, 0.8295228772559462)
2017-11-18 15:33:24,290     INFO End of fixations
2017-11-18 15:33:24,295     INFO Showing fixation at (-0.4705586435642263, 0.0014720052997357624)
2017-11-18 15:33:25,507     INFO End of fixations
2017-11-18 15:33:25,512     INFO Showing fixation at (0.009289115243428167, -0.7776619347053773)
2017-11-18 15:33:26,723     INFO End of fixations
2017-11-18 15:33:26,728     INFO Showing fixation at (-0.023595737308860377, 0.7599002586942467)
2017-11-18 15:33:27,540     INFO End of fixations
2017-11-18 15:33:27,545     INFO Showing fixation at (-0.016127008939878854, -0.7558947000409542)
2017-11-18 15:33:28,357     INFO End of fixations
2017-11-18 15:33:28,362     INFO Showing fixation at (0.4681370907673233, 0.05024482175786629)
2017-11-18 15:33:29,173     INFO End of fixations
2017-11-18 15:33:29,178     INFO Showing fixation at (0.0007560232179670071, 0.7849108862065415)
2017-11-18 15:33:29,990     INFO End of fixations
2017-11-18 15:33:29,995     INFO Showing fixation at (0.45598394265870745, 0.012708087978731991)
2017-11-18 15:33:31,206     INFO End of fixations
2017-11-18 15:33:31,211     INFO Showing fixation at (0.026806688592534392, -0.814992131950862)
2017-11-18 15:33:32,023     INFO End of fixations
2017-11-18 15:33:32,028     INFO Showing fixation at (0.4991798753976757, -0.023808245969053003)
2017-11-18 15:33:33,040     INFO End of fixations
2017-11-18 15:33:33,046     INFO Showing fixation at (0, 0)
2017-11-18 15:33:34,256     INFO End of fixations
2017-11-18 15:33:34,257     INFO Showing instructions
2017-11-18 15:33:34,257     INFO Instruction: 
2017-11-18 15:33:34,950     INFO Received signal 5 after 0.676974058151 seconds
2017-11-18 15:33:34,950     INFO End of instructions
2017-11-18 15:33:34,950     INFO Block 3 saccades
2017-11-18 15:33:34,955     INFO Showing fixation at (0, 0)
2017-11-18 15:33:36,174     INFO End of fixations
2017-11-18 15:33:36,179     INFO Showing fixation at (-0.48411767426127106, 0.019635987736386737)
2017-11-18 15:33:37,190     INFO End of fixations
2017-11-18 15:33:37,195     INFO Showing fixation at (-0.4560094242217739, 0.03900593698060505)
2017-11-18 15:33:38,207     INFO End of fixations
2017-11-18 15:33:38,212     INFO Showing fixation at (-0.036165504732240956, 0.8295228772559462)
2017-11-18 15:33:39,224     INFO End of fixations
2017-11-18 15:33:39,231     INFO Showing fixation at (-0.4705586435642263, 0.0014720052997357624)
2017-11-18 15:33:40,441     INFO End of fixations
2017-11-18 15:33:40,446     INFO Showing fixation at (0.009289115243428167, -0.7776619347053773)
2017-11-18 15:33:41,657     INFO End of fixations
2017-11-18 15:33:41,662     INFO Showing fixation at (-0.023595737308860377, 0.7599002586942467)
2017-11-18 15:33:42,474     INFO End of fixations
2017-11-18 15:33:42,479     INFO Showing fixation at (-0.016127008939878854, -0.7558947000409542)
2017-11-18 15:33:43,291     INFO End of fixations
2017-11-18 15:33:43,296     INFO Showing fixation at (0.4681370907673233, 0.05024482175786629)
2017-11-18 15:33:44,107     INFO End of fixations
2017-11-18 15:33:44,112     INFO Showing fixation at (0.0007560232179670071, 0.7849108862065415)
2017-11-18 15:33:44,924     INFO End of fixations
2017-11-18 15:33:44,929     INFO Showing fixation at (0.45598394265870745, 0.012708087978731991)
2017-11-18 15:33:46,141     INFO End of fixations
2017-11-18 15:33:46,146     INFO Showing fixation at (0.026806688592534392, -0.814992131950862)
2017-11-18 15:33:46,957     INFO End of fixations
2017-11-18 15:33:46,963     INFO Showing fixation at (0.4991798753976757, -0.023808245969053003)
2017-11-18 15:33:47,974     INFO End of fixations
2017-11-18 15:33:47,979     INFO Showing fixation at (0, 0)
2017-11-18 15:33:49,191     INFO End of fixations
2017-11-18 15:33:49,191     INFO Showing instructions
2017-11-18 15:33:49,192     INFO Instruction: 
2017-11-18 15:33:49,951     INFO Received signal 5 after 0.74361205101 seconds
2017-11-18 15:33:49,951     INFO End of instructions
2017-11-18 15:33:49,951     INFO Block 4 fixations
2017-11-18 15:33:49,956     INFO Showing fixation at (0, 0)
2017-11-18 15:33:50,974     INFO End of fixations
2017-11-18 15:33:50,979     INFO Showing fixation at (0.021360201514198478, 0.7648616007098525)
2017-11-18 15:33:52,191     INFO End of fixations
2017-11-18 15:33:52,196     INFO Showing fixation at (-0.4630965704956524, -0.016240975064843545)
2017-11-18 15:33:53,408     INFO End of fixations
2017-11-18 15:33:53,413     INFO Showing fixation at (0.4334939746041676, 0.007677710600137402)
2017-11-18 15:33:54,624     INFO End of fixations
2017-11-18 15:33:54,629     INFO Showing fixation at (0.4341638404878731, -0.056574411634043864)
2017-11-18 15:33:55,441     INFO End of fixations
2017-11-18 15:33:55,447     INFO Showing fixation at (0.4973945406031127, -0.058322701545544996)
2017-11-18 15:33:56,458     INFO End of fixations
2017-11-18 15:33:56,463     INFO Showing fixation at (0.03295688891096139, -0.7696110801476369)
2017-11-18 15:33:57,274     INFO End of fixations
2017-11-18 15:33:57,279     INFO Showing fixation at (0.03439075441485788, -0.8836184963800023)
2017-11-18 15:33:58,291     INFO End of fixations
2017-11-18 15:33:58,296     INFO Showing fixation at (-0.4278407484638337, 0.04230143435327233)
2017-11-18 15:33:59,508     INFO End of fixations
2017-11-18 15:33:59,513     INFO Showing fixation at (-0.029886363985112564, -0.8644746515131579)
2017-11-18 15:34:00,325     INFO End of fixations
2017-11-18 15:34:00,330     INFO Showing fixation at (0.016421557122573004, 0.7539953949195431)
2017-11-18 15:34:01,541     INFO End of fixations
2017-11-18 15:34:01,547     INFO Showing fixation at (-0.4591957348750007, 0.0456876511540964)
2017-11-18 15:34:02,358     INFO End of fixations
2017-11-18 15:34:02,363     INFO Showing fixation at (-0.012328713512808741, 0.8788703024373219)
2017-11-18 15:34:03,175     INFO End of fixations
2017-11-18 15:34:03,180     INFO Showing fixation at (0, 0)
2017-11-18 15:34:04,191     INFO End of fixations
2017-11-18 15:34:04,191     INFO Showing instructions
2017-11-18 15:34:04,192     INFO Instruction: 
2017-11-18 15:34:04,950     INFO Received signal 5 after 0.742643117905 seconds
2017-11-18 15:34:04,950     INFO End of instructions
2017-11-18 15:34:04,950     INFO Block 4 saccades
2017-11-18 15:34:04,956     INFO Showing fixation at (0, 0)
2017-11-18 15:34:05,975     INFO End of fixations
2017-11-18 15:34:05,980     INFO Showing fixation at (0.021360201514198478, 0.7648616007098525)
2017-11-18 15:34:07,191     INFO End of fixations
2017-11-18 15:34:07,196     INFO Showing fixation at (-0.4630965704956524, -0.016240975064843545)
2017-11-18 15:34:08,408     INFO End of fixations
2017-11-18 15:34:08,415     INFO Showing fixation at (0.4334939746041676, 0.007677710600137402)
2017-11-18 15:34:09,625     INFO End of fixations
2017-11-18 15:34:09,630     INFO Showing fixation at (0.4341638404878731, -0.056574411634043864)
2017-11-18 15:34:10,442     INFO End of fixations
2017-11-18 15:34:10,447     INFO Showing fixation at (0.4973945406031127, -0.058322701545544996)
2017-11-18 15:34:11,458     INFO End of fixations
2017-11-18 15:34:11,463     INFO Showing fixation at (0.03295688891096139, -0.7696110801476369)
2017-11-18 15:34:12,275     INFO End of fixations
2017-11-18 15:34:12,281     INFO Showing fixation at (0.03439075441485788, -0.8836184963800023)
2017-11-18 15:34:13,292     INFO End of fixations
2017-11-18 15:34:13,297     INFO Showing fixation at (-0.4278407484638337, 0.04230143435327233)
2017-11-18 15:34:14,508     INFO End of fixations
2017-11-18 15:34:14,513     INFO Showing fixation at (-0.029886363985112564, -0.8644746515131579)
2017-11-18 15:34:15,325     INFO End of fixations
2017-11-18 15:34:15,330     INFO Showing fixation at (0.016421557122573004, 0.7539953949195431)
2017-11-18 15:34:16,542     INFO End of fixations
2017-11-18 15:34:16,547     INFO Showing fixation at (-0.4591957348750007, 0.0456876511540964)
2017-11-18 15:34:17,358     INFO End of fixations
2017-11-18 15:34:17,364     INFO Showing fixation at (-0.012328713512808741, 0.8788703024373219)
2017-11-18 15:34:18,175     INFO End of fixations
2017-11-18 15:34:18,180     INFO Showing fixation at (0, 0)
2017-11-18 15:34:19,192     INFO End of fixations
2017-11-18 15:34:19,192     INFO Showing instructions
2017-11-18 15:34:19,193     INFO Instruction: 
2017-11-18 15:34:19,949     INFO Received signal 5 after 0.741348028183 seconds
2017-11-18 15:34:19,950     INFO End of instructions
2017-11-18 15:34:19,950     INFO Block 5 fixations
2017-11-18 15:34:19,955     INFO Showing fixation at (0, 0)
2017-11-18 15:34:20,959     INFO End of fixations
2017-11-18 15:34:20,964     INFO Showing fixation at (0.4915623118167592, 0.03058119473127742)
2017-11-18 15:34:22,175     INFO End of fixations
2017-11-18 15:34:22,181     INFO Showing fixation at (0.4247454891800885, 0.026715306373359407)
2017-11-18 15:34:22,992     INFO End of fixations
2017-11-18 15:34:22,997     INFO Showing fixation at (-0.017758662300207482, -0.7688230003859434)
2017-11-18 15:34:23,809     INFO End of fixations
2017-11-18 15:34:23,814     INFO Showing fixation at (-0.4710586180908637, -0.013188452452577978)
2017-11-18 15:34:25,025     INFO End of fixations
2017-11-18 15:34:25,030     INFO Showing fixation at (-0.4684474884300445, -0.017700975177782984)
2017-11-18 15:34:26,242     INFO End of fixations
2017-11-18 15:34:26,247     INFO Showing fixation at (-0.027366021895647567, 0.8404011821287375)
2017-11-18 15:34:27,459     INFO End of fixations
2017-11-18 15:34:27,464     INFO Showing fixation at (0.4415126984707112, -0.04007296372935386)
2017-11-18 15:34:28,475     INFO End of fixations
2017-11-18 15:34:28,481     INFO Showing fixation at (-0.024353910057322355, 0.7912375780607708)
2017-11-18 15:34:29,292     INFO End of fixations
2017-11-18 15:34:29,297     INFO Showing fixation at (0.006476468868185925, 0.8273972267211986)
2017-11-18 15:34:30,309     INFO End of fixations
2017-11-18 15:34:30,314     INFO Showing fixation at (-0.012282197199569606, -0.7894293901533526)
2017-11-18 15:34:31,126     INFO End of fixations
2017-11-18 15:34:31,131     INFO Showing fixation at (-0.4829761558414193, 0.01311305528117336)
2017-11-18 15:34:31,942     INFO End of fixations
2017-11-18 15:34:31,949     INFO Showing fixation at (-0.008245164377288488, -0.8862499907733331)
2017-11-18 15:34:32,959     INFO End of fixations
2017-11-18 15:34:32,964     INFO Showing fixation at (0, 0)
2017-11-18 15:34:34,176     INFO End of fixations
2017-11-18 15:34:34,176     INFO Showing instructions
2017-11-18 15:34:34,177     INFO Instruction: 
2017-11-18 15:34:34,950     INFO Received signal 5 after 0.758353948593 seconds
2017-11-18 15:34:34,950     INFO End of instructions
2017-11-18 15:34:34,950     INFO Block 5 saccades
2017-11-18 15:34:34,956     INFO Showing fixation at (0, 0)
2017-11-18 15:34:35,976     INFO End of fixations
2017-11-18 15:34:35,981     INFO Showing fixation at (0.4915623118167592, 0.03058119473127742)
2017-11-18 15:34:37,193     INFO End of fixations
2017-11-18 15:34:37,198     INFO Showing fixation at (0.4247454891800885, 0.026715306373359407)
2017-11-18 15:34:38,009     INFO End of fixations
2017-11-18 15:34:38,014     INFO Showing fixation at (-0.017758662300207482, -0.7688230003859434)
2017-11-18 15:34:38,826     INFO End of fixations
2017-11-18 15:34:38,833     INFO Showing fixation at (-0.4710586180908637, -0.013188452452577978)
2017-11-18 15:34:40,043     INFO End of fixations
2017-11-18 15:34:40,048     INFO Showing fixation at (-0.4684474884300445, -0.017700975177782984)
2017-11-18 15:34:41,259     INFO End of fixations
2017-11-18 15:34:41,265     INFO Showing fixation at (-0.027366021895647567, 0.8404011821287375)
2017-11-18 15:34:42,476     INFO End of fixations
2017-11-18 15:34:42,481     INFO Showing fixation at (0.4415126984707112, -0.04007296372935386)
2017-11-18 15:34:43,493     INFO End of fixations
2017-11-18 15:34:43,498     INFO Showing fixation at (-0.024353910057322355, 0.7912375780607708)
2017-11-18 15:34:44,309     INFO End of fixations
2017-11-18 15:34:44,315     INFO Showing fixation at (0.006476468868185925, 0.8273972267211986)
2017-11-18 15:34:45,326     INFO End of fixations
2017-11-18 15:34:45,332     INFO Showing fixation at (-0.012282197199569606, -0.7894293901533526)
2017-11-18 15:34:46,143     INFO End of fixations
2017-11-18 15:34:46,148     INFO Showing fixation at (-0.4829761558414193, 0.01311305528117336)
2017-11-18 15:34:46,960     INFO End of fixations
2017-11-18 15:34:46,965     INFO Showing fixation at (-0.008245164377288488, -0.8862499907733331)
2017-11-18 15:34:47,976     INFO End of fixations
2017-11-18 15:34:47,981     INFO Showing fixation at (0, 0)
2017-11-18 15:34:49,193     INFO End of fixations
2017-11-18 15:34:49,193     INFO Showing instructions
2017-11-18 15:34:49,194     INFO Instruction: 
2017-11-18 15:34:49,950     INFO Received signal 5 after 0.740812063217 seconds
2017-11-18 15:34:49,950     INFO End of instructions
2017-11-18 15:34:49,950     INFO Block 6 fixations
2017-11-18 15:34:49,956     INFO Showing fixation at (0, 0)
2017-11-18 15:34:50,960     INFO End of fixations
2017-11-18 15:34:50,965     INFO Showing fixation at (0.028248894929515406, 0.8604138871416224)
2017-11-18 15:34:51,777     INFO End of fixations
2017-11-18 15:34:51,782     INFO Showing fixation at (0.011246528337122655, 0.8186369736329969)
2017-11-18 15:34:52,993     INFO End of fixations
2017-11-18 15:34:52,998     INFO Showing fixation at (0.46917841905716606, -0.011586370524995934)
2017-11-18 15:34:54,009     INFO End of fixations
2017-11-18 15:34:54,014     INFO Showing fixation at (-0.48097108270690064, -0.014596625558171088)
2017-11-18 15:34:54,826     INFO End of fixations
2017-11-18 15:34:54,832     INFO Showing fixation at (0.4445874161778957, -0.03556205683500226)
2017-11-18 15:34:56,043     INFO End of fixations
2017-11-18 15:34:56,048     INFO Showing fixation at (-0.011022100433970231, 0.791716966049801)
2017-11-18 15:34:57,260     INFO End of fixations
2017-11-18 15:34:57,265     INFO Showing fixation at (-0.4489867077124381, 0.04282984120182573)
2017-11-18 15:34:58,277     INFO End of fixations
2017-11-18 15:34:58,282     INFO Showing fixation at (0.49800684093928305, 0.030164818955705372)
2017-11-18 15:34:59,093     INFO End of fixations
2017-11-18 15:34:59,099     INFO Showing fixation at (0.00229184630792454, -0.7601346015374592)
2017-11-18 15:35:00,110     INFO End of fixations
2017-11-18 15:35:00,115     INFO Showing fixation at (-0.024655408148207332, -0.7661753405048841)
2017-11-18 15:35:01,327     INFO End of fixations
2017-11-18 15:35:01,332     INFO Showing fixation at (-0.46773861191573807, 0.04085813388752994)
2017-11-18 15:35:02,143     INFO End of fixations
2017-11-18 15:35:02,149     INFO Showing fixation at (-0.03405818003947274, -0.7578974953173043)
2017-11-18 15:35:02,960     INFO End of fixations
2017-11-18 15:35:02,965     INFO Showing fixation at (0, 0)
2017-11-18 15:35:04,177     INFO End of fixations
2017-11-18 15:35:04,177     INFO Showing instructions
2017-11-18 15:35:04,178     INFO Instruction: 
2017-11-18 15:35:04,950     INFO Received signal 5 after 0.757340908051 seconds
2017-11-18 15:35:04,950     INFO End of instructions
2017-11-18 15:35:04,950     INFO Block 6 saccades
2017-11-18 15:35:04,956     INFO Showing fixation at (0, 0)
2017-11-18 15:35:05,960     INFO End of fixations
2017-11-18 15:35:05,965     INFO Showing fixation at (0.028248894929515406, 0.8604138871416224)
2017-11-18 15:35:06,777     INFO End of fixations
2017-11-18 15:35:06,782     INFO Showing fixation at (0.011246528337122655, 0.8186369736329969)
2017-11-18 15:35:07,994     INFO End of fixations
2017-11-18 15:35:07,999     INFO Showing fixation at (0.46917841905716606, -0.011586370524995934)
2017-11-18 15:35:09,010     INFO End of fixations
2017-11-18 15:35:09,018     INFO Showing fixation at (-0.48097108270690064, -0.014596625558171088)
2017-11-18 15:35:09,827     INFO End of fixations
2017-11-18 15:35:09,832     INFO Showing fixation at (0.4445874161778957, -0.03556205683500226)
2017-11-18 15:35:11,044     INFO End of fixations
2017-11-18 15:35:11,049     INFO Showing fixation at (-0.011022100433970231, 0.791716966049801)
2017-11-18 15:35:12,261     INFO End of fixations
2017-11-18 15:35:12,266     INFO Showing fixation at (-0.4489867077124381, 0.04282984120182573)
2017-11-18 15:35:13,277     INFO End of fixations
2017-11-18 15:35:13,282     INFO Showing fixation at (0.49800684093928305, 0.030164818955705372)
2017-11-18 15:35:14,094     INFO End of fixations
2017-11-18 15:35:14,099     INFO Showing fixation at (0.00229184630792454, -0.7601346015374592)
2017-11-18 15:35:15,111     INFO End of fixations
2017-11-18 15:35:15,116     INFO Showing fixation at (-0.024655408148207332, -0.7661753405048841)
2017-11-18 15:35:16,327     INFO End of fixations
2017-11-18 15:35:16,332     INFO Showing fixation at (-0.46773861191573807, 0.04085813388752994)
2017-11-18 15:35:17,144     INFO End of fixations
2017-11-18 15:35:17,149     INFO Showing fixation at (-0.03405818003947274, -0.7578974953173043)
2017-11-18 15:35:17,961     INFO End of fixations
2017-11-18 15:35:17,966     INFO Showing fixation at (0, 0)
2017-11-18 15:35:19,177     INFO End of fixations
2017-11-18 15:35:19,178     INFO Showing instructions
2017-11-18 15:35:19,178     INFO Instruction: 
2017-11-18 15:35:19,950     INFO Received signal 5 after 0.75636100769 seconds
2017-11-18 15:35:19,950     INFO End of instructions
2017-11-18 15:35:19,950     INFO Block 7 fixations
2017-11-18 15:35:19,956     INFO Showing fixation at (0, 0)
2017-11-18 15:35:21,161     INFO End of fixations
2017-11-18 15:35:21,166     INFO Showing fixation at (0.03096785428475414, 0.7840666851994832)
2017-11-18 15:35:22,378     INFO End of fixations
2017-11-18 15:35:22,383     INFO Showing fixation at (-0.0378198179422018, 0.8530587362472324)
2017-11-18 15:35:23,394     INFO End of fixations
2017-11-18 15:35:23,400     INFO Showing fixation at (0.4744454477594826, 0.025441137574150688)
2017-11-18 15:35:24,411     INFO End of fixations
2017-11-18 15:35:24,416     INFO Showing fixation at (-0.446650774459162, -0.06634090733651497)
2017-11-18 15:35:25,227     INFO End of fixations
2017-11-18 15:35:25,232     INFO Showing fixation at (-0.010342450446125303, -0.7939987852082102)
2017-11-18 15:35:26,244     INFO End of fixations
2017-11-18 15:35:26,250     INFO Showing fixation at (0.4461780965375658, -0.003993997120551623)
2017-11-18 15:35:27,461     INFO End of fixations
2017-11-18 15:35:27,466     INFO Showing fixation at (-0.4570818407338256, 0.025232071774228274)
2017-11-18 15:35:28,478     INFO End of fixations
2017-11-18 15:35:28,483     INFO Showing fixation at (-0.014017482625472404, -0.8157312738126457)
2017-11-18 15:35:29,694     INFO End of fixations
2017-11-18 15:35:29,700     INFO Showing fixation at (-0.019408133496943702, -0.8026898800940087)
2017-11-18 15:35:30,511     INFO End of fixations
2017-11-18 15:35:30,516     INFO Showing fixation at (-0.025014428133383372, 0.7640891794827465)
2017-11-18 15:35:31,328     INFO End of fixations
2017-11-18 15:35:31,333     INFO Showing fixation at (-0.4587202524629323, -0.016296811657128478)
2017-11-18 15:35:32,145     INFO End of fixations
2017-11-18 15:35:32,150     INFO Showing fixation at (0.4960778723032143, 0.03117468410515438)
2017-11-18 15:35:32,961     INFO End of fixations
2017-11-18 15:35:32,966     INFO Showing fixation at (0, 0)
2017-11-18 15:35:34,178     INFO End of fixations
2017-11-18 15:35:34,178     INFO Showing instructions
2017-11-18 15:35:34,179     INFO Instruction: 
2017-11-18 15:35:34,950     INFO Received signal 5 after 0.756292819977 seconds
2017-11-18 15:35:34,950     INFO End of instructions
2017-11-18 15:35:34,950     INFO Block 7 saccades
2017-11-18 15:35:34,956     INFO Showing fixation at (0, 0)
2017-11-18 15:35:36,161     INFO End of fixations
2017-11-18 15:35:36,166     INFO Showing fixation at (0.03096785428475414, 0.7840666851994832)
2017-11-18 15:35:37,378     INFO End of fixations
2017-11-18 15:35:37,383     INFO Showing fixation at (-0.0378198179422018, 0.8530587362472324)
2017-11-18 15:35:38,395     INFO End of fixations
2017-11-18 15:35:38,401     INFO Showing fixation at (0.4744454477594826, 0.025441137574150688)
2017-11-18 15:35:39,411     INFO End of fixations
2017-11-18 15:35:39,416     INFO Showing fixation at (-0.446650774459162, -0.06634090733651497)
2017-11-18 15:35:40,228     INFO End of fixations
2017-11-18 15:35:40,233     INFO Showing fixation at (-0.010342450446125303, -0.7939987852082102)
2017-11-18 15:35:41,245     INFO End of fixations
2017-11-18 15:35:41,251     INFO Showing fixation at (0.4461780965375658, -0.003993997120551623)
2017-11-18 15:35:42,462     INFO End of fixations
2017-11-18 15:35:42,468     INFO Showing fixation at (-0.4570818407338256, 0.025232071774228274)
2017-11-18 15:35:43,478     INFO End of fixations
2017-11-18 15:35:43,483     INFO Showing fixation at (-0.014017482625472404, -0.8157312738126457)
2017-11-18 15:35:44,695     INFO End of fixations
2017-11-18 15:35:44,700     INFO Showing fixation at (-0.019408133496943702, -0.8026898800940087)
2017-11-18 15:35:45,512     INFO End of fixations
2017-11-18 15:35:45,517     INFO Showing fixation at (-0.025014428133383372, 0.7640891794827465)
2017-11-18 15:35:46,328     INFO End of fixations
2017-11-18 15:35:46,334     INFO Showing fixation at (-0.4587202524629323, -0.016296811657128478)
2017-11-18 15:35:47,145     INFO End of fixations
2017-11-18 15:35:47,150     INFO Showing fixation at (0.4960778723032143, 0.03117468410515438)
2017-11-18 15:35:47,962     INFO End of fixations
2017-11-18 15:35:47,967     INFO Showing fixation at (0, 0)
2017-11-18 15:35:49,178     INFO End of fixations
2017-11-18 15:35:49,179     INFO Showing instructions
2017-11-18 15:35:49,179     INFO Instruction: 
2017-11-18 15:35:49,950     INFO Received signal 5 after 0.755469083786 seconds
2017-11-18 15:35:49,950     INFO End of instructions
2017-11-18 15:35:49,950     INFO Block 8 fixations
2017-11-18 15:35:49,956     INFO Showing fixation at (0, 0)
2017-11-18 15:35:51,162     INFO End of fixations
2017-11-18 15:35:51,167     INFO Showing fixation at (0.49216587949101687, -0.020393410691923047)
2017-11-18 15:35:51,979     INFO End of fixations
2017-11-18 15:35:51,984     INFO Showing fixation at (-0.0003345935528449931, -0.8250954168845445)
2017-11-18 15:35:53,195     INFO End of fixations
2017-11-18 15:35:53,201     INFO Showing fixation at (-0.00035896477517157604, 0.8827737525230679)
2017-11-18 15:35:54,012     INFO End of fixations
2017-11-18 15:35:54,017     INFO Showing fixation at (0.48721892829816343, 0.02704853884071723)
2017-11-18 15:35:55,028     INFO End of fixations
2017-11-18 15:35:55,034     INFO Showing fixation at (-0.4755029789531187, -0.06075354306949374)
2017-11-18 15:35:56,246     INFO End of fixations
2017-11-18 15:35:56,254     INFO Showing fixation at (-0.02386680180713388, -0.8034242850441035)
2017-11-18 15:35:57,462     INFO End of fixations
2017-11-18 15:35:57,467     INFO Showing fixation at (0.03509820287068316, -0.7669736441330707)
2017-11-18 15:35:58,279     INFO End of fixations
2017-11-18 15:35:58,284     INFO Showing fixation at (-0.4436071391814344, -0.05646527699418767)
2017-11-18 15:35:59,295     INFO End of fixations
2017-11-18 15:35:59,301     INFO Showing fixation at (-0.0026030454780809203, 0.8092807629258001)
2017-11-18 15:36:00,312     INFO End of fixations
2017-11-18 15:36:00,318     INFO Showing fixation at (-0.037921824802892266, 0.8724527072703568)
2017-11-18 15:36:01,529     INFO End of fixations
2017-11-18 15:36:01,534     INFO Showing fixation at (0.4768644734729815, 0.03746795012742499)
2017-11-18 15:36:02,546     INFO End of fixations
2017-11-18 15:36:02,551     INFO Showing fixation at (-0.47435494778149256, 0.06873059693101813)
2017-11-18 15:36:03,362     INFO End of fixations
2017-11-18 15:36:03,368     INFO Showing fixation at (0, 0)
2017-11-18 15:36:04,179     INFO End of fixations
2017-11-18 15:36:04,179     INFO Showing instructions
2017-11-18 15:36:04,180     INFO Instruction: 
2017-11-18 15:36:04,950     INFO Received signal 5 after 0.754442930222 seconds
2017-11-18 15:36:04,950     INFO End of instructions
2017-11-18 15:36:04,950     INFO Block 8 saccades
2017-11-18 15:36:04,956     INFO Showing fixation at (0, 0)
2017-11-18 15:36:06,162     INFO End of fixations
2017-11-18 15:36:06,168     INFO Showing fixation at (0.49216587949101687, -0.020393410691923047)
2017-11-18 15:36:06,979     INFO End of fixations
2017-11-18 15:36:06,984     INFO Showing fixation at (-0.0003345935528449931, -0.8250954168845445)
2017-11-18 15:36:08,196     INFO End of fixations
2017-11-18 15:36:08,201     INFO Showing fixation at (-0.00035896477517157604, 0.8827737525230679)
2017-11-18 15:36:09,013     INFO End of fixations
2017-11-18 15:36:09,019     INFO Showing fixation at (0.48721892829816343, 0.02704853884071723)
2017-11-18 15:36:10,029     INFO End of fixations
2017-11-18 15:36:10,034     INFO Showing fixation at (-0.4755029789531187, -0.06075354306949374)
2017-11-18 15:36:11,246     INFO End of fixations
2017-11-18 15:36:11,251     INFO Showing fixation at (-0.02386680180713388, -0.8034242850441035)
2017-11-18 15:36:12,463     INFO End of fixations
2017-11-18 15:36:12,468     INFO Showing fixation at (0.03509820287068316, -0.7669736441330707)
2017-11-18 15:36:13,279     INFO End of fixations
2017-11-18 15:36:13,284     INFO Showing fixation at (-0.4436071391814344, -0.05646527699418767)
2017-11-18 15:36:14,296     INFO End of fixations
2017-11-18 15:36:14,301     INFO Showing fixation at (-0.0026030454780809203, 0.8092807629258001)
2017-11-18 15:36:15,313     INFO End of fixations
2017-11-18 15:36:15,318     INFO Showing fixation at (-0.037921824802892266, 0.8724527072703568)
2017-11-18 15:36:16,529     INFO End of fixations
2017-11-18 15:36:16,535     INFO Showing fixation at (0.4768644734729815, 0.03746795012742499)
2017-11-18 15:36:17,546     INFO End of fixations
2017-11-18 15:36:17,552     INFO Showing fixation at (-0.47435494778149256, 0.06873059693101813)
2017-11-18 15:36:18,363     INFO End of fixations
2017-11-18 15:36:18,368     INFO Showing fixation at (0, 0)
2017-11-18 15:36:19,180     INFO End of fixations
2017-11-18 15:36:19,180     INFO Showing instructions
2017-11-18 15:36:19,181     INFO Instruction: 
2017-11-18 15:36:19,950     INFO Received signal 5 after 0.754487991333 seconds
2017-11-18 15:36:19,950     INFO End of instructions
2017-11-18 15:36:19,950     INFO Block 9 fixations
2017-11-18 15:36:19,956     INFO Showing fixation at (0, 0)
2017-11-18 15:36:20,763     INFO End of fixations
2017-11-18 15:36:20,768     INFO Showing fixation at (-0.43607962511805626, 0.06184090720626123)
2017-11-18 15:36:21,580     INFO End of fixations
2017-11-18 15:36:21,585     INFO Showing fixation at (-0.4717121122576402, -0.06645302636855525)
2017-11-18 15:36:22,597     INFO End of fixations
2017-11-18 15:36:22,602     INFO Showing fixation at (-0.03354076835335053, -0.8069150175259449)
2017-11-18 15:36:23,613     INFO End of fixations
2017-11-18 15:36:23,619     INFO Showing fixation at (0.008750829442525358, 0.8495614498824725)
2017-11-18 15:36:24,430     INFO End of fixations
2017-11-18 15:36:24,435     INFO Showing fixation at (-0.015309413863978782, -0.791844702642353)
2017-11-18 15:36:25,246     INFO End of fixations
2017-11-18 15:36:25,252     INFO Showing fixation at (0.4797746261745291, 0.01597823177464297)
2017-11-18 15:36:26,263     INFO End of fixations
2017-11-18 15:36:26,271     INFO Showing fixation at (-0.0012806338371137427, -0.8577488453967465)
2017-11-18 15:36:27,480     INFO End of fixations
2017-11-18 15:36:27,485     INFO Showing fixation at (-0.4246001484021843, 0.03662578900674014)
2017-11-18 15:36:28,697     INFO End of fixations
2017-11-18 15:36:28,702     INFO Showing fixation at (0.4692098653800806, 0.06577796476499304)
2017-11-18 15:36:29,713     INFO End of fixations
2017-11-18 15:36:29,718     INFO Showing fixation at (0.496316319429193, -0.056265398852099115)
2017-11-18 15:36:30,530     INFO End of fixations
2017-11-18 15:36:30,535     INFO Showing fixation at (0.02382009964294185, 0.7875734699595792)
2017-11-18 15:36:31,747     INFO End of fixations
2017-11-18 15:36:31,752     INFO Showing fixation at (0.011186750871482527, 0.8238555253328644)
2017-11-18 15:36:32,964     INFO End of fixations
2017-11-18 15:36:32,970     INFO Showing fixation at (0, 0)
2017-11-18 15:36:34,180     INFO End of fixations
2017-11-18 15:36:34,180     INFO Showing instructions
2017-11-18 15:36:34,181     INFO Instruction: 
2017-11-18 15:36:34,950     INFO Received signal 5 after 0.753365039825 seconds
2017-11-18 15:36:34,950     INFO End of instructions
2017-11-18 15:36:34,950     INFO Block 9 saccades
2017-11-18 15:36:34,955     INFO Showing fixation at (0, 0)
2017-11-18 15:36:35,764     INFO End of fixations
2017-11-18 15:36:35,769     INFO Showing fixation at (-0.43607962511805626, 0.06184090720626123)
2017-11-18 15:36:36,580     INFO End of fixations
2017-11-18 15:36:36,585     INFO Showing fixation at (-0.4717121122576402, -0.06645302636855525)
2017-11-18 15:36:37,597     INFO End of fixations
2017-11-18 15:36:37,602     INFO Showing fixation at (-0.03354076835335053, -0.8069150175259449)
2017-11-18 15:36:38,614     INFO End of fixations
2017-11-18 15:36:38,621     INFO Showing fixation at (0.008750829442525358, 0.8495614498824725)
2017-11-18 15:36:39,430     INFO End of fixations
2017-11-18 15:36:39,435     INFO Showing fixation at (-0.015309413863978782, -0.791844702642353)
2017-11-18 15:36:40,247     INFO End of fixations
2017-11-18 15:36:40,252     INFO Showing fixation at (0.4797746261745291, 0.01597823177464297)
2017-11-18 15:36:41,264     INFO End of fixations
2017-11-18 15:36:41,273     INFO Showing fixation at (-0.0012806338371137427, -0.8577488453967465)
2017-11-18 15:36:42,481     INFO End of fixations
2017-11-18 15:36:42,486     INFO Showing fixation at (-0.4246001484021843, 0.03662578900674014)
2017-11-18 15:36:43,697     INFO End of fixations
2017-11-18 15:36:43,702     INFO Showing fixation at (0.4692098653800806, 0.06577796476499304)
2017-11-18 15:36:44,713     INFO End of fixations
2017-11-18 15:36:44,718     INFO Showing fixation at (0.496316319429193, -0.056265398852099115)
2017-11-18 15:36:45,530     INFO End of fixations
2017-11-18 15:36:45,535     INFO Showing fixation at (0.02382009964294185, 0.7875734699595792)
2017-11-18 15:36:46,747     INFO End of fixations
2017-11-18 15:36:46,753     INFO Showing fixation at (0.011186750871482527, 0.8238555253328644)
2017-11-18 15:36:47,964     INFO End of fixations
2017-11-18 15:36:47,970     INFO Showing fixation at (0, 0)
2017-11-18 15:36:49,181     INFO End of fixations
2017-11-18 15:36:49,184     INFO Showing fixation at (0, 0) for 8 second(s)
2017-11-18 15:36:49,950     INFO Received trigger 5
2017-11-18 15:36:50,950     INFO Received trigger 5
2017-11-18 15:36:51,950     INFO Received trigger 5
2017-11-18 15:36:52,950     INFO Received trigger 5
2017-11-18 15:36:53,950     INFO Received trigger 5
2017-11-18 15:36:54,950     INFO Received trigger 5
2017-11-18 15:36:55,952     INFO Received trigger 5
2017-11-18 16:04:43,199     INFO Received trigger 5
2017-11-18 16:04:43,199     INFO End of fixations
2017-11-18 16:04:43,199     INFO End of experiment
