2017-11-18 18:17:24,738     INFO #[ PsychoPy2 RuntimeInfoStart ]
  #[[ PsychoPy ]] #---------
    psychopyVersion: 1.85.4
    psychopyHaveExtRush: True
  #[[ Experiment ]] #---------
    experimentRunTime: 2017_11_18 18:17 (Year_Month_Day Hour:Min)
    experimentRunTime.epoch: 1511057842
    experimentScript: localizer.py
    experimentScript.digestSHA1: 73af835c2bb6458b858315d12675d6355738a2b3
    experimentScript.directory: /Users/mengdu/Repos/hierarchy/saccades
  #[[ System ]] #---------
    systemHaveInternetAccess: False (proxies not attempted)
    systemHostName: Mengs-MacBook-Pro.local
    systemLocale: C
    systemMemFreeRAM: 4002.90234375
    systemMemTotalRAM: 8192.0
    systemPlatform: darwin 10.13.1 x86_64
    systemPyo.InputDevices: {0: {'host api index': 0, 'latency': 0.0029478457290679216, 'default sr': 44100, 'name': u'Built-in Microph'}}
    systemPyo.OutputDevices: {1: {'host api index': 0, 'latency': 0.018798185512423515, 'default sr': 44100, 'name': u'Built-in Output'}, 2: {'host api index': 0, 'latency': 0.0014375000027939677, 'default sr': 48000, 'name': u'HDMI'}}
    systemPyoVersion: 0.8.6
    systemRebooted: Nov 8 22:08
    systemSec.OpenSSLVersion: LibreSSL 2.2.7
    systemSec.pythonSSL: True
    systemTimeNumpySD1000000_sec: 0.0058
    systemUser: mengdu
    systemUserID: 501
    systemUserProcCount: 133
    systemUserProcFlagged: 'Google Chrome' mdworker iTunes Safari
    systemUsersCount: 1
  #[[ Window ]] #---------
    windowRefreshTimeSD_ms: 0.032
    windowRefreshTimeMedian_ms: 16.656
    windowRefreshTimeAvg_ms: 16.666
  #[[ Python ]] #---------
    pythonVersion: 2.7.12
  #[[ OpenGL ]] #---------
#[ PsychoPy2 RuntimeInfoEnd ]

2017-11-18 18:17:24,946     INFO Showing instructions
2017-11-18 18:17:24,989     INFO Instruction: When you see a RED cross, plea...
2017-11-18 18:17:28,141     INFO Received response [('space', 3.1313180923461914)]
2017-11-18 18:17:28,141     INFO End of instructions
2017-11-18 18:17:28,141     INFO Showing instructions
2017-11-18 18:17:28,167     INFO Instruction: When you see a RED cross, plea...
2017-11-18 18:17:42,461     INFO Received signal 5 after 14.2780940533 seconds
2017-11-18 18:17:42,461     INFO End of instructions
2017-11-18 18:17:42,461     INFO Showing instructions
2017-11-18 18:17:42,462     INFO Instruction: 
2017-11-18 18:17:43,429     INFO Received signal 5 after 0.962554931641 seconds
2017-11-18 18:17:43,429     INFO End of instructions
2017-11-18 18:17:43,429     INFO Block 0 fixations
2017-11-18 18:17:43,443     INFO Showing fixation at (0, 0)
2017-11-18 18:17:44,250     INFO End of fixations
2017-11-18 18:17:44,262     INFO Showing fixation at (0.018043862902142868, 0.8341034333958649)
2017-11-18 18:17:45,467     INFO End of fixations
2017-11-18 18:17:45,477     INFO Showing fixation at (0.45264145306119913, 0.02997230998904639)
2017-11-18 18:17:46,483     INFO End of fixations
2017-11-18 18:17:46,493     INFO Showing fixation at (-0.001957449627070673, 0.7839207659980723)
2017-11-18 18:17:47,299     INFO End of fixations
2017-11-18 18:17:47,309     INFO Showing fixation at (0.029070404496753036, -0.8629618676443472)
2017-11-18 18:17:48,316     INFO End of fixations
2017-11-18 18:17:48,326     INFO Showing fixation at (-0.034747303232836944, 0.8817118042255536)
2017-11-18 18:17:49,135     INFO End of fixations
2017-11-18 18:17:49,145     INFO Showing fixation at (0.028603662339249353, -0.7855608452792768)
2017-11-18 18:17:49,954     INFO End of fixations
2017-11-18 18:17:49,964     INFO Showing fixation at (0.4883453858104561, -0.05593490477156608)
2017-11-18 18:17:51,184     INFO End of fixations
2017-11-18 18:17:51,194     INFO Showing fixation at (-0.46230125341384576, -0.05834815508534674)
2017-11-18 18:17:52,205     INFO End of fixations
2017-11-18 18:17:52,215     INFO Showing fixation at (-0.4475870246303691, 0.02479751894193609)
2017-11-18 18:17:53,033     INFO End of fixations
2017-11-18 18:17:53,038     INFO Showing fixation at (0.009509087618593669, -0.8514156077610893)
2017-11-18 18:17:54,249     INFO End of fixations
2017-11-18 18:17:54,255     INFO Showing fixation at (0.44259483345745526, 0.05719368649542589)
2017-11-18 18:17:55,466     INFO End of fixations
2017-11-18 18:17:55,475     INFO Showing fixation at (-0.42555990844187075, 0.03335345224485775)
2017-11-18 18:17:56,483     INFO End of fixations
2017-11-18 18:17:56,488     INFO Showing fixation at (0, 0)
2017-11-18 18:17:57,700     INFO End of fixations
2017-11-18 18:17:57,700     INFO Showing instructions
2017-11-18 18:17:57,701     INFO Instruction: 
2017-11-18 18:17:58,428     INFO Received signal 5 after 0.712178945541 seconds
2017-11-18 18:17:58,428     INFO End of instructions
2017-11-18 18:17:58,428     INFO Block 0 saccades
2017-11-18 18:17:58,435     INFO Showing fixation at (0, 0)
2017-11-18 18:17:59,250     INFO End of fixations
2017-11-18 18:17:59,258     INFO Showing fixation at (0.018043862902142868, 0.8341034333958649)
2017-11-18 18:18:00,467     INFO End of fixations
2017-11-18 18:18:00,476     INFO Showing fixation at (0.45264145306119913, 0.02997230998904639)
2017-11-18 18:18:01,483     INFO End of fixations
2017-11-18 18:18:01,491     INFO Showing fixation at (-0.001957449627070673, 0.7839207659980723)
2017-11-18 18:18:02,300     INFO End of fixations
2017-11-18 18:18:02,309     INFO Showing fixation at (0.029070404496753036, -0.8629618676443472)
2017-11-18 18:18:03,317     INFO End of fixations
2017-11-18 18:18:03,327     INFO Showing fixation at (-0.034747303232836944, 0.8817118042255536)
2017-11-18 18:18:04,133     INFO End of fixations
2017-11-18 18:18:04,141     INFO Showing fixation at (0.028603662339249353, -0.7855608452792768)
2017-11-18 18:18:04,950     INFO End of fixations
2017-11-18 18:18:04,959     INFO Showing fixation at (0.4883453858104561, -0.05593490477156608)
2017-11-18 18:18:06,167     INFO End of fixations
2017-11-18 18:18:06,175     INFO Showing fixation at (-0.46230125341384576, -0.05834815508534674)
2017-11-18 18:18:07,183     INFO End of fixations
2017-11-18 18:18:07,192     INFO Showing fixation at (-0.4475870246303691, 0.02479751894193609)
2017-11-18 18:18:08,000     INFO End of fixations
2017-11-18 18:18:08,009     INFO Showing fixation at (0.009509087618593669, -0.8514156077610893)
2017-11-18 18:18:09,217     INFO End of fixations
2017-11-18 18:18:09,226     INFO Showing fixation at (0.44259483345745526, 0.05719368649542589)
2017-11-18 18:18:10,433     INFO End of fixations
2017-11-18 18:18:10,439     INFO Showing fixation at (-0.42555990844187075, 0.03335345224485775)
2017-11-18 18:18:11,450     INFO End of fixations
2017-11-18 18:18:11,459     INFO Showing fixation at (0, 0)
2017-11-18 18:18:12,667     INFO End of fixations
2017-11-18 18:18:12,667     INFO Showing instructions
2017-11-18 18:18:12,668     INFO Instruction: 
2017-11-18 18:18:13,428     INFO Received signal 5 after 0.744951963425 seconds
2017-11-18 18:18:13,429     INFO End of instructions
2017-11-18 18:18:13,429     INFO Block 1 fixations
2017-11-18 18:18:13,437     INFO Showing fixation at (0, 0)
2017-11-18 18:18:14,650     INFO End of fixations
2017-11-18 18:18:14,663     INFO Showing fixation at (-0.4778902347266843, -0.06122739394182003)
2017-11-18 18:18:15,467     INFO End of fixations
2017-11-18 18:18:15,474     INFO Showing fixation at (-0.01583686026655852, 0.8649082136473683)
2017-11-18 18:18:16,484     INFO End of fixations
2017-11-18 18:18:16,493     INFO Showing fixation at (0.4690068888724097, 0.05030025132504613)
2017-11-18 18:18:17,301     INFO End of fixations
2017-11-18 18:18:17,309     INFO Showing fixation at (0.011073292925104013, 0.8358667248281235)
2017-11-18 18:18:18,316     INFO End of fixations
2017-11-18 18:18:18,321     INFO Showing fixation at (-0.46463559967421536, -0.052476700339460045)
2017-11-18 18:18:19,334     INFO End of fixations
2017-11-18 18:18:19,339     INFO Showing fixation at (0.43926260803307937, 0.01569098029435967)
2017-11-18 18:18:20,350     INFO End of fixations
2017-11-18 18:18:20,359     INFO Showing fixation at (-0.46837123122135166, 0.01462304932819787)
2017-11-18 18:18:21,567     INFO End of fixations
2017-11-18 18:18:21,576     INFO Showing fixation at (0.023269126427150726, -0.8547768962009399)
2017-11-18 18:18:22,783     INFO End of fixations
2017-11-18 18:18:22,792     INFO Showing fixation at (0.03336184223824622, -0.828432098920943)
2017-11-18 18:18:23,601     INFO End of fixations
2017-11-18 18:18:23,611     INFO Showing fixation at (0.45987310010712956, 0.04739462318137862)
2017-11-18 18:18:24,817     INFO End of fixations
2017-11-18 18:18:24,826     INFO Showing fixation at (0.021826174593226985, 0.800543535380286)
2017-11-18 18:18:25,634     INFO End of fixations
2017-11-18 18:18:25,644     INFO Showing fixation at (-0.01417496985132944, -0.8478698497321498)
2017-11-18 18:18:26,452     INFO End of fixations
2017-11-18 18:18:26,460     INFO Showing fixation at (0, 0)
2017-11-18 18:18:27,668     INFO End of fixations
2017-11-18 18:18:27,668     INFO Showing instructions
2017-11-18 18:18:27,669     INFO Instruction: 
2017-11-18 18:18:28,428     INFO Received signal 5 after 0.744421958923 seconds
2017-11-18 18:18:28,428     INFO End of instructions
2017-11-18 18:18:28,428     INFO Block 1 saccades
2017-11-18 18:18:28,434     INFO Showing fixation at (0, 0)
2017-11-18 18:18:29,651     INFO End of fixations
2017-11-18 18:18:29,660     INFO Showing fixation at (-0.4778902347266843, -0.06122739394182003)
2017-11-18 18:18:30,468     INFO End of fixations
2017-11-18 18:18:30,473     INFO Showing fixation at (-0.01583686026655852, 0.8649082136473683)
2017-11-18 18:18:31,484     INFO End of fixations
2017-11-18 18:18:31,493     INFO Showing fixation at (0.4690068888724097, 0.05030025132504613)
2017-11-18 18:18:32,301     INFO End of fixations
2017-11-18 18:18:32,310     INFO Showing fixation at (0.011073292925104013, 0.8358667248281235)
2017-11-18 18:18:33,318     INFO End of fixations
2017-11-18 18:18:33,324     INFO Showing fixation at (-0.46463559967421536, -0.052476700339460045)
2017-11-18 18:18:34,334     INFO End of fixations
2017-11-18 18:18:34,343     INFO Showing fixation at (0.43926260803307937, 0.01569098029435967)
2017-11-18 18:18:35,351     INFO End of fixations
2017-11-18 18:18:35,356     INFO Showing fixation at (-0.46837123122135166, 0.01462304932819787)
2017-11-18 18:18:36,568     INFO End of fixations
2017-11-18 18:18:36,577     INFO Showing fixation at (0.023269126427150726, -0.8547768962009399)
2017-11-18 18:18:37,784     INFO End of fixations
2017-11-18 18:18:37,793     INFO Showing fixation at (0.03336184223824622, -0.828432098920943)
2017-11-18 18:18:38,601     INFO End of fixations
2017-11-18 18:18:38,610     INFO Showing fixation at (0.45987310010712956, 0.04739462318137862)
2017-11-18 18:18:39,818     INFO End of fixations
2017-11-18 18:18:39,827     INFO Showing fixation at (0.021826174593226985, 0.800543535380286)
2017-11-18 18:18:40,635     INFO End of fixations
2017-11-18 18:18:40,643     INFO Showing fixation at (-0.01417496985132944, -0.8478698497321498)
2017-11-18 18:18:41,451     INFO End of fixations
2017-11-18 18:18:41,460     INFO Showing fixation at (0, 0)
2017-11-18 18:18:42,668     INFO End of fixations
2017-11-18 18:18:42,668     INFO Showing instructions
2017-11-18 18:18:42,669     INFO Instruction: 
2017-11-18 18:18:43,429     INFO Received signal 5 after 0.744570016861 seconds
2017-11-18 18:18:43,429     INFO End of instructions
2017-11-18 18:18:43,430     INFO Block 2 fixations
2017-11-18 18:18:43,439     INFO Showing fixation at (0, 0)
2017-11-18 18:18:44,452     INFO End of fixations
2017-11-18 18:18:44,460     INFO Showing fixation at (0.027118902881331564, 0.8444559540947717)
2017-11-18 18:18:45,468     INFO End of fixations
2017-11-18 18:18:45,477     INFO Showing fixation at (0.018150474820428683, -0.8134994063339246)
2017-11-18 18:18:46,685     INFO End of fixations
2017-11-18 18:18:46,694     INFO Showing fixation at (0.4924661803886209, 0.056071168128766974)
2017-11-18 18:18:47,502     INFO End of fixations
2017-11-18 18:18:47,511     INFO Showing fixation at (-0.453296884911703, -0.008605885390622472)
2017-11-18 18:18:48,718     INFO End of fixations
2017-11-18 18:18:48,726     INFO Showing fixation at (0.010806313801779058, 0.7681604251631016)
2017-11-18 18:18:49,935     INFO End of fixations
2017-11-18 18:18:49,944     INFO Showing fixation at (0.44337045948531173, -0.03887600851365923)
2017-11-18 18:18:51,152     INFO End of fixations
2017-11-18 18:18:51,157     INFO Showing fixation at (-0.48158042391442035, 0.013431459412571595)
2017-11-18 18:18:52,369     INFO End of fixations
2017-11-18 18:18:52,377     INFO Showing fixation at (0.008143408583175346, -0.8820667799422819)
2017-11-18 18:18:53,186     INFO End of fixations
2017-11-18 18:18:53,195     INFO Showing fixation at (0.43978183130278975, 0.026808772630436975)
2017-11-18 18:18:54,002     INFO End of fixations
2017-11-18 18:18:54,007     INFO Showing fixation at (-0.4772451857240049, 0.06719899150755002)
2017-11-18 18:18:54,819     INFO End of fixations
2017-11-18 18:18:54,824     INFO Showing fixation at (0.029391263754909275, 0.7989282317705279)
2017-11-18 18:18:55,835     INFO End of fixations
2017-11-18 18:18:55,844     INFO Showing fixation at (0.01347687610986325, -0.7818775003581004)
2017-11-18 18:18:56,852     INFO End of fixations
2017-11-18 18:18:56,861     INFO Showing fixation at (0, 0)
2017-11-18 18:18:57,669     INFO End of fixations
2017-11-18 18:18:57,669     INFO Showing instructions
2017-11-18 18:18:57,670     INFO Instruction: 
2017-11-18 18:18:58,428     INFO Received signal 5 after 0.743532896042 seconds
2017-11-18 18:18:58,428     INFO End of instructions
2017-11-18 18:18:58,428     INFO Block 2 saccades
2017-11-18 18:18:58,433     INFO Showing fixation at (0, 0)
2017-11-18 18:18:59,452     INFO End of fixations
2017-11-18 18:18:59,460     INFO Showing fixation at (0.027118902881331564, 0.8444559540947717)
2017-11-18 18:19:00,469     INFO End of fixations
2017-11-18 18:19:00,476     INFO Showing fixation at (0.018150474820428683, -0.8134994063339246)
2017-11-18 18:19:01,686     INFO End of fixations
2017-11-18 18:19:01,695     INFO Showing fixation at (0.4924661803886209, 0.056071168128766974)
2017-11-18 18:19:02,502     INFO End of fixations
2017-11-18 18:19:02,511     INFO Showing fixation at (-0.453296884911703, -0.008605885390622472)
2017-11-18 18:19:03,719     INFO End of fixations
2017-11-18 18:19:03,727     INFO Showing fixation at (0.010806313801779058, 0.7681604251631016)
2017-11-18 18:19:04,936     INFO End of fixations
2017-11-18 18:19:04,944     INFO Showing fixation at (0.44337045948531173, -0.03887600851365923)
2017-11-18 18:19:06,152     INFO End of fixations
2017-11-18 18:19:06,158     INFO Showing fixation at (-0.48158042391442035, 0.013431459412571595)
2017-11-18 18:19:07,369     INFO End of fixations
2017-11-18 18:19:07,378     INFO Showing fixation at (0.008143408583175346, -0.8820667799422819)
2017-11-18 18:19:08,186     INFO End of fixations
2017-11-18 18:19:08,191     INFO Showing fixation at (0.43978183130278975, 0.026808772630436975)
2017-11-18 18:19:09,002     INFO End of fixations
2017-11-18 18:19:09,011     INFO Showing fixation at (-0.4772451857240049, 0.06719899150755002)
2017-11-18 18:19:09,819     INFO End of fixations
2017-11-18 18:19:09,825     INFO Showing fixation at (0.029391263754909275, 0.7989282317705279)
2017-11-18 18:19:10,835     INFO End of fixations
2017-11-18 18:19:10,841     INFO Showing fixation at (0.01347687610986325, -0.7818775003581004)
2017-11-18 18:19:11,853     INFO End of fixations
2017-11-18 18:19:11,861     INFO Showing fixation at (0, 0)
2017-11-18 18:19:12,669     INFO End of fixations
2017-11-18 18:19:12,670     INFO Showing instructions
2017-11-18 18:19:12,671     INFO Instruction: 
2017-11-18 18:19:13,428     INFO Received signal 5 after 0.7424929142 seconds
2017-11-18 18:19:13,428     INFO End of instructions
2017-11-18 18:19:13,428     INFO Block 3 fixations
2017-11-18 18:19:13,436     INFO Showing fixation at (0, 0)
2017-11-18 18:19:14,253     INFO End of fixations
2017-11-18 18:19:14,357     INFO Showing fixation at (-0.49529545604833763, 0.06454322761055084)
2017-11-18 18:19:15,369     INFO End of fixations
2017-11-18 18:19:15,378     INFO Showing fixation at (0.4931952146506092, -0.020135227729754714)
2017-11-18 18:19:16,586     INFO End of fixations
2017-11-18 18:19:16,591     INFO Showing fixation at (-0.017083524479556186, 0.8106323961034735)
2017-11-18 18:19:17,403     INFO End of fixations
2017-11-18 18:19:17,411     INFO Showing fixation at (-0.4480669824536109, 0.030252782925942176)
2017-11-18 18:19:18,220     INFO End of fixations
2017-11-18 18:19:18,229     INFO Showing fixation at (-0.42537359241435935, -0.028171401508394617)
2017-11-18 18:19:19,436     INFO End of fixations
2017-11-18 18:19:19,444     INFO Showing fixation at (0.011225356314017262, -0.8789196579416836)
2017-11-18 18:19:20,653     INFO End of fixations
2017-11-18 18:19:20,662     INFO Showing fixation at (-0.018378893592547837, 0.763081564205758)
2017-11-18 18:19:21,870     INFO End of fixations
2017-11-18 18:19:21,878     INFO Showing fixation at (0.49423694842874083, 0.022710511068298578)
2017-11-18 18:19:22,886     INFO End of fixations
2017-11-18 18:19:22,892     INFO Showing fixation at (-0.00956175231781739, -0.7619159571271739)
2017-11-18 18:19:23,702     INFO End of fixations
2017-11-18 18:19:23,708     INFO Showing fixation at (-0.011205242084060592, -0.7784508495713363)
2017-11-18 18:19:24,720     INFO End of fixations
2017-11-18 18:19:24,729     INFO Showing fixation at (0.020576889866831406, 0.8185175208653476)
2017-11-18 18:19:25,536     INFO End of fixations
2017-11-18 18:19:25,545     INFO Showing fixation at (0.4495341491526487, 0.022365401470944568)
2017-11-18 18:19:26,753     INFO End of fixations
2017-11-18 18:19:26,759     INFO Showing fixation at (0, 0)
2017-11-18 18:19:27,770     INFO End of fixations
2017-11-18 18:19:27,770     INFO Showing instructions
2017-11-18 18:19:27,772     INFO Instruction: 
2017-11-18 18:19:28,429     INFO Received signal 5 after 0.642992973328 seconds
2017-11-18 18:19:28,429     INFO End of instructions
2017-11-18 18:19:28,429     INFO Block 3 saccades
2017-11-18 18:19:28,436     INFO Showing fixation at (0, 0)
2017-11-18 18:19:29,253     INFO End of fixations
2017-11-18 18:19:29,262     INFO Showing fixation at (-0.49529545604833763, 0.06454322761055084)
2017-11-18 18:19:30,270     INFO End of fixations
2017-11-18 18:19:30,276     INFO Showing fixation at (0.4931952146506092, -0.020135227729754714)
2017-11-18 18:19:31,487     INFO End of fixations
2017-11-18 18:19:31,492     INFO Showing fixation at (-0.017083524479556186, 0.8106323961034735)
2017-11-18 18:19:32,303     INFO End of fixations
2017-11-18 18:19:32,312     INFO Showing fixation at (-0.4480669824536109, 0.030252782925942176)
2017-11-18 18:19:33,120     INFO End of fixations
2017-11-18 18:19:33,129     INFO Showing fixation at (-0.42537359241435935, -0.028171401508394617)
2017-11-18 18:19:34,337     INFO End of fixations
2017-11-18 18:19:34,345     INFO Showing fixation at (0.011225356314017262, -0.8789196579416836)
2017-11-18 18:19:35,553     INFO End of fixations
2017-11-18 18:19:35,558     INFO Showing fixation at (-0.018378893592547837, 0.763081564205758)
2017-11-18 18:19:36,770     INFO End of fixations
2017-11-18 18:19:36,779     INFO Showing fixation at (0.49423694842874083, 0.022710511068298578)
2017-11-18 18:19:37,787     INFO End of fixations
2017-11-18 18:19:37,796     INFO Showing fixation at (-0.00956175231781739, -0.7619159571271739)
2017-11-18 18:19:38,604     INFO End of fixations
2017-11-18 18:19:38,609     INFO Showing fixation at (-0.011205242084060592, -0.7784508495713363)
2017-11-18 18:19:39,620     INFO End of fixations
2017-11-18 18:19:39,630     INFO Showing fixation at (0.020576889866831406, 0.8185175208653476)
2017-11-18 18:19:40,437     INFO End of fixations
2017-11-18 18:19:40,446     INFO Showing fixation at (0.4495341491526487, 0.022365401470944568)
2017-11-18 18:19:41,654     INFO End of fixations
2017-11-18 18:19:41,663     INFO Showing fixation at (0, 0)
2017-11-18 18:19:42,670     INFO End of fixations
2017-11-18 18:19:42,671     INFO Showing instructions
2017-11-18 18:19:42,672     INFO Instruction: 
2017-11-18 18:19:43,428     INFO Received signal 5 after 0.741613149643 seconds
2017-11-18 18:19:43,429     INFO End of instructions
2017-11-18 18:19:43,429     INFO Block 4 fixations
2017-11-18 18:19:43,434     INFO Showing fixation at (0, 0)
2017-11-18 18:19:44,237     INFO End of fixations
2017-11-18 18:19:44,245     INFO Showing fixation at (-0.013734775137151788, -0.7813783746718035)
2017-11-18 18:19:45,054     INFO End of fixations
2017-11-18 18:19:45,063     INFO Showing fixation at (0.4901252844069766, -0.049438516568900914)
2017-11-18 18:19:45,871     INFO End of fixations
2017-11-18 18:19:45,876     INFO Showing fixation at (-0.0031091039233608203, 0.8403143721335898)
2017-11-18 18:19:46,887     INFO End of fixations
2017-11-18 18:19:46,896     INFO Showing fixation at (-0.42994928514903596, 0.04360969225742871)
2017-11-18 18:19:48,104     INFO End of fixations
2017-11-18 18:19:48,113     INFO Showing fixation at (-0.4749326896256513, -0.025965919093415002)
2017-11-18 18:19:49,321     INFO End of fixations
2017-11-18 18:19:49,328     INFO Showing fixation at (0.4998654657865256, -0.055585328299963654)
2017-11-18 18:19:50,137     INFO End of fixations
2017-11-18 18:19:50,146     INFO Showing fixation at (-0.02235233763850726, 0.870755630386897)
2017-11-18 18:19:51,354     INFO End of fixations
2017-11-18 18:19:51,363     INFO Showing fixation at (-0.024702405936890243, -0.782586987514529)
2017-11-18 18:19:52,371     INFO End of fixations
2017-11-18 18:19:52,376     INFO Showing fixation at (0.018254360461343676, 0.8357971540054812)
2017-11-18 18:19:53,587     INFO End of fixations
2017-11-18 18:19:53,596     INFO Showing fixation at (0.4635675796779198, -0.012773309378206567)
2017-11-18 18:19:54,604     INFO End of fixations
2017-11-18 18:19:54,611     INFO Showing fixation at (-0.02352184081325852, -0.7892835627344118)
2017-11-18 18:19:55,821     INFO End of fixations
2017-11-18 18:19:55,830     INFO Showing fixation at (-0.4733300131670889, -0.01618453418026161)
2017-11-18 18:19:56,838     INFO End of fixations
2017-11-18 18:19:56,844     INFO Showing fixation at (0, 0)
2017-11-18 18:19:57,654     INFO End of fixations
2017-11-18 18:19:57,654     INFO Showing instructions
2017-11-18 18:19:57,655     INFO Instruction: 
2017-11-18 18:19:58,429     INFO Received signal 5 after 0.758105039597 seconds
2017-11-18 18:19:58,429     INFO End of instructions
2017-11-18 18:19:58,429     INFO Block 4 saccades
2017-11-18 18:19:58,434     INFO Showing fixation at (0, 0)
2017-11-18 18:19:59,238     INFO End of fixations
2017-11-18 18:19:59,243     INFO Showing fixation at (-0.013734775137151788, -0.7813783746718035)
2017-11-18 18:20:00,058     INFO End of fixations
2017-11-18 18:20:00,066     INFO Showing fixation at (0.4901252844069766, -0.049438516568900914)
2017-11-18 18:20:00,871     INFO End of fixations
2017-11-18 18:20:00,881     INFO Showing fixation at (-0.0031091039233608203, 0.8403143721335898)
2017-11-18 18:20:01,888     INFO End of fixations
2017-11-18 18:20:01,897     INFO Showing fixation at (-0.42994928514903596, 0.04360969225742871)
2017-11-18 18:20:03,104     INFO End of fixations
2017-11-18 18:20:03,109     INFO Showing fixation at (-0.4749326896256513, -0.025965919093415002)
2017-11-18 18:20:04,322     INFO End of fixations
2017-11-18 18:20:04,330     INFO Showing fixation at (0.4998654657865256, -0.055585328299963654)
2017-11-18 18:20:05,138     INFO End of fixations
2017-11-18 18:20:05,146     INFO Showing fixation at (-0.02235233763850726, 0.870755630386897)
2017-11-18 18:20:06,355     INFO End of fixations
2017-11-18 18:20:06,361     INFO Showing fixation at (-0.024702405936890243, -0.782586987514529)
2017-11-18 18:20:07,371     INFO End of fixations
2017-11-18 18:20:07,380     INFO Showing fixation at (0.018254360461343676, 0.8357971540054812)
2017-11-18 18:20:08,588     INFO End of fixations
2017-11-18 18:20:08,597     INFO Showing fixation at (0.4635675796779198, -0.012773309378206567)
2017-11-18 18:20:09,604     INFO End of fixations
2017-11-18 18:20:09,612     INFO Showing fixation at (-0.02352184081325852, -0.7892835627344118)
2017-11-18 18:20:10,822     INFO End of fixations
2017-11-18 18:20:10,831     INFO Showing fixation at (-0.4733300131670889, -0.01618453418026161)
2017-11-18 18:20:11,838     INFO End of fixations
2017-11-18 18:20:11,847     INFO Showing fixation at (0, 0)
2017-11-18 18:20:12,655     INFO End of fixations
2017-11-18 18:20:12,655     INFO Showing instructions
2017-11-18 18:20:12,656     INFO Instruction: 
2017-11-18 18:20:13,429     INFO Received signal 5 after 0.757565021515 seconds
2017-11-18 18:20:13,429     INFO End of instructions
2017-11-18 18:20:13,429     INFO Block 5 fixations
2017-11-18 18:20:13,437     INFO Showing fixation at (0, 0)
2017-11-18 18:20:14,255     INFO End of fixations
2017-11-18 18:20:14,264     INFO Showing fixation at (-0.0017540984448139313, 0.8601723847998466)
2017-11-18 18:20:15,471     INFO End of fixations
2017-11-18 18:20:15,480     INFO Showing fixation at (0.034789700619568126, -0.8583185420168888)
2017-11-18 18:20:16,688     INFO End of fixations
2017-11-18 18:20:16,694     INFO Showing fixation at (-0.46752635989936253, 0.025015489865919643)
2017-11-18 18:20:17,705     INFO End of fixations
2017-11-18 18:20:17,714     INFO Showing fixation at (-0.0005820806322778746, 0.844528155537177)
2017-11-18 18:20:18,522     INFO End of fixations
2017-11-18 18:20:18,527     INFO Showing fixation at (0.4983253619271934, 0.04884323656692735)
2017-11-18 18:20:19,539     INFO End of fixations
2017-11-18 18:20:19,548     INFO Showing fixation at (-0.4322265056274981, 0.010156209469117494)
2017-11-18 18:20:20,755     INFO End of fixations
2017-11-18 18:20:20,765     INFO Showing fixation at (0.44678218860580365, 0.00867221985646123)
2017-11-18 18:20:21,772     INFO End of fixations
2017-11-18 18:20:21,779     INFO Showing fixation at (0.028686018626674428, -0.8429895238226837)
2017-11-18 18:20:22,589     INFO End of fixations
2017-11-18 18:20:22,598     INFO Showing fixation at (0.4927403480395295, 0.05495767712260055)
2017-11-18 18:20:23,605     INFO End of fixations
2017-11-18 18:20:23,611     INFO Showing fixation at (-0.029273919159815767, -0.7832124663386273)
2017-11-18 18:20:24,422     INFO End of fixations
2017-11-18 18:20:24,429     INFO Showing fixation at (-0.42640570799620203, -0.02220955864753551)
2017-11-18 18:20:25,639     INFO End of fixations
2017-11-18 18:20:25,644     INFO Showing fixation at (-0.0281204943297515, 0.8417306217326344)
2017-11-18 18:20:26,855     INFO End of fixations
2017-11-18 18:20:26,861     INFO Showing fixation at (0, 0)
2017-11-18 18:20:27,672     INFO End of fixations
2017-11-18 18:20:27,672     INFO Showing instructions
2017-11-18 18:20:27,673     INFO Instruction: 
2017-11-18 18:20:28,429     INFO Received signal 5 after 0.740829944611 seconds
2017-11-18 18:20:28,430     INFO End of instructions
2017-11-18 18:20:28,430     INFO Block 5 saccades
2017-11-18 18:20:28,435     INFO Showing fixation at (0, 0)
2017-11-18 18:20:29,239     INFO End of fixations
2017-11-18 18:20:29,249     INFO Showing fixation at (-0.0017540984448139313, 0.8601723847998466)
2017-11-18 18:20:30,455     INFO End of fixations
2017-11-18 18:20:30,461     INFO Showing fixation at (0.034789700619568126, -0.8583185420168888)
2017-11-18 18:20:31,672     INFO End of fixations
2017-11-18 18:20:31,681     INFO Showing fixation at (-0.46752635989936253, 0.025015489865919643)
2017-11-18 18:20:32,689     INFO End of fixations
2017-11-18 18:20:32,694     INFO Showing fixation at (-0.0005820806322778746, 0.844528155537177)
2017-11-18 18:20:33,506     INFO End of fixations
2017-11-18 18:20:33,515     INFO Showing fixation at (0.4983253619271934, 0.04884323656692735)
2017-11-18 18:20:34,523     INFO End of fixations
2017-11-18 18:20:34,532     INFO Showing fixation at (-0.4322265056274981, 0.010156209469117494)
2017-11-18 18:20:35,739     INFO End of fixations
2017-11-18 18:20:35,748     INFO Showing fixation at (0.44678218860580365, 0.00867221985646123)
2017-11-18 18:20:36,756     INFO End of fixations
2017-11-18 18:20:36,765     INFO Showing fixation at (0.028686018626674428, -0.8429895238226837)
2017-11-18 18:20:37,573     INFO End of fixations
2017-11-18 18:20:37,581     INFO Showing fixation at (0.4927403480395295, 0.05495767712260055)
2017-11-18 18:20:38,589     INFO End of fixations
2017-11-18 18:20:38,599     INFO Showing fixation at (-0.029273919159815767, -0.7832124663386273)
2017-11-18 18:20:39,406     INFO End of fixations
2017-11-18 18:20:39,415     INFO Showing fixation at (-0.42640570799620203, -0.02220955864753551)
2017-11-18 18:20:40,623     INFO End of fixations
2017-11-18 18:20:40,632     INFO Showing fixation at (-0.0281204943297515, 0.8417306217326344)
2017-11-18 18:20:41,839     INFO End of fixations
2017-11-18 18:20:41,848     INFO Showing fixation at (0, 0)
2017-11-18 18:20:42,656     INFO End of fixations
2017-11-18 18:20:42,656     INFO Showing instructions
2017-11-18 18:20:42,657     INFO Instruction: 
2017-11-18 18:20:43,429     INFO Received signal 5 after 0.75665307045 seconds
2017-11-18 18:20:43,429     INFO End of instructions
2017-11-18 18:20:43,429     INFO Block 6 fixations
2017-11-18 18:20:43,439     INFO Showing fixation at (0, 0)
2017-11-18 18:20:44,656     INFO End of fixations
2017-11-18 18:20:44,665     INFO Showing fixation at (0.47073180195128056, -0.024076436642605413)
2017-11-18 18:20:45,473     INFO End of fixations
2017-11-18 18:20:45,478     INFO Showing fixation at (-0.4421707750630394, -0.029345706425689386)
2017-11-18 18:20:46,290     INFO End of fixations
2017-11-18 18:20:46,295     INFO Showing fixation at (-0.03567055090779064, -0.7808719677984621)
2017-11-18 18:20:47,306     INFO End of fixations
2017-11-18 18:20:47,315     INFO Showing fixation at (-0.4338691108107138, 0.015753709549500686)
2017-11-18 18:20:48,323     INFO End of fixations
2017-11-18 18:20:48,330     INFO Showing fixation at (-0.01388171864219502, 0.8884944438073623)
2017-11-18 18:20:49,539     INFO End of fixations
2017-11-18 18:20:49,548     INFO Showing fixation at (-0.4875732450447765, -0.007346508449700709)
2017-11-18 18:20:50,756     INFO End of fixations
2017-11-18 18:20:50,765     INFO Showing fixation at (0.47306574469849044, -0.00828236469408073)
2017-11-18 18:20:51,573     INFO End of fixations
2017-11-18 18:20:51,582     INFO Showing fixation at (-0.017232719252987985, -0.8748718734952459)
2017-11-18 18:20:52,790     INFO End of fixations
2017-11-18 18:20:52,799     INFO Showing fixation at (-0.0010157475831437737, 0.7942954332097794)
2017-11-18 18:20:53,607     INFO End of fixations
2017-11-18 18:20:53,616     INFO Showing fixation at (0.47036483848756927, -0.026176770457544657)
2017-11-18 18:20:54,624     INFO End of fixations
2017-11-18 18:20:54,633     INFO Showing fixation at (0.011822534253088657, 0.8773382947586387)
2017-11-18 18:20:55,440     INFO End of fixations
2017-11-18 18:20:55,449     INFO Showing fixation at (0.025181371404675607, -0.8380584476077514)
2017-11-18 18:20:56,457     INFO End of fixations
2017-11-18 18:20:56,462     INFO Showing fixation at (0, 0)
2017-11-18 18:20:57,673     INFO End of fixations
2017-11-18 18:20:57,674     INFO Showing instructions
2017-11-18 18:20:57,675     INFO Instruction: 
2017-11-18 18:20:58,429     INFO Received signal 5 after 0.73982000351 seconds
2017-11-18 18:20:58,429     INFO End of instructions
2017-11-18 18:20:58,430     INFO Block 6 saccades
2017-11-18 18:20:58,438     INFO Showing fixation at (0, 0)
2017-11-18 18:20:59,657     INFO End of fixations
2017-11-18 18:20:59,666     INFO Showing fixation at (0.47073180195128056, -0.024076436642605413)
2017-11-18 18:21:00,474     INFO End of fixations
2017-11-18 18:21:00,481     INFO Showing fixation at (-0.4421707750630394, -0.029345706425689386)
2017-11-18 18:21:01,290     INFO End of fixations
2017-11-18 18:21:01,295     INFO Showing fixation at (-0.03567055090779064, -0.7808719677984621)
2017-11-18 18:21:02,306     INFO End of fixations
2017-11-18 18:21:02,317     INFO Showing fixation at (-0.4338691108107138, 0.015753709549500686)
2017-11-18 18:21:03,324     INFO End of fixations
2017-11-18 18:21:03,332     INFO Showing fixation at (-0.01388171864219502, 0.8884944438073623)
2017-11-18 18:21:04,541     INFO End of fixations
2017-11-18 18:21:04,549     INFO Showing fixation at (-0.4875732450447765, -0.007346508449700709)
2017-11-18 18:21:05,757     INFO End of fixations
2017-11-18 18:21:05,766     INFO Showing fixation at (0.47306574469849044, -0.00828236469408073)
2017-11-18 18:21:06,574     INFO End of fixations
2017-11-18 18:21:06,583     INFO Showing fixation at (-0.017232719252987985, -0.8748718734952459)
2017-11-18 18:21:07,791     INFO End of fixations
2017-11-18 18:21:07,800     INFO Showing fixation at (-0.0010157475831437737, 0.7942954332097794)
2017-11-18 18:21:08,607     INFO End of fixations
2017-11-18 18:21:08,616     INFO Showing fixation at (0.47036483848756927, -0.026176770457544657)
2017-11-18 18:21:09,624     INFO End of fixations
2017-11-18 18:21:09,632     INFO Showing fixation at (0.011822534253088657, 0.8773382947586387)
2017-11-18 18:21:10,441     INFO End of fixations
2017-11-18 18:21:10,450     INFO Showing fixation at (0.025181371404675607, -0.8380584476077514)
2017-11-18 18:21:11,457     INFO End of fixations
2017-11-18 18:21:11,463     INFO Showing fixation at (0, 0)
2017-11-18 18:21:12,674     INFO End of fixations
2017-11-18 18:21:12,674     INFO Showing instructions
2017-11-18 18:21:12,676     INFO Instruction: 
2017-11-18 18:21:13,429     INFO Received signal 5 after 0.738482952118 seconds
2017-11-18 18:21:13,429     INFO End of instructions
2017-11-18 18:21:13,429     INFO Block 7 fixations
2017-11-18 18:21:13,434     INFO Showing fixation at (0, 0)
2017-11-18 18:21:14,640     INFO End of fixations
2017-11-18 18:21:14,648     INFO Showing fixation at (-0.002018861767394256, -0.7820612373044681)
2017-11-18 18:21:15,457     INFO End of fixations
2017-11-18 18:21:15,466     INFO Showing fixation at (0.034903770291173516, -0.8516143769983545)
2017-11-18 18:21:16,673     INFO End of fixations
2017-11-18 18:21:16,679     INFO Showing fixation at (-0.4494629506696151, 0.02800567951345176)
2017-11-18 18:21:17,691     INFO End of fixations
2017-11-18 18:21:17,700     INFO Showing fixation at (-0.49965955544748825, 0.02079246917815343)
2017-11-18 18:21:18,507     INFO End of fixations
2017-11-18 18:21:18,513     INFO Showing fixation at (0.4861488387167978, -0.01958303078010104)
2017-11-18 18:21:19,524     INFO End of fixations
2017-11-18 18:21:19,533     INFO Showing fixation at (0.02894663508950332, -0.774809797020423)
2017-11-18 18:21:20,741     INFO End of fixations
2017-11-18 18:21:20,750     INFO Showing fixation at (0.018031162104162737, 0.832877907297879)
2017-11-18 18:21:21,558     INFO End of fixations
2017-11-18 18:21:21,563     INFO Showing fixation at (-0.009940748676371756, 0.8112569485044996)
2017-11-18 18:21:22,774     INFO End of fixations
2017-11-18 18:21:22,783     INFO Showing fixation at (0.45636347083909395, -0.017187552188813182)
2017-11-18 18:21:23,591     INFO End of fixations
2017-11-18 18:21:23,600     INFO Showing fixation at (-0.003670350646175227, 0.8525526583233416)
2017-11-18 18:21:24,808     INFO End of fixations
2017-11-18 18:21:24,816     INFO Showing fixation at (-0.48847325906384303, -0.043592079210179865)
2017-11-18 18:21:25,825     INFO End of fixations
2017-11-18 18:21:25,834     INFO Showing fixation at (0.4573994366847786, -0.04827324078571048)
2017-11-18 18:21:26,641     INFO End of fixations
2017-11-18 18:21:26,650     INFO Showing fixation at (0, 0)
2017-11-18 18:21:27,658     INFO End of fixations
2017-11-18 18:21:27,658     INFO Showing instructions
2017-11-18 18:21:27,659     INFO Instruction: 
2017-11-18 18:21:28,429     INFO Received signal 5 after 0.754487991333 seconds
2017-11-18 18:21:28,429     INFO End of instructions
2017-11-18 18:21:28,429     INFO Block 7 saccades
2017-11-18 18:21:28,437     INFO Showing fixation at (0, 0)
2017-11-18 18:21:29,641     INFO End of fixations
2017-11-18 18:21:29,650     INFO Showing fixation at (-0.002018861767394256, -0.7820612373044681)
2017-11-18 18:21:30,458     INFO End of fixations
2017-11-18 18:21:30,469     INFO Showing fixation at (0.034903770291173516, -0.8516143769983545)
2017-11-18 18:21:31,675     INFO End of fixations
2017-11-18 18:21:31,684     INFO Showing fixation at (-0.4494629506696151, 0.02800567951345176)
2017-11-18 18:21:32,692     INFO End of fixations
2017-11-18 18:21:32,701     INFO Showing fixation at (-0.49965955544748825, 0.02079246917815343)
2017-11-18 18:21:33,508     INFO End of fixations
2017-11-18 18:21:33,513     INFO Showing fixation at (0.4861488387167978, -0.01958303078010104)
2017-11-18 18:21:34,525     INFO End of fixations
2017-11-18 18:21:34,532     INFO Showing fixation at (0.02894663508950332, -0.774809797020423)
2017-11-18 18:21:35,742     INFO End of fixations
2017-11-18 18:21:35,747     INFO Showing fixation at (0.018031162104162737, 0.832877907297879)
2017-11-18 18:21:36,558     INFO End of fixations
2017-11-18 18:21:36,566     INFO Showing fixation at (-0.009940748676371756, 0.8112569485044996)
2017-11-18 18:21:37,775     INFO End of fixations
2017-11-18 18:21:37,784     INFO Showing fixation at (0.45636347083909395, -0.017187552188813182)
2017-11-18 18:21:38,592     INFO End of fixations
2017-11-18 18:21:38,600     INFO Showing fixation at (-0.003670350646175227, 0.8525526583233416)
2017-11-18 18:21:39,808     INFO End of fixations
2017-11-18 18:21:39,818     INFO Showing fixation at (-0.48847325906384303, -0.043592079210179865)
2017-11-18 18:21:40,825     INFO End of fixations
2017-11-18 18:21:40,833     INFO Showing fixation at (0.4573994366847786, -0.04827324078571048)
2017-11-18 18:21:41,642     INFO End of fixations
2017-11-18 18:21:41,647     INFO Showing fixation at (0, 0)
2017-11-18 18:21:42,658     INFO End of fixations
2017-11-18 18:21:42,659     INFO Showing instructions
2017-11-18 18:21:42,660     INFO Instruction: 
2017-11-18 18:21:43,429     INFO Received signal 5 after 0.754181861877 seconds
2017-11-18 18:21:43,429     INFO End of instructions
2017-11-18 18:21:43,429     INFO Block 8 fixations
2017-11-18 18:21:43,434     INFO Showing fixation at (0, 0)
2017-11-18 18:21:44,242     INFO End of fixations
2017-11-18 18:21:44,252     INFO Showing fixation at (0.5006358322111614, -0.04112160537829027)
2017-11-18 18:21:45,459     INFO End of fixations
2017-11-18 18:21:45,468     INFO Showing fixation at (-0.46756336109508206, -0.017894032629799397)
2017-11-18 18:21:46,275     INFO End of fixations
2017-11-18 18:21:46,284     INFO Showing fixation at (0.008077730011932106, -0.7979347426241093)
2017-11-18 18:21:47,092     INFO End of fixations
2017-11-18 18:21:47,097     INFO Showing fixation at (0.4385177752424661, -0.04658139751393919)
2017-11-18 18:21:48,309     INFO End of fixations
2017-11-18 18:21:48,318     INFO Showing fixation at (0.0355460983184516, -0.8455323908610902)
2017-11-18 18:21:49,526     INFO End of fixations
2017-11-18 18:21:49,535     INFO Showing fixation at (-0.43258679543146505, -0.037498447393640305)
2017-11-18 18:21:50,542     INFO End of fixations
2017-11-18 18:21:50,549     INFO Showing fixation at (0.0020530897770986434, 0.8403530470723783)
2017-11-18 18:21:51,559     INFO End of fixations
2017-11-18 18:21:51,568     INFO Showing fixation at (0.01949768452449814, 0.8658180147733453)
2017-11-18 18:21:52,576     INFO End of fixations
2017-11-18 18:21:52,584     INFO Showing fixation at (0.02405686082979383, -0.7669665720687011)
2017-11-18 18:21:53,392     INFO End of fixations
2017-11-18 18:21:53,398     INFO Showing fixation at (-0.44970732997819074, 0.0434333834817717)
2017-11-18 18:21:54,609     INFO End of fixations
2017-11-18 18:21:54,618     INFO Showing fixation at (0.0058354920112240055, 0.8808977480317461)
2017-11-18 18:21:55,826     INFO End of fixations
2017-11-18 18:21:55,831     INFO Showing fixation at (0.4932518781945299, -0.01257491281566412)
2017-11-18 18:21:56,842     INFO End of fixations
2017-11-18 18:21:56,851     INFO Showing fixation at (0, 0)
2017-11-18 18:21:57,659     INFO End of fixations
2017-11-18 18:21:57,659     INFO Showing instructions
2017-11-18 18:21:57,661     INFO Instruction: 
2017-11-18 18:21:58,429     INFO Received signal 5 after 0.753520965576 seconds
2017-11-18 18:21:58,429     INFO End of instructions
2017-11-18 18:21:58,429     INFO Block 8 saccades
2017-11-18 18:21:58,435     INFO Showing fixation at (0, 0)
2017-11-18 18:21:59,243     INFO End of fixations
2017-11-18 18:21:59,251     INFO Showing fixation at (0.5006358322111614, -0.04112160537829027)
2017-11-18 18:22:00,459     INFO End of fixations
2017-11-18 18:22:00,468     INFO Showing fixation at (-0.46756336109508206, -0.017894032629799397)
2017-11-18 18:22:01,276     INFO End of fixations
2017-11-18 18:22:01,282     INFO Showing fixation at (0.008077730011932106, -0.7979347426241093)
2017-11-18 18:22:02,093     INFO End of fixations
2017-11-18 18:22:02,102     INFO Showing fixation at (0.4385177752424661, -0.04658139751393919)
2017-11-18 18:22:03,309     INFO End of fixations
2017-11-18 18:22:03,319     INFO Showing fixation at (0.0355460983184516, -0.8455323908610902)
2017-11-18 18:22:04,526     INFO End of fixations
2017-11-18 18:22:04,532     INFO Showing fixation at (-0.43258679543146505, -0.037498447393640305)
2017-11-18 18:22:05,543     INFO End of fixations
2017-11-18 18:22:05,552     INFO Showing fixation at (0.0020530897770986434, 0.8403530470723783)
2017-11-18 18:22:06,559     INFO End of fixations
2017-11-18 18:22:06,566     INFO Showing fixation at (0.01949768452449814, 0.8658180147733453)
2017-11-18 18:22:07,576     INFO End of fixations
2017-11-18 18:22:07,582     INFO Showing fixation at (0.02405686082979383, -0.7669665720687011)
2017-11-18 18:22:08,393     INFO End of fixations
2017-11-18 18:22:08,402     INFO Showing fixation at (-0.44970732997819074, 0.0434333834817717)
2017-11-18 18:22:09,610     INFO End of fixations
2017-11-18 18:22:09,618     INFO Showing fixation at (0.0058354920112240055, 0.8808977480317461)
2017-11-18 18:22:10,826     INFO End of fixations
2017-11-18 18:22:10,832     INFO Showing fixation at (0.4932518781945299, -0.01257491281566412)
2017-11-18 18:22:11,843     INFO End of fixations
2017-11-18 18:22:11,852     INFO Showing fixation at (0, 0)
2017-11-18 18:22:12,660     INFO End of fixations
2017-11-18 18:22:12,660     INFO Showing instructions
2017-11-18 18:22:12,661     INFO Instruction: 
2017-11-18 18:22:13,429     INFO Received signal 5 after 0.753437042236 seconds
2017-11-18 18:22:13,429     INFO End of instructions
2017-11-18 18:22:13,429     INFO Block 9 fixations
2017-11-18 18:22:13,438     INFO Showing fixation at (0, 0)
2017-11-18 18:22:14,243     INFO End of fixations
2017-11-18 18:22:14,249     INFO Showing fixation at (-0.4987552188116117, -0.03381738331908573)
2017-11-18 18:22:15,460     INFO End of fixations
2017-11-18 18:22:15,469     INFO Showing fixation at (-0.4946556646309559, -0.01164453781394726)
2017-11-18 18:22:16,477     INFO End of fixations
2017-11-18 18:22:16,486     INFO Showing fixation at (-0.02811113518414131, -0.7839546090523515)
2017-11-18 18:22:17,693     INFO End of fixations
2017-11-18 18:22:17,702     INFO Showing fixation at (0.024258158035212085, 0.7892952314497551)
2017-11-18 18:22:18,710     INFO End of fixations
2017-11-18 18:22:18,715     INFO Showing fixation at (0.4834435226355221, -0.04420301291951252)
2017-11-18 18:22:19,927     INFO End of fixations
2017-11-18 18:22:19,936     INFO Showing fixation at (0.0060904823064249075, -0.8068142510973058)
2017-11-18 18:22:21,143     INFO End of fixations
2017-11-18 18:22:21,152     INFO Showing fixation at (-0.475291754960874, -0.06060312570614887)
2017-11-18 18:22:21,960     INFO End of fixations
2017-11-18 18:22:21,969     INFO Showing fixation at (0.462828940667531, -0.033543573770439775)
2017-11-18 18:22:23,177     INFO End of fixations
2017-11-18 18:22:23,184     INFO Showing fixation at (0.014187834110114636, 0.8445747090963943)
2017-11-18 18:22:23,994     INFO End of fixations
2017-11-18 18:22:24,003     INFO Showing fixation at (-0.0111346410566079, 0.8471979144831185)
2017-11-18 18:22:25,010     INFO End of fixations
2017-11-18 18:22:25,019     INFO Showing fixation at (0.003479447061097804, -0.7572066741213375)
2017-11-18 18:22:25,827     INFO End of fixations
2017-11-18 18:22:25,836     INFO Showing fixation at (0.4342233632368525, -0.006181153129822856)
2017-11-18 18:22:26,644     INFO End of fixations
2017-11-18 18:22:26,653     INFO Showing fixation at (0, 0)
2017-11-18 18:22:27,660     INFO End of fixations
2017-11-18 18:22:27,661     INFO Showing instructions
2017-11-18 18:22:27,662     INFO Instruction: 
2017-11-18 18:22:28,429     INFO Received signal 5 after 0.752623796463 seconds
2017-11-18 18:22:28,429     INFO End of instructions
2017-11-18 18:22:28,430     INFO Block 9 saccades
2017-11-18 18:22:28,437     INFO Showing fixation at (0, 0)
2017-11-18 18:22:29,244     INFO End of fixations
2017-11-18 18:22:29,249     INFO Showing fixation at (-0.4987552188116117, -0.03381738331908573)
2017-11-18 18:22:30,460     INFO End of fixations
2017-11-18 18:22:30,466     INFO Showing fixation at (-0.4946556646309559, -0.01164453781394726)
2017-11-18 18:22:31,477     INFO End of fixations
2017-11-18 18:22:31,486     INFO Showing fixation at (-0.02811113518414131, -0.7839546090523515)
2017-11-18 18:22:32,694     INFO End of fixations
2017-11-18 18:22:32,699     INFO Showing fixation at (0.024258158035212085, 0.7892952314497551)
2017-11-18 18:22:33,711     INFO End of fixations
2017-11-18 18:22:33,719     INFO Showing fixation at (0.4834435226355221, -0.04420301291951252)
2017-11-18 18:22:34,927     INFO End of fixations
2017-11-18 18:22:34,933     INFO Showing fixation at (0.0060904823064249075, -0.8068142510973058)
2017-11-18 18:22:36,144     INFO End of fixations
2017-11-18 18:22:36,149     INFO Showing fixation at (-0.475291754960874, -0.06060312570614887)
2017-11-18 18:22:36,961     INFO End of fixations
2017-11-18 18:22:36,970     INFO Showing fixation at (0.462828940667531, -0.033543573770439775)
2017-11-18 18:22:38,177     INFO End of fixations
2017-11-18 18:22:38,183     INFO Showing fixation at (0.014187834110114636, 0.8445747090963943)
2017-11-18 18:22:38,994     INFO End of fixations
2017-11-18 18:22:39,003     INFO Showing fixation at (-0.0111346410566079, 0.8471979144831185)
2017-11-18 18:22:40,011     INFO End of fixations
2017-11-18 18:22:40,020     INFO Showing fixation at (0.003479447061097804, -0.7572066741213375)
2017-11-18 18:22:40,828     INFO End of fixations
2017-11-18 18:22:40,837     INFO Showing fixation at (0.4342233632368525, -0.006181153129822856)
2017-11-18 18:22:41,644     INFO End of fixations
2017-11-18 18:22:41,653     INFO Showing fixation at (0, 0)
2017-11-18 18:22:42,661     INFO End of fixations
2017-11-18 18:22:42,665     INFO Showing fixation at (0, 0) for 8 second(s)
2017-11-18 18:22:43,430     INFO Received trigger 5
2017-11-18 18:22:44,429     INFO Received trigger 5
2017-11-18 18:22:45,428     INFO Received trigger 5
2017-11-18 18:22:46,428     INFO Received trigger 5
2017-11-18 18:22:47,429     INFO Received trigger 5
2017-11-18 18:22:48,429     INFO Received trigger 5
2017-11-18 18:22:49,429     INFO Received trigger 5
2017-11-18 18:50:56,972     INFO Received trigger 5
2017-11-18 18:50:56,972     INFO End of fixations
2017-11-18 18:50:56,972     INFO End of experiment
