2017-11-21 20:34:10,601     INFO #[ PsychoPy2 RuntimeInfoStart ]
  #[[ PsychoPy ]] #---------
    psychopyVersion: 1.85.4
    psychopyHaveExtRush: True
  #[[ Experiment ]] #---------
    experimentRunTime: 2017_11_21 20:34 (Year_Month_Day Hour:Min)
    experimentRunTime.epoch: 1511325248
    experimentScript: localizer.py
    experimentScript.digestSHA1: 73af835c2bb6458b858315d12675d6355738a2b3
    experimentScript.directory: /Users/mengdu/Repos/hierarchy/saccades
  #[[ System ]] #---------
    systemHaveInternetAccess: True
    systemHostName: mengs-mbp.ad.medctr.ucla.edu
    systemLocale: C
    systemMemFreeRAM: 4629.76953125
    systemMemTotalRAM: 8192.0
    systemPlatform: darwin 10.13.1 x86_64
    systemPyo.InputDevices: {0: {'host api index': 0, 'latency': 0.0029478457290679216, 'default sr': 44100, 'name': u'Built-in Microph'}}
    systemPyo.OutputDevices: {1: {'host api index': 0, 'latency': 0.018798185512423515, 'default sr': 44100, 'name': u'Built-in Output'}, 2: {'host api index': 0, 'latency': 0.0014375000027939677, 'default sr': 48000, 'name': u'HDMI'}}
    systemPyoVersion: 0.8.6
    systemRebooted: Nov 8 22:08
    systemSec.OpenSSLVersion: LibreSSL 2.2.7
    systemSec.pythonSSL: True
    systemTimeNumpySD1000000_sec: 0.0047
    systemUser: mengdu
    systemUserID: 501
    systemUserProcCount: 164
    systemUserProcFlagged: iTunes mdworker Safari
    systemUsersCount: 1
  #[[ Window ]] #---------
    windowRefreshTimeSD_ms: 0.031
    windowRefreshTimeMedian_ms: 16.669
    windowRefreshTimeAvg_ms: 16.668
  #[[ Python ]] #---------
    pythonVersion: 2.7.12
  #[[ OpenGL ]] #---------
#[ PsychoPy2 RuntimeInfoEnd ]

2017-11-21 20:34:10,747     INFO Showing instructions
2017-11-21 20:34:10,776     INFO Instruction: When you see a RED cross, plea...
2017-11-21 20:34:12,162     INFO Received response [('space', 1.3701109886169434)]
2017-11-21 20:34:12,162     INFO End of instructions
2017-11-21 20:34:12,162     INFO Showing instructions
2017-11-21 20:34:12,180     INFO Instruction: When you see a RED cross, plea...
2017-11-21 20:34:22,560     INFO Received signal 5 after 10.3772678375 seconds
2017-11-21 20:34:22,560     INFO End of instructions
2017-11-21 20:34:22,560     INFO Showing instructions
2017-11-21 20:34:22,561     INFO Instruction: 
2017-11-21 20:34:23,560     INFO Received signal 5 after 0.992909908295 seconds
2017-11-21 20:34:23,560     INFO End of instructions
2017-11-21 20:34:23,560     INFO Block 0 fixations
2017-11-21 20:34:23,568     INFO Showing fixation at (0, 0)
2017-11-21 20:34:24,784     INFO End of fixations
2017-11-21 20:34:24,790     INFO Showing fixation at (-0.481024543979422, 0.026465314724215858)
2017-11-21 20:34:26,001     INFO End of fixations
2017-11-21 20:34:26,006     INFO Showing fixation at (0.010706653769238107, 0.8845605561038661)
2017-11-21 20:34:26,818     INFO End of fixations
2017-11-21 20:34:26,823     INFO Showing fixation at (0.4772411325781037, 0.0121069465543715)
2017-11-21 20:34:27,834     INFO End of fixations
2017-11-21 20:34:27,840     INFO Showing fixation at (-0.03260027686742877, -0.8456681742829657)
2017-11-21 20:34:28,651     INFO End of fixations
2017-11-21 20:34:28,656     INFO Showing fixation at (-0.002342426093894172, -0.8568315407174603)
2017-11-21 20:34:29,468     INFO End of fixations
2017-11-21 20:34:29,473     INFO Showing fixation at (0.45888249281479015, 0.04542492466858046)
2017-11-21 20:34:30,485     INFO End of fixations
2017-11-21 20:34:30,490     INFO Showing fixation at (-0.4968346033575767, -0.019731786210261594)
2017-11-21 20:34:31,301     INFO End of fixations
2017-11-21 20:34:31,306     INFO Showing fixation at (0.02525005618631769, 0.8330243421745869)
2017-11-21 20:34:32,118     INFO End of fixations
2017-11-21 20:34:32,125     INFO Showing fixation at (0.002499954086850442, -0.861297257795918)
2017-11-21 20:34:33,335     INFO End of fixations
2017-11-21 20:34:33,340     INFO Showing fixation at (-0.4667697955512964, -0.06692792627571079)
2017-11-21 20:34:34,551     INFO End of fixations
2017-11-21 20:34:34,556     INFO Showing fixation at (0.4450233074007001, 0.009237788665066068)
2017-11-21 20:34:35,568     INFO End of fixations
2017-11-21 20:34:35,573     INFO Showing fixation at (0.019253743775137833, 0.8200113042367932)
2017-11-21 20:34:36,785     INFO End of fixations
2017-11-21 20:34:36,790     INFO Showing fixation at (0, 0)
2017-11-21 20:34:37,801     INFO End of fixations
2017-11-21 20:34:37,802     INFO Showing instructions
2017-11-21 20:34:37,802     INFO Instruction: 
2017-11-21 20:34:38,560     INFO Received signal 5 after 0.742256879807 seconds
2017-11-21 20:34:38,560     INFO End of instructions
2017-11-21 20:34:38,560     INFO Block 0 saccades
2017-11-21 20:34:38,564     INFO Showing fixation at (0, 0)
2017-11-21 20:34:39,768     INFO End of fixations
2017-11-21 20:34:39,773     INFO Showing fixation at (-0.481024543979422, 0.026465314724215858)
2017-11-21 20:34:40,985     INFO End of fixations
2017-11-21 20:34:40,990     INFO Showing fixation at (0.010706653769238107, 0.8845605561038661)
2017-11-21 20:34:41,802     INFO End of fixations
2017-11-21 20:34:41,807     INFO Showing fixation at (0.4772411325781037, 0.0121069465543715)
2017-11-21 20:34:42,818     INFO End of fixations
2017-11-21 20:34:42,823     INFO Showing fixation at (-0.03260027686742877, -0.8456681742829657)
2017-11-21 20:34:43,635     INFO End of fixations
2017-11-21 20:34:43,640     INFO Showing fixation at (-0.002342426093894172, -0.8568315407174603)
2017-11-21 20:34:44,452     INFO End of fixations
2017-11-21 20:34:44,457     INFO Showing fixation at (0.45888249281479015, 0.04542492466858046)
2017-11-21 20:34:45,468     INFO End of fixations
2017-11-21 20:34:45,474     INFO Showing fixation at (-0.4968346033575767, -0.019731786210261594)
2017-11-21 20:34:46,285     INFO End of fixations
2017-11-21 20:34:46,291     INFO Showing fixation at (0.02525005618631769, 0.8330243421745869)
2017-11-21 20:34:47,102     INFO End of fixations
2017-11-21 20:34:47,107     INFO Showing fixation at (0.002499954086850442, -0.861297257795918)
2017-11-21 20:34:48,318     INFO End of fixations
2017-11-21 20:34:48,323     INFO Showing fixation at (-0.4667697955512964, -0.06692792627571079)
2017-11-21 20:34:49,535     INFO End of fixations
2017-11-21 20:34:49,540     INFO Showing fixation at (0.4450233074007001, 0.009237788665066068)
2017-11-21 20:34:50,552     INFO End of fixations
2017-11-21 20:34:50,557     INFO Showing fixation at (0.019253743775137833, 0.8200113042367932)
2017-11-21 20:34:51,768     INFO End of fixations
2017-11-21 20:34:51,772     INFO Showing fixation at (0, 0)
2017-11-21 20:34:52,785     INFO End of fixations
2017-11-21 20:34:52,785     INFO Showing instructions
2017-11-21 20:34:52,786     INFO Instruction: 
2017-11-21 20:34:53,560     INFO Received signal 5 after 0.7584400177 seconds
2017-11-21 20:34:53,560     INFO End of instructions
2017-11-21 20:34:53,560     INFO Block 1 fixations
2017-11-21 20:34:53,566     INFO Showing fixation at (0, 0)
2017-11-21 20:34:54,785     INFO End of fixations
2017-11-21 20:34:54,793     INFO Showing fixation at (-0.48059747065362335, -0.06066406126737719)
2017-11-21 20:34:56,002     INFO End of fixations
2017-11-21 20:34:56,007     INFO Showing fixation at (0.4386724403380466, 0.012098515070945878)
2017-11-21 20:34:56,819     INFO End of fixations
2017-11-21 20:34:56,824     INFO Showing fixation at (-0.01312921780650303, 0.8016825578234894)
2017-11-21 20:34:57,635     INFO End of fixations
2017-11-21 20:34:57,640     INFO Showing fixation at (0.021016489737887847, 0.8428215525734845)
2017-11-21 20:34:58,852     INFO End of fixations
2017-11-21 20:34:58,857     INFO Showing fixation at (-0.00684870896380553, -0.8111245364122027)
2017-11-21 20:34:59,869     INFO End of fixations
2017-11-21 20:34:59,875     INFO Showing fixation at (-0.039042455896721284, 0.8841845312964154)
2017-11-21 20:35:00,686     INFO End of fixations
2017-11-21 20:35:00,690     INFO Showing fixation at (0.46414039953669617, 0.01732597693171882)
2017-11-21 20:35:01,502     INFO End of fixations
2017-11-21 20:35:01,507     INFO Showing fixation at (-0.43534862273656566, -0.04716531652566647)
2017-11-21 20:35:02,519     INFO End of fixations
2017-11-21 20:35:02,524     INFO Showing fixation at (0.47582621753776877, -0.027727772553972414)
2017-11-21 20:35:03,736     INFO End of fixations
2017-11-21 20:35:03,741     INFO Showing fixation at (0.007827862232603143, -0.8675553678288259)
2017-11-21 20:35:04,752     INFO End of fixations
2017-11-21 20:35:04,758     INFO Showing fixation at (-0.4665804190362151, -0.06029675181775183)
2017-11-21 20:35:05,769     INFO End of fixations
2017-11-21 20:35:05,774     INFO Showing fixation at (-0.01053762796581581, -0.8861058459394225)
2017-11-21 20:35:06,586     INFO End of fixations
2017-11-21 20:35:06,591     INFO Showing fixation at (0, 0)
2017-11-21 20:35:07,803     INFO End of fixations
2017-11-21 20:35:07,803     INFO Showing instructions
2017-11-21 20:35:07,803     INFO Instruction: 
2017-11-21 20:35:08,560     INFO Received signal 5 after 0.741353034973 seconds
2017-11-21 20:35:08,560     INFO End of instructions
2017-11-21 20:35:08,560     INFO Block 1 saccades
2017-11-21 20:35:08,565     INFO Showing fixation at (0, 0)
2017-11-21 20:35:09,769     INFO End of fixations
2017-11-21 20:35:09,774     INFO Showing fixation at (-0.48059747065362335, -0.06066406126737719)
2017-11-21 20:35:10,986     INFO End of fixations
2017-11-21 20:35:10,991     INFO Showing fixation at (0.4386724403380466, 0.012098515070945878)
2017-11-21 20:35:11,803     INFO End of fixations
2017-11-21 20:35:11,807     INFO Showing fixation at (-0.01312921780650303, 0.8016825578234894)
2017-11-21 20:35:12,619     INFO End of fixations
2017-11-21 20:35:12,624     INFO Showing fixation at (0.021016489737887847, 0.8428215525734845)
2017-11-21 20:35:13,836     INFO End of fixations
2017-11-21 20:35:13,842     INFO Showing fixation at (-0.00684870896380553, -0.8111245364122027)
2017-11-21 20:35:14,853     INFO End of fixations
2017-11-21 20:35:14,858     INFO Showing fixation at (-0.039042455896721284, 0.8841845312964154)
2017-11-21 20:35:15,669     INFO End of fixations
2017-11-21 20:35:15,674     INFO Showing fixation at (0.46414039953669617, 0.01732597693171882)
2017-11-21 20:35:16,486     INFO End of fixations
2017-11-21 20:35:16,491     INFO Showing fixation at (-0.43534862273656566, -0.04716531652566647)
2017-11-21 20:35:17,503     INFO End of fixations
2017-11-21 20:35:17,508     INFO Showing fixation at (0.47582621753776877, -0.027727772553972414)
2017-11-21 20:35:18,720     INFO End of fixations
2017-11-21 20:35:18,725     INFO Showing fixation at (0.007827862232603143, -0.8675553678288259)
2017-11-21 20:35:19,736     INFO End of fixations
2017-11-21 20:35:19,741     INFO Showing fixation at (-0.4665804190362151, -0.06029675181775183)
2017-11-21 20:35:20,753     INFO End of fixations
2017-11-21 20:35:20,758     INFO Showing fixation at (-0.01053762796581581, -0.8861058459394225)
2017-11-21 20:35:21,570     INFO End of fixations
2017-11-21 20:35:21,575     INFO Showing fixation at (0, 0)
2017-11-21 20:35:22,786     INFO End of fixations
2017-11-21 20:35:22,786     INFO Showing instructions
2017-11-21 20:35:22,787     INFO Instruction: 
2017-11-21 20:35:23,560     INFO Received signal 5 after 0.75718998909 seconds
2017-11-21 20:35:23,560     INFO End of instructions
2017-11-21 20:35:23,560     INFO Block 2 fixations
2017-11-21 20:35:23,566     INFO Showing fixation at (0, 0)
2017-11-21 20:35:24,569     INFO End of fixations
2017-11-21 20:35:24,574     INFO Showing fixation at (0.45673189602175474, -0.012668412235433565)
2017-11-21 20:35:25,386     INFO End of fixations
2017-11-21 20:35:25,391     INFO Showing fixation at (0.026680168588662248, 0.8137302150746845)
2017-11-21 20:35:26,603     INFO End of fixations
2017-11-21 20:35:26,608     INFO Showing fixation at (-0.018838863124146996, -0.8152449310551287)
2017-11-21 20:35:27,820     INFO End of fixations
2017-11-21 20:35:27,825     INFO Showing fixation at (0.03334369630337253, -0.7860141340897904)
2017-11-21 20:35:28,636     INFO End of fixations
2017-11-21 20:35:28,641     INFO Showing fixation at (-0.45444621715385103, 0.05295930103043203)
2017-11-21 20:35:29,453     INFO End of fixations
2017-11-21 20:35:29,458     INFO Showing fixation at (0.012847624704879775, 0.8301998320469095)
2017-11-21 20:35:30,270     INFO End of fixations
2017-11-21 20:35:30,275     INFO Showing fixation at (0.02902525999639044, 0.7626906887249261)
2017-11-21 20:35:31,487     INFO End of fixations
2017-11-21 20:35:31,492     INFO Showing fixation at (0.4861482276311262, 0.0014368499244361982)
2017-11-21 20:35:32,503     INFO End of fixations
2017-11-21 20:35:32,509     INFO Showing fixation at (-0.448361921158951, -0.06656271744731714)
2017-11-21 20:35:33,721     INFO End of fixations
2017-11-21 20:35:33,725     INFO Showing fixation at (0.02368955992060129, -0.7720197449195771)
2017-11-21 20:35:34,937     INFO End of fixations
2017-11-21 20:35:34,942     INFO Showing fixation at (-0.4854514611672442, 0.033986329761072756)
2017-11-21 20:35:35,953     INFO End of fixations
2017-11-21 20:35:35,961     INFO Showing fixation at (0.474087073735536, 0.01650292344969201)
2017-11-21 20:35:36,770     INFO End of fixations
2017-11-21 20:35:36,775     INFO Showing fixation at (0, 0)
2017-11-21 20:35:37,787     INFO End of fixations
2017-11-21 20:35:37,787     INFO Showing instructions
2017-11-21 20:35:37,788     INFO Instruction: 
2017-11-21 20:35:38,560     INFO Received signal 5 after 0.75678396225 seconds
2017-11-21 20:35:38,560     INFO End of instructions
2017-11-21 20:35:38,560     INFO Block 2 saccades
2017-11-21 20:35:38,565     INFO Showing fixation at (0, 0)
2017-11-21 20:35:39,570     INFO End of fixations
2017-11-21 20:35:39,575     INFO Showing fixation at (0.45673189602175474, -0.012668412235433565)
2017-11-21 20:35:40,387     INFO End of fixations
2017-11-21 20:35:40,392     INFO Showing fixation at (0.026680168588662248, 0.8137302150746845)
2017-11-21 20:35:41,604     INFO End of fixations
2017-11-21 20:35:41,609     INFO Showing fixation at (-0.018838863124146996, -0.8152449310551287)
2017-11-21 20:35:42,820     INFO End of fixations
2017-11-21 20:35:42,825     INFO Showing fixation at (0.03334369630337253, -0.7860141340897904)
2017-11-21 20:35:43,637     INFO End of fixations
2017-11-21 20:35:43,642     INFO Showing fixation at (-0.45444621715385103, 0.05295930103043203)
2017-11-21 20:35:44,454     INFO End of fixations
2017-11-21 20:35:44,459     INFO Showing fixation at (0.012847624704879775, 0.8301998320469095)
2017-11-21 20:35:45,270     INFO End of fixations
2017-11-21 20:35:45,276     INFO Showing fixation at (0.02902525999639044, 0.7626906887249261)
2017-11-21 20:35:46,487     INFO End of fixations
2017-11-21 20:35:46,492     INFO Showing fixation at (0.4861482276311262, 0.0014368499244361982)
2017-11-21 20:35:47,504     INFO End of fixations
2017-11-21 20:35:47,509     INFO Showing fixation at (-0.448361921158951, -0.06656271744731714)
2017-11-21 20:35:48,721     INFO End of fixations
2017-11-21 20:35:48,725     INFO Showing fixation at (0.02368955992060129, -0.7720197449195771)
2017-11-21 20:35:49,937     INFO End of fixations
2017-11-21 20:35:49,943     INFO Showing fixation at (-0.4854514611672442, 0.033986329761072756)
2017-11-21 20:35:50,954     INFO End of fixations
2017-11-21 20:35:50,959     INFO Showing fixation at (0.474087073735536, 0.01650292344969201)
2017-11-21 20:35:51,771     INFO End of fixations
2017-11-21 20:35:51,776     INFO Showing fixation at (0, 0)
2017-11-21 20:35:52,787     INFO End of fixations
2017-11-21 20:35:52,788     INFO Showing instructions
2017-11-21 20:35:52,788     INFO Instruction: 
2017-11-21 20:35:53,560     INFO Received signal 5 after 0.756324052811 seconds
2017-11-21 20:35:53,560     INFO End of instructions
2017-11-21 20:35:53,560     INFO Block 3 fixations
2017-11-21 20:35:53,565     INFO Showing fixation at (0, 0)
2017-11-21 20:35:54,571     INFO End of fixations
2017-11-21 20:35:54,639     INFO Showing fixation at (-0.0009401123269884709, -0.7762931277658952)
2017-11-21 20:35:55,654     INFO End of fixations
2017-11-21 20:35:55,659     INFO Showing fixation at (-0.005952507238432547, 0.7544876740801272)
2017-11-21 20:35:56,471     INFO End of fixations
2017-11-21 20:35:56,476     INFO Showing fixation at (0.43185481196932746, 0.003815570891374659)
2017-11-21 20:35:57,687     INFO End of fixations
2017-11-21 20:35:57,692     INFO Showing fixation at (-0.46469920168032697, 0.03827320950371868)
2017-11-21 20:35:58,904     INFO End of fixations
2017-11-21 20:35:58,909     INFO Showing fixation at (0.02653949479901059, -0.8171546590687977)
2017-11-21 20:35:59,721     INFO End of fixations
2017-11-21 20:35:59,726     INFO Showing fixation at (0.46382236496248636, -0.03281477592013969)
2017-11-21 20:36:00,538     INFO End of fixations
2017-11-21 20:36:00,543     INFO Showing fixation at (-0.4829968399107886, -0.019979826915885568)
2017-11-21 20:36:01,754     INFO End of fixations
2017-11-21 20:36:01,769     INFO Showing fixation at (0.008440178696518336, 0.776728805155651)
2017-11-21 20:36:02,788     INFO End of fixations
2017-11-21 20:36:02,793     INFO Showing fixation at (0.4901102459069443, 0.025430253003373385)
2017-11-21 20:36:04,005     INFO End of fixations
2017-11-21 20:36:04,010     INFO Showing fixation at (-0.49001285214343104, 0.0536822916476825)
2017-11-21 20:36:04,821     INFO End of fixations
2017-11-21 20:36:04,826     INFO Showing fixation at (0.009661344417740303, -0.767351395009439)
2017-11-21 20:36:05,638     INFO End of fixations
2017-11-21 20:36:05,643     INFO Showing fixation at (0.02088069366895326, 0.7664235762773735)
2017-11-21 20:36:06,654     INFO End of fixations
2017-11-21 20:36:06,660     INFO Showing fixation at (0, 0)
2017-11-21 20:36:07,871     INFO End of fixations
2017-11-21 20:36:07,871     INFO Showing instructions
2017-11-21 20:36:07,872     INFO Instruction: 
2017-11-21 20:36:08,560     INFO Received signal 5 after 0.672581195831 seconds
2017-11-21 20:36:08,560     INFO End of instructions
2017-11-21 20:36:08,560     INFO Block 3 saccades
2017-11-21 20:36:08,565     INFO Showing fixation at (0, 0)
2017-11-21 20:36:09,571     INFO End of fixations
2017-11-21 20:36:09,576     INFO Showing fixation at (-0.0009401123269884709, -0.7762931277658952)
2017-11-21 20:36:10,588     INFO End of fixations
2017-11-21 20:36:10,593     INFO Showing fixation at (-0.005952507238432547, 0.7544876740801272)
2017-11-21 20:36:11,405     INFO End of fixations
2017-11-21 20:36:11,410     INFO Showing fixation at (0.43185481196932746, 0.003815570891374659)
2017-11-21 20:36:12,621     INFO End of fixations
2017-11-21 20:36:12,626     INFO Showing fixation at (-0.46469920168032697, 0.03827320950371868)
2017-11-21 20:36:13,838     INFO End of fixations
2017-11-21 20:36:13,843     INFO Showing fixation at (0.02653949479901059, -0.8171546590687977)
2017-11-21 20:36:14,655     INFO End of fixations
2017-11-21 20:36:14,660     INFO Showing fixation at (0.46382236496248636, -0.03281477592013969)
2017-11-21 20:36:15,471     INFO End of fixations
2017-11-21 20:36:15,477     INFO Showing fixation at (-0.4829968399107886, -0.019979826915885568)
2017-11-21 20:36:16,687     INFO End of fixations
2017-11-21 20:36:16,692     INFO Showing fixation at (0.008440178696518336, 0.776728805155651)
2017-11-21 20:36:17,705     INFO End of fixations
2017-11-21 20:36:17,710     INFO Showing fixation at (0.4901102459069443, 0.025430253003373385)
2017-11-21 20:36:18,922     INFO End of fixations
2017-11-21 20:36:18,927     INFO Showing fixation at (-0.49001285214343104, 0.0536822916476825)
2017-11-21 20:36:19,738     INFO End of fixations
2017-11-21 20:36:19,743     INFO Showing fixation at (0.009661344417740303, -0.767351395009439)
2017-11-21 20:36:20,555     INFO End of fixations
2017-11-21 20:36:20,561     INFO Showing fixation at (0.02088069366895326, 0.7664235762773735)
2017-11-21 20:36:21,572     INFO End of fixations
2017-11-21 20:36:21,577     INFO Showing fixation at (0, 0)
2017-11-21 20:36:22,788     INFO End of fixations
2017-11-21 20:36:22,789     INFO Showing instructions
2017-11-21 20:36:22,789     INFO Instruction: 
2017-11-21 20:36:23,560     INFO Received signal 5 after 0.755335092545 seconds
2017-11-21 20:36:23,560     INFO End of instructions
2017-11-21 20:36:23,560     INFO Block 4 fixations
2017-11-21 20:36:23,565     INFO Showing fixation at (0, 0)
2017-11-21 20:36:24,772     INFO End of fixations
2017-11-21 20:36:24,777     INFO Showing fixation at (0.46249406996157094, 0.0022292362232984586)
2017-11-21 20:36:25,788     INFO End of fixations
2017-11-21 20:36:25,793     INFO Showing fixation at (0.019901355057644586, 0.8866351205043109)
2017-11-21 20:36:26,805     INFO End of fixations
2017-11-21 20:36:26,810     INFO Showing fixation at (-0.4520315331820958, -0.03425131675947864)
2017-11-21 20:36:28,022     INFO End of fixations
2017-11-21 20:36:28,027     INFO Showing fixation at (-0.03851852165680594, -0.8185612245236384)
2017-11-21 20:36:29,239     INFO End of fixations
2017-11-21 20:36:29,244     INFO Showing fixation at (-0.02935690040540486, -0.8032570614564025)
2017-11-21 20:36:30,055     INFO End of fixations
2017-11-21 20:36:30,060     INFO Showing fixation at (0.5000927286396948, -0.03180760891929526)
2017-11-21 20:36:30,872     INFO End of fixations
2017-11-21 20:36:30,877     INFO Showing fixation at (-0.4334682100327891, -0.0414841320983623)
2017-11-21 20:36:32,089     INFO End of fixations
2017-11-21 20:36:32,096     INFO Showing fixation at (-0.45765585172702483, 0.05376481969286517)
2017-11-21 20:36:33,305     INFO End of fixations
2017-11-21 20:36:33,310     INFO Showing fixation at (0.016802654450508776, 0.8258110130982451)
2017-11-21 20:36:34,322     INFO End of fixations
2017-11-21 20:36:34,327     INFO Showing fixation at (-0.01334156728192052, -0.8068080399758748)
2017-11-21 20:36:35,139     INFO End of fixations
2017-11-21 20:36:35,144     INFO Showing fixation at (0.46297114651568294, -0.009834757816796463)
2017-11-21 20:36:35,956     INFO End of fixations
2017-11-21 20:36:35,960     INFO Showing fixation at (0.016036123954812874, 0.7692191121503171)
2017-11-21 20:36:36,772     INFO End of fixations
2017-11-21 20:36:36,777     INFO Showing fixation at (0, 0)
2017-11-21 20:36:37,789     INFO End of fixations
2017-11-21 20:36:37,789     INFO Showing instructions
2017-11-21 20:36:37,790     INFO Instruction: 
2017-11-21 20:36:38,560     INFO Received signal 5 after 0.754853010178 seconds
2017-11-21 20:36:38,560     INFO End of instructions
2017-11-21 20:36:38,560     INFO Block 4 saccades
2017-11-21 20:36:38,565     INFO Showing fixation at (0, 0)
2017-11-21 20:36:39,772     INFO End of fixations
2017-11-21 20:36:39,777     INFO Showing fixation at (0.46249406996157094, 0.0022292362232984586)
2017-11-21 20:36:40,789     INFO End of fixations
2017-11-21 20:36:40,794     INFO Showing fixation at (0.019901355057644586, 0.8866351205043109)
2017-11-21 20:36:41,806     INFO End of fixations
2017-11-21 20:36:41,811     INFO Showing fixation at (-0.4520315331820958, -0.03425131675947864)
2017-11-21 20:36:43,022     INFO End of fixations
2017-11-21 20:36:43,027     INFO Showing fixation at (-0.03851852165680594, -0.8185612245236384)
2017-11-21 20:36:44,240     INFO End of fixations
2017-11-21 20:36:44,244     INFO Showing fixation at (-0.02935690040540486, -0.8032570614564025)
2017-11-21 20:36:45,056     INFO End of fixations
2017-11-21 20:36:45,061     INFO Showing fixation at (0.5000927286396948, -0.03180760891929526)
2017-11-21 20:36:45,872     INFO End of fixations
2017-11-21 20:36:45,878     INFO Showing fixation at (-0.4334682100327891, -0.0414841320983623)
2017-11-21 20:36:47,089     INFO End of fixations
2017-11-21 20:36:47,094     INFO Showing fixation at (-0.45765585172702483, 0.05376481969286517)
2017-11-21 20:36:48,306     INFO End of fixations
2017-11-21 20:36:48,311     INFO Showing fixation at (0.016802654450508776, 0.8258110130982451)
2017-11-21 20:36:49,323     INFO End of fixations
2017-11-21 20:36:49,328     INFO Showing fixation at (-0.01334156728192052, -0.8068080399758748)
2017-11-21 20:36:50,139     INFO End of fixations
2017-11-21 20:36:50,144     INFO Showing fixation at (0.46297114651568294, -0.009834757816796463)
2017-11-21 20:36:50,956     INFO End of fixations
2017-11-21 20:36:50,961     INFO Showing fixation at (0.016036123954812874, 0.7692191121503171)
2017-11-21 20:36:51,773     INFO End of fixations
2017-11-21 20:36:51,778     INFO Showing fixation at (0, 0)
2017-11-21 20:36:52,789     INFO End of fixations
2017-11-21 20:36:52,789     INFO Showing instructions
2017-11-21 20:36:52,790     INFO Instruction: 
2017-11-21 20:36:53,559     INFO Received signal 5 after 0.753909111023 seconds
2017-11-21 20:36:53,559     INFO End of instructions
2017-11-21 20:36:53,560     INFO Block 5 fixations
2017-11-21 20:36:53,565     INFO Showing fixation at (0, 0)
2017-11-21 20:36:54,373     INFO End of fixations
2017-11-21 20:36:54,378     INFO Showing fixation at (0.4349309730950015, -0.0532481486078204)
2017-11-21 20:36:55,389     INFO End of fixations
2017-11-21 20:36:55,395     INFO Showing fixation at (-0.03830478652198256, -0.7998635478054085)
2017-11-21 20:36:56,406     INFO End of fixations
2017-11-21 20:36:56,411     INFO Showing fixation at (0.029391453790465413, 0.7530734231860082)
2017-11-21 20:36:57,623     INFO End of fixations
2017-11-21 20:36:57,628     INFO Showing fixation at (-0.43713406702716384, 0.044353617448492685)
2017-11-21 20:36:58,440     INFO End of fixations
2017-11-21 20:36:58,445     INFO Showing fixation at (-0.43493761027981276, 0.04985925902422664)
2017-11-21 20:36:59,656     INFO End of fixations
2017-11-21 20:36:59,661     INFO Showing fixation at (0.01377154460114529, 0.7995467668699955)
2017-11-21 20:37:00,473     INFO End of fixations
2017-11-21 20:37:00,478     INFO Showing fixation at (-0.4453574134520722, -0.03198314898975416)
2017-11-21 20:37:01,690     INFO End of fixations
2017-11-21 20:37:01,695     INFO Showing fixation at (0.02294460175043373, -0.8584797873042589)
2017-11-21 20:37:02,906     INFO End of fixations
2017-11-21 20:37:02,913     INFO Showing fixation at (0.48750840369087567, 0.007962722932917346)
2017-11-21 20:37:04,123     INFO End of fixations
2017-11-21 20:37:04,128     INFO Showing fixation at (0.03758127480995427, 0.7652879063457432)
2017-11-21 20:37:05,140     INFO End of fixations
2017-11-21 20:37:05,146     INFO Showing fixation at (0.01032059201140098, -0.7629053769785212)
2017-11-21 20:37:05,956     INFO End of fixations
2017-11-21 20:37:05,961     INFO Showing fixation at (0.49762026459447833, -0.029382274978502147)
2017-11-21 20:37:06,973     INFO End of fixations
2017-11-21 20:37:06,978     INFO Showing fixation at (0, 0)
2017-11-21 20:37:07,790     INFO End of fixations
2017-11-21 20:37:07,790     INFO Showing instructions
2017-11-21 20:37:07,791     INFO Instruction: 
2017-11-21 20:37:08,560     INFO Received signal 5 after 0.753746032715 seconds
2017-11-21 20:37:08,560     INFO End of instructions
2017-11-21 20:37:08,560     INFO Block 5 saccades
2017-11-21 20:37:08,565     INFO Showing fixation at (0, 0)
2017-11-21 20:37:09,373     INFO End of fixations
2017-11-21 20:37:09,378     INFO Showing fixation at (0.4349309730950015, -0.0532481486078204)
2017-11-21 20:37:10,390     INFO End of fixations
2017-11-21 20:37:10,395     INFO Showing fixation at (-0.03830478652198256, -0.7998635478054085)
2017-11-21 20:37:11,407     INFO End of fixations
2017-11-21 20:37:11,412     INFO Showing fixation at (0.029391453790465413, 0.7530734231860082)
2017-11-21 20:37:12,623     INFO End of fixations
2017-11-21 20:37:12,628     INFO Showing fixation at (-0.43713406702716384, 0.044353617448492685)
2017-11-21 20:37:13,440     INFO End of fixations
2017-11-21 20:37:13,445     INFO Showing fixation at (-0.43493761027981276, 0.04985925902422664)
2017-11-21 20:37:14,656     INFO End of fixations
2017-11-21 20:37:14,661     INFO Showing fixation at (0.01377154460114529, 0.7995467668699955)
2017-11-21 20:37:15,474     INFO End of fixations
2017-11-21 20:37:15,479     INFO Showing fixation at (-0.4453574134520722, -0.03198314898975416)
2017-11-21 20:37:16,690     INFO End of fixations
2017-11-21 20:37:16,696     INFO Showing fixation at (0.02294460175043373, -0.8584797873042589)
2017-11-21 20:37:17,907     INFO End of fixations
2017-11-21 20:37:17,912     INFO Showing fixation at (0.48750840369087567, 0.007962722932917346)
2017-11-21 20:37:19,124     INFO End of fixations
2017-11-21 20:37:19,129     INFO Showing fixation at (0.03758127480995427, 0.7652879063457432)
2017-11-21 20:37:20,140     INFO End of fixations
2017-11-21 20:37:20,145     INFO Showing fixation at (0.01032059201140098, -0.7629053769785212)
2017-11-21 20:37:20,957     INFO End of fixations
2017-11-21 20:37:20,962     INFO Showing fixation at (0.49762026459447833, -0.029382274978502147)
2017-11-21 20:37:21,974     INFO End of fixations
2017-11-21 20:37:21,979     INFO Showing fixation at (0, 0)
2017-11-21 20:37:22,790     INFO End of fixations
2017-11-21 20:37:22,791     INFO Showing instructions
2017-11-21 20:37:22,791     INFO Instruction: 
2017-11-21 20:37:23,559     INFO Received signal 5 after 0.752990961075 seconds
2017-11-21 20:37:23,559     INFO End of instructions
2017-11-21 20:37:23,559     INFO Block 6 fixations
2017-11-21 20:37:23,565     INFO Showing fixation at (0, 0)
2017-11-21 20:37:24,774     INFO End of fixations
2017-11-21 20:37:24,779     INFO Showing fixation at (0.4653177093286684, -0.01284479908151863)
2017-11-21 20:37:25,791     INFO End of fixations
2017-11-21 20:37:25,796     INFO Showing fixation at (0.029922823861025058, -0.7754210363362665)
2017-11-21 20:37:26,607     INFO End of fixations
2017-11-21 20:37:26,612     INFO Showing fixation at (0.0150700036519218, 0.810477404437085)
2017-11-21 20:37:27,824     INFO End of fixations
2017-11-21 20:37:27,829     INFO Showing fixation at (-0.014062428595776368, 0.8912194956760067)
2017-11-21 20:37:28,840     INFO End of fixations
2017-11-21 20:37:28,846     INFO Showing fixation at (0.4559757848022712, -0.001903322367504623)
2017-11-21 20:37:29,857     INFO End of fixations
2017-11-21 20:37:29,862     INFO Showing fixation at (-0.46807814048455465, -0.008421457313761732)
2017-11-21 20:37:31,074     INFO End of fixations
2017-11-21 20:37:31,079     INFO Showing fixation at (-0.013782985988685562, -0.7715010441947546)
2017-11-21 20:37:31,891     INFO End of fixations
2017-11-21 20:37:31,898     INFO Showing fixation at (-0.44787736855116284, -0.012106720299536501)
2017-11-21 20:37:32,707     INFO End of fixations
2017-11-21 20:37:32,713     INFO Showing fixation at (-0.42628515694811686, -0.009911227498230868)
2017-11-21 20:37:33,924     INFO End of fixations
2017-11-21 20:37:33,929     INFO Showing fixation at (0.48733029827328417, 0.06076995961084919)
2017-11-21 20:37:34,941     INFO End of fixations
2017-11-21 20:37:34,946     INFO Showing fixation at (-0.0023063671563635507, 0.8579666778845443)
2017-11-21 20:37:35,757     INFO End of fixations
2017-11-21 20:37:35,763     INFO Showing fixation at (0.019184017751412215, -0.7535741582945223)
2017-11-21 20:37:36,974     INFO End of fixations
2017-11-21 20:37:36,979     INFO Showing fixation at (0, 0)
2017-11-21 20:37:37,791     INFO End of fixations
2017-11-21 20:37:37,791     INFO Showing instructions
2017-11-21 20:37:37,792     INFO Instruction: 
2017-11-21 20:37:38,560     INFO Received signal 5 after 0.752659082413 seconds
2017-11-21 20:37:38,560     INFO End of instructions
2017-11-21 20:37:38,560     INFO Block 6 saccades
2017-11-21 20:37:38,565     INFO Showing fixation at (0, 0)
2017-11-21 20:37:39,774     INFO End of fixations
2017-11-21 20:37:39,779     INFO Showing fixation at (0.4653177093286684, -0.01284479908151863)
2017-11-21 20:37:40,791     INFO End of fixations
2017-11-21 20:37:40,796     INFO Showing fixation at (0.029922823861025058, -0.7754210363362665)
2017-11-21 20:37:41,608     INFO End of fixations
2017-11-21 20:37:41,612     INFO Showing fixation at (0.0150700036519218, 0.810477404437085)
2017-11-21 20:37:42,824     INFO End of fixations
2017-11-21 20:37:42,830     INFO Showing fixation at (-0.014062428595776368, 0.8912194956760067)
2017-11-21 20:37:43,841     INFO End of fixations
2017-11-21 20:37:43,846     INFO Showing fixation at (0.4559757848022712, -0.001903322367504623)
2017-11-21 20:37:44,858     INFO End of fixations
2017-11-21 20:37:44,863     INFO Showing fixation at (-0.46807814048455465, -0.008421457313761732)
2017-11-21 20:37:46,075     INFO End of fixations
2017-11-21 20:37:46,080     INFO Showing fixation at (-0.013782985988685562, -0.7715010441947546)
2017-11-21 20:37:46,891     INFO End of fixations
2017-11-21 20:37:46,896     INFO Showing fixation at (-0.44787736855116284, -0.012106720299536501)
2017-11-21 20:37:47,708     INFO End of fixations
2017-11-21 20:37:47,713     INFO Showing fixation at (-0.42628515694811686, -0.009911227498230868)
2017-11-21 20:37:48,925     INFO End of fixations
2017-11-21 20:37:48,930     INFO Showing fixation at (0.48733029827328417, 0.06076995961084919)
2017-11-21 20:37:49,941     INFO End of fixations
2017-11-21 20:37:49,946     INFO Showing fixation at (-0.0023063671563635507, 0.8579666778845443)
2017-11-21 20:37:50,757     INFO End of fixations
2017-11-21 20:37:50,762     INFO Showing fixation at (0.019184017751412215, -0.7535741582945223)
2017-11-21 20:37:51,975     INFO End of fixations
2017-11-21 20:37:51,980     INFO Showing fixation at (0, 0)
2017-11-21 20:37:52,791     INFO End of fixations
2017-11-21 20:37:52,792     INFO Showing instructions
2017-11-21 20:37:52,792     INFO Instruction: 
2017-11-21 20:37:53,559     INFO Received signal 5 after 0.752080917358 seconds
2017-11-21 20:37:53,560     INFO End of instructions
2017-11-21 20:37:53,560     INFO Block 7 fixations
2017-11-21 20:37:53,564     INFO Showing fixation at (0, 0)
2017-11-21 20:37:54,775     INFO End of fixations
2017-11-21 20:37:54,780     INFO Showing fixation at (0.035346160414207545, 0.8035340216989342)
2017-11-21 20:37:55,992     INFO End of fixations
2017-11-21 20:37:55,997     INFO Showing fixation at (-0.02132850359181213, 0.8532000113071836)
2017-11-21 20:37:56,808     INFO End of fixations
2017-11-21 20:37:56,814     INFO Showing fixation at (0.4734977025603065, 0.011443905992699774)
2017-11-21 20:37:57,625     INFO End of fixations
2017-11-21 20:37:57,630     INFO Showing fixation at (-0.493573791819661, -0.05806298979869544)
2017-11-21 20:37:58,642     INFO End of fixations
2017-11-21 20:37:58,647     INFO Showing fixation at (-0.4510715505087737, -0.057726513466345136)
2017-11-21 20:37:59,658     INFO End of fixations
2017-11-21 20:37:59,663     INFO Showing fixation at (-0.02367959641537632, -0.795519963152259)
2017-11-21 20:38:00,475     INFO End of fixations
2017-11-21 20:38:00,480     INFO Showing fixation at (0.4606450211491371, 0.003056314103881172)
2017-11-21 20:38:01,292     INFO End of fixations
2017-11-21 20:38:01,297     INFO Showing fixation at (-0.44151113379226803, -0.02863655812969973)
2017-11-21 20:38:02,508     INFO End of fixations
2017-11-21 20:38:02,513     INFO Showing fixation at (-0.014319671412698222, -0.8704701564658737)
2017-11-21 20:38:03,725     INFO End of fixations
2017-11-21 20:38:03,730     INFO Showing fixation at (-0.01528290585770746, -0.8424463688461697)
2017-11-21 20:38:04,742     INFO End of fixations
2017-11-21 20:38:04,747     INFO Showing fixation at (0.4959529741672366, -0.029588474920674818)
2017-11-21 20:38:05,758     INFO End of fixations
2017-11-21 20:38:05,763     INFO Showing fixation at (0.0012146421356971845, 0.8321869750824177)
2017-11-21 20:38:06,975     INFO End of fixations
2017-11-21 20:38:06,980     INFO Showing fixation at (0, 0)
2017-11-21 20:38:07,792     INFO End of fixations
2017-11-21 20:38:07,792     INFO Showing instructions
2017-11-21 20:38:07,793     INFO Instruction: 
2017-11-21 20:38:08,560     INFO Received signal 5 after 0.751768112183 seconds
2017-11-21 20:38:08,560     INFO End of instructions
2017-11-21 20:38:08,560     INFO Block 7 saccades
2017-11-21 20:38:08,565     INFO Showing fixation at (0, 0)
2017-11-21 20:38:09,775     INFO End of fixations
2017-11-21 20:38:09,780     INFO Showing fixation at (0.035346160414207545, 0.8035340216989342)
2017-11-21 20:38:10,992     INFO End of fixations
2017-11-21 20:38:10,997     INFO Showing fixation at (-0.02132850359181213, 0.8532000113071836)
2017-11-21 20:38:11,809     INFO End of fixations
2017-11-21 20:38:11,815     INFO Showing fixation at (0.4734977025603065, 0.011443905992699774)
2017-11-21 20:38:12,625     INFO End of fixations
2017-11-21 20:38:12,630     INFO Showing fixation at (-0.493573791819661, -0.05806298979869544)
2017-11-21 20:38:13,642     INFO End of fixations
2017-11-21 20:38:13,647     INFO Showing fixation at (-0.4510715505087737, -0.057726513466345136)
2017-11-21 20:38:14,659     INFO End of fixations
2017-11-21 20:38:14,665     INFO Showing fixation at (-0.02367959641537632, -0.795519963152259)
2017-11-21 20:38:15,475     INFO End of fixations
2017-11-21 20:38:15,481     INFO Showing fixation at (0.4606450211491371, 0.003056314103881172)
2017-11-21 20:38:16,292     INFO End of fixations
2017-11-21 20:38:16,298     INFO Showing fixation at (-0.44151113379226803, -0.02863655812969973)
2017-11-21 20:38:17,509     INFO End of fixations
2017-11-21 20:38:17,514     INFO Showing fixation at (-0.014319671412698222, -0.8704701564658737)
2017-11-21 20:38:18,725     INFO End of fixations
2017-11-21 20:38:18,730     INFO Showing fixation at (-0.01528290585770746, -0.8424463688461697)
2017-11-21 20:38:19,742     INFO End of fixations
2017-11-21 20:38:19,748     INFO Showing fixation at (0.4959529741672366, -0.029588474920674818)
2017-11-21 20:38:20,759     INFO End of fixations
2017-11-21 20:38:20,764     INFO Showing fixation at (0.0012146421356971845, 0.8321869750824177)
2017-11-21 20:38:21,976     INFO End of fixations
2017-11-21 20:38:21,981     INFO Showing fixation at (0, 0)
2017-11-21 20:38:22,792     INFO End of fixations
2017-11-21 20:38:22,793     INFO Showing instructions
2017-11-21 20:38:22,793     INFO Instruction: 
2017-11-21 20:38:23,559     INFO Received signal 5 after 0.750938892365 seconds
2017-11-21 20:38:23,560     INFO End of instructions
2017-11-21 20:38:23,560     INFO Block 8 fixations
2017-11-21 20:38:23,565     INFO Showing fixation at (0, 0)
2017-11-21 20:38:24,376     INFO End of fixations
2017-11-21 20:38:24,381     INFO Showing fixation at (-0.02096616335349205, 0.796234282096817)
2017-11-21 20:38:25,593     INFO End of fixations
2017-11-21 20:38:25,598     INFO Showing fixation at (0.007886946932054335, 0.8060624331576266)
2017-11-21 20:38:26,808     INFO End of fixations
2017-11-21 20:38:26,813     INFO Showing fixation at (0.004174371752772285, 0.846775601097826)
2017-11-21 20:38:27,626     INFO End of fixations
2017-11-21 20:38:27,631     INFO Showing fixation at (0.023703570200608204, -0.824565277375598)
2017-11-21 20:38:28,443     INFO End of fixations
2017-11-21 20:38:28,447     INFO Showing fixation at (-0.03804725343794288, -0.8132624588696651)
2017-11-21 20:38:29,459     INFO End of fixations
2017-11-21 20:38:29,465     INFO Showing fixation at (0.5015486474766281, -0.019466188868472074)
2017-11-21 20:38:30,676     INFO End of fixations
2017-11-21 20:38:30,681     INFO Showing fixation at (-0.4889991231035168, -0.01672419537463641)
2017-11-21 20:38:31,493     INFO End of fixations
2017-11-21 20:38:31,498     INFO Showing fixation at (0.45018056648341803, -0.0074628082871819185)
2017-11-21 20:38:32,509     INFO End of fixations
2017-11-21 20:38:32,514     INFO Showing fixation at (-0.48122502110733145, 0.005261531344051454)
2017-11-21 20:38:33,526     INFO End of fixations
2017-11-21 20:38:33,531     INFO Showing fixation at (-0.48694272472565836, -0.028056592655334736)
2017-11-21 20:38:34,343     INFO End of fixations
2017-11-21 20:38:34,348     INFO Showing fixation at (-0.008009324964441372, -0.7733365928792811)
2017-11-21 20:38:35,560     INFO End of fixations
2017-11-21 20:38:35,564     INFO Showing fixation at (0.4367112081554345, -0.030788483366782776)
2017-11-21 20:38:36,576     INFO End of fixations
2017-11-21 20:38:36,582     INFO Showing fixation at (0, 0)
2017-11-21 20:38:37,793     INFO End of fixations
2017-11-21 20:38:37,793     INFO Showing instructions
2017-11-21 20:38:37,794     INFO Instruction: 
2017-11-21 20:38:38,560     INFO Received signal 5 after 0.750736951828 seconds
2017-11-21 20:38:38,560     INFO End of instructions
2017-11-21 20:38:38,560     INFO Block 8 saccades
2017-11-21 20:38:38,566     INFO Showing fixation at (0, 0)
2017-11-21 20:38:39,376     INFO End of fixations
2017-11-21 20:38:39,381     INFO Showing fixation at (-0.02096616335349205, 0.796234282096817)
2017-11-21 20:38:40,593     INFO End of fixations
2017-11-21 20:38:40,598     INFO Showing fixation at (0.007886946932054335, 0.8060624331576266)
2017-11-21 20:38:41,810     INFO End of fixations
2017-11-21 20:38:41,815     INFO Showing fixation at (0.004174371752772285, 0.846775601097826)
2017-11-21 20:38:42,626     INFO End of fixations
2017-11-21 20:38:42,631     INFO Showing fixation at (0.023703570200608204, -0.824565277375598)
2017-11-21 20:38:43,443     INFO End of fixations
2017-11-21 20:38:43,448     INFO Showing fixation at (-0.03804725343794288, -0.8132624588696651)
2017-11-21 20:38:44,460     INFO End of fixations
2017-11-21 20:38:44,465     INFO Showing fixation at (0.5015486474766281, -0.019466188868472074)
2017-11-21 20:38:45,677     INFO End of fixations
2017-11-21 20:38:45,682     INFO Showing fixation at (-0.4889991231035168, -0.01672419537463641)
2017-11-21 20:38:46,493     INFO End of fixations
2017-11-21 20:38:46,498     INFO Showing fixation at (0.45018056648341803, -0.0074628082871819185)
2017-11-21 20:38:47,510     INFO End of fixations
2017-11-21 20:38:47,515     INFO Showing fixation at (-0.48122502110733145, 0.005261531344051454)
2017-11-21 20:38:48,527     INFO End of fixations
2017-11-21 20:38:48,532     INFO Showing fixation at (-0.48694272472565836, -0.028056592655334736)
2017-11-21 20:38:49,343     INFO End of fixations
2017-11-21 20:38:49,348     INFO Showing fixation at (-0.008009324964441372, -0.7733365928792811)
2017-11-21 20:38:50,560     INFO End of fixations
2017-11-21 20:38:50,565     INFO Showing fixation at (0.4367112081554345, -0.030788483366782776)
2017-11-21 20:38:51,577     INFO End of fixations
2017-11-21 20:38:51,584     INFO Showing fixation at (0, 0)
2017-11-21 20:38:52,793     INFO End of fixations
2017-11-21 20:38:52,794     INFO Showing instructions
2017-11-21 20:38:52,794     INFO Instruction: 
2017-11-21 20:38:53,559     INFO Received signal 5 after 0.749686956406 seconds
2017-11-21 20:38:53,559     INFO End of instructions
2017-11-21 20:38:53,559     INFO Block 9 fixations
2017-11-21 20:38:53,565     INFO Showing fixation at (0, 0)
2017-11-21 20:38:54,777     INFO End of fixations
2017-11-21 20:38:54,782     INFO Showing fixation at (0.4731220373569581, 0.03433597479573945)
2017-11-21 20:38:55,594     INFO End of fixations
2017-11-21 20:38:55,599     INFO Showing fixation at (-0.003882442416936527, 0.8441167986238298)
2017-11-21 20:38:56,410     INFO End of fixations
2017-11-21 20:38:56,415     INFO Showing fixation at (-0.45192636016916904, -0.026017533927066294)
2017-11-21 20:38:57,227     INFO End of fixations
2017-11-21 20:38:57,232     INFO Showing fixation at (0.031253163806513246, 0.8291835017364173)
2017-11-21 20:38:58,044     INFO End of fixations
2017-11-21 20:38:58,048     INFO Showing fixation at (0.019092659661881423, -0.8553390109095848)
2017-11-21 20:38:59,060     INFO End of fixations
2017-11-21 20:38:59,065     INFO Showing fixation at (0.4741685638745861, -0.024137865887320274)
2017-11-21 20:39:00,277     INFO End of fixations
2017-11-21 20:39:00,282     INFO Showing fixation at (0.003031525213099004, 0.8392227733478311)
2017-11-21 20:39:01,494     INFO End of fixations
2017-11-21 20:39:01,499     INFO Showing fixation at (-0.42856747845128096, 0.046393968323074394)
2017-11-21 20:39:02,710     INFO End of fixations
2017-11-21 20:39:02,715     INFO Showing fixation at (-0.025058818327068105, -0.877734224377363)
2017-11-21 20:39:03,727     INFO End of fixations
2017-11-21 20:39:03,732     INFO Showing fixation at (0.4861106503851125, 0.04764559660607029)
2017-11-21 20:39:04,944     INFO End of fixations
2017-11-21 20:39:04,951     INFO Showing fixation at (-0.4665163165943073, 0.011194433093418027)
2017-11-21 20:39:05,961     INFO End of fixations
2017-11-21 20:39:05,966     INFO Showing fixation at (0.01955845348639547, -0.8606392402262257)
2017-11-21 20:39:06,977     INFO End of fixations
2017-11-21 20:39:06,982     INFO Showing fixation at (0, 0)
2017-11-21 20:39:07,794     INFO End of fixations
2017-11-21 20:39:07,794     INFO Showing instructions
2017-11-21 20:39:07,795     INFO Instruction: 
2017-11-21 20:39:08,560     INFO Received signal 5 after 0.749812841415 seconds
2017-11-21 20:39:08,560     INFO End of instructions
2017-11-21 20:39:08,560     INFO Block 9 saccades
2017-11-21 20:39:08,565     INFO Showing fixation at (0, 0)
2017-11-21 20:39:09,777     INFO End of fixations
2017-11-21 20:39:09,782     INFO Showing fixation at (0.4731220373569581, 0.03433597479573945)
2017-11-21 20:39:10,594     INFO End of fixations
2017-11-21 20:39:10,599     INFO Showing fixation at (-0.003882442416936527, 0.8441167986238298)
2017-11-21 20:39:11,411     INFO End of fixations
2017-11-21 20:39:11,416     INFO Showing fixation at (-0.45192636016916904, -0.026017533927066294)
2017-11-21 20:39:12,227     INFO End of fixations
2017-11-21 20:39:12,232     INFO Showing fixation at (0.031253163806513246, 0.8291835017364173)
2017-11-21 20:39:13,044     INFO End of fixations
2017-11-21 20:39:13,049     INFO Showing fixation at (0.019092659661881423, -0.8553390109095848)
2017-11-21 20:39:14,061     INFO End of fixations
2017-11-21 20:39:14,066     INFO Showing fixation at (0.4741685638745861, -0.024137865887320274)
2017-11-21 20:39:15,278     INFO End of fixations
2017-11-21 20:39:15,283     INFO Showing fixation at (0.003031525213099004, 0.8392227733478311)
2017-11-21 20:39:16,494     INFO End of fixations
2017-11-21 20:39:16,499     INFO Showing fixation at (-0.42856747845128096, 0.046393968323074394)
2017-11-21 20:39:17,711     INFO End of fixations
2017-11-21 20:39:17,716     INFO Showing fixation at (-0.025058818327068105, -0.877734224377363)
2017-11-21 20:39:18,728     INFO End of fixations
2017-11-21 20:39:18,733     INFO Showing fixation at (0.4861106503851125, 0.04764559660607029)
2017-11-21 20:39:19,944     INFO End of fixations
2017-11-21 20:39:19,949     INFO Showing fixation at (-0.4665163165943073, 0.011194433093418027)
2017-11-21 20:39:20,961     INFO End of fixations
2017-11-21 20:39:20,969     INFO Showing fixation at (0.01955845348639547, -0.8606392402262257)
2017-11-21 20:39:21,978     INFO End of fixations
2017-11-21 20:39:21,983     INFO Showing fixation at (0, 0)
2017-11-21 20:39:22,794     INFO End of fixations
2017-11-21 20:39:22,798     INFO Showing fixation at (0, 0) for 8 second(s)
2017-11-21 20:39:23,559     INFO Received trigger 5
2017-11-21 20:39:24,559     INFO Received trigger 5
2017-11-21 20:39:25,559     INFO Received trigger 5
2017-11-21 20:39:26,559     INFO Received trigger 5
2017-11-21 20:39:27,559     INFO Received trigger 5
2017-11-21 20:39:28,560     INFO Received trigger 5
2017-11-21 20:39:29,559     INFO Received trigger 5
2017-11-21 20:40:00,950     INFO Received trigger 5
2017-11-21 20:40:00,950     INFO End of fixations
2017-11-21 20:40:00,950     INFO End of experiment
