2017-12-10 20:22:08,032     INFO #[ PsychoPy2 RuntimeInfoStart ]
  #[[ PsychoPy ]] #---------
    psychopyVersion: 1.85.4
    psychopyHaveExtRush: True
  #[[ Experiment ]] #---------
    experimentRunTime: 2017_12_10 20:22 (Year_Month_Day Hour:Min)
    experimentRunTime.epoch: 1512966125
    experimentScript: localizer.py
    experimentScript.digestSHA1: 73af835c2bb6458b858315d12675d6355738a2b3
    experimentScript.directory: /Users/mengdu/Repos/hierarchy/saccades
  #[[ System ]] #---------
    systemHaveInternetAccess: False (proxies not attempted)
    systemHostName: Mengs-MacBook-Pro.local
    systemLocale: C
    systemMemFreeRAM: 3342.3203125
    systemMemTotalRAM: 8192.0
    systemPlatform: darwin 10.13.1 x86_64
    systemPyo.InputDevices: {0: {'host api index': 0, 'latency': 0.0029478457290679216, 'default sr': 44100, 'name': u'Built-in Microph'}}
    systemPyo.OutputDevices: {1: {'host api index': 0, 'latency': 0.018798185512423515, 'default sr': 44100, 'name': u'Built-in Output'}, 2: {'host api index': 0, 'latency': 0.0014375000027939677, 'default sr': 48000, 'name': u'HDMI'}}
    systemPyoVersion: 0.8.6
    systemRebooted: Dec 4 17:18
    systemSec.OpenSSLVersion: LibreSSL 2.2.7
    systemSec.pythonSSL: True
    systemTimeNumpySD1000000_sec: 0.0063
    systemUser: mengdu
    systemUserID: 501
    systemUserProcCount: 130
    systemUserProcFlagged: mdworker Safari
    systemUsersCount: 1
  #[[ Window ]] #---------
    windowRefreshTimeSD_ms: 0.032
    windowRefreshTimeMedian_ms: 16.664
    windowRefreshTimeAvg_ms: 16.666
  #[[ Python ]] #---------
    pythonVersion: 2.7.12
  #[[ OpenGL ]] #---------
#[ PsychoPy2 RuntimeInfoEnd ]

2017-12-10 20:22:08,242     INFO Showing instructions
2017-12-10 20:22:08,298     INFO Instruction: When you see a RED cross, plea...
2017-12-10 20:22:13,029     INFO Received response [('space', 4.70529317855835)]
2017-12-10 20:22:13,029     INFO End of instructions
2017-12-10 20:22:13,030     INFO Showing instructions
2017-12-10 20:22:13,072     INFO Instruction: When you see a RED cross, plea...
2017-12-10 20:22:19,517     INFO Received signal 5 after 6.43231606483 seconds
2017-12-10 20:22:19,517     INFO End of instructions
2017-12-10 20:22:19,517     INFO Showing instructions
2017-12-10 20:22:19,519     INFO Instruction: 
2017-12-10 20:22:20,515     INFO Received signal 5 after 0.980261087418 seconds
2017-12-10 20:22:20,515     INFO End of instructions
2017-12-10 20:22:20,515     INFO Block 0 fixations
2017-12-10 20:22:20,529     INFO Showing fixation at (0, 0)
2017-12-10 20:22:21,735     INFO End of fixations
2017-12-10 20:22:21,745     INFO Showing fixation at (-0.0048705561601781605, 0.7810715820653964)
2017-12-10 20:22:22,751     INFO End of fixations
2017-12-10 20:22:22,761     INFO Showing fixation at (0.44555623591338445, -0.039900107434344134)
2017-12-10 20:22:23,967     INFO End of fixations
2017-12-10 20:22:23,977     INFO Showing fixation at (0.015539950190025478, -0.8354636610469361)
2017-12-10 20:22:24,783     INFO End of fixations
2017-12-10 20:22:24,793     INFO Showing fixation at (0.021211780481023464, 0.8855437708710429)
2017-12-10 20:22:25,803     INFO End of fixations
2017-12-10 20:22:25,813     INFO Showing fixation at (-0.46225902745846587, -0.04329220524273503)
2017-12-10 20:22:26,619     INFO End of fixations
2017-12-10 20:22:26,629     INFO Showing fixation at (-0.46540606716907146, -0.061470477574943186)
2017-12-10 20:22:27,633     INFO End of fixations
2017-12-10 20:22:27,643     INFO Showing fixation at (0.029302486589855473, -0.888921372978608)
2017-12-10 20:22:28,850     INFO End of fixations
2017-12-10 20:22:28,860     INFO Showing fixation at (0.47628454747592675, -0.028834117570424977)
2017-12-10 20:22:29,699     INFO End of fixations
2017-12-10 20:22:29,719     INFO Showing fixation at (0.03167466348273179, 0.8776372916840445)
2017-12-10 20:22:30,939     INFO End of fixations
2017-12-10 20:22:30,949     INFO Showing fixation at (0.42908409560476646, -0.01575213626189139)
2017-12-10 20:22:31,767     INFO End of fixations
2017-12-10 20:22:31,777     INFO Showing fixation at (-0.011552136421328567, -0.8620230281625831)
2017-12-10 20:22:32,983     INFO End of fixations
2017-12-10 20:22:32,993     INFO Showing fixation at (-0.48909816908755555, 0.028054860509787977)
2017-12-10 20:22:33,802     INFO End of fixations
2017-12-10 20:22:33,812     INFO Showing fixation at (0, 0)
2017-12-10 20:22:34,816     INFO End of fixations
2017-12-10 20:22:34,816     INFO Showing instructions
2017-12-10 20:22:34,818     INFO Instruction: 
2017-12-10 20:22:35,513     INFO Received signal 5 after 0.679926872253 seconds
2017-12-10 20:22:35,513     INFO End of instructions
2017-12-10 20:22:35,513     INFO Block 0 saccades
2017-12-10 20:22:35,523     INFO Showing fixation at (0, 0)
2017-12-10 20:22:36,732     INFO End of fixations
2017-12-10 20:22:36,742     INFO Showing fixation at (-0.0048705561601781605, 0.7810715820653964)
2017-12-10 20:22:37,750     INFO End of fixations
2017-12-10 20:22:37,760     INFO Showing fixation at (0.44555623591338445, -0.039900107434344134)
2017-12-10 20:22:38,967     INFO End of fixations
2017-12-10 20:22:38,977     INFO Showing fixation at (0.015539950190025478, -0.8354636610469361)
2017-12-10 20:22:39,782     INFO End of fixations
2017-12-10 20:22:39,792     INFO Showing fixation at (0.021211780481023464, 0.8855437708710429)
2017-12-10 20:22:40,800     INFO End of fixations
2017-12-10 20:22:40,810     INFO Showing fixation at (-0.46225902745846587, -0.04329220524273503)
2017-12-10 20:22:41,616     INFO End of fixations
2017-12-10 20:22:41,628     INFO Showing fixation at (-0.46540606716907146, -0.061470477574943186)
2017-12-10 20:22:42,632     INFO End of fixations
2017-12-10 20:22:42,642     INFO Showing fixation at (0.029302486589855473, -0.888921372978608)
2017-12-10 20:22:43,850     INFO End of fixations
2017-12-10 20:22:43,859     INFO Showing fixation at (0.47628454747592675, -0.028834117570424977)
2017-12-10 20:22:44,667     INFO End of fixations
2017-12-10 20:22:44,676     INFO Showing fixation at (0.03167466348273179, 0.8776372916840445)
2017-12-10 20:22:45,882     INFO End of fixations
2017-12-10 20:22:45,892     INFO Showing fixation at (0.42908409560476646, -0.01575213626189139)
2017-12-10 20:22:46,700     INFO End of fixations
2017-12-10 20:22:46,711     INFO Showing fixation at (-0.011552136421328567, -0.8620230281625831)
2017-12-10 20:22:47,915     INFO End of fixations
2017-12-10 20:22:47,925     INFO Showing fixation at (-0.48909816908755555, 0.028054860509787977)
2017-12-10 20:22:48,732     INFO End of fixations
2017-12-10 20:22:48,742     INFO Showing fixation at (0, 0)
2017-12-10 20:22:49,748     INFO End of fixations
2017-12-10 20:22:49,749     INFO Showing instructions
2017-12-10 20:22:49,750     INFO Instruction: 
2017-12-10 20:22:50,512     INFO Received signal 5 after 0.746510028839 seconds
2017-12-10 20:22:50,513     INFO End of instructions
2017-12-10 20:22:50,513     INFO Block 1 fixations
2017-12-10 20:22:50,522     INFO Showing fixation at (0, 0)
2017-12-10 20:22:51,732     INFO End of fixations
2017-12-10 20:22:51,746     INFO Showing fixation at (-0.0339930714183383, -0.759169530708971)
2017-12-10 20:22:52,766     INFO End of fixations
2017-12-10 20:22:52,775     INFO Showing fixation at (0.4549860551805377, -0.014331077049019703)
2017-12-10 20:22:53,782     INFO End of fixations
2017-12-10 20:22:53,792     INFO Showing fixation at (0.0012746750731976939, -0.8804722627879598)
2017-12-10 20:22:54,599     INFO End of fixations
2017-12-10 20:22:54,609     INFO Showing fixation at (-0.031746514322417374, -0.8817764557797216)
2017-12-10 20:22:55,417     INFO End of fixations
2017-12-10 20:22:55,429     INFO Showing fixation at (0.46366886719426115, 0.02464859269379814)
2017-12-10 20:22:56,449     INFO End of fixations
2017-12-10 20:22:56,459     INFO Showing fixation at (-0.4886537455768388, -0.038041249042180814)
2017-12-10 20:22:57,265     INFO End of fixations
2017-12-10 20:22:57,275     INFO Showing fixation at (-0.45947086613558785, 0.03416305149237328)
2017-12-10 20:22:58,481     INFO End of fixations
2017-12-10 20:22:58,491     INFO Showing fixation at (0.026448852656151697, 0.8263591312718221)
2017-12-10 20:22:59,699     INFO End of fixations
2017-12-10 20:22:59,708     INFO Showing fixation at (-0.019486670551867452, 0.8837131283229736)
2017-12-10 20:23:00,517     INFO End of fixations
2017-12-10 20:23:00,527     INFO Showing fixation at (0.029892441992213664, 0.8802311019678867)
2017-12-10 20:23:01,733     INFO End of fixations
2017-12-10 20:23:01,742     INFO Showing fixation at (0.45252570543288834, 0.015715158031731957)
2017-12-10 20:23:02,948     INFO End of fixations
2017-12-10 20:23:02,956     INFO Showing fixation at (-0.46294943784064857, 0.021770244379100953)
2017-12-10 20:23:03,964     INFO End of fixations
2017-12-10 20:23:03,974     INFO Showing fixation at (0, 0)
2017-12-10 20:23:04,781     INFO End of fixations
2017-12-10 20:23:04,781     INFO Showing instructions
2017-12-10 20:23:04,783     INFO Instruction: 
2017-12-10 20:23:05,510     INFO Received signal 5 after 0.712407827377 seconds
2017-12-10 20:23:05,511     INFO End of instructions
2017-12-10 20:23:05,511     INFO Block 1 saccades
2017-12-10 20:23:05,524     INFO Showing fixation at (0, 0)
2017-12-10 20:23:06,731     INFO End of fixations
2017-12-10 20:23:06,741     INFO Showing fixation at (-0.0339930714183383, -0.759169530708971)
2017-12-10 20:23:07,747     INFO End of fixations
2017-12-10 20:23:07,757     INFO Showing fixation at (0.4549860551805377, -0.014331077049019703)
2017-12-10 20:23:08,764     INFO End of fixations
2017-12-10 20:23:08,774     INFO Showing fixation at (0.0012746750731976939, -0.8804722627879598)
2017-12-10 20:23:09,580     INFO End of fixations
2017-12-10 20:23:09,590     INFO Showing fixation at (-0.031746514322417374, -0.8817764557797216)
2017-12-10 20:23:10,398     INFO End of fixations
2017-12-10 20:23:10,409     INFO Showing fixation at (0.46366886719426115, 0.02464859269379814)
2017-12-10 20:23:11,414     INFO End of fixations
2017-12-10 20:23:11,424     INFO Showing fixation at (-0.4886537455768388, -0.038041249042180814)
2017-12-10 20:23:12,230     INFO End of fixations
2017-12-10 20:23:12,240     INFO Showing fixation at (-0.45947086613558785, 0.03416305149237328)
2017-12-10 20:23:13,448     INFO End of fixations
2017-12-10 20:23:13,457     INFO Showing fixation at (0.026448852656151697, 0.8263591312718221)
2017-12-10 20:23:14,664     INFO End of fixations
2017-12-10 20:23:14,674     INFO Showing fixation at (-0.019486670551867452, 0.8837131283229736)
2017-12-10 20:23:15,480     INFO End of fixations
2017-12-10 20:23:15,490     INFO Showing fixation at (0.029892441992213664, 0.8802311019678867)
2017-12-10 20:23:16,698     INFO End of fixations
2017-12-10 20:23:16,708     INFO Showing fixation at (0.45252570543288834, 0.015715158031731957)
2017-12-10 20:23:17,914     INFO End of fixations
2017-12-10 20:23:17,929     INFO Showing fixation at (-0.46294943784064857, 0.021770244379100953)
2017-12-10 20:23:18,947     INFO End of fixations
2017-12-10 20:23:18,957     INFO Showing fixation at (0, 0)
2017-12-10 20:23:19,764     INFO End of fixations
2017-12-10 20:23:19,764     INFO Showing instructions
2017-12-10 20:23:19,766     INFO Instruction: 
2017-12-10 20:23:20,510     INFO Received signal 5 after 0.728904008865 seconds
2017-12-10 20:23:20,510     INFO End of instructions
2017-12-10 20:23:20,510     INFO Block 2 fixations
2017-12-10 20:23:20,520     INFO Showing fixation at (0, 0)
2017-12-10 20:23:21,335     INFO End of fixations
2017-12-10 20:23:21,345     INFO Showing fixation at (-0.45188842896518744, 0.06731393656897935)
2017-12-10 20:23:22,563     INFO End of fixations
2017-12-10 20:23:22,573     INFO Showing fixation at (0.027322661499013245, 0.7875680256661921)
2017-12-10 20:23:23,580     INFO End of fixations
2017-12-10 20:23:23,590     INFO Showing fixation at (-0.02872625397909765, 0.8692676759001201)
2017-12-10 20:23:24,797     INFO End of fixations
2017-12-10 20:23:24,807     INFO Showing fixation at (0.4252634253363543, -0.0025725933774794763)
2017-12-10 20:23:25,613     INFO End of fixations
2017-12-10 20:23:25,623     INFO Showing fixation at (0.018094911872702277, -0.7787571624393304)
2017-12-10 20:23:26,833     INFO End of fixations
2017-12-10 20:23:26,843     INFO Showing fixation at (-0.47306118819868953, -0.05375625409284762)
2017-12-10 20:23:27,847     INFO End of fixations
2017-12-10 20:23:27,857     INFO Showing fixation at (0.44650020831802106, -0.0060693865184047735)
2017-12-10 20:23:28,863     INFO End of fixations
2017-12-10 20:23:28,873     INFO Showing fixation at (0.46109263708663634, 0.036859385171468806)
2017-12-10 20:23:29,679     INFO End of fixations
2017-12-10 20:23:29,690     INFO Showing fixation at (-0.03733126919950636, 0.8814071156348293)
2017-12-10 20:23:30,497     INFO End of fixations
2017-12-10 20:23:30,507     INFO Showing fixation at (0.032121729480286174, -0.8823880683353091)
2017-12-10 20:23:31,729     INFO End of fixations
2017-12-10 20:23:31,739     INFO Showing fixation at (-0.4758018108015045, 0.03805598385221237)
2017-12-10 20:23:32,947     INFO End of fixations
2017-12-10 20:23:32,956     INFO Showing fixation at (-0.018494580833784396, -0.7910983939338229)
2017-12-10 20:23:33,963     INFO End of fixations
2017-12-10 20:23:33,973     INFO Showing fixation at (0, 0)
2017-12-10 20:23:34,779     INFO End of fixations
2017-12-10 20:23:34,779     INFO Showing instructions
2017-12-10 20:23:34,781     INFO Instruction: 
2017-12-10 20:23:35,510     INFO Received signal 5 after 0.713587999344 seconds
2017-12-10 20:23:35,510     INFO End of instructions
2017-12-10 20:23:35,510     INFO Block 2 saccades
2017-12-10 20:23:35,519     INFO Showing fixation at (0, 0)
2017-12-10 20:23:36,329     INFO End of fixations
2017-12-10 20:23:36,338     INFO Showing fixation at (-0.45188842896518744, 0.06731393656897935)
2017-12-10 20:23:37,546     INFO End of fixations
2017-12-10 20:23:37,556     INFO Showing fixation at (0.027322661499013245, 0.7875680256661921)
2017-12-10 20:23:38,563     INFO End of fixations
2017-12-10 20:23:38,573     INFO Showing fixation at (-0.02872625397909765, 0.8692676759001201)
2017-12-10 20:23:39,779     INFO End of fixations
2017-12-10 20:23:39,788     INFO Showing fixation at (0.4252634253363543, -0.0025725933774794763)
2017-12-10 20:23:40,596     INFO End of fixations
2017-12-10 20:23:40,606     INFO Showing fixation at (0.018094911872702277, -0.7787571624393304)
2017-12-10 20:23:41,812     INFO End of fixations
2017-12-10 20:23:41,822     INFO Showing fixation at (-0.47306118819868953, -0.05375625409284762)
2017-12-10 20:23:42,829     INFO End of fixations
2017-12-10 20:23:42,839     INFO Showing fixation at (0.44650020831802106, -0.0060693865184047735)
2017-12-10 20:23:43,845     INFO End of fixations
2017-12-10 20:23:43,855     INFO Showing fixation at (0.46109263708663634, 0.036859385171468806)
2017-12-10 20:23:44,663     INFO End of fixations
2017-12-10 20:23:44,672     INFO Showing fixation at (-0.03733126919950636, 0.8814071156348293)
2017-12-10 20:23:45,479     INFO End of fixations
2017-12-10 20:23:45,489     INFO Showing fixation at (0.032121729480286174, -0.8823880683353091)
2017-12-10 20:23:46,696     INFO End of fixations
2017-12-10 20:23:46,707     INFO Showing fixation at (-0.4758018108015045, 0.03805598385221237)
2017-12-10 20:23:47,912     INFO End of fixations
2017-12-10 20:23:47,928     INFO Showing fixation at (-0.018494580833784396, -0.7910983939338229)
2017-12-10 20:23:48,946     INFO End of fixations
2017-12-10 20:23:48,955     INFO Showing fixation at (0, 0)
2017-12-10 20:23:49,762     INFO End of fixations
2017-12-10 20:23:49,763     INFO Showing instructions
2017-12-10 20:23:49,764     INFO Instruction: 
2017-12-10 20:23:50,514     INFO Received signal 5 after 0.735551834106 seconds
2017-12-10 20:23:50,514     INFO End of instructions
2017-12-10 20:23:50,515     INFO Block 3 fixations
2017-12-10 20:23:50,524     INFO Showing fixation at (0, 0)
2017-12-10 20:23:51,329     INFO End of fixations
2017-12-10 20:23:51,449     INFO Showing fixation at (-0.4805651921995542, 0.04926890876467378)
2017-12-10 20:23:52,667     INFO End of fixations
2017-12-10 20:23:52,677     INFO Showing fixation at (-0.022285373868680305, 0.8109832282492557)
2017-12-10 20:23:53,694     INFO End of fixations
2017-12-10 20:23:53,704     INFO Showing fixation at (0.4575385386561996, -0.01705557606693041)
2017-12-10 20:23:54,513     INFO End of fixations
2017-12-10 20:23:54,523     INFO Showing fixation at (-0.022763283578519488, 0.8321987480669959)
2017-12-10 20:23:55,528     INFO End of fixations
2017-12-10 20:23:55,538     INFO Showing fixation at (-0.0026002247070414444, 0.7935578425325432)
2017-12-10 20:23:56,545     INFO End of fixations
2017-12-10 20:23:56,555     INFO Showing fixation at (0.4316083960807071, 0.009139576696850601)
2017-12-10 20:23:57,361     INFO End of fixations
2017-12-10 20:23:57,371     INFO Showing fixation at (-0.49077986668538354, -0.039710966264592994)
2017-12-10 20:23:58,578     INFO End of fixations
2017-12-10 20:23:58,587     INFO Showing fixation at (0.017666824226003935, -0.8153595434346032)
2017-12-10 20:23:59,795     INFO End of fixations
2017-12-10 20:23:59,805     INFO Showing fixation at (-0.031156836670180477, -0.7906478813692369)
2017-12-10 20:24:00,611     INFO End of fixations
2017-12-10 20:24:00,621     INFO Showing fixation at (-0.49142197981432156, 0.04410546062042754)
2017-12-10 20:24:01,627     INFO End of fixations
2017-12-10 20:24:01,637     INFO Showing fixation at (0.4386634286967677, -0.006258542481577159)
2017-12-10 20:24:02,845     INFO End of fixations
2017-12-10 20:24:02,854     INFO Showing fixation at (-0.037006195697461344, -0.8019840972275625)
2017-12-10 20:24:04,061     INFO End of fixations
2017-12-10 20:24:04,071     INFO Showing fixation at (0, 0)
2017-12-10 20:24:04,878     INFO End of fixations
2017-12-10 20:24:04,878     INFO Showing instructions
2017-12-10 20:24:04,880     INFO Instruction: 
2017-12-10 20:24:05,505     INFO Received signal 5 after 0.610479831696 seconds
2017-12-10 20:24:05,505     INFO End of instructions
2017-12-10 20:24:05,505     INFO Block 3 saccades
2017-12-10 20:24:05,515     INFO Showing fixation at (0, 0)
2017-12-10 20:24:06,328     INFO End of fixations
2017-12-10 20:24:06,337     INFO Showing fixation at (-0.4805651921995542, 0.04926890876467378)
2017-12-10 20:24:07,545     INFO End of fixations
2017-12-10 20:24:07,555     INFO Showing fixation at (-0.022285373868680305, 0.8109832282492557)
2017-12-10 20:24:08,561     INFO End of fixations
2017-12-10 20:24:08,571     INFO Showing fixation at (0.4575385386561996, -0.01705557606693041)
2017-12-10 20:24:09,377     INFO End of fixations
2017-12-10 20:24:09,386     INFO Showing fixation at (-0.022763283578519488, 0.8321987480669959)
2017-12-10 20:24:10,395     INFO End of fixations
2017-12-10 20:24:10,404     INFO Showing fixation at (-0.0026002247070414444, 0.7935578425325432)
2017-12-10 20:24:11,411     INFO End of fixations
2017-12-10 20:24:11,421     INFO Showing fixation at (0.4316083960807071, 0.009139576696850601)
2017-12-10 20:24:12,228     INFO End of fixations
2017-12-10 20:24:12,238     INFO Showing fixation at (-0.49077986668538354, -0.039710966264592994)
2017-12-10 20:24:13,444     INFO End of fixations
2017-12-10 20:24:13,454     INFO Showing fixation at (0.017666824226003935, -0.8153595434346032)
2017-12-10 20:24:14,660     INFO End of fixations
2017-12-10 20:24:14,669     INFO Showing fixation at (-0.031156836670180477, -0.7906478813692369)
2017-12-10 20:24:15,477     INFO End of fixations
2017-12-10 20:24:15,487     INFO Showing fixation at (-0.49142197981432156, 0.04410546062042754)
2017-12-10 20:24:16,494     INFO End of fixations
2017-12-10 20:24:16,505     INFO Showing fixation at (0.4386634286967677, -0.006258542481577159)
2017-12-10 20:24:17,726     INFO End of fixations
2017-12-10 20:24:17,739     INFO Showing fixation at (-0.037006195697461344, -0.8019840972275625)
2017-12-10 20:24:18,944     INFO End of fixations
2017-12-10 20:24:18,954     INFO Showing fixation at (0, 0)
2017-12-10 20:24:19,760     INFO End of fixations
2017-12-10 20:24:19,761     INFO Showing instructions
2017-12-10 20:24:19,762     INFO Instruction: 
2017-12-10 20:24:20,503     INFO Received signal 5 after 0.725789785385 seconds
2017-12-10 20:24:20,503     INFO End of instructions
2017-12-10 20:24:20,503     INFO Block 4 fixations
2017-12-10 20:24:20,513     INFO Showing fixation at (0, 0)
2017-12-10 20:24:21,726     INFO End of fixations
2017-12-10 20:24:21,736     INFO Showing fixation at (-0.485234550993051, -0.03418921282218944)
2017-12-10 20:24:22,544     INFO End of fixations
2017-12-10 20:24:22,553     INFO Showing fixation at (0.038971978795366305, 0.7536001375990179)
2017-12-10 20:24:23,760     INFO End of fixations
2017-12-10 20:24:23,769     INFO Showing fixation at (0.003998240057853375, -0.7749985818922156)
2017-12-10 20:24:24,577     INFO End of fixations
2017-12-10 20:24:24,586     INFO Showing fixation at (0.028563166621846797, -0.8234700648016898)
2017-12-10 20:24:25,794     INFO End of fixations
2017-12-10 20:24:25,804     INFO Showing fixation at (-0.4666432306759276, 0.03268156026389235)
2017-12-10 20:24:26,809     INFO End of fixations
2017-12-10 20:24:26,819     INFO Showing fixation at (0.4359745362693245, -0.023297823358703527)
2017-12-10 20:24:27,626     INFO End of fixations
2017-12-10 20:24:27,636     INFO Showing fixation at (-0.44787576790775807, 0.03554279724395733)
2017-12-10 20:24:28,843     INFO End of fixations
2017-12-10 20:24:28,853     INFO Showing fixation at (0.44857854314562423, -0.06390266648654117)
2017-12-10 20:24:29,660     INFO End of fixations
2017-12-10 20:24:29,670     INFO Showing fixation at (0.02201117849515099, -0.8023479177225137)
2017-12-10 20:24:30,677     INFO End of fixations
2017-12-10 20:24:30,687     INFO Showing fixation at (0.027422162704896863, 0.870410344410795)
2017-12-10 20:24:31,892     INFO End of fixations
2017-12-10 20:24:31,902     INFO Showing fixation at (-0.012459720563688062, 0.8563541908509933)
2017-12-10 20:24:32,710     INFO End of fixations
2017-12-10 20:24:32,728     INFO Showing fixation at (0.4516452115223902, 0.000977008572254065)
2017-12-10 20:24:33,742     INFO End of fixations
2017-12-10 20:24:33,752     INFO Showing fixation at (0, 0)
2017-12-10 20:24:34,760     INFO End of fixations
2017-12-10 20:24:34,760     INFO Showing instructions
2017-12-10 20:24:34,761     INFO Instruction: 
2017-12-10 20:24:35,502     INFO Received signal 5 after 0.726344108582 seconds
2017-12-10 20:24:35,503     INFO End of instructions
2017-12-10 20:24:35,503     INFO Block 4 saccades
2017-12-10 20:24:35,512     INFO Showing fixation at (0, 0)
2017-12-10 20:24:36,725     INFO End of fixations
2017-12-10 20:24:36,735     INFO Showing fixation at (-0.485234550993051, -0.03418921282218944)
2017-12-10 20:24:37,543     INFO End of fixations
2017-12-10 20:24:37,552     INFO Showing fixation at (0.038971978795366305, 0.7536001375990179)
2017-12-10 20:24:38,759     INFO End of fixations
2017-12-10 20:24:38,769     INFO Showing fixation at (0.003998240057853375, -0.7749985818922156)
2017-12-10 20:24:39,576     INFO End of fixations
2017-12-10 20:24:39,585     INFO Showing fixation at (0.028563166621846797, -0.8234700648016898)
2017-12-10 20:24:40,793     INFO End of fixations
2017-12-10 20:24:40,802     INFO Showing fixation at (-0.4666432306759276, 0.03268156026389235)
2017-12-10 20:24:41,808     INFO End of fixations
2017-12-10 20:24:41,818     INFO Showing fixation at (0.4359745362693245, -0.023297823358703527)
2017-12-10 20:24:42,625     INFO End of fixations
2017-12-10 20:24:42,637     INFO Showing fixation at (-0.44787576790775807, 0.03554279724395733)
2017-12-10 20:24:43,841     INFO End of fixations
2017-12-10 20:24:43,851     INFO Showing fixation at (0.44857854314562423, -0.06390266648654117)
2017-12-10 20:24:44,659     INFO End of fixations
2017-12-10 20:24:44,668     INFO Showing fixation at (0.02201117849515099, -0.8023479177225137)
2017-12-10 20:24:45,676     INFO End of fixations
2017-12-10 20:24:45,685     INFO Showing fixation at (0.027422162704896863, 0.870410344410795)
2017-12-10 20:24:46,892     INFO End of fixations
2017-12-10 20:24:46,902     INFO Showing fixation at (-0.012459720563688062, 0.8563541908509933)
2017-12-10 20:24:47,709     INFO End of fixations
2017-12-10 20:24:47,723     INFO Showing fixation at (0.4516452115223902, 0.000977008572254065)
2017-12-10 20:24:48,742     INFO End of fixations
2017-12-10 20:24:48,752     INFO Showing fixation at (0, 0)
2017-12-10 20:24:49,759     INFO End of fixations
2017-12-10 20:24:49,759     INFO Showing instructions
2017-12-10 20:24:49,760     INFO Instruction: 
2017-12-10 20:24:50,500     INFO Received signal 5 after 0.724744081497 seconds
2017-12-10 20:24:50,500     INFO End of instructions
2017-12-10 20:24:50,500     INFO Block 5 fixations
2017-12-10 20:24:50,510     INFO Showing fixation at (0, 0)
2017-12-10 20:24:51,524     INFO End of fixations
2017-12-10 20:24:51,534     INFO Showing fixation at (0.014327551396231437, 0.8530568098891353)
2017-12-10 20:24:52,742     INFO End of fixations
2017-12-10 20:24:52,752     INFO Showing fixation at (0.4891157476013631, -0.02705214436637824)
2017-12-10 20:24:53,958     INFO End of fixations
2017-12-10 20:24:53,967     INFO Showing fixation at (-0.01473348406719208, 0.8304123761879155)
2017-12-10 20:24:54,775     INFO End of fixations
2017-12-10 20:24:54,785     INFO Showing fixation at (-0.4954444331616212, 0.00581929567897653)
2017-12-10 20:24:55,792     INFO End of fixations
2017-12-10 20:24:55,801     INFO Showing fixation at (-0.03626677523392047, -0.8825292148504196)
2017-12-10 20:24:56,808     INFO End of fixations
2017-12-10 20:24:56,818     INFO Showing fixation at (0.43695418073067366, 0.05626375724500707)
2017-12-10 20:24:57,625     INFO End of fixations
2017-12-10 20:24:57,635     INFO Showing fixation at (-0.43300082638970516, 0.028852081206418703)
2017-12-10 20:24:58,842     INFO End of fixations
2017-12-10 20:24:58,851     INFO Showing fixation at (0.48473974823424665, -0.0008384697168000999)
2017-12-10 20:24:59,658     INFO End of fixations
2017-12-10 20:24:59,667     INFO Showing fixation at (-0.47649020885358206, -0.05894397213245904)
2017-12-10 20:25:00,675     INFO End of fixations
2017-12-10 20:25:00,684     INFO Showing fixation at (0.02204146007204103, -0.823659849435633)
2017-12-10 20:25:01,891     INFO End of fixations
2017-12-10 20:25:01,901     INFO Showing fixation at (0.0341289347591819, -0.8380557074174818)
2017-12-10 20:25:03,107     INFO End of fixations
2017-12-10 20:25:03,117     INFO Showing fixation at (-0.024698290084410088, 0.8094612500349808)
2017-12-10 20:25:03,930     INFO End of fixations
2017-12-10 20:25:03,940     INFO Showing fixation at (0, 0)
2017-12-10 20:25:04,758     INFO End of fixations
2017-12-10 20:25:04,758     INFO Showing instructions
2017-12-10 20:25:04,760     INFO Instruction: 
2017-12-10 20:25:05,499     INFO Received signal 5 after 0.725050926208 seconds
2017-12-10 20:25:05,499     INFO End of instructions
2017-12-10 20:25:05,500     INFO Block 5 saccades
2017-12-10 20:25:05,509     INFO Showing fixation at (0, 0)
2017-12-10 20:25:06,523     INFO End of fixations
2017-12-10 20:25:06,534     INFO Showing fixation at (0.014327551396231437, 0.8530568098891353)
2017-12-10 20:25:07,741     INFO End of fixations
2017-12-10 20:25:07,750     INFO Showing fixation at (0.4891157476013631, -0.02705214436637824)
2017-12-10 20:25:08,957     INFO End of fixations
2017-12-10 20:25:08,966     INFO Showing fixation at (-0.01473348406719208, 0.8304123761879155)
2017-12-10 20:25:09,773     INFO End of fixations
2017-12-10 20:25:09,783     INFO Showing fixation at (-0.4954444331616212, 0.00581929567897653)
2017-12-10 20:25:10,791     INFO End of fixations
2017-12-10 20:25:10,801     INFO Showing fixation at (-0.03626677523392047, -0.8825292148504196)
2017-12-10 20:25:11,807     INFO End of fixations
2017-12-10 20:25:11,820     INFO Showing fixation at (0.43695418073067366, 0.05626375724500707)
2017-12-10 20:25:12,624     INFO End of fixations
2017-12-10 20:25:12,634     INFO Showing fixation at (-0.43300082638970516, 0.028852081206418703)
2017-12-10 20:25:13,841     INFO End of fixations
2017-12-10 20:25:13,850     INFO Showing fixation at (0.48473974823424665, -0.0008384697168000999)
2017-12-10 20:25:14,656     INFO End of fixations
2017-12-10 20:25:14,666     INFO Showing fixation at (-0.47649020885358206, -0.05894397213245904)
2017-12-10 20:25:15,674     INFO End of fixations
2017-12-10 20:25:15,684     INFO Showing fixation at (0.02204146007204103, -0.823659849435633)
2017-12-10 20:25:16,890     INFO End of fixations
2017-12-10 20:25:16,900     INFO Showing fixation at (0.0341289347591819, -0.8380557074174818)
2017-12-10 20:25:18,106     INFO End of fixations
2017-12-10 20:25:18,118     INFO Showing fixation at (-0.024698290084410088, 0.8094612500349808)
2017-12-10 20:25:18,923     INFO End of fixations
2017-12-10 20:25:18,932     INFO Showing fixation at (0, 0)
2017-12-10 20:25:19,740     INFO End of fixations
2017-12-10 20:25:19,740     INFO Showing instructions
2017-12-10 20:25:19,742     INFO Instruction: 
2017-12-10 20:25:20,497     INFO Received signal 5 after 0.740386009216 seconds
2017-12-10 20:25:20,497     INFO End of instructions
2017-12-10 20:25:20,497     INFO Block 6 fixations
2017-12-10 20:25:20,507     INFO Showing fixation at (0, 0)
2017-12-10 20:25:21,523     INFO End of fixations
2017-12-10 20:25:21,533     INFO Showing fixation at (-0.025693788693050966, -0.792970673847638)
2017-12-10 20:25:22,343     INFO End of fixations
2017-12-10 20:25:22,353     INFO Showing fixation at (0.46269228362073733, -0.004979127202940206)
2017-12-10 20:25:23,157     INFO End of fixations
2017-12-10 20:25:23,167     INFO Showing fixation at (-0.028714993526872852, 0.8479486671352131)
2017-12-10 20:25:24,173     INFO End of fixations
2017-12-10 20:25:24,183     INFO Showing fixation at (0.0177064070077467, 0.8177154369948149)
2017-12-10 20:25:24,990     INFO End of fixations
2017-12-10 20:25:25,000     INFO Showing fixation at (0.45858557372350894, -0.06751438047244344)
2017-12-10 20:25:26,006     INFO End of fixations
2017-12-10 20:25:26,015     INFO Showing fixation at (-0.012129729944770289, -0.8835475359057846)
2017-12-10 20:25:27,028     INFO End of fixations
2017-12-10 20:25:27,038     INFO Showing fixation at (-0.49504798719861187, 0.01705955443466188)
2017-12-10 20:25:28,256     INFO End of fixations
2017-12-10 20:25:28,265     INFO Showing fixation at (0.4420435102884953, -0.052206290600134)
2017-12-10 20:25:29,474     INFO End of fixations
2017-12-10 20:25:29,484     INFO Showing fixation at (-0.03193354583763376, 0.8572817442347632)
2017-12-10 20:25:30,690     INFO End of fixations
2017-12-10 20:25:30,699     INFO Showing fixation at (-0.4838211016646914, 0.0264578114400129)
2017-12-10 20:25:31,505     INFO End of fixations
2017-12-10 20:25:31,516     INFO Showing fixation at (0.006311478727574926, -0.755048828867343)
2017-12-10 20:25:32,722     INFO End of fixations
2017-12-10 20:25:32,732     INFO Showing fixation at (-0.49782813994354425, -0.004462800077063067)
2017-12-10 20:25:33,938     INFO End of fixations
2017-12-10 20:25:33,948     INFO Showing fixation at (0, 0)
2017-12-10 20:25:34,756     INFO End of fixations
2017-12-10 20:25:34,756     INFO Showing instructions
2017-12-10 20:25:34,758     INFO Instruction: 
2017-12-10 20:25:35,496     INFO Received signal 5 after 0.724117040634 seconds
2017-12-10 20:25:35,497     INFO End of instructions
2017-12-10 20:25:35,497     INFO Block 6 saccades
2017-12-10 20:25:35,508     INFO Showing fixation at (0, 0)
2017-12-10 20:25:36,523     INFO End of fixations
2017-12-10 20:25:36,532     INFO Showing fixation at (-0.025693788693050966, -0.792970673847638)
2017-12-10 20:25:37,339     INFO End of fixations
2017-12-10 20:25:37,349     INFO Showing fixation at (0.46269228362073733, -0.004979127202940206)
2017-12-10 20:25:38,156     INFO End of fixations
2017-12-10 20:25:38,165     INFO Showing fixation at (-0.028714993526872852, 0.8479486671352131)
2017-12-10 20:25:39,172     INFO End of fixations
2017-12-10 20:25:39,184     INFO Showing fixation at (0.0177064070077467, 0.8177154369948149)
2017-12-10 20:25:39,989     INFO End of fixations
2017-12-10 20:25:39,999     INFO Showing fixation at (0.45858557372350894, -0.06751438047244344)
2017-12-10 20:25:41,006     INFO End of fixations
2017-12-10 20:25:41,015     INFO Showing fixation at (-0.012129729944770289, -0.8835475359057846)
2017-12-10 20:25:42,022     INFO End of fixations
2017-12-10 20:25:42,031     INFO Showing fixation at (-0.49504798719861187, 0.01705955443466188)
2017-12-10 20:25:43,239     INFO End of fixations
2017-12-10 20:25:43,247     INFO Showing fixation at (0.4420435102884953, -0.052206290600134)
2017-12-10 20:25:44,455     INFO End of fixations
2017-12-10 20:25:44,465     INFO Showing fixation at (-0.03193354583763376, 0.8572817442347632)
2017-12-10 20:25:45,671     INFO End of fixations
2017-12-10 20:25:45,681     INFO Showing fixation at (-0.4838211016646914, 0.0264578114400129)
2017-12-10 20:25:46,490     INFO End of fixations
2017-12-10 20:25:46,500     INFO Showing fixation at (0.006311478727574926, -0.755048828867343)
2017-12-10 20:25:47,721     INFO End of fixations
2017-12-10 20:25:47,733     INFO Showing fixation at (-0.49782813994354425, -0.004462800077063067)
2017-12-10 20:25:48,938     INFO End of fixations
2017-12-10 20:25:48,947     INFO Showing fixation at (0, 0)
2017-12-10 20:25:49,754     INFO End of fixations
2017-12-10 20:25:49,755     INFO Showing instructions
2017-12-10 20:25:49,756     INFO Instruction: 
2017-12-10 20:25:50,495     INFO Received signal 5 after 0.72345495224 seconds
2017-12-10 20:25:50,495     INFO End of instructions
2017-12-10 20:25:50,496     INFO Block 7 fixations
2017-12-10 20:25:50,504     INFO Showing fixation at (0, 0)
2017-12-10 20:25:51,522     INFO End of fixations
2017-12-10 20:25:51,531     INFO Showing fixation at (-0.44512126696647736, 0.06291354740805907)
2017-12-10 20:25:52,537     INFO End of fixations
2017-12-10 20:25:52,547     INFO Showing fixation at (0.4504781503323343, -0.06494576774384873)
2017-12-10 20:25:53,555     INFO End of fixations
2017-12-10 20:25:53,565     INFO Showing fixation at (0.45028459954886846, 0.015881921597692306)
2017-12-10 20:25:54,771     INFO End of fixations
2017-12-10 20:25:54,781     INFO Showing fixation at (-0.4537919976136165, 0.0544109080531236)
2017-12-10 20:25:55,991     INFO End of fixations
2017-12-10 20:25:56,000     INFO Showing fixation at (-0.011643805994064366, -0.7774945663956454)
2017-12-10 20:25:57,220     INFO End of fixations
2017-12-10 20:25:57,230     INFO Showing fixation at (-0.014856271084605036, 0.8099640662966954)
2017-12-10 20:25:58,037     INFO End of fixations
2017-12-10 20:25:58,047     INFO Showing fixation at (0.01912025092874474, 0.8145501269965246)
2017-12-10 20:25:59,054     INFO End of fixations
2017-12-10 20:25:59,065     INFO Showing fixation at (-0.01656818841606164, -0.8401677706249412)
2017-12-10 20:25:59,871     INFO End of fixations
2017-12-10 20:25:59,881     INFO Showing fixation at (0.4488365080430119, 0.06835642959544364)
2017-12-10 20:26:01,088     INFO End of fixations
2017-12-10 20:26:01,097     INFO Showing fixation at (0.008977215444253846, -0.8401849362176929)
2017-12-10 20:26:01,904     INFO End of fixations
2017-12-10 20:26:01,914     INFO Showing fixation at (-0.45759022213460787, -0.037419275421620685)
2017-12-10 20:26:02,721     INFO End of fixations
2017-12-10 20:26:02,731     INFO Showing fixation at (-0.037288442778740036, 0.8342260206975315)
2017-12-10 20:26:03,937     INFO End of fixations
2017-12-10 20:26:03,944     INFO Showing fixation at (0, 0)
2017-12-10 20:26:04,763     INFO End of fixations
2017-12-10 20:26:04,763     INFO Showing instructions
2017-12-10 20:26:04,764     INFO Instruction: 
2017-12-10 20:26:05,493     INFO Received signal 5 after 0.722159862518 seconds
2017-12-10 20:26:05,493     INFO End of instructions
2017-12-10 20:26:05,493     INFO Block 7 saccades
2017-12-10 20:26:05,502     INFO Showing fixation at (0, 0)
2017-12-10 20:26:06,520     INFO End of fixations
2017-12-10 20:26:06,529     INFO Showing fixation at (-0.44512126696647736, 0.06291354740805907)
2017-12-10 20:26:07,536     INFO End of fixations
2017-12-10 20:26:07,547     INFO Showing fixation at (0.4504781503323343, -0.06494576774384873)
2017-12-10 20:26:08,554     INFO End of fixations
2017-12-10 20:26:08,564     INFO Showing fixation at (0.45028459954886846, 0.015881921597692306)
2017-12-10 20:26:09,770     INFO End of fixations
2017-12-10 20:26:09,779     INFO Showing fixation at (-0.4537919976136165, 0.0544109080531236)
2017-12-10 20:26:10,987     INFO End of fixations
2017-12-10 20:26:10,996     INFO Showing fixation at (-0.011643805994064366, -0.7774945663956454)
2017-12-10 20:26:12,203     INFO End of fixations
2017-12-10 20:26:12,213     INFO Showing fixation at (-0.014856271084605036, 0.8099640662966954)
2017-12-10 20:26:13,020     INFO End of fixations
2017-12-10 20:26:13,030     INFO Showing fixation at (0.01912025092874474, 0.8145501269965246)
2017-12-10 20:26:14,037     INFO End of fixations
2017-12-10 20:26:14,047     INFO Showing fixation at (-0.01656818841606164, -0.8401677706249412)
2017-12-10 20:26:14,854     INFO End of fixations
2017-12-10 20:26:14,863     INFO Showing fixation at (0.4488365080430119, 0.06835642959544364)
2017-12-10 20:26:16,069     INFO End of fixations
2017-12-10 20:26:16,079     INFO Showing fixation at (0.008977215444253846, -0.8401849362176929)
2017-12-10 20:26:16,887     INFO End of fixations
2017-12-10 20:26:16,897     INFO Showing fixation at (-0.45759022213460787, -0.037419275421620685)
2017-12-10 20:26:17,703     INFO End of fixations
2017-12-10 20:26:17,714     INFO Showing fixation at (-0.037288442778740036, 0.8342260206975315)
2017-12-10 20:26:18,919     INFO End of fixations
2017-12-10 20:26:18,929     INFO Showing fixation at (0, 0)
2017-12-10 20:26:19,737     INFO End of fixations
2017-12-10 20:26:19,737     INFO Showing instructions
2017-12-10 20:26:19,738     INFO Instruction: 
2017-12-10 20:26:20,492     INFO Received signal 5 after 0.738300085068 seconds
2017-12-10 20:26:20,492     INFO End of instructions
2017-12-10 20:26:20,492     INFO Block 8 fixations
2017-12-10 20:26:20,501     INFO Showing fixation at (0, 0)
2017-12-10 20:26:21,319     INFO End of fixations
2017-12-10 20:26:21,329     INFO Showing fixation at (0.42610731918348055, -0.06424687160409477)
2017-12-10 20:26:22,136     INFO End of fixations
2017-12-10 20:26:22,146     INFO Showing fixation at (-0.015373294408939, -0.829084211446672)
2017-12-10 20:26:23,352     INFO End of fixations
2017-12-10 20:26:23,362     INFO Showing fixation at (-0.48694607095735626, -0.052303811725951666)
2017-12-10 20:26:24,569     INFO End of fixations
2017-12-10 20:26:24,579     INFO Showing fixation at (0.004196240254035394, -0.7659873266508819)
2017-12-10 20:26:25,586     INFO End of fixations
2017-12-10 20:26:25,596     INFO Showing fixation at (-0.44930586160700026, 0.024278887893756776)
2017-12-10 20:26:26,402     INFO End of fixations
2017-12-10 20:26:26,412     INFO Showing fixation at (0.014047152679793333, 0.8129701670533849)
2017-12-10 20:26:27,419     INFO End of fixations
2017-12-10 20:26:27,428     INFO Showing fixation at (0.02112017546329107, 0.7678573471745263)
2017-12-10 20:26:28,635     INFO End of fixations
2017-12-10 20:26:28,645     INFO Showing fixation at (-0.029019558885479604, 0.7896069931245845)
2017-12-10 20:26:29,653     INFO End of fixations
2017-12-10 20:26:29,662     INFO Showing fixation at (-0.026487885468383245, -0.7776099132491877)
2017-12-10 20:26:30,469     INFO End of fixations
2017-12-10 20:26:30,479     INFO Showing fixation at (0.45466231214854996, -0.06621144065398378)
2017-12-10 20:26:31,286     INFO End of fixations
2017-12-10 20:26:31,296     INFO Showing fixation at (0.46202440047850657, 0.03400971482485876)
2017-12-10 20:26:32,502     INFO End of fixations
2017-12-10 20:26:32,512     INFO Showing fixation at (-0.44499500534900094, -0.005255489208356334)
2017-12-10 20:26:33,718     INFO End of fixations
2017-12-10 20:26:33,728     INFO Showing fixation at (0, 0)
2017-12-10 20:26:34,736     INFO End of fixations
2017-12-10 20:26:34,736     INFO Showing instructions
2017-12-10 20:26:34,737     INFO Instruction: 
2017-12-10 20:26:35,490     INFO Received signal 5 after 0.737740039825 seconds
2017-12-10 20:26:35,490     INFO End of instructions
2017-12-10 20:26:35,490     INFO Block 8 saccades
2017-12-10 20:26:35,501     INFO Showing fixation at (0, 0)
2017-12-10 20:26:36,325     INFO End of fixations
2017-12-10 20:26:36,334     INFO Showing fixation at (0.42610731918348055, -0.06424687160409477)
2017-12-10 20:26:37,152     INFO End of fixations
2017-12-10 20:26:37,162     INFO Showing fixation at (-0.015373294408939, -0.829084211446672)
2017-12-10 20:26:38,368     INFO End of fixations
2017-12-10 20:26:38,377     INFO Showing fixation at (-0.48694607095735626, -0.052303811725951666)
2017-12-10 20:26:39,585     INFO End of fixations
2017-12-10 20:26:39,595     INFO Showing fixation at (0.004196240254035394, -0.7659873266508819)
2017-12-10 20:26:40,602     INFO End of fixations
2017-12-10 20:26:40,613     INFO Showing fixation at (-0.44930586160700026, 0.024278887893756776)
2017-12-10 20:26:41,419     INFO End of fixations
2017-12-10 20:26:41,428     INFO Showing fixation at (0.014047152679793333, 0.8129701670533849)
2017-12-10 20:26:42,435     INFO End of fixations
2017-12-10 20:26:42,445     INFO Showing fixation at (0.02112017546329107, 0.7678573471745263)
2017-12-10 20:26:43,651     INFO End of fixations
2017-12-10 20:26:43,661     INFO Showing fixation at (-0.029019558885479604, 0.7896069931245845)
2017-12-10 20:26:44,668     INFO End of fixations
2017-12-10 20:26:44,679     INFO Showing fixation at (-0.026487885468383245, -0.7776099132491877)
2017-12-10 20:26:45,484     INFO End of fixations
2017-12-10 20:26:45,494     INFO Showing fixation at (0.45466231214854996, -0.06621144065398378)
2017-12-10 20:26:46,301     INFO End of fixations
2017-12-10 20:26:46,311     INFO Showing fixation at (0.46202440047850657, 0.03400971482485876)
2017-12-10 20:26:47,518     INFO End of fixations
2017-12-10 20:26:47,528     INFO Showing fixation at (-0.44499500534900094, -0.005255489208356334)
2017-12-10 20:26:48,735     INFO End of fixations
2017-12-10 20:26:48,745     INFO Showing fixation at (0, 0)
2017-12-10 20:26:49,751     INFO End of fixations
2017-12-10 20:26:49,751     INFO Showing instructions
2017-12-10 20:26:49,753     INFO Instruction: 
2017-12-10 20:26:50,489     INFO Received signal 5 after 0.720728874207 seconds
2017-12-10 20:26:50,489     INFO End of instructions
2017-12-10 20:26:50,489     INFO Block 9 fixations
2017-12-10 20:26:50,499     INFO Showing fixation at (0, 0)
2017-12-10 20:26:51,317     INFO End of fixations
2017-12-10 20:26:51,327     INFO Showing fixation at (-0.03122726838225261, -0.8119884461239881)
2017-12-10 20:26:52,135     INFO End of fixations
2017-12-10 20:26:52,144     INFO Showing fixation at (-0.44493319099994233, -0.06640116530095064)
2017-12-10 20:26:53,151     INFO End of fixations
2017-12-10 20:26:53,160     INFO Showing fixation at (0.4924780995550875, -0.021732892263168553)
2017-12-10 20:26:54,167     INFO End of fixations
2017-12-10 20:26:54,177     INFO Showing fixation at (0.029831628086140843, -0.8516058125508698)
2017-12-10 20:26:55,384     INFO End of fixations
2017-12-10 20:26:55,394     INFO Showing fixation at (-0.020566562829594758, -0.7837766324909428)
2017-12-10 20:26:56,200     INFO End of fixations
2017-12-10 20:26:56,210     INFO Showing fixation at (-0.013938064494762065, 0.8352071323226752)
2017-12-10 20:26:57,417     INFO End of fixations
2017-12-10 20:26:57,426     INFO Showing fixation at (-0.470299599678359, -0.04230885670532117)
2017-12-10 20:26:58,633     INFO End of fixations
2017-12-10 20:26:58,643     INFO Showing fixation at (0.03543378310156152, 0.7753847491622358)
2017-12-10 20:26:59,850     INFO End of fixations
2017-12-10 20:26:59,860     INFO Showing fixation at (0.4839255895699941, -0.03231110692143498)
2017-12-10 20:27:00,668     INFO End of fixations
2017-12-10 20:27:00,677     INFO Showing fixation at (0.03638492650311642, 0.7830915574889488)
2017-12-10 20:27:01,683     INFO End of fixations
2017-12-10 20:27:01,693     INFO Showing fixation at (-0.4542332615210649, 0.033488118991006496)
2017-12-10 20:27:02,501     INFO End of fixations
2017-12-10 20:27:02,511     INFO Showing fixation at (0.4424544249264768, 0.013261715579276676)
2017-12-10 20:27:03,516     INFO End of fixations
2017-12-10 20:27:03,527     INFO Showing fixation at (0, 0)
2017-12-10 20:27:04,736     INFO End of fixations
2017-12-10 20:27:04,736     INFO Showing instructions
2017-12-10 20:27:04,738     INFO Instruction: 
2017-12-10 20:27:05,487     INFO Received signal 5 after 0.736943006516 seconds
2017-12-10 20:27:05,487     INFO End of instructions
2017-12-10 20:27:05,487     INFO Block 9 saccades
2017-12-10 20:27:05,497     INFO Showing fixation at (0, 0)
2017-12-10 20:27:06,317     INFO End of fixations
2017-12-10 20:27:06,327     INFO Showing fixation at (-0.03122726838225261, -0.8119884461239881)
2017-12-10 20:27:07,134     INFO End of fixations
2017-12-10 20:27:07,143     INFO Showing fixation at (-0.44493319099994233, -0.06640116530095064)
2017-12-10 20:27:08,150     INFO End of fixations
2017-12-10 20:27:08,160     INFO Showing fixation at (0.4924780995550875, -0.021732892263168553)
2017-12-10 20:27:09,166     INFO End of fixations
2017-12-10 20:27:09,176     INFO Showing fixation at (0.029831628086140843, -0.8516058125508698)
2017-12-10 20:27:10,384     INFO End of fixations
2017-12-10 20:27:10,394     INFO Showing fixation at (-0.020566562829594758, -0.7837766324909428)
2017-12-10 20:27:11,207     INFO End of fixations
2017-12-10 20:27:11,217     INFO Showing fixation at (-0.013938064494762065, 0.8352071323226752)
2017-12-10 20:27:12,433     INFO End of fixations
2017-12-10 20:27:12,442     INFO Showing fixation at (-0.470299599678359, -0.04230885670532117)
2017-12-10 20:27:13,651     INFO End of fixations
2017-12-10 20:27:13,661     INFO Showing fixation at (0.03543378310156152, 0.7753847491622358)
2017-12-10 20:27:14,866     INFO End of fixations
2017-12-10 20:27:14,875     INFO Showing fixation at (0.4839255895699941, -0.03231110692143498)
2017-12-10 20:27:15,683     INFO End of fixations
2017-12-10 20:27:15,692     INFO Showing fixation at (0.03638492650311642, 0.7830915574889488)
2017-12-10 20:27:16,700     INFO End of fixations
2017-12-10 20:27:16,709     INFO Showing fixation at (-0.4542332615210649, 0.033488118991006496)
2017-12-10 20:27:17,516     INFO End of fixations
2017-12-10 20:27:17,528     INFO Showing fixation at (0.4424544249264768, 0.013261715579276676)
2017-12-10 20:27:18,532     INFO End of fixations
2017-12-10 20:27:18,542     INFO Showing fixation at (0, 0)
2017-12-10 20:27:19,749     INFO End of fixations
2017-12-10 20:27:19,755     INFO Showing fixation at (0, 0) for 8 second(s)
2017-12-10 20:27:20,486     INFO Received trigger 5
2017-12-10 20:27:21,490     INFO Received trigger 5
2017-12-10 20:27:22,486     INFO Received trigger 5
2017-12-10 20:27:23,486     INFO Received trigger 5
2017-12-10 20:27:24,486     INFO Received trigger 5
2017-12-10 20:27:25,485     INFO Received trigger 5
2017-12-10 20:27:26,485     INFO Received trigger 5
2017-12-10 20:27:32,943     INFO Received trigger 5
2017-12-10 20:27:32,944     INFO End of fixations
2017-12-10 20:27:32,944     INFO End of experiment
