2017-12-10 18:47:12,635     INFO #[ PsychoPy2 RuntimeInfoStart ]
  #[[ PsychoPy ]] #---------
    psychopyVersion: 1.85.4
    psychopyHaveExtRush: True
  #[[ Experiment ]] #---------
    experimentRunTime: 2017_12_10 18:47 (Year_Month_Day Hour:Min)
    experimentRunTime.epoch: 1512960430
    experimentScript: localizer.py
    experimentScript.digestSHA1: 73af835c2bb6458b858315d12675d6355738a2b3
    experimentScript.directory: /Users/mengdu/Repos/hierarchy/saccades
  #[[ System ]] #---------
    systemHaveInternetAccess: True
    systemHostName: mengs-mbp.ad.medctr.ucla.edu
    systemLocale: C
    systemMemFreeRAM: 3522.3359375
    systemMemTotalRAM: 8192.0
    systemPlatform: darwin 10.13.1 x86_64
    systemPyo.InputDevices: {0: {'host api index': 0, 'latency': 0.0029478457290679216, 'default sr': 44100, 'name': u'Built-in Microph'}}
    systemPyo.OutputDevices: {1: {'host api index': 0, 'latency': 0.018798185512423515, 'default sr': 44100, 'name': u'Built-in Output'}, 2: {'host api index': 0, 'latency': 0.0014375000027939677, 'default sr': 48000, 'name': u'HDMI'}}
    systemPyoVersion: 0.8.6
    systemRebooted: Dec 4 17:18
    systemSec.OpenSSLVersion: LibreSSL 2.2.7
    systemSec.pythonSSL: True
    systemTimeNumpySD1000000_sec: 0.0054
    systemUser: mengdu
    systemUserID: 501
    systemUserProcCount: 126
    systemUserProcFlagged: iTunes mdworker Safari
    systemUsersCount: 1
  #[[ Window ]] #---------
    windowRefreshTimeSD_ms: 0.018
    windowRefreshTimeMedian_ms: 16.666
    windowRefreshTimeAvg_ms: 16.666
  #[[ Python ]] #---------
    pythonVersion: 2.7.12
  #[[ OpenGL ]] #---------
#[ PsychoPy2 RuntimeInfoEnd ]

2017-12-10 18:47:12,840     INFO Showing instructions
2017-12-10 18:47:12,881     INFO Instruction: When you see a RED cross, plea...
2017-12-10 18:47:17,710     INFO Received response [('space', 4.807326078414917)]
2017-12-10 18:47:17,710     INFO End of instructions
2017-12-10 18:47:17,710     INFO Showing instructions
2017-12-10 18:47:17,742     INFO Instruction: When you see a RED cross, plea...
2017-12-10 18:47:27,485     INFO Received signal 5 after 9.73204803467 seconds
2017-12-10 18:47:27,485     INFO End of instructions
2017-12-10 18:47:27,485     INFO Showing instructions
2017-12-10 18:47:27,487     INFO Instruction: 
2017-12-10 18:47:28,481     INFO Received signal 5 after 0.978049993515 seconds
2017-12-10 18:47:28,482     INFO End of instructions
2017-12-10 18:47:28,482     INFO Block 0 fixations
2017-12-10 18:47:28,490     INFO Showing fixation at (0, 0)
2017-12-10 18:47:29,503     INFO End of fixations
2017-12-10 18:47:29,509     INFO Showing fixation at (-0.007767450380574359, -0.8440059642674996)
2017-12-10 18:47:30,719     INFO End of fixations
2017-12-10 18:47:30,725     INFO Showing fixation at (-0.00012808718155649795, 0.8316741819403148)
2017-12-10 18:47:31,536     INFO End of fixations
2017-12-10 18:47:31,544     INFO Showing fixation at (0.497123393094382, 0.017255599147700654)
2017-12-10 18:47:32,552     INFO End of fixations
2017-12-10 18:47:32,561     INFO Showing fixation at (-0.4663152691017289, 0.03173052913848154)
2017-12-10 18:47:33,369     INFO End of fixations
2017-12-10 18:47:33,375     INFO Showing fixation at (0.023157647631225506, -0.7762794724513334)
2017-12-10 18:47:34,186     INFO End of fixations
2017-12-10 18:47:34,192     INFO Showing fixation at (-0.47726930654201855, -0.03577354146408259)
2017-12-10 18:47:35,402     INFO End of fixations
2017-12-10 18:47:35,410     INFO Showing fixation at (-0.4523423046959558, -0.010430083269143207)
2017-12-10 18:47:36,219     INFO End of fixations
2017-12-10 18:47:36,228     INFO Showing fixation at (-0.015758005236261082, 0.7809267447795551)
2017-12-10 18:47:37,435     INFO End of fixations
2017-12-10 18:47:37,443     INFO Showing fixation at (0.4969210732614971, -0.06411142796066754)
2017-12-10 18:47:38,452     INFO End of fixations
2017-12-10 18:47:38,462     INFO Showing fixation at (0.0003701681186787653, -0.7534944949511595)
2017-12-10 18:47:39,269     INFO End of fixations
2017-12-10 18:47:39,276     INFO Showing fixation at (0.48454793274750974, -0.053920687028367255)
2017-12-10 18:47:40,285     INFO End of fixations
2017-12-10 18:47:40,295     INFO Showing fixation at (0.012946104110017898, 0.7777221751427674)
2017-12-10 18:47:41,502     INFO End of fixations
2017-12-10 18:47:41,512     INFO Showing fixation at (0, 0)
2017-12-10 18:47:42,718     INFO End of fixations
2017-12-10 18:47:42,719     INFO Showing instructions
2017-12-10 18:47:42,720     INFO Instruction: 
2017-12-10 18:47:43,478     INFO Received signal 5 after 0.74401307106 seconds
2017-12-10 18:47:43,479     INFO End of instructions
2017-12-10 18:47:43,479     INFO Block 0 saccades
2017-12-10 18:47:43,484     INFO Showing fixation at (0, 0)
2017-12-10 18:47:44,502     INFO End of fixations
2017-12-10 18:47:44,507     INFO Showing fixation at (-0.007767450380574359, -0.8440059642674996)
2017-12-10 18:47:45,718     INFO End of fixations
2017-12-10 18:47:45,727     INFO Showing fixation at (-0.00012808718155649795, 0.8316741819403148)
2017-12-10 18:47:46,535     INFO End of fixations
2017-12-10 18:47:46,544     INFO Showing fixation at (0.497123393094382, 0.017255599147700654)
2017-12-10 18:47:47,551     INFO End of fixations
2017-12-10 18:47:47,559     INFO Showing fixation at (-0.4663152691017289, 0.03173052913848154)
2017-12-10 18:47:48,368     INFO End of fixations
2017-12-10 18:47:48,376     INFO Showing fixation at (0.023157647631225506, -0.7762794724513334)
2017-12-10 18:47:49,185     INFO End of fixations
2017-12-10 18:47:49,193     INFO Showing fixation at (-0.47726930654201855, -0.03577354146408259)
2017-12-10 18:47:50,401     INFO End of fixations
2017-12-10 18:47:50,408     INFO Showing fixation at (-0.4523423046959558, -0.010430083269143207)
2017-12-10 18:47:51,218     INFO End of fixations
2017-12-10 18:47:51,227     INFO Showing fixation at (-0.015758005236261082, 0.7809267447795551)
2017-12-10 18:47:52,434     INFO End of fixations
2017-12-10 18:47:52,443     INFO Showing fixation at (0.4969210732614971, -0.06411142796066754)
2017-12-10 18:47:53,451     INFO End of fixations
2017-12-10 18:47:53,457     INFO Showing fixation at (0.0003701681186787653, -0.7534944949511595)
2017-12-10 18:47:54,268     INFO End of fixations
2017-12-10 18:47:54,276     INFO Showing fixation at (0.48454793274750974, -0.053920687028367255)
2017-12-10 18:47:55,284     INFO End of fixations
2017-12-10 18:47:55,292     INFO Showing fixation at (0.012946104110017898, 0.7777221751427674)
2017-12-10 18:47:56,501     INFO End of fixations
2017-12-10 18:47:56,510     INFO Showing fixation at (0, 0)
2017-12-10 18:47:57,720     INFO End of fixations
2017-12-10 18:47:57,722     INFO Showing instructions
2017-12-10 18:47:57,723     INFO Instruction: 
2017-12-10 18:47:58,478     INFO Received signal 5 after 0.744194030762 seconds
2017-12-10 18:47:58,478     INFO End of instructions
2017-12-10 18:47:58,479     INFO Block 1 fixations
2017-12-10 18:47:58,486     INFO Showing fixation at (0, 0)
2017-12-10 18:47:59,701     INFO End of fixations
2017-12-10 18:47:59,711     INFO Showing fixation at (-0.022193388305555777, -0.7996152655290695)
2017-12-10 18:48:00,917     INFO End of fixations
2017-12-10 18:48:00,927     INFO Showing fixation at (0.47634976486655, 0.03176756601746801)
2017-12-10 18:48:01,734     INFO End of fixations
2017-12-10 18:48:01,741     INFO Showing fixation at (-0.4580802421341907, -0.0069323561836183295)
2017-12-10 18:48:02,950     INFO End of fixations
2017-12-10 18:48:02,960     INFO Showing fixation at (-0.033975474428504106, 0.8651659201220826)
2017-12-10 18:48:03,767     INFO End of fixations
2017-12-10 18:48:03,776     INFO Showing fixation at (0.4925161922819793, -0.042038266315151146)
2017-12-10 18:48:04,584     INFO End of fixations
2017-12-10 18:48:04,593     INFO Showing fixation at (-0.010517998691048878, 0.8344632081224848)
2017-12-10 18:48:05,800     INFO End of fixations
2017-12-10 18:48:05,809     INFO Showing fixation at (0.006469933929810462, -0.8005160409835327)
2017-12-10 18:48:06,817     INFO End of fixations
2017-12-10 18:48:06,825     INFO Showing fixation at (-0.45612701101806663, -0.04191855458120761)
2017-12-10 18:48:07,834     INFO End of fixations
2017-12-10 18:48:07,843     INFO Showing fixation at (-0.48740003841132007, -0.0343123724542154)
2017-12-10 18:48:08,850     INFO End of fixations
2017-12-10 18:48:08,860     INFO Showing fixation at (-0.022924038643504785, -0.7897434342303803)
2017-12-10 18:48:10,067     INFO End of fixations
2017-12-10 18:48:10,076     INFO Showing fixation at (0.45883486868263096, -0.055401883908602595)
2017-12-10 18:48:11,083     INFO End of fixations
2017-12-10 18:48:11,089     INFO Showing fixation at (0.0032426974415917798, 0.8491189037378618)
2017-12-10 18:48:11,900     INFO End of fixations
2017-12-10 18:48:11,909     INFO Showing fixation at (0, 0)
2017-12-10 18:48:12,717     INFO End of fixations
2017-12-10 18:48:12,717     INFO Showing instructions
2017-12-10 18:48:12,718     INFO Instruction: 
2017-12-10 18:48:13,476     INFO Received signal 5 after 0.743628978729 seconds
2017-12-10 18:48:13,477     INFO End of instructions
2017-12-10 18:48:13,477     INFO Block 1 saccades
2017-12-10 18:48:13,486     INFO Showing fixation at (0, 0)
2017-12-10 18:48:14,700     INFO End of fixations
2017-12-10 18:48:14,706     INFO Showing fixation at (-0.022193388305555777, -0.7996152655290695)
2017-12-10 18:48:15,916     INFO End of fixations
2017-12-10 18:48:15,926     INFO Showing fixation at (0.47634976486655, 0.03176756601746801)
2017-12-10 18:48:16,733     INFO End of fixations
2017-12-10 18:48:16,740     INFO Showing fixation at (-0.4580802421341907, -0.0069323561836183295)
2017-12-10 18:48:17,950     INFO End of fixations
2017-12-10 18:48:17,958     INFO Showing fixation at (-0.033975474428504106, 0.8651659201220826)
2017-12-10 18:48:18,767     INFO End of fixations
2017-12-10 18:48:18,776     INFO Showing fixation at (0.4925161922819793, -0.042038266315151146)
2017-12-10 18:48:19,583     INFO End of fixations
2017-12-10 18:48:19,591     INFO Showing fixation at (-0.010517998691048878, 0.8344632081224848)
2017-12-10 18:48:20,800     INFO End of fixations
2017-12-10 18:48:20,809     INFO Showing fixation at (0.006469933929810462, -0.8005160409835327)
2017-12-10 18:48:21,816     INFO End of fixations
2017-12-10 18:48:21,823     INFO Showing fixation at (-0.45612701101806663, -0.04191855458120761)
2017-12-10 18:48:22,833     INFO End of fixations
2017-12-10 18:48:22,842     INFO Showing fixation at (-0.48740003841132007, -0.0343123724542154)
2017-12-10 18:48:23,849     INFO End of fixations
2017-12-10 18:48:23,855     INFO Showing fixation at (-0.022924038643504785, -0.7897434342303803)
2017-12-10 18:48:25,066     INFO End of fixations
2017-12-10 18:48:25,072     INFO Showing fixation at (0.45883486868263096, -0.055401883908602595)
2017-12-10 18:48:26,082     INFO End of fixations
2017-12-10 18:48:26,091     INFO Showing fixation at (0.0032426974415917798, 0.8491189037378618)
2017-12-10 18:48:26,899     INFO End of fixations
2017-12-10 18:48:26,908     INFO Showing fixation at (0, 0)
2017-12-10 18:48:27,718     INFO End of fixations
2017-12-10 18:48:27,720     INFO Showing instructions
2017-12-10 18:48:27,722     INFO Instruction: 
2017-12-10 18:48:28,475     INFO Received signal 5 after 0.743338108063 seconds
2017-12-10 18:48:28,476     INFO End of instructions
2017-12-10 18:48:28,476     INFO Block 2 fixations
2017-12-10 18:48:28,485     INFO Showing fixation at (0, 0)
2017-12-10 18:48:29,299     INFO End of fixations
2017-12-10 18:48:29,308     INFO Showing fixation at (-0.5004693875881877, 0.05233644718384675)
2017-12-10 18:48:30,316     INFO End of fixations
2017-12-10 18:48:30,324     INFO Showing fixation at (-0.037809003966630825, -0.797228566863412)
2017-12-10 18:48:31,332     INFO End of fixations
2017-12-10 18:48:31,338     INFO Showing fixation at (0.471991011506827, 0.009888020584074952)
2017-12-10 18:48:32,149     INFO End of fixations
2017-12-10 18:48:32,159     INFO Showing fixation at (-0.005139556631648973, 0.8743567476200234)
2017-12-10 18:48:32,965     INFO End of fixations
2017-12-10 18:48:32,971     INFO Showing fixation at (0.003599262406810723, -0.8845716108541886)
2017-12-10 18:48:34,182     INFO End of fixations
2017-12-10 18:48:34,189     INFO Showing fixation at (-0.014802378009049807, 0.8464442454214106)
2017-12-10 18:48:34,999     INFO End of fixations
2017-12-10 18:48:35,005     INFO Showing fixation at (0.48511472645783177, -0.03889070814656217)
2017-12-10 18:48:36,015     INFO End of fixations
2017-12-10 18:48:36,024     INFO Showing fixation at (-0.4339661223165471, -0.04140744028007337)
2017-12-10 18:48:37,232     INFO End of fixations
2017-12-10 18:48:37,239     INFO Showing fixation at (0.4259594854046947, 0.020630178904857785)
2017-12-10 18:48:38,449     INFO End of fixations
2017-12-10 18:48:38,457     INFO Showing fixation at (0.011639179289504295, -0.858551861358553)
2017-12-10 18:48:39,665     INFO End of fixations
2017-12-10 18:48:39,671     INFO Showing fixation at (-0.4365212415131334, 0.0273594994184609)
2017-12-10 18:48:40,881     INFO End of fixations
2017-12-10 18:48:40,887     INFO Showing fixation at (0.021544535202979963, 0.8302267036470481)
2017-12-10 18:48:41,698     INFO End of fixations
2017-12-10 18:48:41,708     INFO Showing fixation at (0, 0)
2017-12-10 18:48:42,715     INFO End of fixations
2017-12-10 18:48:42,715     INFO Showing instructions
2017-12-10 18:48:42,716     INFO Instruction: 
2017-12-10 18:48:43,474     INFO Received signal 5 after 0.742666959763 seconds
2017-12-10 18:48:43,474     INFO End of instructions
2017-12-10 18:48:43,474     INFO Block 2 saccades
2017-12-10 18:48:43,483     INFO Showing fixation at (0, 0)
2017-12-10 18:48:44,298     INFO End of fixations
2017-12-10 18:48:44,307     INFO Showing fixation at (-0.5004693875881877, 0.05233644718384675)
2017-12-10 18:48:45,315     INFO End of fixations
2017-12-10 18:48:45,320     INFO Showing fixation at (-0.037809003966630825, -0.797228566863412)
2017-12-10 18:48:46,331     INFO End of fixations
2017-12-10 18:48:46,341     INFO Showing fixation at (0.471991011506827, 0.009888020584074952)
2017-12-10 18:48:47,148     INFO End of fixations
2017-12-10 18:48:47,156     INFO Showing fixation at (-0.005139556631648973, 0.8743567476200234)
2017-12-10 18:48:47,965     INFO End of fixations
2017-12-10 18:48:47,973     INFO Showing fixation at (0.003599262406810723, -0.8845716108541886)
2017-12-10 18:48:49,180     INFO End of fixations
2017-12-10 18:48:49,190     INFO Showing fixation at (-0.014802378009049807, 0.8464442454214106)
2017-12-10 18:48:49,998     INFO End of fixations
2017-12-10 18:48:50,008     INFO Showing fixation at (0.48511472645783177, -0.03889070814656217)
2017-12-10 18:48:51,014     INFO End of fixations
2017-12-10 18:48:51,020     INFO Showing fixation at (-0.4339661223165471, -0.04140744028007337)
2017-12-10 18:48:52,231     INFO End of fixations
2017-12-10 18:48:52,238     INFO Showing fixation at (0.4259594854046947, 0.020630178904857785)
2017-12-10 18:48:53,447     INFO End of fixations
2017-12-10 18:48:53,452     INFO Showing fixation at (0.011639179289504295, -0.858551861358553)
2017-12-10 18:48:54,664     INFO End of fixations
2017-12-10 18:48:54,674     INFO Showing fixation at (-0.4365212415131334, 0.0273594994184609)
2017-12-10 18:48:55,880     INFO End of fixations
2017-12-10 18:48:55,886     INFO Showing fixation at (0.021544535202979963, 0.8302267036470481)
2017-12-10 18:48:56,697     INFO End of fixations
2017-12-10 18:48:56,706     INFO Showing fixation at (0, 0)
2017-12-10 18:48:57,714     INFO End of fixations
2017-12-10 18:48:57,719     INFO Showing instructions
2017-12-10 18:48:57,721     INFO Instruction: 
2017-12-10 18:48:58,471     INFO Received signal 5 after 0.740535974503 seconds
2017-12-10 18:48:58,471     INFO End of instructions
2017-12-10 18:48:58,471     INFO Block 3 fixations
2017-12-10 18:48:58,478     INFO Showing fixation at (0, 0)
2017-12-10 18:48:59,497     INFO End of fixations
2017-12-10 18:48:59,596     INFO Showing fixation at (0.027710457788512638, 0.8015745006630461)
2017-12-10 18:49:00,414     INFO End of fixations
2017-12-10 18:49:00,423     INFO Showing fixation at (-0.01738249203362764, 0.8622760897963389)
2017-12-10 18:49:01,430     INFO End of fixations
2017-12-10 18:49:01,439     INFO Showing fixation at (0.4244155530012227, 0.061391847181294784)
2017-12-10 18:49:02,447     INFO End of fixations
2017-12-10 18:49:02,456     INFO Showing fixation at (-0.006786822502406899, 0.8108911253125081)
2017-12-10 18:49:03,664     INFO End of fixations
2017-12-10 18:49:03,669     INFO Showing fixation at (0.01599004822461534, -0.7937437427009517)
2017-12-10 18:49:04,880     INFO End of fixations
2017-12-10 18:49:04,889     INFO Showing fixation at (0.03209226892513166, -0.7700994707077017)
2017-12-10 18:49:06,097     INFO End of fixations
2017-12-10 18:49:06,106     INFO Showing fixation at (-0.4928178561898415, 0.04781544812442311)
2017-12-10 18:49:06,913     INFO End of fixations
2017-12-10 18:49:06,919     INFO Showing fixation at (-0.48350687412295196, -0.05663134107077335)
2017-12-10 18:49:07,930     INFO End of fixations
2017-12-10 18:49:07,936     INFO Showing fixation at (0.4514737331657451, -0.033222406556367726)
2017-12-10 18:49:08,747     INFO End of fixations
2017-12-10 18:49:08,756     INFO Showing fixation at (-0.0029188433009855186, -0.8055982984895829)
2017-12-10 18:49:09,563     INFO End of fixations
2017-12-10 18:49:09,572     INFO Showing fixation at (0.49815114985145525, 0.012610035999583255)
2017-12-10 18:49:10,779     INFO End of fixations
2017-12-10 18:49:10,787     INFO Showing fixation at (-0.45650623942087865, 0.026160220345028545)
2017-12-10 18:49:11,996     INFO End of fixations
2017-12-10 18:49:12,002     INFO Showing fixation at (0, 0)
2017-12-10 18:49:12,813     INFO End of fixations
2017-12-10 18:49:12,813     INFO Showing instructions
2017-12-10 18:49:12,814     INFO Instruction: 
2017-12-10 18:49:13,471     INFO Received signal 5 after 0.641526937485 seconds
2017-12-10 18:49:13,471     INFO End of instructions
2017-12-10 18:49:13,471     INFO Block 3 saccades
2017-12-10 18:49:13,480     INFO Showing fixation at (0, 0)
2017-12-10 18:49:14,496     INFO End of fixations
2017-12-10 18:49:14,502     INFO Showing fixation at (0.027710457788512638, 0.8015745006630461)
2017-12-10 18:49:15,313     INFO End of fixations
2017-12-10 18:49:15,322     INFO Showing fixation at (-0.01738249203362764, 0.8622760897963389)
2017-12-10 18:49:16,329     INFO End of fixations
2017-12-10 18:49:16,339     INFO Showing fixation at (0.4244155530012227, 0.061391847181294784)
2017-12-10 18:49:17,346     INFO End of fixations
2017-12-10 18:49:17,355     INFO Showing fixation at (-0.006786822502406899, 0.8108911253125081)
2017-12-10 18:49:18,563     INFO End of fixations
2017-12-10 18:49:18,572     INFO Showing fixation at (0.01599004822461534, -0.7937437427009517)
2017-12-10 18:49:19,779     INFO End of fixations
2017-12-10 18:49:19,785     INFO Showing fixation at (0.03209226892513166, -0.7700994707077017)
2017-12-10 18:49:20,996     INFO End of fixations
2017-12-10 18:49:21,005     INFO Showing fixation at (-0.4928178561898415, 0.04781544812442311)
2017-12-10 18:49:21,812     INFO End of fixations
2017-12-10 18:49:21,822     INFO Showing fixation at (-0.48350687412295196, -0.05663134107077335)
2017-12-10 18:49:22,829     INFO End of fixations
2017-12-10 18:49:22,835     INFO Showing fixation at (0.4514737331657451, -0.033222406556367726)
2017-12-10 18:49:23,646     INFO End of fixations
2017-12-10 18:49:23,651     INFO Showing fixation at (-0.0029188433009855186, -0.8055982984895829)
2017-12-10 18:49:24,462     INFO End of fixations
2017-12-10 18:49:24,471     INFO Showing fixation at (0.49815114985145525, 0.012610035999583255)
2017-12-10 18:49:25,679     INFO End of fixations
2017-12-10 18:49:25,688     INFO Showing fixation at (-0.45650623942087865, 0.026160220345028545)
2017-12-10 18:49:26,895     INFO End of fixations
2017-12-10 18:49:26,905     INFO Showing fixation at (0, 0)
2017-12-10 18:49:27,716     INFO End of fixations
2017-12-10 18:49:27,718     INFO Showing instructions
2017-12-10 18:49:27,719     INFO Instruction: 
2017-12-10 18:49:28,469     INFO Received signal 5 after 0.74037194252 seconds
2017-12-10 18:49:28,469     INFO End of instructions
2017-12-10 18:49:28,469     INFO Block 4 fixations
2017-12-10 18:49:28,478     INFO Showing fixation at (0, 0)
2017-12-10 18:49:29,295     INFO End of fixations
2017-12-10 18:49:29,305     INFO Showing fixation at (-0.03377922780808843, 0.7769271231105801)
2017-12-10 18:49:30,512     INFO End of fixations
2017-12-10 18:49:30,519     INFO Showing fixation at (0.4898817131071934, 0.05912080111159698)
2017-12-10 18:49:31,529     INFO End of fixations
2017-12-10 18:49:31,538     INFO Showing fixation at (0.0019845476741535348, -0.8331257196452433)
2017-12-10 18:49:32,745     INFO End of fixations
2017-12-10 18:49:32,753     INFO Showing fixation at (0.43491017298760914, 0.048774353316799135)
2017-12-10 18:49:33,962     INFO End of fixations
2017-12-10 18:49:33,971     INFO Showing fixation at (-0.02697011560199522, -0.8712936336085478)
2017-12-10 18:49:34,978     INFO End of fixations
2017-12-10 18:49:34,984     INFO Showing fixation at (0.000637891066453615, 0.8723235493067824)
2017-12-10 18:49:36,195     INFO End of fixations
2017-12-10 18:49:36,204     INFO Showing fixation at (-0.4660628376195512, 0.03000334278098306)
2017-12-10 18:49:37,012     INFO End of fixations
2017-12-10 18:49:37,017     INFO Showing fixation at (-0.4799794615480439, -0.016850462233688822)
2017-12-10 18:49:37,828     INFO End of fixations
2017-12-10 18:49:37,834     INFO Showing fixation at (0.024382943846819383, 0.8582026428221966)
2017-12-10 18:49:38,645     INFO End of fixations
2017-12-10 18:49:38,652     INFO Showing fixation at (0.4818776291517566, 0.00016540973183390428)
2017-12-10 18:49:39,661     INFO End of fixations
2017-12-10 18:49:39,668     INFO Showing fixation at (-0.43978428679926124, 0.01309985923744214)
2017-12-10 18:49:40,877     INFO End of fixations
2017-12-10 18:49:40,887     INFO Showing fixation at (0.01183285722560004, -0.8674385409878649)
2017-12-10 18:49:41,695     INFO End of fixations
2017-12-10 18:49:41,704     INFO Showing fixation at (0, 0)
2017-12-10 18:49:42,711     INFO End of fixations
2017-12-10 18:49:42,712     INFO Showing instructions
2017-12-10 18:49:42,713     INFO Instruction: 
2017-12-10 18:49:43,468     INFO Received signal 5 after 0.74068403244 seconds
2017-12-10 18:49:43,469     INFO End of instructions
2017-12-10 18:49:43,469     INFO Block 4 saccades
2017-12-10 18:49:43,477     INFO Showing fixation at (0, 0)
2017-12-10 18:49:44,294     INFO End of fixations
2017-12-10 18:49:44,301     INFO Showing fixation at (-0.03377922780808843, 0.7769271231105801)
2017-12-10 18:49:45,511     INFO End of fixations
2017-12-10 18:49:45,520     INFO Showing fixation at (0.4898817131071934, 0.05912080111159698)
2017-12-10 18:49:46,527     INFO End of fixations
2017-12-10 18:49:46,537     INFO Showing fixation at (0.0019845476741535348, -0.8331257196452433)
2017-12-10 18:49:47,744     INFO End of fixations
2017-12-10 18:49:47,751     INFO Showing fixation at (0.43491017298760914, 0.048774353316799135)
2017-12-10 18:49:48,961     INFO End of fixations
2017-12-10 18:49:48,970     INFO Showing fixation at (-0.02697011560199522, -0.8712936336085478)
2017-12-10 18:49:49,977     INFO End of fixations
2017-12-10 18:49:49,987     INFO Showing fixation at (0.000637891066453615, 0.8723235493067824)
2017-12-10 18:49:51,194     INFO End of fixations
2017-12-10 18:49:51,204     INFO Showing fixation at (-0.4660628376195512, 0.03000334278098306)
2017-12-10 18:49:52,011     INFO End of fixations
2017-12-10 18:49:52,016     INFO Showing fixation at (-0.4799794615480439, -0.016850462233688822)
2017-12-10 18:49:52,827     INFO End of fixations
2017-12-10 18:49:52,837     INFO Showing fixation at (0.024382943846819383, 0.8582026428221966)
2017-12-10 18:49:53,644     INFO End of fixations
2017-12-10 18:49:53,651     INFO Showing fixation at (0.4818776291517566, 0.00016540973183390428)
2017-12-10 18:49:54,661     INFO End of fixations
2017-12-10 18:49:54,670     INFO Showing fixation at (-0.43978428679926124, 0.01309985923744214)
2017-12-10 18:49:55,876     INFO End of fixations
2017-12-10 18:49:55,883     INFO Showing fixation at (0.01183285722560004, -0.8674385409878649)
2017-12-10 18:49:56,694     INFO End of fixations
2017-12-10 18:49:56,700     INFO Showing fixation at (0, 0)
2017-12-10 18:49:57,714     INFO End of fixations
2017-12-10 18:49:57,716     INFO Showing instructions
2017-12-10 18:49:57,717     INFO Instruction: 
2017-12-10 18:49:58,465     INFO Received signal 5 after 0.738940954208 seconds
2017-12-10 18:49:58,466     INFO End of instructions
2017-12-10 18:49:58,466     INFO Block 5 fixations
2017-12-10 18:49:58,471     INFO Showing fixation at (0, 0)
2017-12-10 18:49:59,279     INFO End of fixations
2017-12-10 18:49:59,286     INFO Showing fixation at (-0.46861405171790227, -0.01743397993010956)
2017-12-10 18:50:00,293     INFO End of fixations
2017-12-10 18:50:00,300     INFO Showing fixation at (-0.03510195116128146, -0.8012139267895358)
2017-12-10 18:50:01,310     INFO End of fixations
2017-12-10 18:50:01,319     INFO Showing fixation at (0.43807305802032503, 0.004515125178211107)
2017-12-10 18:50:02,126     INFO End of fixations
2017-12-10 18:50:02,133     INFO Showing fixation at (-0.47834494055970106, 0.06501129060146499)
2017-12-10 18:50:02,943     INFO End of fixations
2017-12-10 18:50:02,952     INFO Showing fixation at (-0.004575309419282525, -0.8462256315550936)
2017-12-10 18:50:03,760     INFO End of fixations
2017-12-10 18:50:03,766     INFO Showing fixation at (-0.00630605063030229, 0.7882582576350077)
2017-12-10 18:50:04,577     INFO End of fixations
2017-12-10 18:50:04,586     INFO Showing fixation at (-0.4301775752529091, 0.021562106768121272)
2017-12-10 18:50:05,793     INFO End of fixations
2017-12-10 18:50:05,800     INFO Showing fixation at (-0.03516990267752357, 0.8023300241491044)
2017-12-10 18:50:07,009     INFO End of fixations
2017-12-10 18:50:07,018     INFO Showing fixation at (0.46159422505328823, -0.05778392727694455)
2017-12-10 18:50:08,026     INFO End of fixations
2017-12-10 18:50:08,034     INFO Showing fixation at (-0.02604949377213186, -0.8870869200551081)
2017-12-10 18:50:09,243     INFO End of fixations
2017-12-10 18:50:09,249     INFO Showing fixation at (0.027161728964748486, 0.7971316603671253)
2017-12-10 18:50:10,460     INFO End of fixations
2017-12-10 18:50:10,467     INFO Showing fixation at (0.43598691234350473, -0.0020044217787944657)
2017-12-10 18:50:11,676     INFO End of fixations
2017-12-10 18:50:11,684     INFO Showing fixation at (0, 0)
2017-12-10 18:50:12,693     INFO End of fixations
2017-12-10 18:50:12,693     INFO Showing instructions
2017-12-10 18:50:12,694     INFO Instruction: 
2017-12-10 18:50:13,465     INFO Received signal 5 after 0.756337881088 seconds
2017-12-10 18:50:13,466     INFO End of instructions
2017-12-10 18:50:13,466     INFO Block 5 saccades
2017-12-10 18:50:13,475     INFO Showing fixation at (0, 0)
2017-12-10 18:50:14,293     INFO End of fixations
2017-12-10 18:50:14,301     INFO Showing fixation at (-0.46861405171790227, -0.01743397993010956)
2017-12-10 18:50:15,309     INFO End of fixations
2017-12-10 18:50:15,318     INFO Showing fixation at (-0.03510195116128146, -0.8012139267895358)
2017-12-10 18:50:16,326     INFO End of fixations
2017-12-10 18:50:16,335     INFO Showing fixation at (0.43807305802032503, 0.004515125178211107)
2017-12-10 18:50:17,143     INFO End of fixations
2017-12-10 18:50:17,152     INFO Showing fixation at (-0.47834494055970106, 0.06501129060146499)
2017-12-10 18:50:17,959     INFO End of fixations
2017-12-10 18:50:17,969     INFO Showing fixation at (-0.004575309419282525, -0.8462256315550936)
2017-12-10 18:50:18,776     INFO End of fixations
2017-12-10 18:50:18,782     INFO Showing fixation at (-0.00630605063030229, 0.7882582576350077)
2017-12-10 18:50:19,592     INFO End of fixations
2017-12-10 18:50:19,599     INFO Showing fixation at (-0.4301775752529091, 0.021562106768121272)
2017-12-10 18:50:20,809     INFO End of fixations
2017-12-10 18:50:20,814     INFO Showing fixation at (-0.03516990267752357, 0.8023300241491044)
2017-12-10 18:50:22,025     INFO End of fixations
2017-12-10 18:50:22,032     INFO Showing fixation at (0.46159422505328823, -0.05778392727694455)
2017-12-10 18:50:23,042     INFO End of fixations
2017-12-10 18:50:23,052     INFO Showing fixation at (-0.02604949377213186, -0.8870869200551081)
2017-12-10 18:50:24,259     INFO End of fixations
2017-12-10 18:50:24,268     INFO Showing fixation at (0.027161728964748486, 0.7971316603671253)
2017-12-10 18:50:25,475     INFO End of fixations
2017-12-10 18:50:25,483     INFO Showing fixation at (0.43598691234350473, -0.0020044217787944657)
2017-12-10 18:50:26,692     INFO End of fixations
2017-12-10 18:50:26,701     INFO Showing fixation at (0, 0)
2017-12-10 18:50:27,711     INFO End of fixations
2017-12-10 18:50:27,713     INFO Showing instructions
2017-12-10 18:50:27,714     INFO Instruction: 
2017-12-10 18:50:28,462     INFO Received signal 5 after 0.737444162369 seconds
2017-12-10 18:50:28,462     INFO End of instructions
2017-12-10 18:50:28,462     INFO Block 6 fixations
2017-12-10 18:50:28,469     INFO Showing fixation at (0, 0)
2017-12-10 18:50:29,675     INFO End of fixations
2017-12-10 18:50:29,681     INFO Showing fixation at (0.009942151958695744, 0.810679402016421)
2017-12-10 18:50:30,692     INFO End of fixations
2017-12-10 18:50:30,697     INFO Showing fixation at (-0.004821424322764001, -0.8172346952331979)
2017-12-10 18:50:31,908     INFO End of fixations
2017-12-10 18:50:31,918     INFO Showing fixation at (-0.47094715485065003, 0.010904647870846315)
2017-12-10 18:50:33,125     INFO End of fixations
2017-12-10 18:50:33,133     INFO Showing fixation at (0.02692198647449598, -0.7731405522273941)
2017-12-10 18:50:33,942     INFO End of fixations
2017-12-10 18:50:33,950     INFO Showing fixation at (-0.44012281396062136, 0.06504603844480875)
2017-12-10 18:50:34,758     INFO End of fixations
2017-12-10 18:50:34,763     INFO Showing fixation at (-0.001930729187520533, -0.8411905452177882)
2017-12-10 18:50:35,775     INFO End of fixations
2017-12-10 18:50:35,784     INFO Showing fixation at (-0.02309329352318995, 0.783777284546577)
2017-12-10 18:50:36,591     INFO End of fixations
2017-12-10 18:50:36,601     INFO Showing fixation at (0.446566706038049, -0.016295108025299272)
2017-12-10 18:50:37,608     INFO End of fixations
2017-12-10 18:50:37,614     INFO Showing fixation at (0.4685255988949982, -0.01970413447797245)
2017-12-10 18:50:38,824     INFO End of fixations
2017-12-10 18:50:38,833     INFO Showing fixation at (-0.4332771227495081, 0.022439604857032114)
2017-12-10 18:50:40,041     INFO End of fixations
2017-12-10 18:50:40,049     INFO Showing fixation at (0.003896855894048354, 0.8610332176896782)
2017-12-10 18:50:40,858     INFO End of fixations
2017-12-10 18:50:40,864     INFO Showing fixation at (0.45906340108850785, -0.0602641337043658)
2017-12-10 18:50:41,674     INFO End of fixations
2017-12-10 18:50:41,682     INFO Showing fixation at (0, 0)
2017-12-10 18:50:42,691     INFO End of fixations
2017-12-10 18:50:42,691     INFO Showing instructions
2017-12-10 18:50:42,692     INFO Instruction: 
2017-12-10 18:50:43,461     INFO Received signal 5 after 0.753625154495 seconds
2017-12-10 18:50:43,461     INFO End of instructions
2017-12-10 18:50:43,461     INFO Block 6 saccades
2017-12-10 18:50:43,470     INFO Showing fixation at (0, 0)
2017-12-10 18:50:44,675     INFO End of fixations
2017-12-10 18:50:44,684     INFO Showing fixation at (0.009942151958695744, 0.810679402016421)
2017-12-10 18:50:45,691     INFO End of fixations
2017-12-10 18:50:45,697     INFO Showing fixation at (-0.004821424322764001, -0.8172346952331979)
2017-12-10 18:50:46,907     INFO End of fixations
2017-12-10 18:50:46,914     INFO Showing fixation at (-0.47094715485065003, 0.010904647870846315)
2017-12-10 18:50:48,124     INFO End of fixations
2017-12-10 18:50:48,135     INFO Showing fixation at (0.02692198647449598, -0.7731405522273941)
2017-12-10 18:50:48,941     INFO End of fixations
2017-12-10 18:50:48,946     INFO Showing fixation at (-0.44012281396062136, 0.06504603844480875)
2017-12-10 18:50:49,757     INFO End of fixations
2017-12-10 18:50:49,766     INFO Showing fixation at (-0.001930729187520533, -0.8411905452177882)
2017-12-10 18:50:50,774     INFO End of fixations
2017-12-10 18:50:50,780     INFO Showing fixation at (-0.02309329352318995, 0.783777284546577)
2017-12-10 18:50:51,590     INFO End of fixations
2017-12-10 18:50:51,596     INFO Showing fixation at (0.446566706038049, -0.016295108025299272)
2017-12-10 18:50:52,607     INFO End of fixations
2017-12-10 18:50:52,613     INFO Showing fixation at (0.4685255988949982, -0.01970413447797245)
2017-12-10 18:50:53,824     INFO End of fixations
2017-12-10 18:50:53,829     INFO Showing fixation at (-0.4332771227495081, 0.022439604857032114)
2017-12-10 18:50:55,040     INFO End of fixations
2017-12-10 18:50:55,050     INFO Showing fixation at (0.003896855894048354, 0.8610332176896782)
2017-12-10 18:50:55,857     INFO End of fixations
2017-12-10 18:50:55,865     INFO Showing fixation at (0.45906340108850785, -0.0602641337043658)
2017-12-10 18:50:56,673     INFO End of fixations
2017-12-10 18:50:56,680     INFO Showing fixation at (0, 0)
2017-12-10 18:50:57,690     INFO End of fixations
2017-12-10 18:50:57,691     INFO Showing instructions
2017-12-10 18:50:57,693     INFO Instruction: 
2017-12-10 18:57:22,914     INFO Received signal space after 385.206701994 seconds
2017-12-10 18:57:24,890     INFO Received signal 5 after 387.183190823 seconds
2017-12-10 18:57:24,890     INFO End of instructions
2017-12-10 18:57:24,890     INFO Block 7 fixations
2017-12-10 18:57:24,901     INFO Showing fixation at (0, 0)
2017-12-10 18:57:25,933     INFO End of fixations
2017-12-10 18:57:25,952     INFO Showing fixation at (-0.45742729873724763, -2.3056706078383726e-05)
2017-12-10 18:57:24,091     INFO End of fixations
2017-12-10 18:57:24,102     INFO Showing fixation at (0.45490027456832427, -0.05895972679331513)
2017-12-10 18:57:24,925     INFO End of fixations
2017-12-10 18:57:24,932     INFO Showing fixation at (0.47763071402803137, -0.0648396446956522)
2017-12-10 18:57:26,141     INFO End of fixations
2017-12-10 18:57:26,151     INFO Showing fixation at (-0.018196676663246626, -0.7880111326545326)
2017-12-10 18:57:27,358     INFO End of fixations
2017-12-10 18:57:27,368     INFO Showing fixation at (-0.4395030433888649, 0.058034030416580645)
2017-12-10 18:57:28,177     INFO End of fixations
2017-12-10 18:57:28,188     INFO Showing fixation at (0.43028195617402754, -0.031081349783928625)
2017-12-10 18:57:29,209     INFO End of fixations
2017-12-10 18:57:29,218     INFO Showing fixation at (-0.46448607052177554, 0.003153553851237556)
2017-12-10 18:57:30,427     INFO End of fixations
2017-12-10 18:57:30,436     INFO Showing fixation at (0.03273549309578325, 0.8851576187659262)
2017-12-10 18:57:31,244     INFO End of fixations
2017-12-10 18:57:31,252     INFO Showing fixation at (-0.01126646305631946, 0.8484417770743383)
2017-12-10 18:57:32,461     INFO End of fixations
2017-12-10 18:57:32,469     INFO Showing fixation at (-0.024061645208034218, -0.826762836173143)
2017-12-10 18:57:33,478     INFO End of fixations
2017-12-10 18:57:33,487     INFO Showing fixation at (-0.025960213667986967, -0.8329497865346285)
2017-12-10 18:57:34,294     INFO End of fixations
2017-12-10 18:57:34,301     INFO Showing fixation at (0.03162146824757778, 0.8117275660103609)
2017-12-10 18:57:35,312     INFO End of fixations
2017-12-10 18:57:35,321     INFO Showing fixation at (0, 0)
2017-12-10 18:57:36,128     INFO End of fixations
2017-12-10 18:57:36,129     INFO Showing instructions
2017-12-10 18:57:36,129     INFO Instruction: 
2017-12-10 19:06:56,864     INFO Received signal 5 after 560.718442917 seconds
2017-12-10 19:06:56,864     INFO End of instructions
2017-12-10 19:06:56,864     INFO Block 7 saccades
2017-12-10 19:06:56,875     INFO Showing fixation at (0, 0)
2017-12-10 19:06:57,886     INFO End of fixations
2017-12-10 19:06:57,896     INFO Showing fixation at (-0.45742729873724763, -2.3056706078383726e-05)
2017-12-10 19:06:59,119     INFO End of fixations
2017-12-10 19:06:59,125     INFO Showing fixation at (0.45490027456832427, -0.05895972679331513)
2017-12-10 19:06:59,935     INFO End of fixations
2017-12-10 19:06:59,943     INFO Showing fixation at (0.47763071402803137, -0.0648396446956522)
2017-12-10 19:07:01,153     INFO End of fixations
2017-12-10 19:07:01,164     INFO Showing fixation at (-0.018196676663246626, -0.7880111326545326)
2017-12-10 19:07:02,387     INFO End of fixations
2017-12-10 19:07:02,397     INFO Showing fixation at (-0.4395030433888649, 0.058034030416580645)
2017-12-10 19:07:03,220     INFO End of fixations
2017-12-10 19:07:03,229     INFO Showing fixation at (0.43028195617402754, -0.031081349783928625)
2017-12-10 19:07:04,240     INFO End of fixations
2017-12-10 19:07:04,246     INFO Showing fixation at (-0.46448607052177554, 0.003153553851237556)
2017-12-10 19:07:05,456     INFO End of fixations
2017-12-10 19:07:05,477     INFO Showing fixation at (0.03273549309578325, 0.8851576187659262)
2017-12-10 19:07:06,296     INFO End of fixations
2017-12-10 19:07:06,304     INFO Showing fixation at (-0.01126646305631946, 0.8484417770743383)
2017-12-10 19:07:07,525     INFO End of fixations
2017-12-10 19:07:07,534     INFO Showing fixation at (-0.024061645208034218, -0.826762836173143)
2017-12-10 19:07:08,541     INFO End of fixations
2017-12-10 19:07:08,547     INFO Showing fixation at (-0.025960213667986967, -0.8329497865346285)
2017-12-10 19:07:09,359     INFO End of fixations
2017-12-10 19:07:09,367     INFO Showing fixation at (0.03162146824757778, 0.8117275660103609)
2017-12-10 19:07:10,375     INFO End of fixations
2017-12-10 19:07:10,380     INFO Showing fixation at (0, 0)
2017-12-10 19:07:11,193     INFO End of fixations
2017-12-10 19:07:11,193     INFO Showing instructions
2017-12-10 19:07:11,194     INFO Instruction: 
