2018-02-01 18:49:01,896     INFO #[ PsychoPy2 RuntimeInfoStart ]
  #[[ PsychoPy ]] #---------
    psychopyVersion: 1.85.4
    psychopyHaveExtRush: True
  #[[ Experiment ]] #---------
    experimentRunTime: 2018_02_01 18:48 (Year_Month_Day Hour:Min)
    experimentRunTime.epoch: 1517539739
    experimentScript: localizer.py
    experimentScript.digestSHA1: 73af835c2bb6458b858315d12675d6355738a2b3
    experimentScript.directory: /Users/mengdu/Repos/hierarchy/saccades
  #[[ System ]] #---------
    systemHaveInternetAccess: True
    systemHostName: mengs-mbp.ad.medctr.ucla.edu
    systemLocale: C
    systemMemFreeRAM: 4493.36328125
    systemMemTotalRAM: 8192.0
    systemPlatform: darwin 10.13.3 x86_64
    systemPyo.InputDevices: {0: {'host api index': 0, 'latency': 0.0029478457290679216, 'default sr': 44100, 'name': u'Built-in Microph'}}
    systemPyo.OutputDevices: {1: {'host api index': 0, 'latency': 0.018798185512423515, 'default sr': 44100, 'name': u'Built-in Output'}, 2: {'host api index': 0, 'latency': 0.0014375000027939677, 'default sr': 48000, 'name': u'HDMI'}}
    systemPyoVersion: 0.8.6
    systemRebooted: Jan 30 21:55
    systemSec.OpenSSLVersion: LibreSSL 2.2.7
    systemSec.pythonSSL: True
    systemTimeNumpySD1000000_sec: 0.0051
    systemUser: mengdu
    systemUserID: 501
    systemUserProcCount: 150
    systemUserProcFlagged: iTunes mdworker Safari
    systemUsersCount: 1
  #[[ Window ]] #---------
    windowRefreshTimeSD_ms: 0.040
    windowRefreshTimeMedian_ms: 16.669
    windowRefreshTimeAvg_ms: 16.667
  #[[ Python ]] #---------
    pythonVersion: 2.7.12
  #[[ OpenGL ]] #---------
#[ PsychoPy2 RuntimeInfoEnd ]

2018-02-01 18:49:02,056     INFO Showing instructions
2018-02-01 18:49:02,084     INFO Instruction: When you see a RED cross, plea...
2018-02-01 18:49:05,518     INFO Received response [('space', 3.413957118988037)]
2018-02-01 18:49:05,518     INFO End of instructions
2018-02-01 18:49:05,518     INFO Showing instructions
2018-02-01 18:49:05,537     INFO Instruction: When you see a RED cross, plea...
2018-02-01 18:49:12,965     INFO Received signal 5 after 7.41495990753 seconds
2018-02-01 18:49:12,966     INFO End of instructions
2018-02-01 18:49:12,966     INFO Showing instructions
2018-02-01 18:49:12,967     INFO Instruction: 
2018-02-01 18:49:13,965     INFO Received signal 5 after 0.980918884277 seconds
2018-02-01 18:49:13,965     INFO End of instructions
2018-02-01 18:49:13,966     INFO Block 0 fixations
2018-02-01 18:49:13,973     INFO Showing fixation at (0, 0)
2018-02-01 18:49:14,985     INFO End of fixations
2018-02-01 18:49:14,990     INFO Showing fixation at (-0.0301099982093347, -0.7850294851313512)
2018-02-01 18:49:15,801     INFO End of fixations
2018-02-01 18:49:15,807     INFO Showing fixation at (0.49004220641763696, -0.0017348500361751285)
2018-02-01 18:49:16,618     INFO End of fixations
2018-02-01 18:49:16,623     INFO Showing fixation at (-0.44616309399214304, 0.06528455691302498)
2018-02-01 18:49:17,635     INFO End of fixations
2018-02-01 18:49:17,640     INFO Showing fixation at (-0.4697146651444622, 0.047682020128115704)
2018-02-01 18:49:18,451     INFO End of fixations
2018-02-01 18:49:18,456     INFO Showing fixation at (-0.003915278079512287, -0.8724770717198782)
2018-02-01 18:49:19,668     INFO End of fixations
2018-02-01 18:49:19,674     INFO Showing fixation at (-0.008959358487582517, -0.8147472002294383)
2018-02-01 18:49:20,885     INFO End of fixations
2018-02-01 18:49:20,890     INFO Showing fixation at (0.02994043206708441, 0.812292164780416)
2018-02-01 18:49:21,902     INFO End of fixations
2018-02-01 18:49:21,907     INFO Showing fixation at (0.4397527139670133, -0.032341510369648434)
2018-02-01 18:49:23,117     INFO End of fixations
2018-02-01 18:49:23,123     INFO Showing fixation at (-0.008876256392870117, 0.8317444268426274)
2018-02-01 18:49:24,335     INFO End of fixations
2018-02-01 18:49:24,340     INFO Showing fixation at (0.004659621595496731, 0.870853065721422)
2018-02-01 18:49:25,151     INFO End of fixations
2018-02-01 18:49:25,156     INFO Showing fixation at (-0.4545767769740328, -0.05215053315667551)
2018-02-01 18:49:25,968     INFO End of fixations
2018-02-01 18:49:25,974     INFO Showing fixation at (0.46617317911660555, 0.051432899374438484)
2018-02-01 18:49:26,992     INFO End of fixations
2018-02-01 18:49:27,001     INFO Showing fixation at (0, 0)
2018-02-01 18:49:28,218     INFO End of fixations
2018-02-01 18:49:28,219     INFO Showing instructions
2018-02-01 18:49:28,219     INFO Instruction: 
2018-02-01 18:49:28,966     INFO Received signal 5 after 0.731166124344 seconds
2018-02-01 18:49:28,966     INFO End of instructions
2018-02-01 18:49:28,966     INFO Block 0 saccades
2018-02-01 18:49:28,971     INFO Showing fixation at (0, 0)
2018-02-01 18:49:29,985     INFO End of fixations
2018-02-01 18:49:29,991     INFO Showing fixation at (-0.0301099982093347, -0.7850294851313512)
2018-02-01 18:49:30,802     INFO End of fixations
2018-02-01 18:49:30,807     INFO Showing fixation at (0.49004220641763696, -0.0017348500361751285)
2018-02-01 18:49:31,619     INFO End of fixations
2018-02-01 18:49:31,624     INFO Showing fixation at (-0.44616309399214304, 0.06528455691302498)
2018-02-01 18:49:32,635     INFO End of fixations
2018-02-01 18:49:32,640     INFO Showing fixation at (-0.4697146651444622, 0.047682020128115704)
2018-02-01 18:49:33,451     INFO End of fixations
2018-02-01 18:49:33,456     INFO Showing fixation at (-0.003915278079512287, -0.8724770717198782)
2018-02-01 18:49:34,669     INFO End of fixations
2018-02-01 18:49:34,674     INFO Showing fixation at (-0.008959358487582517, -0.8147472002294383)
2018-02-01 18:49:35,885     INFO End of fixations
2018-02-01 18:49:35,891     INFO Showing fixation at (0.02994043206708441, 0.812292164780416)
2018-02-01 18:49:36,902     INFO End of fixations
2018-02-01 18:49:36,907     INFO Showing fixation at (0.4397527139670133, -0.032341510369648434)
2018-02-01 18:49:38,119     INFO End of fixations
2018-02-01 18:49:38,124     INFO Showing fixation at (-0.008876256392870117, 0.8317444268426274)
2018-02-01 18:49:39,335     INFO End of fixations
2018-02-01 18:49:39,341     INFO Showing fixation at (0.004659621595496731, 0.870853065721422)
2018-02-01 18:49:40,151     INFO End of fixations
2018-02-01 18:49:40,157     INFO Showing fixation at (-0.4545767769740328, -0.05215053315667551)
2018-02-01 18:49:40,969     INFO End of fixations
2018-02-01 18:49:40,974     INFO Showing fixation at (0.46617317911660555, 0.051432899374438484)
2018-02-01 18:49:41,986     INFO End of fixations
2018-02-01 18:49:41,991     INFO Showing fixation at (0, 0)
2018-02-01 18:49:43,202     INFO End of fixations
2018-02-01 18:49:43,202     INFO Showing instructions
2018-02-01 18:49:43,203     INFO Instruction: 
2018-02-01 18:49:43,965     INFO Received signal 5 after 0.746412992477 seconds
2018-02-01 18:49:43,965     INFO End of instructions
2018-02-01 18:49:43,965     INFO Block 1 fixations
2018-02-01 18:49:43,971     INFO Showing fixation at (0, 0)
2018-02-01 18:49:44,786     INFO End of fixations
2018-02-01 18:49:44,794     INFO Showing fixation at (0.43715295708532886, -0.059508979315450246)
2018-02-01 18:49:45,802     INFO End of fixations
2018-02-01 18:49:45,808     INFO Showing fixation at (-0.00533168172892988, -0.8590649465125674)
2018-02-01 18:49:47,019     INFO End of fixations
2018-02-01 18:49:47,024     INFO Showing fixation at (0.0032467067389430615, 0.8602217367378151)
2018-02-01 18:49:48,235     INFO End of fixations
2018-02-01 18:49:48,241     INFO Showing fixation at (-0.4395473394516226, 0.04272575374457571)
2018-02-01 18:49:49,452     INFO End of fixations
2018-02-01 18:49:49,458     INFO Showing fixation at (-0.028871457548353033, 0.7980845895152505)
2018-02-01 18:49:50,269     INFO End of fixations
2018-02-01 18:49:50,275     INFO Showing fixation at (0.48243798370433255, 0.019206764538887963)
2018-02-01 18:49:51,086     INFO End of fixations
2018-02-01 18:49:51,091     INFO Showing fixation at (-0.026374903756984446, -0.845840937822635)
2018-02-01 18:49:52,103     INFO End of fixations
2018-02-01 18:49:52,108     INFO Showing fixation at (0.0178369525611783, -0.8411894387786286)
2018-02-01 18:49:53,119     INFO End of fixations
2018-02-01 18:49:53,125     INFO Showing fixation at (-0.4669954076008936, -0.02667364141114254)
2018-02-01 18:49:54,336     INFO End of fixations
2018-02-01 18:49:54,341     INFO Showing fixation at (-0.4580880963394051, -0.0051445773519356724)
2018-02-01 18:49:55,353     INFO End of fixations
2018-02-01 18:49:55,358     INFO Showing fixation at (-0.009604992337920969, 0.8472109766859974)
2018-02-01 18:49:56,168     INFO End of fixations
2018-02-01 18:49:56,174     INFO Showing fixation at (0.47450922928199757, 0.027125823191172002)
2018-02-01 18:49:56,986     INFO End of fixations
2018-02-01 18:49:56,994     INFO Showing fixation at (0, 0)
2018-02-01 18:49:58,203     INFO End of fixations
2018-02-01 18:49:58,203     INFO Showing instructions
2018-02-01 18:49:58,204     INFO Instruction: 
2018-02-01 18:49:58,966     INFO Received signal 5 after 0.74736905098 seconds
2018-02-01 18:49:58,966     INFO End of instructions
2018-02-01 18:49:58,966     INFO Block 1 saccades
2018-02-01 18:49:58,972     INFO Showing fixation at (0, 0)
2018-02-01 18:49:59,786     INFO End of fixations
2018-02-01 18:49:59,791     INFO Showing fixation at (0.43715295708532886, -0.059508979315450246)
2018-02-01 18:50:00,802     INFO End of fixations
2018-02-01 18:50:00,808     INFO Showing fixation at (-0.00533168172892988, -0.8590649465125674)
2018-02-01 18:50:02,019     INFO End of fixations
2018-02-01 18:50:02,025     INFO Showing fixation at (0.0032467067389430615, 0.8602217367378151)
2018-02-01 18:50:03,236     INFO End of fixations
2018-02-01 18:50:03,241     INFO Showing fixation at (-0.4395473394516226, 0.04272575374457571)
2018-02-01 18:50:04,453     INFO End of fixations
2018-02-01 18:50:04,459     INFO Showing fixation at (-0.028871457548353033, 0.7980845895152505)
2018-02-01 18:50:05,270     INFO End of fixations
2018-02-01 18:50:05,275     INFO Showing fixation at (0.48243798370433255, 0.019206764538887963)
2018-02-01 18:50:06,086     INFO End of fixations
2018-02-01 18:50:06,092     INFO Showing fixation at (-0.026374903756984446, -0.845840937822635)
2018-02-01 18:50:07,103     INFO End of fixations
2018-02-01 18:50:07,108     INFO Showing fixation at (0.0178369525611783, -0.8411894387786286)
2018-02-01 18:50:08,120     INFO End of fixations
2018-02-01 18:50:08,125     INFO Showing fixation at (-0.4669954076008936, -0.02667364141114254)
2018-02-01 18:50:09,336     INFO End of fixations
2018-02-01 18:50:09,341     INFO Showing fixation at (-0.4580880963394051, -0.0051445773519356724)
2018-02-01 18:50:10,353     INFO End of fixations
2018-02-01 18:50:10,358     INFO Showing fixation at (-0.009604992337920969, 0.8472109766859974)
2018-02-01 18:50:11,170     INFO End of fixations
2018-02-01 18:50:11,175     INFO Showing fixation at (0.47450922928199757, 0.027125823191172002)
2018-02-01 18:50:11,986     INFO End of fixations
2018-02-01 18:50:11,992     INFO Showing fixation at (0, 0)
2018-02-01 18:50:13,203     INFO End of fixations
2018-02-01 18:50:13,203     INFO Showing instructions
2018-02-01 18:50:13,204     INFO Instruction: 
2018-02-01 18:50:13,965     INFO Received signal 5 after 0.745754957199 seconds
2018-02-01 18:50:13,965     INFO End of instructions
2018-02-01 18:50:13,965     INFO Block 2 fixations
2018-02-01 18:50:13,971     INFO Showing fixation at (0, 0)
2018-02-01 18:50:14,787     INFO End of fixations
2018-02-01 18:50:14,792     INFO Showing fixation at (0.03349755452640031, 0.7673090873427306)
2018-02-01 18:50:16,003     INFO End of fixations
2018-02-01 18:50:16,009     INFO Showing fixation at (0.48722294109039443, -0.06814058257961855)
2018-02-01 18:50:16,820     INFO End of fixations
2018-02-01 18:50:16,825     INFO Showing fixation at (-0.03782296181315892, -0.820103642561849)
2018-02-01 18:50:17,837     INFO End of fixations
2018-02-01 18:50:17,842     INFO Showing fixation at (0.4825621877588533, -0.009017687340427238)
2018-02-01 18:50:18,653     INFO End of fixations
2018-02-01 18:50:18,659     INFO Showing fixation at (-0.46736448300400973, -0.0009281771345396178)
2018-02-01 18:50:19,670     INFO End of fixations
2018-02-01 18:50:19,675     INFO Showing fixation at (0.4542494610588642, 0.012478544655820628)
2018-02-01 18:50:20,687     INFO End of fixations
2018-02-01 18:50:20,692     INFO Showing fixation at (0.015913910016516167, 0.886439535446914)
2018-02-01 18:50:21,903     INFO End of fixations
2018-02-01 18:50:21,909     INFO Showing fixation at (-0.021970645236441093, -0.837388129903649)
2018-02-01 18:50:23,120     INFO End of fixations
2018-02-01 18:50:23,126     INFO Showing fixation at (-0.01460290516916667, -0.8789653859376312)
2018-02-01 18:50:23,937     INFO End of fixations
2018-02-01 18:50:23,942     INFO Showing fixation at (-0.4754416388917006, 0.03315142556373851)
2018-02-01 18:50:24,953     INFO End of fixations
2018-02-01 18:50:24,959     INFO Showing fixation at (-0.49924457563343505, 0.06378510838284587)
2018-02-01 18:50:26,170     INFO End of fixations
2018-02-01 18:50:26,176     INFO Showing fixation at (-0.001019998633859126, 0.8448489324204327)
2018-02-01 18:50:27,387     INFO End of fixations
2018-02-01 18:50:27,394     INFO Showing fixation at (0, 0)
2018-02-01 18:50:28,204     INFO End of fixations
2018-02-01 18:50:28,204     INFO Showing instructions
2018-02-01 18:50:28,205     INFO Instruction: 
2018-02-01 18:50:28,965     INFO Received signal 5 after 0.74574303627 seconds
2018-02-01 18:50:28,965     INFO End of instructions
2018-02-01 18:50:28,966     INFO Block 2 saccades
2018-02-01 18:50:28,971     INFO Showing fixation at (0, 0)
2018-02-01 18:50:29,787     INFO End of fixations
2018-02-01 18:50:29,792     INFO Showing fixation at (0.03349755452640031, 0.7673090873427306)
2018-02-01 18:50:31,004     INFO End of fixations
2018-02-01 18:50:31,009     INFO Showing fixation at (0.48722294109039443, -0.06814058257961855)
2018-02-01 18:50:31,820     INFO End of fixations
2018-02-01 18:50:31,826     INFO Showing fixation at (-0.03782296181315892, -0.820103642561849)
2018-02-01 18:50:32,837     INFO End of fixations
2018-02-01 18:50:32,842     INFO Showing fixation at (0.4825621877588533, -0.009017687340427238)
2018-02-01 18:50:33,654     INFO End of fixations
2018-02-01 18:50:33,659     INFO Showing fixation at (-0.46736448300400973, -0.0009281771345396178)
2018-02-01 18:50:34,671     INFO End of fixations
2018-02-01 18:50:34,676     INFO Showing fixation at (0.4542494610588642, 0.012478544655820628)
2018-02-01 18:50:35,687     INFO End of fixations
2018-02-01 18:50:35,693     INFO Showing fixation at (0.015913910016516167, 0.886439535446914)
2018-02-01 18:50:36,904     INFO End of fixations
2018-02-01 18:50:36,909     INFO Showing fixation at (-0.021970645236441093, -0.837388129903649)
2018-02-01 18:50:38,121     INFO End of fixations
2018-02-01 18:50:38,126     INFO Showing fixation at (-0.01460290516916667, -0.8789653859376312)
2018-02-01 18:50:38,937     INFO End of fixations
2018-02-01 18:50:38,943     INFO Showing fixation at (-0.4754416388917006, 0.03315142556373851)
2018-02-01 18:50:39,954     INFO End of fixations
2018-02-01 18:50:39,960     INFO Showing fixation at (-0.49924457563343505, 0.06378510838284587)
2018-02-01 18:50:41,171     INFO End of fixations
2018-02-01 18:50:41,176     INFO Showing fixation at (-0.001019998633859126, 0.8448489324204327)
2018-02-01 18:50:42,387     INFO End of fixations
2018-02-01 18:50:42,393     INFO Showing fixation at (0, 0)
2018-02-01 18:50:43,204     INFO End of fixations
2018-02-01 18:50:43,204     INFO Showing instructions
2018-02-01 18:50:43,205     INFO Instruction: 
2018-02-01 18:50:43,965     INFO Received signal 5 after 0.744851112366 seconds
2018-02-01 18:50:43,965     INFO End of instructions
2018-02-01 18:50:43,965     INFO Block 3 fixations
2018-02-01 18:50:43,971     INFO Showing fixation at (0, 0)
2018-02-01 18:50:44,787     INFO End of fixations
2018-02-01 18:50:44,862     INFO Showing fixation at (0.4704802602134377, -0.05111966806914761)
2018-02-01 18:50:45,870     INFO End of fixations
2018-02-01 18:50:45,875     INFO Showing fixation at (0.02775599493635683, 0.8869625708980368)
2018-02-01 18:50:47,088     INFO End of fixations
2018-02-01 18:50:47,093     INFO Showing fixation at (-0.4483067397975427, 0.06851266454007696)
2018-02-01 18:50:48,104     INFO End of fixations
2018-02-01 18:50:48,109     INFO Showing fixation at (-0.03305552273466056, 0.8709877973600536)
2018-02-01 18:50:48,920     INFO End of fixations
2018-02-01 18:50:48,926     INFO Showing fixation at (-0.03708350187558454, 0.8878263555543195)
2018-02-01 18:50:49,737     INFO End of fixations
2018-02-01 18:50:49,743     INFO Showing fixation at (-0.4418897709891087, -0.03426894960056153)
2018-02-01 18:50:50,754     INFO End of fixations
2018-02-01 18:50:50,760     INFO Showing fixation at (-0.03443934574134279, -0.8008871435390924)
2018-02-01 18:50:51,970     INFO End of fixations
2018-02-01 18:50:51,975     INFO Showing fixation at (-0.48541294522514616, -0.052942500027345435)
2018-02-01 18:50:53,188     INFO End of fixations
2018-02-01 18:50:53,193     INFO Showing fixation at (0.4535081199049953, -0.019619684229617095)
2018-02-01 18:50:54,404     INFO End of fixations
2018-02-01 18:50:54,409     INFO Showing fixation at (0.031983448835533446, -0.8093864459906893)
2018-02-01 18:50:55,421     INFO End of fixations
2018-02-01 18:50:55,426     INFO Showing fixation at (0.47449858215459567, 0.017311260695202224)
2018-02-01 18:50:56,237     INFO End of fixations
2018-02-01 18:50:56,243     INFO Showing fixation at (0.0030562714317979717, -0.8538245720929705)
2018-02-01 18:50:57,455     INFO End of fixations
2018-02-01 18:50:57,463     INFO Showing fixation at (0, 0)
2018-02-01 18:50:58,271     INFO End of fixations
2018-02-01 18:50:58,271     INFO Showing instructions
2018-02-01 18:50:58,272     INFO Instruction: 
2018-02-01 18:50:58,965     INFO Received signal 5 after 0.677186965942 seconds
2018-02-01 18:50:58,965     INFO End of instructions
2018-02-01 18:50:58,965     INFO Block 3 saccades
2018-02-01 18:50:58,970     INFO Showing fixation at (0, 0)
2018-02-01 18:50:59,787     INFO End of fixations
2018-02-01 18:50:59,793     INFO Showing fixation at (0.4704802602134377, -0.05111966806914761)
2018-02-01 18:51:00,805     INFO End of fixations
2018-02-01 18:51:00,810     INFO Showing fixation at (0.02775599493635683, 0.8869625708980368)
2018-02-01 18:51:02,021     INFO End of fixations
2018-02-01 18:51:02,027     INFO Showing fixation at (-0.4483067397975427, 0.06851266454007696)
2018-02-01 18:51:03,038     INFO End of fixations
2018-02-01 18:51:03,043     INFO Showing fixation at (-0.03305552273466056, 0.8709877973600536)
2018-02-01 18:51:03,855     INFO End of fixations
2018-02-01 18:51:03,861     INFO Showing fixation at (-0.03708350187558454, 0.8878263555543195)
2018-02-01 18:51:04,671     INFO End of fixations
2018-02-01 18:51:04,677     INFO Showing fixation at (-0.4418897709891087, -0.03426894960056153)
2018-02-01 18:51:05,688     INFO End of fixations
2018-02-01 18:51:05,694     INFO Showing fixation at (-0.03443934574134279, -0.8008871435390924)
2018-02-01 18:51:06,905     INFO End of fixations
2018-02-01 18:51:06,910     INFO Showing fixation at (-0.48541294522514616, -0.052942500027345435)
2018-02-01 18:51:08,122     INFO End of fixations
2018-02-01 18:51:08,127     INFO Showing fixation at (0.4535081199049953, -0.019619684229617095)
2018-02-01 18:51:09,338     INFO End of fixations
2018-02-01 18:51:09,343     INFO Showing fixation at (0.031983448835533446, -0.8093864459906893)
2018-02-01 18:51:10,355     INFO End of fixations
2018-02-01 18:51:10,360     INFO Showing fixation at (0.47449858215459567, 0.017311260695202224)
2018-02-01 18:51:11,172     INFO End of fixations
2018-02-01 18:51:11,177     INFO Showing fixation at (0.0030562714317979717, -0.8538245720929705)
2018-02-01 18:51:12,388     INFO End of fixations
2018-02-01 18:51:12,393     INFO Showing fixation at (0, 0)
2018-02-01 18:51:13,205     INFO End of fixations
2018-02-01 18:51:13,205     INFO Showing instructions
2018-02-01 18:51:13,206     INFO Instruction: 
2018-02-01 18:51:13,965     INFO Received signal 5 after 0.743858098984 seconds
2018-02-01 18:51:13,966     INFO End of instructions
2018-02-01 18:51:13,966     INFO Block 4 fixations
2018-02-01 18:51:13,971     INFO Showing fixation at (0, 0)
2018-02-01 18:51:15,188     INFO End of fixations
2018-02-01 18:51:15,194     INFO Showing fixation at (0.032370015137974564, 0.8184408161451409)
2018-02-01 18:51:16,005     INFO End of fixations
2018-02-01 18:51:16,010     INFO Showing fixation at (-0.016486454352647097, -0.8506959345780818)
2018-02-01 18:51:17,022     INFO End of fixations
2018-02-01 18:51:17,027     INFO Showing fixation at (0.45255918886583113, -0.040401202095965705)
2018-02-01 18:51:18,038     INFO End of fixations
2018-02-01 18:51:18,044     INFO Showing fixation at (-0.02839826191623991, 0.8260060087031864)
2018-02-01 18:51:19,055     INFO End of fixations
2018-02-01 18:51:19,061     INFO Showing fixation at (0.5011597684443416, 0.04803864929418905)
2018-02-01 18:51:20,272     INFO End of fixations
2018-02-01 18:51:20,277     INFO Showing fixation at (0.030799599954060355, -0.8114199224106027)
2018-02-01 18:51:21,289     INFO End of fixations
2018-02-01 18:51:21,294     INFO Showing fixation at (-0.4593496669739798, 0.04353309127282769)
2018-02-01 18:51:22,105     INFO End of fixations
2018-02-01 18:51:22,111     INFO Showing fixation at (0.4886980841439264, -0.01679931649813054)
2018-02-01 18:51:22,922     INFO End of fixations
2018-02-01 18:51:22,928     INFO Showing fixation at (-0.0031369904891544176, 0.8380126120247651)
2018-02-01 18:51:24,139     INFO End of fixations
2018-02-01 18:51:24,144     INFO Showing fixation at (-0.43975247772379283, -0.032870029716838035)
2018-02-01 18:51:24,956     INFO End of fixations
2018-02-01 18:51:24,961     INFO Showing fixation at (-0.01053926610101514, -0.7564369797234065)
2018-02-01 18:51:25,772     INFO End of fixations
2018-02-01 18:51:25,778     INFO Showing fixation at (-0.45879507143167503, -0.0006362759417403718)
2018-02-01 18:51:26,989     INFO End of fixations
2018-02-01 18:51:26,997     INFO Showing fixation at (0, 0)
2018-02-01 18:51:28,205     INFO End of fixations
2018-02-01 18:51:28,206     INFO Showing instructions
2018-02-01 18:51:28,206     INFO Instruction: 
2018-02-01 18:51:28,965     INFO Received signal 5 after 0.743113994598 seconds
2018-02-01 18:51:28,965     INFO End of instructions
2018-02-01 18:51:28,965     INFO Block 4 saccades
2018-02-01 18:51:28,970     INFO Showing fixation at (0, 0)
2018-02-01 18:51:30,189     INFO End of fixations
2018-02-01 18:51:30,194     INFO Showing fixation at (0.032370015137974564, 0.8184408161451409)
2018-02-01 18:51:31,005     INFO End of fixations
2018-02-01 18:51:31,011     INFO Showing fixation at (-0.016486454352647097, -0.8506959345780818)
2018-02-01 18:51:32,022     INFO End of fixations
2018-02-01 18:51:32,028     INFO Showing fixation at (0.45255918886583113, -0.040401202095965705)
2018-02-01 18:51:33,039     INFO End of fixations
2018-02-01 18:51:33,045     INFO Showing fixation at (-0.02839826191623991, 0.8260060087031864)
2018-02-01 18:51:34,056     INFO End of fixations
2018-02-01 18:51:34,061     INFO Showing fixation at (0.5011597684443416, 0.04803864929418905)
2018-02-01 18:51:35,273     INFO End of fixations
2018-02-01 18:51:35,278     INFO Showing fixation at (0.030799599954060355, -0.8114199224106027)
2018-02-01 18:51:36,289     INFO End of fixations
2018-02-01 18:51:36,296     INFO Showing fixation at (-0.4593496669739798, 0.04353309127282769)
2018-02-01 18:51:37,106     INFO End of fixations
2018-02-01 18:51:37,111     INFO Showing fixation at (0.4886980841439264, -0.01679931649813054)
2018-02-01 18:51:37,922     INFO End of fixations
2018-02-01 18:51:37,928     INFO Showing fixation at (-0.0031369904891544176, 0.8380126120247651)
2018-02-01 18:51:39,139     INFO End of fixations
2018-02-01 18:51:39,144     INFO Showing fixation at (-0.43975247772379283, -0.032870029716838035)
2018-02-01 18:51:39,956     INFO End of fixations
2018-02-01 18:51:39,961     INFO Showing fixation at (-0.01053926610101514, -0.7564369797234065)
2018-02-01 18:51:40,772     INFO End of fixations
2018-02-01 18:51:40,778     INFO Showing fixation at (-0.45879507143167503, -0.0006362759417403718)
2018-02-01 18:51:41,989     INFO End of fixations
2018-02-01 18:51:41,994     INFO Showing fixation at (0, 0)
2018-02-01 18:51:43,206     INFO End of fixations
2018-02-01 18:51:43,206     INFO Showing instructions
2018-02-01 18:51:43,207     INFO Instruction: 
2018-02-01 18:51:43,965     INFO Received signal 5 after 0.742871999741 seconds
2018-02-01 18:51:43,965     INFO End of instructions
2018-02-01 18:51:43,965     INFO Block 5 fixations
2018-02-01 18:51:43,970     INFO Showing fixation at (0, 0)
2018-02-01 18:51:44,789     INFO End of fixations
2018-02-01 18:51:44,794     INFO Showing fixation at (0.03630761628464532, 0.7599711879111982)
2018-02-01 18:51:46,006     INFO End of fixations
2018-02-01 18:51:46,012     INFO Showing fixation at (0.004386878417104376, -0.8779258974061646)
2018-02-01 18:51:47,223     INFO End of fixations
2018-02-01 18:51:47,228     INFO Showing fixation at (-0.004471134844423158, -0.7781514782505494)
2018-02-01 18:51:48,439     INFO End of fixations
2018-02-01 18:51:48,445     INFO Showing fixation at (0.4675784274219606, 0.020420182649176638)
2018-02-01 18:51:49,456     INFO End of fixations
2018-02-01 18:51:49,461     INFO Showing fixation at (-0.4805979075460876, 0.034578961937808586)
2018-02-01 18:51:50,273     INFO End of fixations
2018-02-01 18:51:50,278     INFO Showing fixation at (-0.02905781684036898, 0.8431568658012709)
2018-02-01 18:51:51,289     INFO End of fixations
2018-02-01 18:51:51,295     INFO Showing fixation at (0.007358173411539354, -0.8854589863513869)
2018-02-01 18:51:52,306     INFO End of fixations
2018-02-01 18:51:52,311     INFO Showing fixation at (-0.44525017907493647, 0.05425405448115703)
2018-02-01 18:51:53,323     INFO End of fixations
2018-02-01 18:51:53,328     INFO Showing fixation at (0.01762280056543522, 0.880577138169502)
2018-02-01 18:51:54,140     INFO End of fixations
2018-02-01 18:51:54,145     INFO Showing fixation at (0.4342005051401076, -0.029297534458568662)
2018-02-01 18:51:54,956     INFO End of fixations
2018-02-01 18:51:54,963     INFO Showing fixation at (0.4556867678140964, 0.047086704462033155)
2018-02-01 18:51:56,173     INFO End of fixations
2018-02-01 18:51:56,178     INFO Showing fixation at (-0.4733924920679056, -0.06180301269950924)
2018-02-01 18:51:57,390     INFO End of fixations
2018-02-01 18:51:57,397     INFO Showing fixation at (0, 0)
2018-02-01 18:51:58,206     INFO End of fixations
2018-02-01 18:51:58,206     INFO Showing instructions
2018-02-01 18:51:58,207     INFO Instruction: 
2018-02-01 18:51:58,964     INFO Received signal 5 after 0.742060899734 seconds
2018-02-01 18:51:58,965     INFO End of instructions
2018-02-01 18:51:58,965     INFO Block 5 saccades
2018-02-01 18:51:58,970     INFO Showing fixation at (0, 0)
2018-02-01 18:51:59,774     INFO End of fixations
2018-02-01 18:51:59,780     INFO Showing fixation at (0.03630761628464532, 0.7599711879111982)
2018-02-01 18:52:00,990     INFO End of fixations
2018-02-01 18:52:00,995     INFO Showing fixation at (0.004386878417104376, -0.8779258974061646)
2018-02-01 18:52:02,205     INFO End of fixations
2018-02-01 18:52:02,211     INFO Showing fixation at (-0.004471134844423158, -0.7781514782505494)
2018-02-01 18:52:03,423     INFO End of fixations
2018-02-01 18:52:03,429     INFO Showing fixation at (0.4675784274219606, 0.020420182649176638)
2018-02-01 18:52:04,440     INFO End of fixations
2018-02-01 18:52:04,445     INFO Showing fixation at (-0.4805979075460876, 0.034578961937808586)
2018-02-01 18:52:05,257     INFO End of fixations
2018-02-01 18:52:05,263     INFO Showing fixation at (-0.02905781684036898, 0.8431568658012709)
2018-02-01 18:52:06,272     INFO End of fixations
2018-02-01 18:52:06,278     INFO Showing fixation at (0.007358173411539354, -0.8854589863513869)
2018-02-01 18:52:07,290     INFO End of fixations
2018-02-01 18:52:07,295     INFO Showing fixation at (-0.44525017907493647, 0.05425405448115703)
2018-02-01 18:52:08,307     INFO End of fixations
2018-02-01 18:52:08,312     INFO Showing fixation at (0.01762280056543522, 0.880577138169502)
2018-02-01 18:52:09,123     INFO End of fixations
2018-02-01 18:52:09,129     INFO Showing fixation at (0.4342005051401076, -0.029297534458568662)
2018-02-01 18:52:09,940     INFO End of fixations
2018-02-01 18:52:09,945     INFO Showing fixation at (0.4556867678140964, 0.047086704462033155)
2018-02-01 18:52:11,157     INFO End of fixations
2018-02-01 18:52:11,162     INFO Showing fixation at (-0.4733924920679056, -0.06180301269950924)
2018-02-01 18:52:12,373     INFO End of fixations
2018-02-01 18:52:12,379     INFO Showing fixation at (0, 0)
2018-02-01 18:52:13,190     INFO End of fixations
2018-02-01 18:52:13,190     INFO Showing instructions
2018-02-01 18:52:13,191     INFO Instruction: 
2018-02-01 18:52:13,965     INFO Received signal 5 after 0.758687973022 seconds
2018-02-01 18:52:13,965     INFO End of instructions
2018-02-01 18:52:13,965     INFO Block 6 fixations
2018-02-01 18:52:13,971     INFO Showing fixation at (0, 0)
2018-02-01 18:52:14,790     INFO End of fixations
2018-02-01 18:52:14,796     INFO Showing fixation at (0.48315006027512025, -0.046579808211961685)
2018-02-01 18:52:15,807     INFO End of fixations
2018-02-01 18:52:15,812     INFO Showing fixation at (-0.4727767067788295, -0.018144995613890248)
2018-02-01 18:52:16,624     INFO End of fixations
2018-02-01 18:52:16,629     INFO Showing fixation at (0.45346425209358887, 0.023569997385702146)
2018-02-01 18:52:17,640     INFO End of fixations
2018-02-01 18:52:17,646     INFO Showing fixation at (-0.006781585691235659, -0.8209704092376138)
2018-02-01 18:52:18,856     INFO End of fixations
2018-02-01 18:52:18,862     INFO Showing fixation at (-0.00752763356196863, 0.7997936877975769)
2018-02-01 18:52:19,874     INFO End of fixations
2018-02-01 18:52:19,879     INFO Showing fixation at (0.0018127125274359362, 0.754149462540027)
2018-02-01 18:52:21,090     INFO End of fixations
2018-02-01 18:52:21,096     INFO Showing fixation at (0.01928518939960551, 0.8146599031171102)
2018-02-01 18:52:21,907     INFO End of fixations
2018-02-01 18:52:21,912     INFO Showing fixation at (-0.46718350583004936, 0.027711813091768914)
2018-02-01 18:52:23,124     INFO End of fixations
2018-02-01 18:52:23,129     INFO Showing fixation at (0.42471599842288243, 0.026480355872250352)
2018-02-01 18:52:23,940     INFO End of fixations
2018-02-01 18:52:23,946     INFO Showing fixation at (-0.4780884143302552, -0.06620825975446121)
2018-02-01 18:52:24,957     INFO End of fixations
2018-02-01 18:52:24,963     INFO Showing fixation at (0.011185077246348513, -0.8573091754399976)
2018-02-01 18:52:26,174     INFO End of fixations
2018-02-01 18:52:26,179     INFO Showing fixation at (-0.006472018770939392, -0.7838195477961323)
2018-02-01 18:52:27,391     INFO End of fixations
2018-02-01 18:52:27,398     INFO Showing fixation at (0, 0)
2018-02-01 18:52:28,207     INFO End of fixations
2018-02-01 18:52:28,207     INFO Showing instructions
2018-02-01 18:52:28,208     INFO Instruction: 
2018-02-01 18:52:28,964     INFO Received signal 5 after 0.741286039352 seconds
2018-02-01 18:52:28,965     INFO End of instructions
2018-02-01 18:52:28,965     INFO Block 6 saccades
2018-02-01 18:52:28,970     INFO Showing fixation at (0, 0)
2018-02-01 18:52:29,774     INFO End of fixations
2018-02-01 18:52:29,780     INFO Showing fixation at (0.48315006027512025, -0.046579808211961685)
2018-02-01 18:52:30,791     INFO End of fixations
2018-02-01 18:52:30,796     INFO Showing fixation at (-0.4727767067788295, -0.018144995613890248)
2018-02-01 18:52:31,607     INFO End of fixations
2018-02-01 18:52:31,613     INFO Showing fixation at (0.45346425209358887, 0.023569997385702146)
2018-02-01 18:52:32,624     INFO End of fixations
2018-02-01 18:52:32,630     INFO Showing fixation at (-0.006781585691235659, -0.8209704092376138)
2018-02-01 18:52:33,841     INFO End of fixations
2018-02-01 18:52:33,846     INFO Showing fixation at (-0.00752763356196863, 0.7997936877975769)
2018-02-01 18:52:34,857     INFO End of fixations
2018-02-01 18:52:34,863     INFO Showing fixation at (0.0018127125274359362, 0.754149462540027)
2018-02-01 18:52:36,074     INFO End of fixations
2018-02-01 18:52:36,080     INFO Showing fixation at (0.01928518939960551, 0.8146599031171102)
2018-02-01 18:52:36,891     INFO End of fixations
2018-02-01 18:52:36,896     INFO Showing fixation at (-0.46718350583004936, 0.027711813091768914)
2018-02-01 18:52:38,108     INFO End of fixations
2018-02-01 18:52:38,113     INFO Showing fixation at (0.42471599842288243, 0.026480355872250352)
2018-02-01 18:52:38,924     INFO End of fixations
2018-02-01 18:52:38,929     INFO Showing fixation at (-0.4780884143302552, -0.06620825975446121)
2018-02-01 18:52:39,941     INFO End of fixations
2018-02-01 18:52:39,946     INFO Showing fixation at (0.011185077246348513, -0.8573091754399976)
2018-02-01 18:52:41,158     INFO End of fixations
2018-02-01 18:52:41,163     INFO Showing fixation at (-0.006472018770939392, -0.7838195477961323)
2018-02-01 18:52:42,374     INFO End of fixations
2018-02-01 18:52:42,380     INFO Showing fixation at (0, 0)
2018-02-01 18:52:43,191     INFO End of fixations
2018-02-01 18:52:43,191     INFO Showing instructions
2018-02-01 18:52:43,192     INFO Instruction: 
2018-02-01 18:52:43,964     INFO Received signal 5 after 0.756664991379 seconds
2018-02-01 18:52:43,964     INFO End of instructions
2018-02-01 18:52:43,964     INFO Block 7 fixations
2018-02-01 18:52:43,969     INFO Showing fixation at (0, 0)
2018-02-01 18:52:45,174     INFO End of fixations
2018-02-01 18:52:45,180     INFO Showing fixation at (-0.4693782794323083, -0.03626830543625931)
2018-02-01 18:52:46,191     INFO End of fixations
2018-02-01 18:52:46,196     INFO Showing fixation at (-0.49450538148279044, 0.05743034935877667)
2018-02-01 18:52:47,008     INFO End of fixations
2018-02-01 18:52:47,014     INFO Showing fixation at (0.42512545215779723, -0.009618704906581378)
2018-02-01 18:52:48,024     INFO End of fixations
2018-02-01 18:52:48,030     INFO Showing fixation at (0.47033125003651777, 0.02431591894323508)
2018-02-01 18:52:48,841     INFO End of fixations
2018-02-01 18:52:48,846     INFO Showing fixation at (0.434238476524763, 0.005624429157984723)
2018-02-01 18:52:50,057     INFO End of fixations
2018-02-01 18:52:50,062     INFO Showing fixation at (0.038818874351224955, 0.8063330746164028)
2018-02-01 18:52:50,875     INFO End of fixations
2018-02-01 18:52:50,880     INFO Showing fixation at (0.021797549008601827, 0.8536559193287658)
2018-02-01 18:52:51,891     INFO End of fixations
2018-02-01 18:52:51,897     INFO Showing fixation at (0.02326071570034305, -0.7661326301195663)
2018-02-01 18:52:52,708     INFO End of fixations
2018-02-01 18:52:52,713     INFO Showing fixation at (0.034368127494401796, -0.7871732532813309)
2018-02-01 18:52:53,725     INFO End of fixations
2018-02-01 18:52:53,730     INFO Showing fixation at (0.031904810568245026, -0.8357488221967602)
2018-02-01 18:52:54,941     INFO End of fixations
2018-02-01 18:52:54,947     INFO Showing fixation at (-0.42680884815062464, 0.05421477362736983)
2018-02-01 18:52:56,158     INFO End of fixations
2018-02-01 18:52:56,164     INFO Showing fixation at (-0.018474819574491475, 0.7534516528688141)
2018-02-01 18:52:56,978     INFO End of fixations
2018-02-01 18:52:56,986     INFO Showing fixation at (0, 0)
2018-02-01 18:52:58,192     INFO End of fixations
2018-02-01 18:52:58,192     INFO Showing instructions
2018-02-01 18:52:58,193     INFO Instruction: 
2018-02-01 18:52:58,964     INFO Received signal 5 after 0.75677895546 seconds
2018-02-01 18:52:58,965     INFO End of instructions
2018-02-01 18:52:58,965     INFO Block 7 saccades
2018-02-01 18:52:58,970     INFO Showing fixation at (0, 0)
2018-02-01 18:53:00,175     INFO End of fixations
2018-02-01 18:53:00,180     INFO Showing fixation at (-0.4693782794323083, -0.03626830543625931)
2018-02-01 18:53:01,192     INFO End of fixations
2018-02-01 18:53:01,197     INFO Showing fixation at (-0.49450538148279044, 0.05743034935877667)
2018-02-01 18:53:02,008     INFO End of fixations
2018-02-01 18:53:02,014     INFO Showing fixation at (0.42512545215779723, -0.009618704906581378)
2018-02-01 18:53:03,025     INFO End of fixations
2018-02-01 18:53:03,030     INFO Showing fixation at (0.47033125003651777, 0.02431591894323508)
2018-02-01 18:53:03,842     INFO End of fixations
2018-02-01 18:53:03,847     INFO Showing fixation at (0.434238476524763, 0.005624429157984723)
2018-02-01 18:53:05,058     INFO End of fixations
2018-02-01 18:53:05,064     INFO Showing fixation at (0.038818874351224955, 0.8063330746164028)
2018-02-01 18:53:05,875     INFO End of fixations
2018-02-01 18:53:05,881     INFO Showing fixation at (0.021797549008601827, 0.8536559193287658)
2018-02-01 18:53:06,892     INFO End of fixations
2018-02-01 18:53:06,897     INFO Showing fixation at (0.02326071570034305, -0.7661326301195663)
2018-02-01 18:53:07,709     INFO End of fixations
2018-02-01 18:53:07,714     INFO Showing fixation at (0.034368127494401796, -0.7871732532813309)
2018-02-01 18:53:08,724     INFO End of fixations
2018-02-01 18:53:08,730     INFO Showing fixation at (0.031904810568245026, -0.8357488221967602)
2018-02-01 18:53:09,942     INFO End of fixations
2018-02-01 18:53:09,948     INFO Showing fixation at (-0.42680884815062464, 0.05421477362736983)
2018-02-01 18:53:11,158     INFO End of fixations
2018-02-01 18:53:11,163     INFO Showing fixation at (-0.018474819574491475, 0.7534516528688141)
2018-02-01 18:53:11,974     INFO End of fixations
2018-02-01 18:53:11,980     INFO Showing fixation at (0, 0)
2018-02-01 18:53:13,192     INFO End of fixations
2018-02-01 18:53:13,192     INFO Showing instructions
2018-02-01 18:53:13,193     INFO Instruction: 
2018-02-01 18:53:13,963     INFO Received signal 5 after 0.755547046661 seconds
2018-02-01 18:53:13,964     INFO End of instructions
2018-02-01 18:53:13,964     INFO Block 8 fixations
2018-02-01 18:53:13,969     INFO Showing fixation at (0, 0)
2018-02-01 18:53:15,175     INFO End of fixations
2018-02-01 18:53:15,181     INFO Showing fixation at (-0.49954288540052205, 0.01254084845526246)
2018-02-01 18:53:16,392     INFO End of fixations
2018-02-01 18:53:16,397     INFO Showing fixation at (-0.4846381808834551, -0.04944779682726773)
2018-02-01 18:53:17,209     INFO End of fixations
2018-02-01 18:53:17,214     INFO Showing fixation at (-0.0019014333378722936, -0.790381488518646)
2018-02-01 18:53:18,225     INFO End of fixations
2018-02-01 18:53:18,231     INFO Showing fixation at (0.03163134551968354, -0.8383285824703369)
2018-02-01 18:53:19,242     INFO End of fixations
2018-02-01 18:53:19,247     INFO Showing fixation at (0.4485610866806809, 0.010689287578393047)
2018-02-01 18:53:20,258     INFO End of fixations
2018-02-01 18:53:20,264     INFO Showing fixation at (-0.013031371900188514, 0.8644688690303718)
2018-02-01 18:53:21,275     INFO End of fixations
2018-02-01 18:53:21,281     INFO Showing fixation at (0.4339271016305408, -0.03806350904357731)
2018-02-01 18:53:22,092     INFO End of fixations
2018-02-01 18:53:22,098     INFO Showing fixation at (-0.42667305961603125, -0.011201721373330364)
2018-02-01 18:53:22,909     INFO End of fixations
2018-02-01 18:53:22,914     INFO Showing fixation at (0.0004725853124847579, 0.7893868235014624)
2018-02-01 18:53:24,126     INFO End of fixations
2018-02-01 18:53:24,131     INFO Showing fixation at (-0.01846334978071967, 0.8073239511132658)
2018-02-01 18:53:24,942     INFO End of fixations
2018-02-01 18:53:24,948     INFO Showing fixation at (0.4256366483094464, -0.005438618612544327)
2018-02-01 18:53:26,158     INFO End of fixations
2018-02-01 18:53:26,163     INFO Showing fixation at (-0.03804811017881604, -0.7679147157069076)
2018-02-01 18:53:27,376     INFO End of fixations
2018-02-01 18:53:27,384     INFO Showing fixation at (0, 0)
2018-02-01 18:53:28,192     INFO End of fixations
2018-02-01 18:53:28,192     INFO Showing instructions
2018-02-01 18:53:28,193     INFO Instruction: 
2018-02-01 18:53:28,965     INFO Received signal 5 after 0.756060123444 seconds
2018-02-01 18:53:28,965     INFO End of instructions
2018-02-01 18:53:28,965     INFO Block 8 saccades
2018-02-01 18:53:28,971     INFO Showing fixation at (0, 0)
2018-02-01 18:53:30,176     INFO End of fixations
2018-02-01 18:53:30,181     INFO Showing fixation at (-0.49954288540052205, 0.01254084845526246)
2018-02-01 18:53:31,392     INFO End of fixations
2018-02-01 18:53:31,398     INFO Showing fixation at (-0.4846381808834551, -0.04944779682726773)
2018-02-01 18:53:32,209     INFO End of fixations
2018-02-01 18:53:32,214     INFO Showing fixation at (-0.0019014333378722936, -0.790381488518646)
2018-02-01 18:53:33,226     INFO End of fixations
2018-02-01 18:53:33,231     INFO Showing fixation at (0.03163134551968354, -0.8383285824703369)
2018-02-01 18:53:34,242     INFO End of fixations
2018-02-01 18:53:34,248     INFO Showing fixation at (0.4485610866806809, 0.010689287578393047)
2018-02-01 18:53:35,259     INFO End of fixations
2018-02-01 18:53:35,265     INFO Showing fixation at (-0.013031371900188514, 0.8644688690303718)
2018-02-01 18:53:36,276     INFO End of fixations
2018-02-01 18:53:36,281     INFO Showing fixation at (0.4339271016305408, -0.03806350904357731)
2018-02-01 18:53:37,093     INFO End of fixations
2018-02-01 18:53:37,098     INFO Showing fixation at (-0.42667305961603125, -0.011201721373330364)
2018-02-01 18:53:37,909     INFO End of fixations
2018-02-01 18:53:37,915     INFO Showing fixation at (0.0004725853124847579, 0.7893868235014624)
2018-02-01 18:53:39,126     INFO End of fixations
2018-02-01 18:53:39,131     INFO Showing fixation at (-0.01846334978071967, 0.8073239511132658)
2018-02-01 18:53:39,943     INFO End of fixations
2018-02-01 18:53:39,948     INFO Showing fixation at (0.4256366483094464, -0.005438618612544327)
2018-02-01 18:53:41,159     INFO End of fixations
2018-02-01 18:53:41,165     INFO Showing fixation at (-0.03804811017881604, -0.7679147157069076)
2018-02-01 18:53:42,376     INFO End of fixations
2018-02-01 18:53:42,382     INFO Showing fixation at (0, 0)
2018-02-01 18:53:43,193     INFO End of fixations
2018-02-01 18:53:43,193     INFO Showing instructions
2018-02-01 18:53:43,194     INFO Instruction: 
2018-02-01 18:53:43,964     INFO Received signal 5 after 0.754642963409 seconds
2018-02-01 18:53:43,964     INFO End of instructions
2018-02-01 18:53:43,964     INFO Block 9 fixations
2018-02-01 18:53:43,970     INFO Showing fixation at (0, 0)
2018-02-01 18:53:44,776     INFO End of fixations
2018-02-01 18:53:44,782     INFO Showing fixation at (0.4308205152564562, 0.04867183946027205)
2018-02-01 18:53:45,793     INFO End of fixations
2018-02-01 18:53:45,798     INFO Showing fixation at (-0.44749012976309294, 0.0408751411767143)
2018-02-01 18:53:46,610     INFO End of fixations
2018-02-01 18:53:46,615     INFO Showing fixation at (-0.47458461376495076, -0.06681883748784825)
2018-02-01 18:53:47,626     INFO End of fixations
2018-02-01 18:53:47,632     INFO Showing fixation at (-0.004222512672209355, -0.7961581148763901)
2018-02-01 18:53:48,443     INFO End of fixations
2018-02-01 18:53:48,448     INFO Showing fixation at (0.43977047115413975, -0.012637092497135849)
2018-02-01 18:53:49,659     INFO End of fixations
2018-02-01 18:53:49,664     INFO Showing fixation at (-0.4805316263744186, -0.043089798320742084)
2018-02-01 18:53:50,476     INFO End of fixations
2018-02-01 18:53:50,482     INFO Showing fixation at (-0.0012118688947157855, 0.771973808421137)
2018-02-01 18:53:51,693     INFO End of fixations
2018-02-01 18:53:51,698     INFO Showing fixation at (-0.009303371090646988, 0.8517505352764663)
2018-02-01 18:53:52,909     INFO End of fixations
2018-02-01 18:53:52,915     INFO Showing fixation at (0.44492320889633474, -0.036361930545339614)
2018-02-01 18:53:53,926     INFO End of fixations
2018-02-01 18:53:53,932     INFO Showing fixation at (-0.023485921265607636, 0.8296849340081938)
2018-02-01 18:53:55,143     INFO End of fixations
2018-02-01 18:53:55,149     INFO Showing fixation at (0.016661237615651005, -0.890601462293755)
2018-02-01 18:53:55,960     INFO End of fixations
2018-02-01 18:53:55,966     INFO Showing fixation at (-0.030438935009242264, -0.8080338989346673)
2018-02-01 18:53:56,985     INFO End of fixations
2018-02-01 18:53:56,993     INFO Showing fixation at (0, 0)
2018-02-01 18:53:58,210     INFO End of fixations
2018-02-01 18:53:58,210     INFO Showing instructions
2018-02-01 18:53:58,211     INFO Instruction: 
2018-02-01 18:53:58,964     INFO Received signal 5 after 0.737925052643 seconds
2018-02-01 18:53:58,964     INFO End of instructions
2018-02-01 18:53:58,964     INFO Block 9 saccades
2018-02-01 18:53:58,970     INFO Showing fixation at (0, 0)
2018-02-01 18:53:59,777     INFO End of fixations
2018-02-01 18:53:59,782     INFO Showing fixation at (0.4308205152564562, 0.04867183946027205)
2018-02-01 18:54:00,793     INFO End of fixations
2018-02-01 18:54:00,799     INFO Showing fixation at (-0.44749012976309294, 0.0408751411767143)
2018-02-01 18:54:01,610     INFO End of fixations
2018-02-01 18:54:01,616     INFO Showing fixation at (-0.47458461376495076, -0.06681883748784825)
2018-02-01 18:54:02,627     INFO End of fixations
2018-02-01 18:54:02,632     INFO Showing fixation at (-0.004222512672209355, -0.7961581148763901)
2018-02-01 18:54:03,443     INFO End of fixations
2018-02-01 18:54:03,449     INFO Showing fixation at (0.43977047115413975, -0.012637092497135849)
2018-02-01 18:54:04,659     INFO End of fixations
2018-02-01 18:54:04,665     INFO Showing fixation at (-0.4805316263744186, -0.043089798320742084)
2018-02-01 18:54:05,476     INFO End of fixations
2018-02-01 18:54:05,481     INFO Showing fixation at (-0.0012118688947157855, 0.771973808421137)
2018-02-01 18:54:06,693     INFO End of fixations
2018-02-01 18:54:06,699     INFO Showing fixation at (-0.009303371090646988, 0.8517505352764663)
2018-02-01 18:54:07,910     INFO End of fixations
2018-02-01 18:54:07,915     INFO Showing fixation at (0.44492320889633474, -0.036361930545339614)
2018-02-01 18:54:08,927     INFO End of fixations
2018-02-01 18:54:08,933     INFO Showing fixation at (-0.023485921265607636, 0.8296849340081938)
2018-02-01 18:54:10,144     INFO End of fixations
2018-02-01 18:54:10,149     INFO Showing fixation at (0.016661237615651005, -0.890601462293755)
2018-02-01 18:54:10,960     INFO End of fixations
2018-02-01 18:54:10,967     INFO Showing fixation at (-0.030438935009242264, -0.8080338989346673)
2018-02-01 18:54:11,977     INFO End of fixations
2018-02-01 18:54:11,983     INFO Showing fixation at (0, 0)
2018-02-01 18:54:13,194     INFO End of fixations
2018-02-01 18:54:13,198     INFO Showing fixation at (0, 0) for 8 second(s)
2018-02-01 18:54:13,964     INFO Received trigger 5
2018-02-01 18:54:14,963     INFO Received trigger 5
2018-02-01 18:54:15,964     INFO Received trigger 5
2018-02-01 18:54:16,963     INFO Received trigger 5
2018-02-01 18:54:17,964     INFO Received trigger 5
2018-02-01 18:54:18,964     INFO Received trigger 5
2018-02-01 18:54:19,964     INFO Received trigger 5
2018-02-01 18:54:33,417     INFO Received trigger 5
2018-02-01 18:54:33,417     INFO End of fixations
2018-02-01 18:54:33,417     INFO End of experiment
