2018-09-26 14:12:51,266     INFO #[ PsychoPy2 RuntimeInfoStart ]
  #[[ PsychoPy ]] #---------
    psychopyVersion: 1.85.4
    psychopyHaveExtRush: True
  #[[ Experiment ]] #---------
    experimentRunTime: 2018_09_26 14:12 (Year_Month_Day Hour:Min)
    experimentRunTime.epoch: 1537996368
    experimentScript: localizer.py
    experimentScript.digestSHA1: 73af835c2bb6458b858315d12675d6355738a2b3
    experimentScript.directory: /Users/mengdu/Repos/hierarchy/saccades
  #[[ System ]] #---------
    systemHaveInternetAccess: True
    systemHostName: mengs-mbp.ad.medctr.ucla.edu
    systemLocale: C
    systemMemFreeRAM: 3157.1328125
    systemMemTotalRAM: 8192.0
    systemPlatform: darwin 10.13.6 x86_64
    systemPyo.InputDevices: {0: {'host api index': 0, 'latency': 0.0029478457290679216, 'default sr': 44100, 'name': u'Built-in Microph'}, 3: {'host api index': 0, 'latency': 0.009999999776482582, 'default sr': 44100, 'name': u'NoMachine Audio Adapter'}, 4: {'host api index': 0, 'latency': 0.009999999776482582, 'default sr': 44100, 'name': u'NoMachine Microphone Adapter'}}
    systemPyo.OutputDevices: {1: {'host api index': 0, 'latency': 0.018798185512423515, 'default sr': 44100, 'name': u'Built-in Output'}, 2: {'host api index': 0, 'latency': 0.0014375000027939677, 'default sr': 48000, 'name': u'HDMI'}, 3: {'host api index': 0, 'latency': 0.001451247138902545, 'default sr': 44100, 'name': u'NoMachine Audio Adapter'}, 4: {'host api index': 0, 'latency': 0.001451247138902545, 'default sr': 44100, 'name': u'NoMachine Microphone Adapter'}}
    systemPyoVersion: 0.8.6
    systemRebooted: Jul 17 10:36
    systemSec.OpenSSLVersion: LibreSSL 2.2.7
    systemSec.pythonSSL: True
    systemTimeNumpySD1000000_sec: 0.0056
    systemUser: mengdu
    systemUserID: 501
    systemUserProcCount: 152
    systemUserProcFlagged: iTunes mdworker Safari
    systemUsersCount: 1
  #[[ Window ]] #---------
    windowRefreshTimeSD_ms: 0.030
    windowRefreshTimeMedian_ms: 16.667
    windowRefreshTimeAvg_ms: 16.667
  #[[ Python ]] #---------
    pythonVersion: 2.7.12
  #[[ OpenGL ]] #---------
#[ PsychoPy2 RuntimeInfoEnd ]

2018-09-26 14:12:51,464     INFO Showing instructions
2018-09-26 14:12:51,501     INFO Instruction: When you see a RED cross, plea...
2018-09-26 14:12:52,415     INFO Received response [('space', 0.8888158798217773)]
2018-09-26 14:12:52,415     INFO End of instructions
2018-09-26 14:12:52,415     INFO Showing instructions
2018-09-26 14:12:52,445     INFO Instruction: When you see a RED cross, plea...
2018-09-26 14:13:04,272     INFO Received signal 5 after 11.8231668472 seconds
2018-09-26 14:13:04,273     INFO End of instructions
2018-09-26 14:13:04,273     INFO Showing instructions
2018-09-26 14:13:04,274     INFO Instruction: 
2018-09-26 14:13:05,272     INFO Received signal 5 after 0.989030122757 seconds
2018-09-26 14:13:05,272     INFO End of instructions
2018-09-26 14:13:05,272     INFO Block 0 fixations
2018-09-26 14:13:05,283     INFO Showing fixation at (0, 0)
2018-09-26 14:13:06,300     INFO End of fixations
2018-09-26 14:13:06,309     INFO Showing fixation at (-0.0029605357519176395, 0.8041963610129252)
2018-09-26 14:13:07,517     INFO End of fixations
2018-09-26 14:13:07,526     INFO Showing fixation at (0.4941835162793315, -0.05492815526756867)
2018-09-26 14:13:08,333     INFO End of fixations
2018-09-26 14:13:08,340     INFO Showing fixation at (0.42865670283072904, 0.04286703310857014)
2018-09-26 14:13:09,350     INFO End of fixations
2018-09-26 14:13:09,359     INFO Showing fixation at (-0.0012825825118329276, -0.7984997300181099)
2018-09-26 14:13:10,167     INFO End of fixations
2018-09-26 14:13:10,176     INFO Showing fixation at (0.0019572622398414258, -0.8099299498618104)
2018-09-26 14:13:10,984     INFO End of fixations
2018-09-26 14:13:10,992     INFO Showing fixation at (0.014476572524395784, 0.7545931914286487)
2018-09-26 14:13:12,200     INFO End of fixations
2018-09-26 14:13:12,208     INFO Showing fixation at (0.03106246418969001, 0.7775253507257504)
2018-09-26 14:13:13,417     INFO End of fixations
2018-09-26 14:13:13,426     INFO Showing fixation at (-0.020097755733524993, -0.7870851772076041)
2018-09-26 14:13:14,234     INFO End of fixations
2018-09-26 14:13:14,241     INFO Showing fixation at (-0.4436512291483469, 0.03303140163662249)
2018-09-26 14:13:15,051     INFO End of fixations
2018-09-26 14:13:15,060     INFO Showing fixation at (-0.4825129530497926, -0.06692419900505339)
2018-09-26 14:13:16,067     INFO End of fixations
2018-09-26 14:13:16,074     INFO Showing fixation at (0.4587261257426, -0.019475210297205704)
2018-09-26 14:13:17,284     INFO End of fixations
2018-09-26 14:13:17,293     INFO Showing fixation at (-0.43347793199058265, 0.06399421663113417)
2018-09-26 14:13:18,501     INFO End of fixations
2018-09-26 14:13:18,510     INFO Showing fixation at (0, 0)
2018-09-26 14:13:19,516     INFO End of fixations
2018-09-26 14:13:19,517     INFO Showing instructions
2018-09-26 14:13:19,517     INFO Instruction: 
2018-09-26 14:13:20,283     INFO Received signal 5 after 0.749678850174 seconds
2018-09-26 14:13:20,283     INFO End of instructions
2018-09-26 14:13:20,284     INFO Block 0 saccades
2018-09-26 14:13:20,294     INFO Showing fixation at (0, 0)
2018-09-26 14:13:21,301     INFO End of fixations
2018-09-26 14:13:21,311     INFO Showing fixation at (-0.0029605357519176395, 0.8041963610129252)
2018-09-26 14:13:22,517     INFO End of fixations
2018-09-26 14:13:22,526     INFO Showing fixation at (0.4941835162793315, -0.05492815526756867)
2018-09-26 14:13:23,334     INFO End of fixations
2018-09-26 14:13:23,343     INFO Showing fixation at (0.42865670283072904, 0.04286703310857014)
2018-09-26 14:13:24,350     INFO End of fixations
2018-09-26 14:13:24,356     INFO Showing fixation at (-0.0012825825118329276, -0.7984997300181099)
2018-09-26 14:13:25,168     INFO End of fixations
2018-09-26 14:13:25,177     INFO Showing fixation at (0.0019572622398414258, -0.8099299498618104)
2018-09-26 14:13:25,984     INFO End of fixations
2018-09-26 14:13:25,992     INFO Showing fixation at (0.014476572524395784, 0.7545931914286487)
2018-09-26 14:13:27,201     INFO End of fixations
2018-09-26 14:13:27,210     INFO Showing fixation at (0.03106246418969001, 0.7775253507257504)
2018-09-26 14:13:28,417     INFO End of fixations
2018-09-26 14:13:28,426     INFO Showing fixation at (-0.020097755733524993, -0.7870851772076041)
2018-09-26 14:13:29,234     INFO End of fixations
2018-09-26 14:13:29,243     INFO Showing fixation at (-0.4436512291483469, 0.03303140163662249)
2018-09-26 14:13:30,051     INFO End of fixations
2018-09-26 14:13:30,060     INFO Showing fixation at (-0.4825129530497926, -0.06692419900505339)
2018-09-26 14:13:31,067     INFO End of fixations
2018-09-26 14:13:31,077     INFO Showing fixation at (0.4587261257426, -0.019475210297205704)
2018-09-26 14:13:32,284     INFO End of fixations
2018-09-26 14:13:32,292     INFO Showing fixation at (-0.43347793199058265, 0.06399421663113417)
2018-09-26 14:13:33,501     INFO End of fixations
2018-09-26 14:13:33,509     INFO Showing fixation at (0, 0)
2018-09-26 14:13:34,518     INFO End of fixations
2018-09-26 14:13:34,518     INFO Showing instructions
2018-09-26 14:13:34,519     INFO Instruction: 
2018-09-26 14:13:35,272     INFO Received signal 5 after 0.738080024719 seconds
2018-09-26 14:13:35,272     INFO End of instructions
2018-09-26 14:13:35,272     INFO Block 1 fixations
2018-09-26 14:13:35,281     INFO Showing fixation at (0, 0)
2018-09-26 14:13:36,101     INFO End of fixations
2018-09-26 14:13:36,114     INFO Showing fixation at (-0.44269618639236963, -0.04293271428926364)
2018-09-26 14:13:37,118     INFO End of fixations
2018-09-26 14:13:37,124     INFO Showing fixation at (-0.44369621535637815, 0.004188027857244522)
2018-09-26 14:13:37,934     INFO End of fixations
2018-09-26 14:13:37,943     INFO Showing fixation at (0.4320585802715884, 0.01075774234996213)
2018-09-26 14:13:38,950     INFO End of fixations
2018-09-26 14:13:38,956     INFO Showing fixation at (-0.010624093974278312, 0.7590162020803185)
2018-09-26 14:13:40,168     INFO End of fixations
2018-09-26 14:13:40,177     INFO Showing fixation at (0.007239072889673792, -0.801323388517446)
2018-09-26 14:13:40,984     INFO End of fixations
2018-09-26 14:13:40,992     INFO Showing fixation at (-0.035971125436880566, -0.8887139158550287)
2018-09-26 14:13:42,201     INFO End of fixations
2018-09-26 14:13:42,210     INFO Showing fixation at (-0.43034655840446057, -0.0686588868429974)
2018-09-26 14:13:43,218     INFO End of fixations
2018-09-26 14:13:43,227     INFO Showing fixation at (0.024710064490799155, -0.8676540603668244)
2018-09-26 14:13:44,234     INFO End of fixations
2018-09-26 14:13:44,243     INFO Showing fixation at (-0.024242315150123504, 0.7591599375010264)
2018-09-26 14:13:45,452     INFO End of fixations
2018-09-26 14:13:45,461     INFO Showing fixation at (0.019647318233449923, 0.8846838776028929)
2018-09-26 14:13:46,668     INFO End of fixations
2018-09-26 14:13:46,673     INFO Showing fixation at (0.4914714634679005, -0.04509917145522373)
2018-09-26 14:13:47,485     INFO End of fixations
2018-09-26 14:13:47,490     INFO Showing fixation at (0.4932002280862556, -0.051250298895712997)
2018-09-26 14:13:48,301     INFO End of fixations
2018-09-26 14:13:48,310     INFO Showing fixation at (0, 0)
2018-09-26 14:13:49,518     INFO End of fixations
2018-09-26 14:13:49,518     INFO Showing instructions
2018-09-26 14:13:49,520     INFO Instruction: 
2018-09-26 14:13:50,277     INFO Received signal 5 after 0.742229938507 seconds
2018-09-26 14:13:50,277     INFO End of instructions
2018-09-26 14:13:50,277     INFO Block 1 saccades
2018-09-26 14:13:50,287     INFO Showing fixation at (0, 0)
2018-09-26 14:13:51,102     INFO End of fixations
2018-09-26 14:13:51,112     INFO Showing fixation at (-0.44269618639236963, -0.04293271428926364)
2018-09-26 14:13:52,118     INFO End of fixations
2018-09-26 14:13:52,127     INFO Showing fixation at (-0.44369621535637815, 0.004188027857244522)
2018-09-26 14:13:52,935     INFO End of fixations
2018-09-26 14:13:52,942     INFO Showing fixation at (0.4320585802715884, 0.01075774234996213)
2018-09-26 14:13:53,951     INFO End of fixations
2018-09-26 14:13:53,958     INFO Showing fixation at (-0.010624093974278312, 0.7590162020803185)
2018-09-26 14:13:55,168     INFO End of fixations
2018-09-26 14:13:55,178     INFO Showing fixation at (0.007239072889673792, -0.801323388517446)
2018-09-26 14:13:55,985     INFO End of fixations
2018-09-26 14:13:55,993     INFO Showing fixation at (-0.035971125436880566, -0.8887139158550287)
2018-09-26 14:13:57,202     INFO End of fixations
2018-09-26 14:13:57,211     INFO Showing fixation at (-0.43034655840446057, -0.0686588868429974)
2018-09-26 14:13:58,218     INFO End of fixations
2018-09-26 14:13:58,227     INFO Showing fixation at (0.024710064490799155, -0.8676540603668244)
2018-09-26 14:13:59,235     INFO End of fixations
2018-09-26 14:13:59,241     INFO Showing fixation at (-0.024242315150123504, 0.7591599375010264)
2018-09-26 14:14:00,452     INFO End of fixations
2018-09-26 14:14:00,461     INFO Showing fixation at (0.019647318233449923, 0.8846838776028929)
2018-09-26 14:14:01,668     INFO End of fixations
2018-09-26 14:14:01,678     INFO Showing fixation at (0.4914714634679005, -0.04509917145522373)
2018-09-26 14:14:02,485     INFO End of fixations
2018-09-26 14:14:02,493     INFO Showing fixation at (0.4932002280862556, -0.051250298895712997)
2018-09-26 14:14:03,302     INFO End of fixations
2018-09-26 14:14:03,311     INFO Showing fixation at (0, 0)
2018-09-26 14:14:04,519     INFO End of fixations
2018-09-26 14:14:04,519     INFO Showing instructions
2018-09-26 14:14:04,520     INFO Instruction: 
2018-09-26 14:14:05,271     INFO Received signal 5 after 0.736772060394 seconds
2018-09-26 14:14:05,271     INFO End of instructions
2018-09-26 14:14:05,272     INFO Block 2 fixations
2018-09-26 14:14:05,278     INFO Showing fixation at (0, 0)
2018-09-26 14:14:06,486     INFO End of fixations
2018-09-26 14:14:06,495     INFO Showing fixation at (0.45495371389135647, 0.030099282610097033)
2018-09-26 14:14:07,702     INFO End of fixations
2018-09-26 14:14:07,711     INFO Showing fixation at (-0.43056959376677884, -0.012031909010493114)
2018-09-26 14:14:08,918     INFO End of fixations
2018-09-26 14:14:08,927     INFO Showing fixation at (0.021442420087275378, 0.8668699997127922)
2018-09-26 14:14:09,935     INFO End of fixations
2018-09-26 14:14:09,941     INFO Showing fixation at (-0.006175324141088415, -0.8140540513004801)
2018-09-26 14:14:10,751     INFO End of fixations
2018-09-26 14:14:10,760     INFO Showing fixation at (-0.010527952150214862, -0.8084136276126506)
2018-09-26 14:14:11,569     INFO End of fixations
2018-09-26 14:14:11,578     INFO Showing fixation at (0.026086925932003735, -0.7807159897324011)
2018-09-26 14:14:12,385     INFO End of fixations
2018-09-26 14:14:12,394     INFO Showing fixation at (-0.4846290484070291, -0.01695844091679994)
2018-09-26 14:14:13,202     INFO End of fixations
2018-09-26 14:14:13,211     INFO Showing fixation at (-0.010625239619318314, 0.8684921661670624)
2018-09-26 14:14:14,419     INFO End of fixations
2018-09-26 14:14:14,428     INFO Showing fixation at (0.4485241236313958, -0.039081343455521625)
2018-09-26 14:14:15,435     INFO End of fixations
2018-09-26 14:14:15,443     INFO Showing fixation at (0.46850820907122326, 0.0039245474509900236)
2018-09-26 14:14:16,653     INFO End of fixations
2018-09-26 14:14:16,661     INFO Showing fixation at (-0.016306199815947185, 0.7947633181500026)
2018-09-26 14:14:17,669     INFO End of fixations
2018-09-26 14:14:17,678     INFO Showing fixation at (-0.4848181564796575, 0.004719615738979777)
2018-09-26 14:14:18,686     INFO End of fixations
2018-09-26 14:14:18,695     INFO Showing fixation at (0, 0)
2018-09-26 14:14:19,502     INFO End of fixations
2018-09-26 14:14:19,503     INFO Showing instructions
2018-09-26 14:14:19,504     INFO Instruction: 
2018-09-26 14:14:20,275     INFO Received signal 5 after 0.756541967392 seconds
2018-09-26 14:14:20,275     INFO End of instructions
2018-09-26 14:14:20,276     INFO Block 2 saccades
2018-09-26 14:14:20,285     INFO Showing fixation at (0, 0)
2018-09-26 14:14:21,502     INFO End of fixations
2018-09-26 14:14:21,510     INFO Showing fixation at (0.45495371389135647, 0.030099282610097033)
2018-09-26 14:14:22,719     INFO End of fixations
2018-09-26 14:14:22,728     INFO Showing fixation at (-0.43056959376677884, -0.012031909010493114)
2018-09-26 14:14:23,936     INFO End of fixations
2018-09-26 14:14:23,945     INFO Showing fixation at (0.021442420087275378, 0.8668699997127922)
2018-09-26 14:14:24,952     INFO End of fixations
2018-09-26 14:14:24,960     INFO Showing fixation at (-0.006175324141088415, -0.8140540513004801)
2018-09-26 14:14:25,769     INFO End of fixations
2018-09-26 14:14:25,775     INFO Showing fixation at (-0.010527952150214862, -0.8084136276126506)
2018-09-26 14:14:26,586     INFO End of fixations
2018-09-26 14:14:26,593     INFO Showing fixation at (0.026086925932003735, -0.7807159897324011)
2018-09-26 14:14:27,402     INFO End of fixations
2018-09-26 14:14:27,411     INFO Showing fixation at (-0.4846290484070291, -0.01695844091679994)
2018-09-26 14:14:28,219     INFO End of fixations
2018-09-26 14:14:28,229     INFO Showing fixation at (-0.010625239619318314, 0.8684921661670624)
2018-09-26 14:14:29,436     INFO End of fixations
2018-09-26 14:14:29,442     INFO Showing fixation at (0.4485241236313958, -0.039081343455521625)
2018-09-26 14:14:30,453     INFO End of fixations
2018-09-26 14:14:30,462     INFO Showing fixation at (0.46850820907122326, 0.0039245474509900236)
2018-09-26 14:14:31,669     INFO End of fixations
2018-09-26 14:14:31,680     INFO Showing fixation at (-0.016306199815947185, 0.7947633181500026)
2018-09-26 14:14:32,686     INFO End of fixations
2018-09-26 14:14:32,695     INFO Showing fixation at (-0.4848181564796575, 0.004719615738979777)
2018-09-26 14:14:33,703     INFO End of fixations
2018-09-26 14:14:33,708     INFO Showing fixation at (0, 0)
2018-09-26 14:14:34,519     INFO End of fixations
2018-09-26 14:14:34,520     INFO Showing instructions
2018-09-26 14:14:34,520     INFO Instruction: 
2018-09-26 14:14:35,272     INFO Received signal 5 after 0.736259937286 seconds
2018-09-26 14:14:35,272     INFO End of instructions
2018-09-26 14:14:35,272     INFO Block 3 fixations
2018-09-26 14:14:35,278     INFO Showing fixation at (0, 0)
2018-09-26 14:14:36,286     INFO End of fixations
2018-09-26 14:14:36,397     INFO Showing fixation at (-0.49478267028743744, 0.054576246831352385)
2018-09-26 14:14:37,202     INFO End of fixations
2018-09-26 14:14:37,208     INFO Showing fixation at (0.46402315512575626, 0.014497294116714382)
2018-09-26 14:14:38,420     INFO End of fixations
2018-09-26 14:14:38,427     INFO Showing fixation at (-0.014291315702705781, 0.8420841199237061)
2018-09-26 14:14:39,236     INFO End of fixations
2018-09-26 14:14:39,245     INFO Showing fixation at (-0.006962440306505786, -0.852446023422186)
2018-09-26 14:14:40,053     INFO End of fixations
2018-09-26 14:14:40,062     INFO Showing fixation at (0.02854424847948403, 0.8625468771424685)
2018-09-26 14:14:40,869     INFO End of fixations
2018-09-26 14:14:40,879     INFO Showing fixation at (0.48040392039351654, 0.014684620486381611)
2018-09-26 14:14:41,887     INFO End of fixations
2018-09-26 14:14:41,896     INFO Showing fixation at (-0.010167863212597224, 0.8567138503006821)
2018-09-26 14:14:42,903     INFO End of fixations
2018-09-26 14:14:42,912     INFO Showing fixation at (-0.4757990552298352, -0.06360381469383107)
2018-09-26 14:14:44,120     INFO End of fixations
2018-09-26 14:14:44,129     INFO Showing fixation at (-0.010182405178643099, -0.768131262552886)
2018-09-26 14:14:45,136     INFO End of fixations
2018-09-26 14:14:45,143     INFO Showing fixation at (0.43239258494670774, -0.05129208175762623)
2018-09-26 14:14:46,353     INFO End of fixations
2018-09-26 14:14:46,358     INFO Showing fixation at (-0.036402015422629566, -0.8598708378228002)
2018-09-26 14:14:47,570     INFO End of fixations
2018-09-26 14:14:47,579     INFO Showing fixation at (-0.4621882791974725, 0.05993101791041486)
2018-09-26 14:14:48,411     INFO End of fixations
2018-09-26 14:14:48,481     INFO Showing fixation at (0, 0)
2018-09-26 14:14:49,704     INFO End of fixations
2018-09-26 14:14:49,704     INFO Showing instructions
2018-09-26 14:14:49,706     INFO Instruction: 
2018-09-26 14:14:50,274     INFO Received signal 5 after 0.554175138474 seconds
2018-09-26 14:14:50,274     INFO End of instructions
2018-09-26 14:14:50,274     INFO Block 3 saccades
2018-09-26 14:14:50,284     INFO Showing fixation at (0, 0)
2018-09-26 14:14:51,303     INFO End of fixations
2018-09-26 14:14:51,319     INFO Showing fixation at (-0.49478267028743744, 0.054576246831352385)
2018-09-26 14:14:52,136     INFO End of fixations
2018-09-26 14:14:52,144     INFO Showing fixation at (0.46402315512575626, 0.014497294116714382)
2018-09-26 14:14:53,353     INFO End of fixations
2018-09-26 14:14:53,363     INFO Showing fixation at (-0.014291315702705781, 0.8420841199237061)
2018-09-26 14:14:54,170     INFO End of fixations
2018-09-26 14:14:54,179     INFO Showing fixation at (-0.006962440306505786, -0.852446023422186)
2018-09-26 14:14:54,987     INFO End of fixations
2018-09-26 14:14:54,992     INFO Showing fixation at (0.02854424847948403, 0.8625468771424685)
2018-09-26 14:14:55,804     INFO End of fixations
2018-09-26 14:14:55,813     INFO Showing fixation at (0.48040392039351654, 0.014684620486381611)
2018-09-26 14:14:56,820     INFO End of fixations
2018-09-26 14:14:56,830     INFO Showing fixation at (-0.010167863212597224, 0.8567138503006821)
2018-09-26 14:14:57,837     INFO End of fixations
2018-09-26 14:14:57,846     INFO Showing fixation at (-0.4757990552298352, -0.06360381469383107)
2018-09-26 14:14:59,053     INFO End of fixations
2018-09-26 14:14:59,059     INFO Showing fixation at (-0.010182405178643099, -0.768131262552886)
2018-09-26 14:15:00,070     INFO End of fixations
2018-09-26 14:15:00,077     INFO Showing fixation at (0.43239258494670774, -0.05129208175762623)
2018-09-26 14:15:01,287     INFO End of fixations
2018-09-26 14:15:01,297     INFO Showing fixation at (-0.036402015422629566, -0.8598708378228002)
2018-09-26 14:15:02,504     INFO End of fixations
2018-09-26 14:15:02,513     INFO Showing fixation at (-0.4621882791974725, 0.05993101791041486)
2018-09-26 14:15:03,320     INFO End of fixations
2018-09-26 14:15:03,330     INFO Showing fixation at (0, 0)
2018-09-26 14:15:04,537     INFO End of fixations
2018-09-26 14:15:04,537     INFO Showing instructions
2018-09-26 14:15:04,538     INFO Instruction: 
2018-09-26 14:15:05,272     INFO Received signal 5 after 0.718699932098 seconds
2018-09-26 14:15:05,272     INFO End of instructions
2018-09-26 14:15:05,272     INFO Block 4 fixations
2018-09-26 14:15:05,281     INFO Showing fixation at (0, 0)
2018-09-26 14:15:06,087     INFO End of fixations
2018-09-26 14:15:06,097     INFO Showing fixation at (0.4371350763161338, 0.009568787426112321)
2018-09-26 14:15:07,304     INFO End of fixations
2018-09-26 14:15:07,313     INFO Showing fixation at (0.44059571445210927, -0.051366022724932486)
2018-09-26 14:15:08,120     INFO End of fixations
2018-09-26 14:15:08,128     INFO Showing fixation at (0.032244423253585355, 0.7803891959941939)
2018-09-26 14:15:09,137     INFO End of fixations
2018-09-26 14:15:09,146     INFO Showing fixation at (-0.46611492200434934, 0.0426464757569561)
2018-09-26 14:15:10,154     INFO End of fixations
2018-09-26 14:15:10,163     INFO Showing fixation at (-0.4704400519914874, 0.05784924771899935)
2018-09-26 14:15:11,371     INFO End of fixations
2018-09-26 14:15:11,380     INFO Showing fixation at (-0.037345712322989985, 0.8322112768239384)
2018-09-26 14:15:12,187     INFO End of fixations
2018-09-26 14:15:12,193     INFO Showing fixation at (0.01610704131864385, -0.8748059287231538)
2018-09-26 14:15:13,404     INFO End of fixations
2018-09-26 14:15:13,413     INFO Showing fixation at (-0.012834221793996542, -0.7778877018218894)
2018-09-26 14:15:14,422     INFO End of fixations
2018-09-26 14:15:14,431     INFO Showing fixation at (0.45203747123372034, 0.00916739622244131)
2018-09-26 14:15:15,639     INFO End of fixations
2018-09-26 14:15:15,648     INFO Showing fixation at (0.013318604170640326, 0.7555468421783917)
2018-09-26 14:15:16,456     INFO End of fixations
2018-09-26 14:15:16,465     INFO Showing fixation at (-0.018814314075199866, -0.8343399427783985)
2018-09-26 14:15:17,473     INFO End of fixations
2018-09-26 14:15:17,482     INFO Showing fixation at (-0.4545759677092457, 0.001301484220623511)
2018-09-26 14:15:18,690     INFO End of fixations
2018-09-26 14:15:18,696     INFO Showing fixation at (0, 0)
2018-09-26 14:15:19,508     INFO End of fixations
2018-09-26 14:15:19,508     INFO Showing instructions
2018-09-26 14:15:19,509     INFO Instruction: 
2018-09-26 14:15:20,279     INFO Received signal 5 after 0.755383014679 seconds
2018-09-26 14:15:20,279     INFO End of instructions
2018-09-26 14:15:20,279     INFO Block 4 saccades
2018-09-26 14:15:20,289     INFO Showing fixation at (0, 0)
2018-09-26 14:15:21,108     INFO End of fixations
2018-09-26 14:15:21,116     INFO Showing fixation at (0.4371350763161338, 0.009568787426112321)
2018-09-26 14:15:22,325     INFO End of fixations
2018-09-26 14:15:22,334     INFO Showing fixation at (0.44059571445210927, -0.051366022724932486)
2018-09-26 14:15:23,142     INFO End of fixations
2018-09-26 14:15:23,152     INFO Showing fixation at (0.032244423253585355, 0.7803891959941939)
2018-09-26 14:15:24,158     INFO End of fixations
2018-09-26 14:15:24,165     INFO Showing fixation at (-0.46611492200434934, 0.0426464757569561)
2018-09-26 14:15:25,176     INFO End of fixations
2018-09-26 14:15:25,186     INFO Showing fixation at (-0.4704400519914874, 0.05784924771899935)
2018-09-26 14:15:26,393     INFO End of fixations
2018-09-26 14:15:26,399     INFO Showing fixation at (-0.037345712322989985, 0.8322112768239384)
2018-09-26 14:15:27,210     INFO End of fixations
2018-09-26 14:15:27,220     INFO Showing fixation at (0.01610704131864385, -0.8748059287231538)
2018-09-26 14:15:28,427     INFO End of fixations
2018-09-26 14:15:28,433     INFO Showing fixation at (-0.012834221793996542, -0.7778877018218894)
2018-09-26 14:15:29,444     INFO End of fixations
2018-09-26 14:15:29,453     INFO Showing fixation at (0.45203747123372034, 0.00916739622244131)
2018-09-26 14:15:30,661     INFO End of fixations
2018-09-26 14:15:30,669     INFO Showing fixation at (0.013318604170640326, 0.7555468421783917)
2018-09-26 14:15:31,478     INFO End of fixations
2018-09-26 14:15:31,487     INFO Showing fixation at (-0.018814314075199866, -0.8343399427783985)
2018-09-26 14:15:32,494     INFO End of fixations
2018-09-26 14:15:32,500     INFO Showing fixation at (-0.4545759677092457, 0.001301484220623511)
2018-09-26 14:15:33,712     INFO End of fixations
2018-09-26 14:15:33,720     INFO Showing fixation at (0, 0)
2018-09-26 14:15:34,528     INFO End of fixations
2018-09-26 14:15:34,529     INFO Showing instructions
2018-09-26 14:15:34,530     INFO Instruction: 
2018-09-26 14:15:35,278     INFO Received signal 5 after 0.733893871307 seconds
2018-09-26 14:15:35,278     INFO End of instructions
2018-09-26 14:15:35,279     INFO Block 5 fixations
2018-09-26 14:15:35,287     INFO Showing fixation at (0, 0)
2018-09-26 14:15:36,495     INFO End of fixations
2018-09-26 14:15:36,504     INFO Showing fixation at (-0.44079446381729653, -0.019382239225453887)
2018-09-26 14:15:37,512     INFO End of fixations
2018-09-26 14:15:37,522     INFO Showing fixation at (0.015627326533767354, 0.8087883177292954)
2018-09-26 14:15:38,729     INFO End of fixations
2018-09-26 14:15:38,738     INFO Showing fixation at (-0.024256554194614185, -0.8572421779449958)
2018-09-26 14:15:39,946     INFO End of fixations
2018-09-26 14:15:39,955     INFO Showing fixation at (-0.44808708216033666, 0.04661582807455947)
2018-09-26 14:15:41,163     INFO End of fixations
2018-09-26 14:15:41,172     INFO Showing fixation at (0.016091137501523863, -0.7672542792000958)
2018-09-26 14:15:41,979     INFO End of fixations
2018-09-26 14:15:41,989     INFO Showing fixation at (0.4490700364298545, -0.05316756525716555)
2018-09-26 14:15:42,796     INFO End of fixations
2018-09-26 14:15:42,806     INFO Showing fixation at (0.4498906429416935, -0.027454356830033527)
2018-09-26 14:15:43,613     INFO End of fixations
2018-09-26 14:15:43,622     INFO Showing fixation at (-0.02945356153683032, 0.7662505927519551)
2018-09-26 14:15:44,830     INFO End of fixations
2018-09-26 14:15:44,839     INFO Showing fixation at (-0.002396433902309869, 0.8059133715997745)
2018-09-26 14:15:45,847     INFO End of fixations
2018-09-26 14:15:45,856     INFO Showing fixation at (-0.48109672648737206, 0.03895308541016)
2018-09-26 14:15:46,863     INFO End of fixations
2018-09-26 14:15:46,869     INFO Showing fixation at (0.4598151374099403, 0.026699345543224853)
2018-09-26 14:15:47,680     INFO End of fixations
2018-09-26 14:15:47,688     INFO Showing fixation at (0.03852228036290313, -0.8798168727305543)
2018-09-26 14:15:48,697     INFO End of fixations
2018-09-26 14:15:48,702     INFO Showing fixation at (0, 0)
2018-09-26 14:15:49,513     INFO End of fixations
2018-09-26 14:15:49,514     INFO Showing instructions
2018-09-26 14:15:49,514     INFO Instruction: 
2018-09-26 14:15:50,289     INFO Received signal 5 after 0.759186029434 seconds
2018-09-26 14:15:50,289     INFO End of instructions
2018-09-26 14:15:50,289     INFO Block 5 saccades
2018-09-26 14:15:50,299     INFO Showing fixation at (0, 0)
2018-09-26 14:15:51,514     INFO End of fixations
2018-09-26 14:15:51,522     INFO Showing fixation at (-0.44079446381729653, -0.019382239225453887)
2018-09-26 14:15:52,530     INFO End of fixations
2018-09-26 14:15:52,540     INFO Showing fixation at (0.015627326533767354, 0.8087883177292954)
2018-09-26 14:15:53,747     INFO End of fixations
2018-09-26 14:15:53,753     INFO Showing fixation at (-0.024256554194614185, -0.8572421779449958)
2018-09-26 14:15:54,963     INFO End of fixations
2018-09-26 14:15:54,969     INFO Showing fixation at (-0.44808708216033666, 0.04661582807455947)
2018-09-26 14:15:56,181     INFO End of fixations
2018-09-26 14:15:56,187     INFO Showing fixation at (0.016091137501523863, -0.7672542792000958)
2018-09-26 14:15:56,998     INFO End of fixations
2018-09-26 14:15:57,006     INFO Showing fixation at (0.4490700364298545, -0.05316756525716555)
2018-09-26 14:15:57,813     INFO End of fixations
2018-09-26 14:15:57,821     INFO Showing fixation at (0.4498906429416935, -0.027454356830033527)
2018-09-26 14:15:58,631     INFO End of fixations
2018-09-26 14:15:58,637     INFO Showing fixation at (-0.02945356153683032, 0.7662505927519551)
2018-09-26 14:15:59,847     INFO End of fixations
2018-09-26 14:15:59,855     INFO Showing fixation at (-0.002396433902309869, 0.8059133715997745)
2018-09-26 14:16:00,863     INFO End of fixations
2018-09-26 14:16:00,873     INFO Showing fixation at (-0.48109672648737206, 0.03895308541016)
2018-09-26 14:16:01,881     INFO End of fixations
2018-09-26 14:16:01,886     INFO Showing fixation at (0.4598151374099403, 0.026699345543224853)
2018-09-26 14:16:02,698     INFO End of fixations
2018-09-26 14:16:02,706     INFO Showing fixation at (0.03852228036290313, -0.8798168727305543)
2018-09-26 14:16:03,714     INFO End of fixations
2018-09-26 14:16:03,722     INFO Showing fixation at (0, 0)
2018-09-26 14:16:04,531     INFO End of fixations
2018-09-26 14:16:04,531     INFO Showing instructions
2018-09-26 14:16:04,533     INFO Instruction: 
2018-09-26 14:16:05,281     INFO Received signal 5 after 0.733411073685 seconds
2018-09-26 14:16:05,281     INFO End of instructions
2018-09-26 14:16:05,281     INFO Block 6 fixations
2018-09-26 14:16:05,288     INFO Showing fixation at (0, 0)
2018-09-26 14:16:06,498     INFO End of fixations
2018-09-26 14:16:06,506     INFO Showing fixation at (0.43293308672582226, -0.019581337258167283)
2018-09-26 14:16:07,315     INFO End of fixations
2018-09-26 14:16:07,324     INFO Showing fixation at (-0.4430982153569392, -0.03614441734517367)
2018-09-26 14:16:08,131     INFO End of fixations
2018-09-26 14:16:08,140     INFO Showing fixation at (0.4917448190174299, -0.06829832668569435)
2018-09-26 14:16:09,348     INFO End of fixations
2018-09-26 14:16:09,357     INFO Showing fixation at (-0.027282111106456737, 0.807699365870598)
2018-09-26 14:16:10,165     INFO End of fixations
2018-09-26 14:16:10,174     INFO Showing fixation at (-0.016109207528112995, -0.75748074675527)
2018-09-26 14:16:11,382     INFO End of fixations
2018-09-26 14:16:11,391     INFO Showing fixation at (-0.49373279046765395, 0.04183820560211714)
2018-09-26 14:16:12,398     INFO End of fixations
2018-09-26 14:16:12,407     INFO Showing fixation at (-0.0011540848512353527, 0.8696961495862052)
2018-09-26 14:16:13,415     INFO End of fixations
2018-09-26 14:16:13,424     INFO Showing fixation at (0.4925466760439007, -0.016266013424820112)
2018-09-26 14:16:14,632     INFO End of fixations
2018-09-26 14:16:14,641     INFO Showing fixation at (-0.03608573033929639, 0.8742971644884524)
2018-09-26 14:16:15,448     INFO End of fixations
2018-09-26 14:16:15,457     INFO Showing fixation at (0.004181510410845107, -0.824308315309083)
2018-09-26 14:16:16,464     INFO End of fixations
2018-09-26 14:16:16,473     INFO Showing fixation at (-0.46690214315146666, -0.022170180307609998)
2018-09-26 14:16:17,682     INFO End of fixations
2018-09-26 14:16:17,692     INFO Showing fixation at (-0.011061372961598925, -0.7845353705855852)
2018-09-26 14:16:18,698     INFO End of fixations
2018-09-26 14:16:18,707     INFO Showing fixation at (0, 0)
2018-09-26 14:16:19,515     INFO End of fixations
2018-09-26 14:16:19,515     INFO Showing instructions
2018-09-26 14:16:19,517     INFO Instruction: 
2018-09-26 14:16:20,289     INFO Received signal 5 after 0.75766992569 seconds
2018-09-26 14:16:20,289     INFO End of instructions
2018-09-26 14:16:20,290     INFO Block 6 saccades
2018-09-26 14:16:20,300     INFO Showing fixation at (0, 0)
2018-09-26 14:16:21,515     INFO End of fixations
2018-09-26 14:16:21,523     INFO Showing fixation at (0.43293308672582226, -0.019581337258167283)
2018-09-26 14:16:22,332     INFO End of fixations
2018-09-26 14:16:22,337     INFO Showing fixation at (-0.4430982153569392, -0.03614441734517367)
2018-09-26 14:16:23,149     INFO End of fixations
2018-09-26 14:16:23,158     INFO Showing fixation at (0.4917448190174299, -0.06829832668569435)
2018-09-26 14:16:24,364     INFO End of fixations
2018-09-26 14:16:24,375     INFO Showing fixation at (-0.027282111106456737, 0.807699365870598)
2018-09-26 14:16:25,182     INFO End of fixations
2018-09-26 14:16:25,187     INFO Showing fixation at (-0.016109207528112995, -0.75748074675527)
2018-09-26 14:16:26,399     INFO End of fixations
2018-09-26 14:16:26,408     INFO Showing fixation at (-0.49373279046765395, 0.04183820560211714)
2018-09-26 14:16:27,416     INFO End of fixations
2018-09-26 14:16:27,425     INFO Showing fixation at (-0.0011540848512353527, 0.8696961495862052)
2018-09-26 14:16:28,431     INFO End of fixations
2018-09-26 14:16:28,437     INFO Showing fixation at (0.4925466760439007, -0.016266013424820112)
2018-09-26 14:16:29,649     INFO End of fixations
2018-09-26 14:16:29,655     INFO Showing fixation at (-0.03608573033929639, 0.8742971644884524)
2018-09-26 14:16:30,466     INFO End of fixations
2018-09-26 14:16:30,475     INFO Showing fixation at (0.004181510410845107, -0.824308315309083)
2018-09-26 14:16:31,482     INFO End of fixations
2018-09-26 14:16:31,489     INFO Showing fixation at (-0.46690214315146666, -0.022170180307609998)
2018-09-26 14:16:32,699     INFO End of fixations
2018-09-26 14:16:32,708     INFO Showing fixation at (-0.011061372961598925, -0.7845353705855852)
2018-09-26 14:16:33,715     INFO End of fixations
2018-09-26 14:16:33,723     INFO Showing fixation at (0, 0)
2018-09-26 14:16:34,532     INFO End of fixations
2018-09-26 14:16:34,532     INFO Showing instructions
2018-09-26 14:16:34,534     INFO Instruction: 
2018-09-26 14:16:35,280     INFO Received signal 5 after 0.731403112411 seconds
2018-09-26 14:16:35,280     INFO End of instructions
2018-09-26 14:16:35,280     INFO Block 7 fixations
2018-09-26 14:16:35,286     INFO Showing fixation at (0, 0)
2018-09-26 14:16:36,099     INFO End of fixations
2018-09-26 14:16:36,106     INFO Showing fixation at (-0.022145458929127247, -0.7670061557397385)
2018-09-26 14:16:36,916     INFO End of fixations
2018-09-26 14:16:36,925     INFO Showing fixation at (-0.4621693228413369, -0.04329214773118861)
2018-09-26 14:16:37,732     INFO End of fixations
2018-09-26 14:16:37,742     INFO Showing fixation at (0.019796452489143697, 0.7778249853204012)
2018-09-26 14:16:38,749     INFO End of fixations
2018-09-26 14:16:38,757     INFO Showing fixation at (0.4969217398874254, 0.059769127982145814)
2018-09-26 14:16:39,966     INFO End of fixations
2018-09-26 14:16:39,973     INFO Showing fixation at (0.02162316802406937, -0.7741352822320484)
2018-09-26 14:16:40,782     INFO End of fixations
2018-09-26 14:16:40,791     INFO Showing fixation at (-0.42489837275811826, 0.05646720486105833)
2018-09-26 14:16:41,999     INFO End of fixations
2018-09-26 14:16:42,006     INFO Showing fixation at (0.0009733799941755925, -0.8825561320030779)
2018-09-26 14:16:43,216     INFO End of fixations
2018-09-26 14:16:43,226     INFO Showing fixation at (-0.4628522711471847, 0.03433266524209219)
2018-09-26 14:16:44,233     INFO End of fixations
2018-09-26 14:16:44,239     INFO Showing fixation at (0.46013436705768046, -0.012265976015179966)
2018-09-26 14:16:45,249     INFO End of fixations
2018-09-26 14:16:45,255     INFO Showing fixation at (0.4828720018182993, 0.06079693601037653)
2018-09-26 14:16:46,466     INFO End of fixations
2018-09-26 14:16:46,475     INFO Showing fixation at (-0.02565586952536938, 0.8644190918956774)
2018-09-26 14:16:47,282     INFO End of fixations
2018-09-26 14:16:47,291     INFO Showing fixation at (0.017414929383208454, 0.8486090003902302)
2018-09-26 14:16:48,499     INFO End of fixations
2018-09-26 14:16:48,508     INFO Showing fixation at (0, 0)
2018-09-26 14:16:49,516     INFO End of fixations
2018-09-26 14:16:49,516     INFO Showing instructions
2018-09-26 14:16:49,518     INFO Instruction: 
2018-09-26 14:16:50,287     INFO Received signal 5 after 0.754747867584 seconds
2018-09-26 14:16:50,287     INFO End of instructions
2018-09-26 14:16:50,287     INFO Block 7 saccades
2018-09-26 14:16:50,298     INFO Showing fixation at (0, 0)
2018-09-26 14:16:51,116     INFO End of fixations
2018-09-26 14:16:51,125     INFO Showing fixation at (-0.022145458929127247, -0.7670061557397385)
2018-09-26 14:16:51,933     INFO End of fixations
2018-09-26 14:16:51,941     INFO Showing fixation at (-0.4621693228413369, -0.04329214773118861)
2018-09-26 14:16:52,750     INFO End of fixations
2018-09-26 14:16:52,756     INFO Showing fixation at (0.019796452489143697, 0.7778249853204012)
2018-09-26 14:16:53,765     INFO End of fixations
2018-09-26 14:16:53,774     INFO Showing fixation at (0.4969217398874254, 0.059769127982145814)
2018-09-26 14:16:54,983     INFO End of fixations
2018-09-26 14:16:54,991     INFO Showing fixation at (0.02162316802406937, -0.7741352822320484)
2018-09-26 14:16:55,800     INFO End of fixations
2018-09-26 14:16:55,808     INFO Showing fixation at (-0.42489837275811826, 0.05646720486105833)
2018-09-26 14:16:57,016     INFO End of fixations
2018-09-26 14:16:57,026     INFO Showing fixation at (0.0009733799941755925, -0.8825561320030779)
2018-09-26 14:16:58,233     INFO End of fixations
2018-09-26 14:16:58,239     INFO Showing fixation at (-0.4628522711471847, 0.03433266524209219)
2018-09-26 14:16:59,250     INFO End of fixations
2018-09-26 14:16:59,259     INFO Showing fixation at (0.46013436705768046, -0.012265976015179966)
2018-09-26 14:17:00,266     INFO End of fixations
2018-09-26 14:17:00,272     INFO Showing fixation at (0.4828720018182993, 0.06079693601037653)
2018-09-26 14:17:01,483     INFO End of fixations
2018-09-26 14:17:01,490     INFO Showing fixation at (-0.02565586952536938, 0.8644190918956774)
2018-09-26 14:17:02,300     INFO End of fixations
2018-09-26 14:17:02,309     INFO Showing fixation at (0.017414929383208454, 0.8486090003902302)
2018-09-26 14:17:03,517     INFO End of fixations
2018-09-26 14:17:03,526     INFO Showing fixation at (0, 0)
2018-09-26 14:17:04,533     INFO End of fixations
2018-09-26 14:17:04,533     INFO Showing instructions
2018-09-26 14:17:04,535     INFO Instruction: 
2018-09-26 14:17:05,280     INFO Received signal 5 after 0.730262041092 seconds
2018-09-26 14:17:05,280     INFO End of instructions
2018-09-26 14:17:05,280     INFO Block 8 fixations
2018-09-26 14:17:05,286     INFO Showing fixation at (0, 0)
2018-09-26 14:17:06,100     INFO End of fixations
2018-09-26 14:17:06,107     INFO Showing fixation at (-0.4832547754613796, 0.027817325333749643)
2018-09-26 14:17:07,317     INFO End of fixations
2018-09-26 14:17:07,326     INFO Showing fixation at (0.018907598918957234, -0.7631248010106342)
2018-09-26 14:17:08,534     INFO End of fixations
2018-09-26 14:17:08,543     INFO Showing fixation at (0.4997733177518799, 0.05463721569914365)
2018-09-26 14:17:09,550     INFO End of fixations
2018-09-26 14:17:09,559     INFO Showing fixation at (0.4333446292018307, 0.019055741971177598)
2018-09-26 14:17:10,767     INFO End of fixations
2018-09-26 14:17:10,776     INFO Showing fixation at (-0.46182959838842247, 0.06733360097812921)
2018-09-26 14:17:11,983     INFO End of fixations
2018-09-26 14:17:11,990     INFO Showing fixation at (-0.017685304311089417, -0.7697657654747011)
2018-09-26 14:17:13,000     INFO End of fixations
2018-09-26 14:17:13,009     INFO Showing fixation at (0.48675159726145156, 0.04958219335914166)
2018-09-26 14:17:13,817     INFO End of fixations
2018-09-26 14:17:13,826     INFO Showing fixation at (0.03618363567000259, 0.8486564116427482)
2018-09-26 14:17:14,633     INFO End of fixations
2018-09-26 14:17:14,642     INFO Showing fixation at (-0.013999424127582934, 0.8904777639937409)
2018-09-26 14:17:15,650     INFO End of fixations
2018-09-26 14:17:15,659     INFO Showing fixation at (0.03431715921316314, 0.8680792400945094)
2018-09-26 14:17:16,667     INFO End of fixations
2018-09-26 14:17:16,676     INFO Showing fixation at (0.01952076917177173, -0.8569430888394601)
2018-09-26 14:17:17,884     INFO End of fixations
2018-09-26 14:17:17,890     INFO Showing fixation at (-0.43379030793799617, -0.041811896386159675)
2018-09-26 14:17:18,701     INFO End of fixations
2018-09-26 14:17:18,707     INFO Showing fixation at (0, 0)
2018-09-26 14:17:19,516     INFO End of fixations
2018-09-26 14:17:19,517     INFO Showing instructions
2018-09-26 14:17:19,518     INFO Instruction: 
2018-09-26 14:17:20,283     INFO Received signal 5 after 0.749502897263 seconds
2018-09-26 14:17:20,283     INFO End of instructions
2018-09-26 14:17:20,283     INFO Block 8 saccades
2018-09-26 14:17:20,294     INFO Showing fixation at (0, 0)
2018-09-26 14:17:21,100     INFO End of fixations
2018-09-26 14:17:21,108     INFO Showing fixation at (-0.4832547754613796, 0.027817325333749643)
2018-09-26 14:17:22,317     INFO End of fixations
2018-09-26 14:17:22,323     INFO Showing fixation at (0.018907598918957234, -0.7631248010106342)
2018-09-26 14:17:23,534     INFO End of fixations
2018-09-26 14:17:23,543     INFO Showing fixation at (0.4997733177518799, 0.05463721569914365)
2018-09-26 14:17:24,550     INFO End of fixations
2018-09-26 14:17:24,556     INFO Showing fixation at (0.4333446292018307, 0.019055741971177598)
2018-09-26 14:17:25,766     INFO End of fixations
2018-09-26 14:17:25,772     INFO Showing fixation at (-0.46182959838842247, 0.06733360097812921)
2018-09-26 14:17:26,984     INFO End of fixations
2018-09-26 14:17:26,993     INFO Showing fixation at (-0.017685304311089417, -0.7697657654747011)
2018-09-26 14:17:28,001     INFO End of fixations
2018-09-26 14:17:28,006     INFO Showing fixation at (0.48675159726145156, 0.04958219335914166)
2018-09-26 14:17:28,818     INFO End of fixations
2018-09-26 14:17:28,827     INFO Showing fixation at (0.03618363567000259, 0.8486564116427482)
2018-09-26 14:17:29,634     INFO End of fixations
2018-09-26 14:17:29,644     INFO Showing fixation at (-0.013999424127582934, 0.8904777639937409)
2018-09-26 14:17:30,651     INFO End of fixations
2018-09-26 14:17:30,659     INFO Showing fixation at (0.03431715921316314, 0.8680792400945094)
2018-09-26 14:17:31,667     INFO End of fixations
2018-09-26 14:17:31,673     INFO Showing fixation at (0.01952076917177173, -0.8569430888394601)
2018-09-26 14:17:32,884     INFO End of fixations
2018-09-26 14:17:32,890     INFO Showing fixation at (-0.43379030793799617, -0.041811896386159675)
2018-09-26 14:17:33,701     INFO End of fixations
2018-09-26 14:17:33,707     INFO Showing fixation at (0, 0)
2018-09-26 14:17:34,518     INFO End of fixations
2018-09-26 14:17:34,518     INFO Showing instructions
2018-09-26 14:17:34,519     INFO Instruction: 
2018-09-26 14:17:35,279     INFO Received signal 5 after 0.745687007904 seconds
2018-09-26 14:17:35,279     INFO End of instructions
2018-09-26 14:17:35,279     INFO Block 9 fixations
2018-09-26 14:17:35,286     INFO Showing fixation at (0, 0)
2018-09-26 14:17:36,301     INFO End of fixations
2018-09-26 14:17:36,310     INFO Showing fixation at (0.49595939844338144, -0.060786103619800184)
2018-09-26 14:17:37,518     INFO End of fixations
2018-09-26 14:17:37,527     INFO Showing fixation at (-0.0176061813245138, -0.7687553580748583)
2018-09-26 14:17:38,334     INFO End of fixations
2018-09-26 14:17:38,342     INFO Showing fixation at (-0.4596282471463567, -0.06883252142711174)
2018-09-26 14:17:39,551     INFO End of fixations
2018-09-26 14:17:39,560     INFO Showing fixation at (0.44380814514706574, 0.03106551509949619)
2018-09-26 14:17:40,767     INFO End of fixations
2018-09-26 14:17:40,776     INFO Showing fixation at (-0.48029156514955745, -0.03917398537149425)
2018-09-26 14:17:41,584     INFO End of fixations
2018-09-26 14:17:41,593     INFO Showing fixation at (0.03839017568990047, 0.8848003265374063)
2018-09-26 14:17:42,601     INFO End of fixations
2018-09-26 14:17:42,610     INFO Showing fixation at (0.0013923145797978612, -0.8102900516246024)
2018-09-26 14:17:43,618     INFO End of fixations
2018-09-26 14:17:43,623     INFO Showing fixation at (0.036950707916006395, 0.8740141488570536)
2018-09-26 14:17:44,834     INFO End of fixations
2018-09-26 14:17:44,844     INFO Showing fixation at (-0.01653494947991889, 0.7760231684027049)
2018-09-26 14:17:45,651     INFO End of fixations
2018-09-26 14:17:45,658     INFO Showing fixation at (0.013947040337978493, -0.7556659728335601)
2018-09-26 14:17:46,468     INFO End of fixations
2018-09-26 14:17:46,475     INFO Showing fixation at (-0.46345723782155746, -0.05771030744864477)
2018-09-26 14:17:47,484     INFO End of fixations
2018-09-26 14:17:47,493     INFO Showing fixation at (0.46344430406545245, 0.01710423807380239)
2018-09-26 14:17:48,301     INFO End of fixations
2018-09-26 14:17:48,311     INFO Showing fixation at (0, 0)
2018-09-26 14:17:49,518     INFO End of fixations
2018-09-26 14:17:49,518     INFO Showing instructions
2018-09-26 14:17:49,519     INFO Instruction: 
2018-09-26 14:17:50,283     INFO Received signal 5 after 0.749346017838 seconds
2018-09-26 14:17:50,284     INFO End of instructions
2018-09-26 14:17:50,284     INFO Block 9 saccades
2018-09-26 14:17:50,292     INFO Showing fixation at (0, 0)
2018-09-26 14:17:51,301     INFO End of fixations
2018-09-26 14:17:51,310     INFO Showing fixation at (0.49595939844338144, -0.060786103619800184)
2018-09-26 14:17:52,518     INFO End of fixations
2018-09-26 14:17:52,524     INFO Showing fixation at (-0.0176061813245138, -0.7687553580748583)
2018-09-26 14:17:53,335     INFO End of fixations
2018-09-26 14:17:53,344     INFO Showing fixation at (-0.4596282471463567, -0.06883252142711174)
2018-09-26 14:17:54,551     INFO End of fixations
2018-09-26 14:17:54,560     INFO Showing fixation at (0.44380814514706574, 0.03106551509949619)
2018-09-26 14:17:55,767     INFO End of fixations
2018-09-26 14:17:55,777     INFO Showing fixation at (-0.48029156514955745, -0.03917398537149425)
2018-09-26 14:17:56,585     INFO End of fixations
2018-09-26 14:17:56,590     INFO Showing fixation at (0.03839017568990047, 0.8848003265374063)
2018-09-26 14:17:57,601     INFO End of fixations
2018-09-26 14:17:57,608     INFO Showing fixation at (0.0013923145797978612, -0.8102900516246024)
2018-09-26 14:17:58,618     INFO End of fixations
2018-09-26 14:17:58,627     INFO Showing fixation at (0.036950707916006395, 0.8740141488570536)
2018-09-26 14:17:59,835     INFO End of fixations
2018-09-26 14:17:59,842     INFO Showing fixation at (-0.01653494947991889, 0.7760231684027049)
2018-09-26 14:18:00,652     INFO End of fixations
2018-09-26 14:18:00,660     INFO Showing fixation at (0.013947040337978493, -0.7556659728335601)
2018-09-26 14:18:01,468     INFO End of fixations
2018-09-26 14:18:01,477     INFO Showing fixation at (-0.46345723782155746, -0.05771030744864477)
2018-09-26 14:18:02,485     INFO End of fixations
2018-09-26 14:18:02,494     INFO Showing fixation at (0.46344430406545245, 0.01710423807380239)
2018-09-26 14:18:03,302     INFO End of fixations
2018-09-26 14:18:03,309     INFO Showing fixation at (0, 0)
2018-09-26 14:18:04,518     INFO End of fixations
2018-09-26 14:18:04,524     INFO Showing fixation at (0, 0) for 8 second(s)
2018-09-26 14:18:05,281     INFO Received trigger 5
2018-09-26 14:18:06,279     INFO Received trigger 5
2018-09-26 14:18:07,280     INFO Received trigger 5
2018-09-26 14:18:08,280     INFO Received trigger 5
2018-09-26 14:18:09,279     INFO Received trigger 5
2018-09-26 14:18:10,280     INFO Received trigger 5
2018-09-26 14:18:11,279     INFO Received trigger 5
2018-09-26 14:18:18,461     INFO Received trigger 5
2018-09-26 14:18:18,462     INFO End of fixations
2018-09-26 14:18:18,462     INFO End of experiment
