2018-10-01 15:54:12,389     INFO #[ PsychoPy2 RuntimeInfoStart ]
  #[[ PsychoPy ]] #---------
    psychopyVersion: 1.85.4
    psychopyHaveExtRush: True
  #[[ Experiment ]] #---------
    experimentRunTime: 2018_10_01 15:54 (Year_Month_Day Hour:Min)
    experimentRunTime.epoch: 1538434449
    experimentScript: localizer.py
    experimentScript.digestSHA1: 73af835c2bb6458b858315d12675d6355738a2b3
    experimentScript.directory: /Users/mengdu/Repos/hierarchy/saccades
  #[[ System ]] #---------
    systemHaveInternetAccess: True
    systemHostName: mengs-mbp.ad.medctr.ucla.edu
    systemLocale: C
    systemMemFreeRAM: 4391.8125
    systemMemTotalRAM: 8192.0
    systemPlatform: darwin 10.13.6 x86_64
    systemPyo.InputDevices: {0: {'host api index': 0, 'latency': 0.0029478457290679216, 'default sr': 44100, 'name': u'Built-in Microph'}, 3: {'host api index': 0, 'latency': 0.009999999776482582, 'default sr': 44100, 'name': u'NoMachine Audio Adapter'}, 4: {'host api index': 0, 'latency': 0.009999999776482582, 'default sr': 44100, 'name': u'NoMachine Microphone Adapter'}}
    systemPyo.OutputDevices: {1: {'host api index': 0, 'latency': 0.018798185512423515, 'default sr': 44100, 'name': u'Built-in Output'}, 2: {'host api index': 0, 'latency': 0.0014375000027939677, 'default sr': 48000, 'name': u'HDMI'}, 3: {'host api index': 0, 'latency': 0.001451247138902545, 'default sr': 44100, 'name': u'NoMachine Audio Adapter'}, 4: {'host api index': 0, 'latency': 0.001451247138902545, 'default sr': 44100, 'name': u'NoMachine Microphone Adapter'}}
    systemPyoVersion: 0.8.6
    systemRebooted: Jul 17 10:36
    systemSec.OpenSSLVersion: LibreSSL 2.2.7
    systemSec.pythonSSL: True
    systemTimeNumpySD1000000_sec: 0.0049
    systemUser: mengdu
    systemUserID: 501
    systemUserProcCount: 161
    systemUserProcFlagged: iTunes mdworker Safari
    systemUsersCount: 1
  #[[ Window ]] #---------
    windowRefreshTimeSD_ms: 0.043
    windowRefreshTimeMedian_ms: 16.671
    windowRefreshTimeAvg_ms: 16.667
  #[[ Python ]] #---------
    pythonVersion: 2.7.12
  #[[ OpenGL ]] #---------
#[ PsychoPy2 RuntimeInfoEnd ]

2018-10-01 15:54:12,541     INFO Showing instructions
2018-10-01 15:54:12,570     INFO Instruction: When you see a RED cross, plea...
2018-10-01 15:54:15,449     INFO Received response [('space', 2.8618831634521484)]
2018-10-01 15:54:15,450     INFO End of instructions
2018-10-01 15:54:15,450     INFO Showing instructions
2018-10-01 15:54:15,468     INFO Instruction: When you see a RED cross, plea...
2018-10-01 15:54:29,882     INFO Received signal 5 after 14.4094200134 seconds
2018-10-01 15:54:29,882     INFO End of instructions
2018-10-01 15:54:29,882     INFO Showing instructions
2018-10-01 15:54:29,883     INFO Instruction: 
2018-10-01 15:54:30,882     INFO Received signal 5 after 0.99138879776 seconds
2018-10-01 15:54:30,882     INFO End of instructions
2018-10-01 15:54:30,882     INFO Block 0 fixations
2018-10-01 15:54:30,890     INFO Showing fixation at (0, 0)
2018-10-01 15:54:31,707     INFO End of fixations
2018-10-01 15:54:31,713     INFO Showing fixation at (-0.4725531029157041, 0.02272730163689722)
2018-10-01 15:54:32,524     INFO End of fixations
2018-10-01 15:54:32,529     INFO Showing fixation at (-0.01990530890592054, -0.8204326184212197)
2018-10-01 15:54:33,740     INFO End of fixations
2018-10-01 15:54:33,745     INFO Showing fixation at (0.4928380490856119, -0.03297802193073147)
2018-10-01 15:54:34,557     INFO End of fixations
2018-10-01 15:54:34,563     INFO Showing fixation at (-0.02298744746056742, 0.7936719718560183)
2018-10-01 15:54:35,774     INFO End of fixations
2018-10-01 15:54:35,780     INFO Showing fixation at (0.028720385734397363, -0.7570479636853086)
2018-10-01 15:54:36,591     INFO End of fixations
2018-10-01 15:54:36,596     INFO Showing fixation at (-0.4948320049581817, 0.005818392082959936)
2018-10-01 15:54:37,807     INFO End of fixations
2018-10-01 15:54:37,812     INFO Showing fixation at (0.012958081634310059, -0.8017067197635078)
2018-10-01 15:54:38,624     INFO End of fixations
2018-10-01 15:54:38,629     INFO Showing fixation at (0.47588543320262183, -0.06605397057557534)
2018-10-01 15:54:39,840     INFO End of fixations
2018-10-01 15:54:39,846     INFO Showing fixation at (-0.48312511639484, -0.054542653104655434)
2018-10-01 15:54:40,858     INFO End of fixations
2018-10-01 15:54:40,863     INFO Showing fixation at (0.4315433299941347, 0.012910927291207422)
2018-10-01 15:54:41,874     INFO End of fixations
2018-10-01 15:54:41,882     INFO Showing fixation at (-0.032576193472980616, 0.8204361572761303)
2018-10-01 15:54:43,091     INFO End of fixations
2018-10-01 15:54:43,096     INFO Showing fixation at (0.028026833225465897, 0.8392105419483629)
2018-10-01 15:54:44,108     INFO End of fixations
2018-10-01 15:54:44,113     INFO Showing fixation at (0, 0)
2018-10-01 15:54:45,125     INFO End of fixations
2018-10-01 15:54:45,125     INFO Showing instructions
2018-10-01 15:54:45,125     INFO Instruction: 
2018-10-01 15:54:45,882     INFO Received signal 5 after 0.741812944412 seconds
2018-10-01 15:54:45,882     INFO End of instructions
2018-10-01 15:54:45,882     INFO Block 0 saccades
2018-10-01 15:54:45,887     INFO Showing fixation at (0, 0)
2018-10-01 15:54:46,691     INFO End of fixations
2018-10-01 15:54:46,697     INFO Showing fixation at (-0.4725531029157041, 0.02272730163689722)
2018-10-01 15:54:47,508     INFO End of fixations
2018-10-01 15:54:47,513     INFO Showing fixation at (-0.01990530890592054, -0.8204326184212197)
2018-10-01 15:54:48,725     INFO End of fixations
2018-10-01 15:54:48,730     INFO Showing fixation at (0.4928380490856119, -0.03297802193073147)
2018-10-01 15:54:49,541     INFO End of fixations
2018-10-01 15:54:49,546     INFO Showing fixation at (-0.02298744746056742, 0.7936719718560183)
2018-10-01 15:54:50,759     INFO End of fixations
2018-10-01 15:54:50,764     INFO Showing fixation at (0.028720385734397363, -0.7570479636853086)
2018-10-01 15:54:51,575     INFO End of fixations
2018-10-01 15:54:51,580     INFO Showing fixation at (-0.4948320049581817, 0.005818392082959936)
2018-10-01 15:54:52,791     INFO End of fixations
2018-10-01 15:54:52,797     INFO Showing fixation at (0.012958081634310059, -0.8017067197635078)
2018-10-01 15:54:53,608     INFO End of fixations
2018-10-01 15:54:53,613     INFO Showing fixation at (0.47588543320262183, -0.06605397057557534)
2018-10-01 15:54:54,825     INFO End of fixations
2018-10-01 15:54:54,830     INFO Showing fixation at (-0.48312511639484, -0.054542653104655434)
2018-10-01 15:54:55,841     INFO End of fixations
2018-10-01 15:54:55,846     INFO Showing fixation at (0.4315433299941347, 0.012910927291207422)
2018-10-01 15:54:56,858     INFO End of fixations
2018-10-01 15:54:56,864     INFO Showing fixation at (-0.032576193472980616, 0.8204361572761303)
2018-10-01 15:54:58,075     INFO End of fixations
2018-10-01 15:54:58,080     INFO Showing fixation at (0.028026833225465897, 0.8392105419483629)
2018-10-01 15:54:59,092     INFO End of fixations
2018-10-01 15:54:59,097     INFO Showing fixation at (0, 0)
2018-10-01 15:55:00,109     INFO End of fixations
2018-10-01 15:55:00,109     INFO Showing instructions
2018-10-01 15:55:00,110     INFO Instruction: 
2018-10-01 15:55:00,882     INFO Received signal 5 after 0.757547855377 seconds
2018-10-01 15:55:00,882     INFO End of instructions
2018-10-01 15:55:00,882     INFO Block 1 fixations
2018-10-01 15:55:00,887     INFO Showing fixation at (0, 0)
2018-10-01 15:55:01,892     INFO End of fixations
2018-10-01 15:55:01,899     INFO Showing fixation at (-0.005639648276728089, -0.8492682350465555)
2018-10-01 15:55:02,708     INFO End of fixations
2018-10-01 15:55:02,714     INFO Showing fixation at (-0.4710414497933574, 0.05219892219294597)
2018-10-01 15:55:03,525     INFO End of fixations
2018-10-01 15:55:03,530     INFO Showing fixation at (0.026221504825050257, 0.7597685155882624)
2018-10-01 15:55:04,342     INFO End of fixations
2018-10-01 15:55:04,347     INFO Showing fixation at (-0.48987879869391204, -0.013538878511371373)
2018-10-01 15:55:05,158     INFO End of fixations
2018-10-01 15:55:05,164     INFO Showing fixation at (-0.019151256054581404, -0.836923741859487)
2018-10-01 15:55:06,175     INFO End of fixations
2018-10-01 15:55:06,181     INFO Showing fixation at (-0.03479425915945438, -0.785100613191386)
2018-10-01 15:55:07,192     INFO End of fixations
2018-10-01 15:55:07,197     INFO Showing fixation at (0.034533351842843965, 0.7962552812559796)
2018-10-01 15:55:08,409     INFO End of fixations
2018-10-01 15:55:08,414     INFO Showing fixation at (0.42467465677305405, -0.011526255133129291)
2018-10-01 15:55:09,625     INFO End of fixations
2018-10-01 15:55:09,630     INFO Showing fixation at (0.4906853093242068, -0.04975262374548714)
2018-10-01 15:55:10,843     INFO End of fixations
2018-10-01 15:55:10,848     INFO Showing fixation at (0.030033419700564376, 0.8249778735834155)
2018-10-01 15:55:11,659     INFO End of fixations
2018-10-01 15:55:11,664     INFO Showing fixation at (0.43570719939186914, 0.06321416225640356)
2018-10-01 15:55:12,675     INFO End of fixations
2018-10-01 15:55:12,681     INFO Showing fixation at (-0.46579607881792184, -0.06649419761509479)
2018-10-01 15:55:13,892     INFO End of fixations
2018-10-01 15:55:13,897     INFO Showing fixation at (0, 0)
2018-10-01 15:55:15,109     INFO End of fixations
2018-10-01 15:55:15,109     INFO Showing instructions
2018-10-01 15:55:15,110     INFO Instruction: 
2018-10-01 15:55:15,881     INFO Received signal 5 after 0.756479978561 seconds
2018-10-01 15:55:15,881     INFO End of instructions
2018-10-01 15:55:15,881     INFO Block 1 saccades
2018-10-01 15:55:15,887     INFO Showing fixation at (0, 0)
2018-10-01 15:55:16,892     INFO End of fixations
2018-10-01 15:55:16,897     INFO Showing fixation at (-0.005639648276728089, -0.8492682350465555)
2018-10-01 15:55:17,709     INFO End of fixations
2018-10-01 15:55:17,714     INFO Showing fixation at (-0.4710414497933574, 0.05219892219294597)
2018-10-01 15:55:18,526     INFO End of fixations
2018-10-01 15:55:18,531     INFO Showing fixation at (0.026221504825050257, 0.7597685155882624)
2018-10-01 15:55:19,342     INFO End of fixations
2018-10-01 15:55:19,347     INFO Showing fixation at (-0.48987879869391204, -0.013538878511371373)
2018-10-01 15:55:20,159     INFO End of fixations
2018-10-01 15:55:20,165     INFO Showing fixation at (-0.019151256054581404, -0.836923741859487)
2018-10-01 15:55:21,176     INFO End of fixations
2018-10-01 15:55:21,181     INFO Showing fixation at (-0.03479425915945438, -0.785100613191386)
2018-10-01 15:55:22,192     INFO End of fixations
2018-10-01 15:55:22,197     INFO Showing fixation at (0.034533351842843965, 0.7962552812559796)
2018-10-01 15:55:23,409     INFO End of fixations
2018-10-01 15:55:23,414     INFO Showing fixation at (0.42467465677305405, -0.011526255133129291)
2018-10-01 15:55:24,626     INFO End of fixations
2018-10-01 15:55:24,631     INFO Showing fixation at (0.4906853093242068, -0.04975262374548714)
2018-10-01 15:55:25,842     INFO End of fixations
2018-10-01 15:55:25,848     INFO Showing fixation at (0.030033419700564376, 0.8249778735834155)
2018-10-01 15:55:26,659     INFO End of fixations
2018-10-01 15:55:26,664     INFO Showing fixation at (0.43570719939186914, 0.06321416225640356)
2018-10-01 15:55:27,676     INFO End of fixations
2018-10-01 15:55:27,681     INFO Showing fixation at (-0.46579607881792184, -0.06649419761509479)
2018-10-01 15:55:28,893     INFO End of fixations
2018-10-01 15:55:28,898     INFO Showing fixation at (0, 0)
2018-10-01 15:55:30,109     INFO End of fixations
2018-10-01 15:55:30,109     INFO Showing instructions
2018-10-01 15:55:30,110     INFO Instruction: 
2018-10-01 15:55:30,882     INFO Received signal 5 after 0.756004095078 seconds
2018-10-01 15:55:30,882     INFO End of instructions
2018-10-01 15:55:30,882     INFO Block 2 fixations
2018-10-01 15:55:30,887     INFO Showing fixation at (0, 0)
2018-10-01 15:55:31,893     INFO End of fixations
2018-10-01 15:55:31,898     INFO Showing fixation at (0.03131497883620256, -0.8113541876617103)
2018-10-01 15:55:32,709     INFO End of fixations
2018-10-01 15:55:32,715     INFO Showing fixation at (0.44865222275989175, -0.045449218944937864)
2018-10-01 15:55:33,926     INFO End of fixations
2018-10-01 15:55:33,931     INFO Showing fixation at (-0.48789293472616, 0.05654999316302228)
2018-10-01 15:55:34,743     INFO End of fixations
2018-10-01 15:55:34,748     INFO Showing fixation at (-0.5001976096505328, -0.06271114958187901)
2018-10-01 15:55:35,759     INFO End of fixations
2018-10-01 15:55:35,765     INFO Showing fixation at (-0.01433843121478479, 0.7676410888780218)
2018-10-01 15:55:36,576     INFO End of fixations
2018-10-01 15:55:36,581     INFO Showing fixation at (-0.03367980471966647, 0.8250163939931523)
2018-10-01 15:55:37,593     INFO End of fixations
2018-10-01 15:55:37,598     INFO Showing fixation at (0.02412353607258974, 0.8165292819546185)
2018-10-01 15:55:38,809     INFO End of fixations
2018-10-01 15:55:38,815     INFO Showing fixation at (0.4482156643809988, 0.027511858460666658)
2018-10-01 15:55:39,626     INFO End of fixations
2018-10-01 15:55:39,632     INFO Showing fixation at (-0.00921843991124826, -0.8424094785658658)
2018-10-01 15:55:40,843     INFO End of fixations
2018-10-01 15:55:40,848     INFO Showing fixation at (-0.00330146945896706, -0.8002582685379522)
2018-10-01 15:55:41,660     INFO End of fixations
2018-10-01 15:55:41,665     INFO Showing fixation at (0.4849200720720199, 0.039296662032065874)
2018-10-01 15:55:42,676     INFO End of fixations
2018-10-01 15:55:42,683     INFO Showing fixation at (-0.46377537253956297, -0.025958877710040663)
2018-10-01 15:55:43,893     INFO End of fixations
2018-10-01 15:55:43,898     INFO Showing fixation at (0, 0)
2018-10-01 15:55:45,110     INFO End of fixations
2018-10-01 15:55:45,110     INFO Showing instructions
2018-10-01 15:55:45,111     INFO Instruction: 
2018-10-01 15:55:45,881     INFO Received signal 5 after 0.755404233932 seconds
2018-10-01 15:55:45,881     INFO End of instructions
2018-10-01 15:55:45,881     INFO Block 2 saccades
2018-10-01 15:55:45,886     INFO Showing fixation at (0, 0)
2018-10-01 15:55:46,893     INFO End of fixations
2018-10-01 15:55:46,898     INFO Showing fixation at (0.03131497883620256, -0.8113541876617103)
2018-10-01 15:55:47,710     INFO End of fixations
2018-10-01 15:55:47,715     INFO Showing fixation at (0.44865222275989175, -0.045449218944937864)
2018-10-01 15:55:48,926     INFO End of fixations
2018-10-01 15:55:48,932     INFO Showing fixation at (-0.48789293472616, 0.05654999316302228)
2018-10-01 15:55:49,743     INFO End of fixations
2018-10-01 15:55:49,748     INFO Showing fixation at (-0.5001976096505328, -0.06271114958187901)
2018-10-01 15:55:50,760     INFO End of fixations
2018-10-01 15:55:50,765     INFO Showing fixation at (-0.01433843121478479, 0.7676410888780218)
2018-10-01 15:55:51,577     INFO End of fixations
2018-10-01 15:55:51,582     INFO Showing fixation at (-0.03367980471966647, 0.8250163939931523)
2018-10-01 15:55:52,593     INFO End of fixations
2018-10-01 15:55:52,599     INFO Showing fixation at (0.02412353607258974, 0.8165292819546185)
2018-10-01 15:55:53,810     INFO End of fixations
2018-10-01 15:55:53,815     INFO Showing fixation at (0.4482156643809988, 0.027511858460666658)
2018-10-01 15:55:54,627     INFO End of fixations
2018-10-01 15:55:54,632     INFO Showing fixation at (-0.00921843991124826, -0.8424094785658658)
2018-10-01 15:55:55,843     INFO End of fixations
2018-10-01 15:55:55,849     INFO Showing fixation at (-0.00330146945896706, -0.8002582685379522)
2018-10-01 15:55:56,659     INFO End of fixations
2018-10-01 15:55:56,674     INFO Showing fixation at (0.4849200720720199, 0.039296662032065874)
2018-10-01 15:55:57,692     INFO End of fixations
2018-10-01 15:55:57,697     INFO Showing fixation at (-0.46377537253956297, -0.025958877710040663)
2018-10-01 15:55:58,910     INFO End of fixations
2018-10-01 15:55:58,915     INFO Showing fixation at (0, 0)
2018-10-01 15:56:00,127     INFO End of fixations
2018-10-01 15:56:00,127     INFO Showing instructions
2018-10-01 15:56:00,128     INFO Instruction: 
2018-10-01 15:56:00,882     INFO Received signal 5 after 0.738526105881 seconds
2018-10-01 15:56:00,882     INFO End of instructions
2018-10-01 15:56:00,882     INFO Block 3 fixations
2018-10-01 15:56:00,887     INFO Showing fixation at (0, 0)
2018-10-01 15:56:02,094     INFO End of fixations
2018-10-01 15:56:02,167     INFO Showing fixation at (0.4350057350934897, -0.06315809952821849)
2018-10-01 15:56:02,977     INFO End of fixations
2018-10-01 15:56:02,982     INFO Showing fixation at (0.4987455717114457, -0.024230690671168335)
2018-10-01 15:56:03,794     INFO End of fixations
2018-10-01 15:56:03,799     INFO Showing fixation at (-0.4492319432792234, 0.05647384874782732)
2018-10-01 15:56:04,810     INFO End of fixations
2018-10-01 15:56:04,815     INFO Showing fixation at (-0.021419175041979065, 0.8263378645630478)
2018-10-01 15:56:05,627     INFO End of fixations
2018-10-01 15:56:05,632     INFO Showing fixation at (0.03215847468766972, 0.8634155158306832)
2018-10-01 15:56:06,444     INFO End of fixations
2018-10-01 15:56:06,449     INFO Showing fixation at (-0.009071805272493148, -0.7901617838827211)
2018-10-01 15:56:07,660     INFO End of fixations
2018-10-01 15:56:07,665     INFO Showing fixation at (-0.49104575126910727, -0.011108127899869473)
2018-10-01 15:56:08,677     INFO End of fixations
2018-10-01 15:56:08,682     INFO Showing fixation at (0.02855418870983456, -0.768083388517155)
2018-10-01 15:56:09,894     INFO End of fixations
2018-10-01 15:56:09,900     INFO Showing fixation at (-0.03654562348605957, 0.8356412342860416)
2018-10-01 15:56:10,910     INFO End of fixations
2018-10-01 15:56:10,916     INFO Showing fixation at (0.42906076721998837, 0.05678088957420849)
2018-10-01 15:56:12,128     INFO End of fixations
2018-10-01 15:56:12,140     INFO Showing fixation at (0.03119295030261332, -0.8492590634826935)
2018-10-01 15:56:13,144     INFO End of fixations
2018-10-01 15:56:13,149     INFO Showing fixation at (-0.4789412752030317, 0.06210205759137613)
2018-10-01 15:56:14,361     INFO End of fixations
2018-10-01 15:56:14,366     INFO Showing fixation at (0, 0)
2018-10-01 15:56:15,177     INFO End of fixations
2018-10-01 15:56:15,177     INFO Showing instructions
2018-10-01 15:56:15,178     INFO Instruction: 
2018-10-01 15:56:15,881     INFO Received signal 5 after 0.687819957733 seconds
2018-10-01 15:56:15,881     INFO End of instructions
2018-10-01 15:56:15,881     INFO Block 3 saccades
2018-10-01 15:56:15,886     INFO Showing fixation at (0, 0)
2018-10-01 15:56:17,094     INFO End of fixations
2018-10-01 15:56:17,099     INFO Showing fixation at (0.4350057350934897, -0.06315809952821849)
2018-10-01 15:56:17,911     INFO End of fixations
2018-10-01 15:56:17,916     INFO Showing fixation at (0.4987455717114457, -0.024230690671168335)
2018-10-01 15:56:18,727     INFO End of fixations
2018-10-01 15:56:18,733     INFO Showing fixation at (-0.4492319432792234, 0.05647384874782732)
2018-10-01 15:56:19,744     INFO End of fixations
2018-10-01 15:56:19,749     INFO Showing fixation at (-0.021419175041979065, 0.8263378645630478)
2018-10-01 15:56:20,561     INFO End of fixations
2018-10-01 15:56:20,566     INFO Showing fixation at (0.03215847468766972, 0.8634155158306832)
2018-10-01 15:56:21,378     INFO End of fixations
2018-10-01 15:56:21,383     INFO Showing fixation at (-0.009071805272493148, -0.7901617838827211)
2018-10-01 15:56:22,594     INFO End of fixations
2018-10-01 15:56:22,600     INFO Showing fixation at (-0.49104575126910727, -0.011108127899869473)
2018-10-01 15:56:23,611     INFO End of fixations
2018-10-01 15:56:23,616     INFO Showing fixation at (0.02855418870983456, -0.768083388517155)
2018-10-01 15:56:24,828     INFO End of fixations
2018-10-01 15:56:24,833     INFO Showing fixation at (-0.03654562348605957, 0.8356412342860416)
2018-10-01 15:56:25,844     INFO End of fixations
2018-10-01 15:56:25,849     INFO Showing fixation at (0.42906076721998837, 0.05678088957420849)
2018-10-01 15:56:27,061     INFO End of fixations
2018-10-01 15:56:27,066     INFO Showing fixation at (0.03119295030261332, -0.8492590634826935)
2018-10-01 15:56:28,078     INFO End of fixations
2018-10-01 15:56:28,083     INFO Showing fixation at (-0.4789412752030317, 0.06210205759137613)
2018-10-01 15:56:29,294     INFO End of fixations
2018-10-01 15:56:29,299     INFO Showing fixation at (0, 0)
2018-10-01 15:56:30,111     INFO End of fixations
2018-10-01 15:56:30,111     INFO Showing instructions
2018-10-01 15:56:30,112     INFO Instruction: 
2018-10-01 15:56:30,881     INFO Received signal 5 after 0.753170013428 seconds
2018-10-01 15:56:30,881     INFO End of instructions
2018-10-01 15:56:30,881     INFO Block 4 fixations
2018-10-01 15:56:30,886     INFO Showing fixation at (0, 0)
2018-10-01 15:56:31,694     INFO End of fixations
2018-10-01 15:56:31,700     INFO Showing fixation at (0.0015712949706992302, -0.7989295906956365)
2018-10-01 15:56:32,711     INFO End of fixations
2018-10-01 15:56:32,716     INFO Showing fixation at (0.4630909930072283, 0.010978282918678625)
2018-10-01 15:56:33,527     INFO End of fixations
2018-10-01 15:56:33,532     INFO Showing fixation at (-0.03018295075203732, 0.7872273858321714)
2018-10-01 15:56:34,544     INFO End of fixations
2018-10-01 15:56:34,550     INFO Showing fixation at (-0.43676309407731034, 0.04725987022584999)
2018-10-01 15:56:35,761     INFO End of fixations
2018-10-01 15:56:35,767     INFO Showing fixation at (-0.49783066945679816, 0.0087087498580663)
2018-10-01 15:56:36,978     INFO End of fixations
2018-10-01 15:56:36,983     INFO Showing fixation at (0.026497948198029503, 0.7927010816934725)
2018-10-01 15:56:37,795     INFO End of fixations
2018-10-01 15:56:37,800     INFO Showing fixation at (0.016380288946318364, 0.8092642794030341)
2018-10-01 15:56:38,611     INFO End of fixations
2018-10-01 15:56:38,617     INFO Showing fixation at (0.46874906943713307, 0.03998211279890952)
2018-10-01 15:56:39,628     INFO End of fixations
2018-10-01 15:56:39,633     INFO Showing fixation at (0.025711157158356257, -0.8823517436562367)
2018-10-01 15:56:40,645     INFO End of fixations
2018-10-01 15:56:40,650     INFO Showing fixation at (0.01839336027653641, -0.8356389429142431)
2018-10-01 15:56:41,862     INFO End of fixations
2018-10-01 15:56:41,869     INFO Showing fixation at (-0.4823646023692779, -0.04058707892986226)
2018-10-01 15:56:43,077     INFO End of fixations
2018-10-01 15:56:43,082     INFO Showing fixation at (0.4298939302918482, 0.06792506043610022)
2018-10-01 15:56:44,295     INFO End of fixations
2018-10-01 15:56:44,300     INFO Showing fixation at (0, 0)
2018-10-01 15:56:45,111     INFO End of fixations
2018-10-01 15:56:45,111     INFO Showing instructions
2018-10-01 15:56:45,112     INFO Instruction: 
2018-10-01 15:56:45,881     INFO Received signal 5 after 0.753540992737 seconds
2018-10-01 15:56:45,881     INFO End of instructions
2018-10-01 15:56:45,881     INFO Block 4 saccades
2018-10-01 15:56:45,886     INFO Showing fixation at (0, 0)
2018-10-01 15:56:46,695     INFO End of fixations
2018-10-01 15:56:46,700     INFO Showing fixation at (0.0015712949706992302, -0.7989295906956365)
2018-10-01 15:56:47,712     INFO End of fixations
2018-10-01 15:56:47,717     INFO Showing fixation at (0.4630909930072283, 0.010978282918678625)
2018-10-01 15:56:48,528     INFO End of fixations
2018-10-01 15:56:48,534     INFO Showing fixation at (-0.03018295075203732, 0.7872273858321714)
2018-10-01 15:56:49,545     INFO End of fixations
2018-10-01 15:56:49,550     INFO Showing fixation at (-0.43676309407731034, 0.04725987022584999)
2018-10-01 15:56:50,762     INFO End of fixations
2018-10-01 15:56:50,767     INFO Showing fixation at (-0.49783066945679816, 0.0087087498580663)
2018-10-01 15:56:51,979     INFO End of fixations
2018-10-01 15:56:51,984     INFO Showing fixation at (0.026497948198029503, 0.7927010816934725)
2018-10-01 15:56:52,795     INFO End of fixations
2018-10-01 15:56:52,801     INFO Showing fixation at (0.016380288946318364, 0.8092642794030341)
2018-10-01 15:56:53,611     INFO End of fixations
2018-10-01 15:56:53,616     INFO Showing fixation at (0.46874906943713307, 0.03998211279890952)
2018-10-01 15:56:54,628     INFO End of fixations
2018-10-01 15:56:54,634     INFO Showing fixation at (0.025711157158356257, -0.8823517436562367)
2018-10-01 15:56:55,645     INFO End of fixations
2018-10-01 15:56:55,650     INFO Showing fixation at (0.01839336027653641, -0.8356389429142431)
2018-10-01 15:56:56,862     INFO End of fixations
2018-10-01 15:56:56,867     INFO Showing fixation at (-0.4823646023692779, -0.04058707892986226)
2018-10-01 15:56:58,078     INFO End of fixations
2018-10-01 15:56:58,084     INFO Showing fixation at (0.4298939302918482, 0.06792506043610022)
2018-10-01 15:56:59,295     INFO End of fixations
2018-10-01 15:56:59,300     INFO Showing fixation at (0, 0)
2018-10-01 15:57:00,112     INFO End of fixations
2018-10-01 15:57:00,112     INFO Showing instructions
2018-10-01 15:57:00,113     INFO Instruction: 
2018-10-01 15:57:00,880     INFO Received signal 5 after 0.752104997635 seconds
2018-10-01 15:57:00,880     INFO End of instructions
2018-10-01 15:57:00,881     INFO Block 5 fixations
2018-10-01 15:57:00,886     INFO Showing fixation at (0, 0)
2018-10-01 15:57:02,094     INFO End of fixations
2018-10-01 15:57:02,100     INFO Showing fixation at (-0.014194324509750153, -0.8050183952839643)
2018-10-01 15:57:02,912     INFO End of fixations
2018-10-01 15:57:02,918     INFO Showing fixation at (0.43653984909543664, 0.042709408227206605)
2018-10-01 15:57:04,129     INFO End of fixations
2018-10-01 15:57:04,134     INFO Showing fixation at (-0.002830685934823614, 0.8655481726469206)
2018-10-01 15:57:04,945     INFO End of fixations
2018-10-01 15:57:04,950     INFO Showing fixation at (0.03746584379462517, 0.8538582030137817)
2018-10-01 15:57:05,962     INFO End of fixations
2018-10-01 15:57:05,967     INFO Showing fixation at (0.4503620219174282, -0.022902362193369524)
2018-10-01 15:57:06,779     INFO End of fixations
2018-10-01 15:57:06,784     INFO Showing fixation at (0.4260029891767901, -0.016125256731675225)
2018-10-01 15:57:07,995     INFO End of fixations
2018-10-01 15:57:08,001     INFO Showing fixation at (-0.49786081695937556, 0.010107523409391958)
2018-10-01 15:57:08,812     INFO End of fixations
2018-10-01 15:57:08,817     INFO Showing fixation at (-0.00016191647080632254, -0.8132265803072608)
2018-10-01 15:57:09,829     INFO End of fixations
2018-10-01 15:57:09,834     INFO Showing fixation at (-0.496923614377088, -0.0009231268568175577)
2018-10-01 15:57:10,646     INFO End of fixations
2018-10-01 15:57:10,651     INFO Showing fixation at (-0.03451652813666572, -0.8044441542260341)
2018-10-01 15:57:11,663     INFO End of fixations
2018-10-01 15:57:11,668     INFO Showing fixation at (-0.003634944502562673, 0.7963722815347488)
2018-10-01 15:57:12,881     INFO End of fixations
2018-10-01 15:57:12,886     INFO Showing fixation at (-0.46606955863148664, 0.013380135052436154)
2018-10-01 15:57:14,095     INFO End of fixations
2018-10-01 15:57:14,100     INFO Showing fixation at (0, 0)
2018-10-01 15:57:15,112     INFO End of fixations
2018-10-01 15:57:15,113     INFO Showing instructions
2018-10-01 15:57:15,113     INFO Instruction: 
2018-10-01 15:57:15,881     INFO Received signal 5 after 0.75253200531 seconds
2018-10-01 15:57:15,881     INFO End of instructions
2018-10-01 15:57:15,881     INFO Block 5 saccades
2018-10-01 15:57:15,886     INFO Showing fixation at (0, 0)
2018-10-01 15:57:17,096     INFO End of fixations
2018-10-01 15:57:17,101     INFO Showing fixation at (-0.014194324509750153, -0.8050183952839643)
2018-10-01 15:57:17,912     INFO End of fixations
2018-10-01 15:57:17,918     INFO Showing fixation at (0.43653984909543664, 0.042709408227206605)
2018-10-01 15:57:19,129     INFO End of fixations
2018-10-01 15:57:19,134     INFO Showing fixation at (-0.002830685934823614, 0.8655481726469206)
2018-10-01 15:57:19,946     INFO End of fixations
2018-10-01 15:57:19,951     INFO Showing fixation at (0.03746584379462517, 0.8538582030137817)
2018-10-01 15:57:20,963     INFO End of fixations
2018-10-01 15:57:20,968     INFO Showing fixation at (0.4503620219174282, -0.022902362193369524)
2018-10-01 15:57:21,780     INFO End of fixations
2018-10-01 15:57:21,785     INFO Showing fixation at (0.4260029891767901, -0.016125256731675225)
2018-10-01 15:57:22,996     INFO End of fixations
2018-10-01 15:57:23,001     INFO Showing fixation at (-0.49786081695937556, 0.010107523409391958)
2018-10-01 15:57:23,813     INFO End of fixations
2018-10-01 15:57:23,818     INFO Showing fixation at (-0.00016191647080632254, -0.8132265803072608)
2018-10-01 15:57:24,829     INFO End of fixations
2018-10-01 15:57:24,835     INFO Showing fixation at (-0.496923614377088, -0.0009231268568175577)
2018-10-01 15:57:25,645     INFO End of fixations
2018-10-01 15:57:25,651     INFO Showing fixation at (-0.03451652813666572, -0.8044441542260341)
2018-10-01 15:57:26,663     INFO End of fixations
2018-10-01 15:57:26,668     INFO Showing fixation at (-0.003634944502562673, 0.7963722815347488)
2018-10-01 15:57:27,880     INFO End of fixations
2018-10-01 15:57:27,885     INFO Showing fixation at (-0.46606955863148664, 0.013380135052436154)
2018-10-01 15:57:29,096     INFO End of fixations
2018-10-01 15:57:29,101     INFO Showing fixation at (0, 0)
2018-10-01 15:57:30,113     INFO End of fixations
2018-10-01 15:57:30,113     INFO Showing instructions
2018-10-01 15:57:30,114     INFO Instruction: 
2018-10-01 15:57:30,880     INFO Received signal 5 after 0.751294851303 seconds
2018-10-01 15:57:30,881     INFO End of instructions
2018-10-01 15:57:30,881     INFO Block 6 fixations
2018-10-01 15:57:30,886     INFO Showing fixation at (0, 0)
2018-10-01 15:57:31,696     INFO End of fixations
2018-10-01 15:57:31,702     INFO Showing fixation at (0.007785293793476963, 0.8659945203063171)
2018-10-01 15:57:32,913     INFO End of fixations
2018-10-01 15:57:32,918     INFO Showing fixation at (0.46677756275201676, 0.06637791518575806)
2018-10-01 15:57:33,930     INFO End of fixations
2018-10-01 15:57:33,935     INFO Showing fixation at (-0.44299704660835265, -0.05418033756731716)
2018-10-01 15:57:34,946     INFO End of fixations
2018-10-01 15:57:34,951     INFO Showing fixation at (-0.010681086928121988, -0.8649889862184815)
2018-10-01 15:57:36,163     INFO End of fixations
2018-10-01 15:57:36,169     INFO Showing fixation at (-0.011102040532369514, -0.8536917418962999)
2018-10-01 15:57:37,380     INFO End of fixations
2018-10-01 15:57:37,385     INFO Showing fixation at (-0.4628585486357366, 0.024988023410153923)
2018-10-01 15:57:38,596     INFO End of fixations
2018-10-01 15:57:38,602     INFO Showing fixation at (0.004208240496780938, -0.8609216282247547)
2018-10-01 15:57:39,613     INFO End of fixations
2018-10-01 15:57:39,618     INFO Showing fixation at (-0.49616115771775393, -0.015503371634934433)
2018-10-01 15:57:40,430     INFO End of fixations
2018-10-01 15:57:40,435     INFO Showing fixation at (0.03517212794117984, 0.8764448981035649)
2018-10-01 15:57:41,247     INFO End of fixations
2018-10-01 15:57:41,252     INFO Showing fixation at (0.4795702346220103, 0.056275319482916725)
2018-10-01 15:57:42,263     INFO End of fixations
2018-10-01 15:57:42,270     INFO Showing fixation at (0.0010612105623309248, 0.8561465556391348)
2018-10-01 15:57:43,079     INFO End of fixations
2018-10-01 15:57:43,084     INFO Showing fixation at (0.43236308713831817, -0.04462801240166755)
2018-10-01 15:57:44,297     INFO End of fixations
2018-10-01 15:57:44,302     INFO Showing fixation at (0, 0)
2018-10-01 15:57:45,113     INFO End of fixations
2018-10-01 15:57:45,113     INFO Showing instructions
2018-10-01 15:57:45,114     INFO Instruction: 
2018-10-01 15:57:45,881     INFO Received signal 5 after 0.751530170441 seconds
2018-10-01 15:57:45,881     INFO End of instructions
2018-10-01 15:57:45,881     INFO Block 6 saccades
2018-10-01 15:57:45,886     INFO Showing fixation at (0, 0)
2018-10-01 15:57:46,697     INFO End of fixations
2018-10-01 15:57:46,702     INFO Showing fixation at (0.007785293793476963, 0.8659945203063171)
2018-10-01 15:57:47,913     INFO End of fixations
2018-10-01 15:57:47,918     INFO Showing fixation at (0.46677756275201676, 0.06637791518575806)
2018-10-01 15:57:48,930     INFO End of fixations
2018-10-01 15:57:48,935     INFO Showing fixation at (-0.44299704660835265, -0.05418033756731716)
2018-10-01 15:57:49,947     INFO End of fixations
2018-10-01 15:57:49,953     INFO Showing fixation at (-0.010681086928121988, -0.8649889862184815)
2018-10-01 15:57:51,163     INFO End of fixations
2018-10-01 15:57:51,169     INFO Showing fixation at (-0.011102040532369514, -0.8536917418962999)
2018-10-01 15:57:52,381     INFO End of fixations
2018-10-01 15:57:52,386     INFO Showing fixation at (-0.4628585486357366, 0.024988023410153923)
2018-10-01 15:57:53,596     INFO End of fixations
2018-10-01 15:57:53,601     INFO Showing fixation at (0.004208240496780938, -0.8609216282247547)
2018-10-01 15:57:54,613     INFO End of fixations
2018-10-01 15:57:54,619     INFO Showing fixation at (-0.49616115771775393, -0.015503371634934433)
2018-10-01 15:57:55,430     INFO End of fixations
2018-10-01 15:57:55,436     INFO Showing fixation at (0.03517212794117984, 0.8764448981035649)
2018-10-01 15:57:56,247     INFO End of fixations
2018-10-01 15:57:56,252     INFO Showing fixation at (0.4795702346220103, 0.056275319482916725)
2018-10-01 15:57:57,264     INFO End of fixations
2018-10-01 15:57:57,269     INFO Showing fixation at (0.0010612105623309248, 0.8561465556391348)
2018-10-01 15:57:58,080     INFO End of fixations
2018-10-01 15:57:58,086     INFO Showing fixation at (0.43236308713831817, -0.04462801240166755)
2018-10-01 15:57:59,297     INFO End of fixations
2018-10-01 15:57:59,303     INFO Showing fixation at (0, 0)
2018-10-01 15:58:00,114     INFO End of fixations
2018-10-01 15:58:00,114     INFO Showing instructions
2018-10-01 15:58:00,115     INFO Instruction: 
2018-10-01 15:58:00,880     INFO Received signal 5 after 0.750601053238 seconds
2018-10-01 15:58:00,880     INFO End of instructions
2018-10-01 15:58:00,880     INFO Block 7 fixations
2018-10-01 15:58:00,886     INFO Showing fixation at (0, 0)
2018-10-01 15:58:02,097     INFO End of fixations
2018-10-01 15:58:02,102     INFO Showing fixation at (-0.4256246879076212, -0.0203973740658333)
2018-10-01 15:58:03,314     INFO End of fixations
2018-10-01 15:58:03,319     INFO Showing fixation at (0.47668999893236136, -0.014558586942676907)
2018-10-01 15:58:04,331     INFO End of fixations
2018-10-01 15:58:04,336     INFO Showing fixation at (0.03684101275707982, 0.8144154778554207)
2018-10-01 15:58:05,347     INFO End of fixations
2018-10-01 15:58:05,352     INFO Showing fixation at (-0.4382172739528132, 0.06899077333016737)
2018-10-01 15:58:06,164     INFO End of fixations
2018-10-01 15:58:06,169     INFO Showing fixation at (-0.4841280756958089, 0.03461628318019816)
2018-10-01 15:58:06,981     INFO End of fixations
2018-10-01 15:58:06,986     INFO Showing fixation at (0.4837823843308056, 0.03154479263901497)
2018-10-01 15:58:08,197     INFO End of fixations
2018-10-01 15:58:08,202     INFO Showing fixation at (-0.027610152751282677, -0.7732281350772248)
2018-10-01 15:58:09,014     INFO End of fixations
2018-10-01 15:58:09,020     INFO Showing fixation at (0.008734584608211846, -0.8122754032723044)
2018-10-01 15:58:09,831     INFO End of fixations
2018-10-01 15:58:09,836     INFO Showing fixation at (0.02354156858395412, -0.8875701354395581)
2018-10-01 15:58:11,047     INFO End of fixations
2018-10-01 15:58:11,052     INFO Showing fixation at (0.038301038818419814, 0.8753791328062595)
2018-10-01 15:58:12,264     INFO End of fixations
2018-10-01 15:58:12,272     INFO Showing fixation at (-0.014046955657656929, 0.8721873332201621)
2018-10-01 15:58:13,081     INFO End of fixations
2018-10-01 15:58:13,087     INFO Showing fixation at (0.4599078290920758, -0.013254482532817115)
2018-10-01 15:58:14,096     INFO End of fixations
2018-10-01 15:58:14,101     INFO Showing fixation at (0, 0)
2018-10-01 15:58:15,114     INFO End of fixations
2018-10-01 15:58:15,114     INFO Showing instructions
2018-10-01 15:58:15,115     INFO Instruction: 
2018-10-01 15:58:15,881     INFO Received signal 5 after 0.750507116318 seconds
2018-10-01 15:58:15,881     INFO End of instructions
2018-10-01 15:58:15,881     INFO Block 7 saccades
2018-10-01 15:58:15,886     INFO Showing fixation at (0, 0)
2018-10-01 15:58:17,098     INFO End of fixations
2018-10-01 15:58:17,103     INFO Showing fixation at (-0.4256246879076212, -0.0203973740658333)
2018-10-01 15:58:18,314     INFO End of fixations
2018-10-01 15:58:18,320     INFO Showing fixation at (0.47668999893236136, -0.014558586942676907)
2018-10-01 15:58:19,331     INFO End of fixations
2018-10-01 15:58:19,336     INFO Showing fixation at (0.03684101275707982, 0.8144154778554207)
2018-10-01 15:58:20,348     INFO End of fixations
2018-10-01 15:58:20,353     INFO Showing fixation at (-0.4382172739528132, 0.06899077333016737)
2018-10-01 15:58:21,164     INFO End of fixations
2018-10-01 15:58:21,170     INFO Showing fixation at (-0.4841280756958089, 0.03461628318019816)
2018-10-01 15:58:21,981     INFO End of fixations
2018-10-01 15:58:21,987     INFO Showing fixation at (0.4837823843308056, 0.03154479263901497)
2018-10-01 15:58:23,198     INFO End of fixations
2018-10-01 15:58:23,203     INFO Showing fixation at (-0.027610152751282677, -0.7732281350772248)
2018-10-01 15:58:24,015     INFO End of fixations
2018-10-01 15:58:24,020     INFO Showing fixation at (0.008734584608211846, -0.8122754032723044)
2018-10-01 15:58:24,831     INFO End of fixations
2018-10-01 15:58:24,836     INFO Showing fixation at (0.02354156858395412, -0.8875701354395581)
2018-10-01 15:58:26,048     INFO End of fixations
2018-10-01 15:58:26,053     INFO Showing fixation at (0.038301038818419814, 0.8753791328062595)
2018-10-01 15:58:27,265     INFO End of fixations
2018-10-01 15:58:27,270     INFO Showing fixation at (-0.014046955657656929, 0.8721873332201621)
2018-10-01 15:58:28,081     INFO End of fixations
2018-10-01 15:58:28,086     INFO Showing fixation at (0.4599078290920758, -0.013254482532817115)
2018-10-01 15:58:29,098     INFO End of fixations
2018-10-01 15:58:29,103     INFO Showing fixation at (0, 0)
2018-10-01 15:58:30,115     INFO End of fixations
2018-10-01 15:58:30,115     INFO Showing instructions
2018-10-01 15:58:30,116     INFO Instruction: 
2018-10-01 15:58:30,880     INFO Received signal 5 after 0.749490976334 seconds
2018-10-01 15:58:30,880     INFO End of instructions
2018-10-01 15:58:30,880     INFO Block 8 fixations
2018-10-01 15:58:30,885     INFO Showing fixation at (0, 0)
2018-10-01 15:58:31,898     INFO End of fixations
2018-10-01 15:58:31,904     INFO Showing fixation at (-0.035192730152566916, -0.7710229639308611)
2018-10-01 15:58:32,915     INFO End of fixations
2018-10-01 15:58:32,920     INFO Showing fixation at (-0.45800867438358245, 0.04315425837826434)
2018-10-01 15:58:34,131     INFO End of fixations
2018-10-01 15:58:34,137     INFO Showing fixation at (-0.011526816701267373, 0.7815957102618786)
2018-10-01 15:58:35,149     INFO End of fixations
2018-10-01 15:58:35,154     INFO Showing fixation at (-0.42687566170531005, 0.04477690042656553)
2018-10-01 15:58:35,965     INFO End of fixations
2018-10-01 15:58:35,970     INFO Showing fixation at (-0.0045816865325253794, -0.7609022919792847)
2018-10-01 15:58:36,782     INFO End of fixations
2018-10-01 15:58:36,787     INFO Showing fixation at (0.4506473334156002, -0.06587557067285955)
2018-10-01 15:58:37,998     INFO End of fixations
2018-10-01 15:58:38,003     INFO Showing fixation at (-0.4446027657652426, -0.012321395088739286)
2018-10-01 15:58:39,215     INFO End of fixations
2018-10-01 15:58:39,220     INFO Showing fixation at (0.01665895152067698, 0.8373921173366219)
2018-10-01 15:58:40,432     INFO End of fixations
2018-10-01 15:58:40,437     INFO Showing fixation at (-0.00048010013078078617, -0.8485155876054296)
2018-10-01 15:58:41,647     INFO End of fixations
2018-10-01 15:58:41,653     INFO Showing fixation at (0.46460209790515555, -0.00882403105248257)
2018-10-01 15:58:42,465     INFO End of fixations
2018-10-01 15:58:42,472     INFO Showing fixation at (0.4314925386095253, 0.02280935185763014)
2018-10-01 15:58:43,282     INFO End of fixations
2018-10-01 15:58:43,287     INFO Showing fixation at (-0.036813378350750686, 0.7690441255744718)
2018-10-01 15:58:44,298     INFO End of fixations
2018-10-01 15:58:44,304     INFO Showing fixation at (0, 0)
2018-10-01 15:58:45,116     INFO End of fixations
2018-10-01 15:58:45,116     INFO Showing instructions
2018-10-01 15:58:45,117     INFO Instruction: 
2018-10-01 15:58:45,879     INFO Received signal 5 after 0.748394012451 seconds
2018-10-01 15:58:45,879     INFO End of instructions
2018-10-01 15:58:45,879     INFO Block 8 saccades
2018-10-01 15:58:45,886     INFO Showing fixation at (0, 0)
2018-10-01 15:58:46,898     INFO End of fixations
2018-10-01 15:58:46,904     INFO Showing fixation at (-0.035192730152566916, -0.7710229639308611)
2018-10-01 15:58:47,915     INFO End of fixations
2018-10-01 15:58:47,920     INFO Showing fixation at (-0.45800867438358245, 0.04315425837826434)
2018-10-01 15:58:49,132     INFO End of fixations
2018-10-01 15:58:49,137     INFO Showing fixation at (-0.011526816701267373, 0.7815957102618786)
2018-10-01 15:58:50,149     INFO End of fixations
2018-10-01 15:58:50,154     INFO Showing fixation at (-0.42687566170531005, 0.04477690042656553)
2018-10-01 15:58:50,965     INFO End of fixations
2018-10-01 15:58:50,971     INFO Showing fixation at (-0.0045816865325253794, -0.7609022919792847)
2018-10-01 15:58:51,782     INFO End of fixations
2018-10-01 15:58:51,787     INFO Showing fixation at (0.4506473334156002, -0.06587557067285955)
2018-10-01 15:58:52,999     INFO End of fixations
2018-10-01 15:58:53,004     INFO Showing fixation at (-0.4446027657652426, -0.012321395088739286)
2018-10-01 15:58:54,214     INFO End of fixations
2018-10-01 15:58:54,219     INFO Showing fixation at (0.01665895152067698, 0.8373921173366219)
2018-10-01 15:58:55,433     INFO End of fixations
2018-10-01 15:58:55,438     INFO Showing fixation at (-0.00048010013078078617, -0.8485155876054296)
2018-10-01 15:58:56,648     INFO End of fixations
2018-10-01 15:58:56,653     INFO Showing fixation at (0.46460209790515555, -0.00882403105248257)
2018-10-01 15:58:57,465     INFO End of fixations
2018-10-01 15:58:57,471     INFO Showing fixation at (0.4314925386095253, 0.02280935185763014)
2018-10-01 15:58:58,282     INFO End of fixations
2018-10-01 15:58:58,287     INFO Showing fixation at (-0.036813378350750686, 0.7690441255744718)
2018-10-01 15:58:59,299     INFO End of fixations
2018-10-01 15:58:59,304     INFO Showing fixation at (0, 0)
2018-10-01 15:59:00,115     INFO End of fixations
2018-10-01 15:59:00,116     INFO Showing instructions
2018-10-01 15:59:00,116     INFO Instruction: 
2018-10-01 15:59:00,880     INFO Received signal 5 after 0.748736858368 seconds
2018-10-01 15:59:00,880     INFO End of instructions
2018-10-01 15:59:00,880     INFO Block 9 fixations
2018-10-01 15:59:00,886     INFO Showing fixation at (0, 0)
2018-10-01 15:59:02,098     INFO End of fixations
2018-10-01 15:59:02,103     INFO Showing fixation at (-0.018008763460520973, 0.8022913577758446)
2018-10-01 15:59:02,916     INFO End of fixations
2018-10-01 15:59:02,921     INFO Showing fixation at (0.43995071668548297, -0.06031551719375841)
2018-10-01 15:59:03,932     INFO End of fixations
2018-10-01 15:59:03,937     INFO Showing fixation at (0.0025633227164455624, -0.874041637162055)
2018-10-01 15:59:04,949     INFO End of fixations
2018-10-01 15:59:04,955     INFO Showing fixation at (0.4351622418115217, -0.047327572949730765)
2018-10-01 15:59:06,166     INFO End of fixations
2018-10-01 15:59:06,172     INFO Showing fixation at (0.001442615179527526, 0.8422937954844646)
2018-10-01 15:59:07,182     INFO End of fixations
2018-10-01 15:59:07,188     INFO Showing fixation at (0.016796764252957612, 0.8548659019378776)
2018-10-01 15:59:07,999     INFO End of fixations
2018-10-01 15:59:08,004     INFO Showing fixation at (-0.031655624877475225, -0.8026274305268845)
2018-10-01 15:59:09,216     INFO End of fixations
2018-10-01 15:59:09,221     INFO Showing fixation at (-0.013933407534770695, -0.8249882097229312)
2018-10-01 15:59:10,032     INFO End of fixations
2018-10-01 15:59:10,038     INFO Showing fixation at (-0.4462006171337721, 0.02828622529390444)
2018-10-01 15:59:11,049     INFO End of fixations
2018-10-01 15:59:11,054     INFO Showing fixation at (-0.4480321565450953, -0.0662302048076353)
2018-10-01 15:59:11,866     INFO End of fixations
2018-10-01 15:59:11,872     INFO Showing fixation at (-0.43433513524177186, -0.05838091195750028)
2018-10-01 15:59:12,683     INFO End of fixations
2018-10-01 15:59:12,688     INFO Showing fixation at (0.48855430017018087, 0.004310836210338148)
2018-10-01 15:59:13,899     INFO End of fixations
2018-10-01 15:59:13,905     INFO Showing fixation at (0, 0)
2018-10-01 15:59:15,116     INFO End of fixations
2018-10-01 15:59:15,116     INFO Showing instructions
2018-10-01 15:59:15,117     INFO Instruction: 
2018-10-01 15:59:15,880     INFO Received signal 5 after 0.747063875198 seconds
2018-10-01 15:59:15,880     INFO End of instructions
2018-10-01 15:59:15,880     INFO Block 9 saccades
2018-10-01 15:59:15,885     INFO Showing fixation at (0, 0)
2018-10-01 15:59:17,098     INFO End of fixations
2018-10-01 15:59:17,103     INFO Showing fixation at (-0.018008763460520973, 0.8022913577758446)
2018-10-01 15:59:17,916     INFO End of fixations
2018-10-01 15:59:17,921     INFO Showing fixation at (0.43995071668548297, -0.06031551719375841)
2018-10-01 15:59:18,933     INFO End of fixations
2018-10-01 15:59:18,938     INFO Showing fixation at (0.0025633227164455624, -0.874041637162055)
2018-10-01 15:59:19,949     INFO End of fixations
2018-10-01 15:59:19,955     INFO Showing fixation at (0.4351622418115217, -0.047327572949730765)
2018-10-01 15:59:21,166     INFO End of fixations
2018-10-01 15:59:21,171     INFO Showing fixation at (0.001442615179527526, 0.8422937954844646)
2018-10-01 15:59:22,183     INFO End of fixations
2018-10-01 15:59:22,188     INFO Showing fixation at (0.016796764252957612, 0.8548659019378776)
2018-10-01 15:59:23,000     INFO End of fixations
2018-10-01 15:59:23,005     INFO Showing fixation at (-0.031655624877475225, -0.8026274305268845)
2018-10-01 15:59:24,216     INFO End of fixations
2018-10-01 15:59:24,222     INFO Showing fixation at (-0.013933407534770695, -0.8249882097229312)
2018-10-01 15:59:25,033     INFO End of fixations
2018-10-01 15:59:25,038     INFO Showing fixation at (-0.4462006171337721, 0.02828622529390444)
2018-10-01 15:59:26,050     INFO End of fixations
2018-10-01 15:59:26,055     INFO Showing fixation at (-0.4480321565450953, -0.0662302048076353)
2018-10-01 15:59:26,866     INFO End of fixations
2018-10-01 15:59:26,872     INFO Showing fixation at (-0.43433513524177186, -0.05838091195750028)
2018-10-01 15:59:27,683     INFO End of fixations
2018-10-01 15:59:27,689     INFO Showing fixation at (0.48855430017018087, 0.004310836210338148)
2018-10-01 15:59:28,900     INFO End of fixations
2018-10-01 15:59:28,905     INFO Showing fixation at (0, 0)
2018-10-01 15:59:30,115     INFO End of fixations
2018-10-01 15:59:30,119     INFO Showing fixation at (0, 0) for 8 second(s)
2018-10-01 15:59:30,880     INFO Received trigger 5
2018-10-01 15:59:31,880     INFO Received trigger 5
2018-10-01 15:59:32,880     INFO Received trigger 5
2018-10-01 15:59:33,880     INFO Received trigger 5
2018-10-01 15:59:34,880     INFO Received trigger 5
2018-10-01 15:59:35,880     INFO Received trigger 5
2018-10-01 15:59:36,880     INFO Received trigger 5
2018-10-01 15:59:59,781     INFO Received trigger 5
2018-10-01 15:59:59,781     INFO End of fixations
2018-10-01 15:59:59,782     INFO End of experiment
