2018-10-03 13:48:11,821     INFO #[ PsychoPy2 RuntimeInfoStart ]
  #[[ PsychoPy ]] #---------
    psychopyVersion: 1.85.4
    psychopyHaveExtRush: True
  #[[ Experiment ]] #---------
    experimentRunTime: 2018_10_03 13:48 (Year_Month_Day Hour:Min)
    experimentRunTime.epoch: 1538599689
    experimentScript: localizer.py
    experimentScript.digestSHA1: 73af835c2bb6458b858315d12675d6355738a2b3
    experimentScript.directory: /Users/mengdu/Repos/hierarchy/saccades
  #[[ System ]] #---------
    systemHaveInternetAccess: False (proxies not attempted)
    systemHostName: Mengs-MacBook-Pro.local
    systemLocale: C
    systemMemFreeRAM: 4036.28125
    systemMemTotalRAM: 8192.0
    systemPlatform: darwin 10.13.6 x86_64
    systemPyo.InputDevices: {0: {'host api index': 0, 'latency': 0.0029478457290679216, 'default sr': 44100, 'name': u'Built-in Microph'}, 3: {'host api index': 0, 'latency': 0.009999999776482582, 'default sr': 44100, 'name': u'NoMachine Audio Adapter'}, 4: {'host api index': 0, 'latency': 0.009999999776482582, 'default sr': 44100, 'name': u'NoMachine Microphone Adapter'}}
    systemPyo.OutputDevices: {1: {'host api index': 0, 'latency': 0.018798185512423515, 'default sr': 44100, 'name': u'Built-in Output'}, 2: {'host api index': 0, 'latency': 0.0014375000027939677, 'default sr': 48000, 'name': u'HDMI'}, 3: {'host api index': 0, 'latency': 0.001451247138902545, 'default sr': 44100, 'name': u'NoMachine Audio Adapter'}, 4: {'host api index': 0, 'latency': 0.001451247138902545, 'default sr': 44100, 'name': u'NoMachine Microphone Adapter'}}
    systemPyoVersion: 0.8.6
    systemRebooted: Oct 3 11:47
    systemSec.OpenSSLVersion: LibreSSL 2.2.7
    systemSec.pythonSSL: True
    systemTimeNumpySD1000000_sec: 0.0060
    systemUser: mengdu
    systemUserID: 501
    systemUserProcCount: 138
    systemUserProcFlagged: iTunes mdworker Safari
    systemUsersCount: 1
  #[[ Window ]] #---------
    windowRefreshTimeSD_ms: 0.036
    windowRefreshTimeMedian_ms: 16.665
    windowRefreshTimeAvg_ms: 16.667
  #[[ Python ]] #---------
    pythonVersion: 2.7.12
  #[[ OpenGL ]] #---------
#[ PsychoPy2 RuntimeInfoEnd ]

2018-10-03 13:48:12,039     INFO Showing instructions
2018-10-03 13:48:12,118     INFO Instruction: When you see a RED cross, plea...
2018-10-03 13:48:14,820     INFO Received response [('space', 2.6658220291137695)]
2018-10-03 13:48:14,821     INFO End of instructions
2018-10-03 13:48:14,821     INFO Showing instructions
2018-10-03 13:48:14,842     INFO Instruction: When you see a RED cross, plea...
2018-10-03 13:48:26,976     INFO Received signal 5 after 12.1199841499 seconds
2018-10-03 13:48:26,976     INFO End of instructions
2018-10-03 13:48:26,976     INFO Showing instructions
2018-10-03 13:48:26,977     INFO Instruction: 
2018-10-03 13:48:27,974     INFO Received signal 5 after 0.983645915985 seconds
2018-10-03 13:48:27,974     INFO End of instructions
2018-10-03 13:48:27,974     INFO Block 0 fixations
2018-10-03 13:48:27,986     INFO Showing fixation at (0, 0)
2018-10-03 13:48:28,991     INFO End of fixations
2018-10-03 13:48:29,000     INFO Showing fixation at (0.4727545528429847, 0.06504110455622333)
2018-10-03 13:48:30,207     INFO End of fixations
2018-10-03 13:48:30,213     INFO Showing fixation at (-0.02506638150809249, -0.7760836111864264)
2018-10-03 13:48:31,023     INFO End of fixations
2018-10-03 13:48:31,032     INFO Showing fixation at (0.46199460991574304, 0.06452033728712245)
2018-10-03 13:48:32,040     INFO End of fixations
2018-10-03 13:48:32,049     INFO Showing fixation at (0.014548043240960075, 0.783585231081437)
2018-10-03 13:48:32,856     INFO End of fixations
2018-10-03 13:48:32,867     INFO Showing fixation at (-0.4462951729174076, -0.01643631935215703)
2018-10-03 13:48:33,674     INFO End of fixations
2018-10-03 13:48:33,681     INFO Showing fixation at (0.020316578281372302, 0.8766044576049601)
2018-10-03 13:48:34,890     INFO End of fixations
2018-10-03 13:48:34,898     INFO Showing fixation at (-0.03007161459010926, 0.8086705423290949)
2018-10-03 13:48:36,107     INFO End of fixations
2018-10-03 13:48:36,115     INFO Showing fixation at (-0.4667602631857599, -0.06710572994746448)
2018-10-03 13:48:37,124     INFO End of fixations
2018-10-03 13:48:37,132     INFO Showing fixation at (-0.0018075654468286961, -0.8662724950612233)
2018-10-03 13:48:37,941     INFO End of fixations
2018-10-03 13:48:37,946     INFO Showing fixation at (-0.4314097867642367, -0.025005022417877873)
2018-10-03 13:48:39,157     INFO End of fixations
2018-10-03 13:48:39,166     INFO Showing fixation at (-0.009068575418699772, -0.8031464048474304)
2018-10-03 13:48:40,174     INFO End of fixations
2018-10-03 13:48:40,183     INFO Showing fixation at (0.48738906254556397, -0.05400781588476251)
2018-10-03 13:48:40,991     INFO End of fixations
2018-10-03 13:48:41,000     INFO Showing fixation at (0, 0)
2018-10-03 13:48:42,207     INFO End of fixations
2018-10-03 13:48:42,208     INFO Showing instructions
2018-10-03 13:48:42,209     INFO Instruction: 
2018-10-03 13:48:42,974     INFO Received signal 5 after 0.750368118286 seconds
2018-10-03 13:48:42,974     INFO End of instructions
2018-10-03 13:48:42,974     INFO Block 0 saccades
2018-10-03 13:48:42,979     INFO Showing fixation at (0, 0)
2018-10-03 13:48:43,991     INFO End of fixations
2018-10-03 13:48:44,000     INFO Showing fixation at (0.4727545528429847, 0.06504110455622333)
2018-10-03 13:48:45,208     INFO End of fixations
2018-10-03 13:48:45,216     INFO Showing fixation at (-0.02506638150809249, -0.7760836111864264)
2018-10-03 13:48:46,024     INFO End of fixations
2018-10-03 13:48:46,030     INFO Showing fixation at (0.46199460991574304, 0.06452033728712245)
2018-10-03 13:48:47,041     INFO End of fixations
2018-10-03 13:48:47,051     INFO Showing fixation at (0.014548043240960075, 0.783585231081437)
2018-10-03 13:48:47,857     INFO End of fixations
2018-10-03 13:48:47,874     INFO Showing fixation at (-0.4462951729174076, -0.01643631935215703)
2018-10-03 13:48:48,691     INFO End of fixations
2018-10-03 13:48:48,697     INFO Showing fixation at (0.020316578281372302, 0.8766044576049601)
2018-10-03 13:48:49,908     INFO End of fixations
2018-10-03 13:48:49,913     INFO Showing fixation at (-0.03007161459010926, 0.8086705423290949)
2018-10-03 13:48:51,124     INFO End of fixations
2018-10-03 13:48:51,133     INFO Showing fixation at (-0.4667602631857599, -0.06710572994746448)
2018-10-03 13:48:52,141     INFO End of fixations
2018-10-03 13:48:52,150     INFO Showing fixation at (-0.0018075654468286961, -0.8662724950612233)
2018-10-03 13:48:52,958     INFO End of fixations
2018-10-03 13:48:52,963     INFO Showing fixation at (-0.4314097867642367, -0.025005022417877873)
2018-10-03 13:48:54,174     INFO End of fixations
2018-10-03 13:48:54,180     INFO Showing fixation at (-0.009068575418699772, -0.8031464048474304)
2018-10-03 13:48:55,191     INFO End of fixations
2018-10-03 13:48:55,197     INFO Showing fixation at (0.48738906254556397, -0.05400781588476251)
2018-10-03 13:48:56,008     INFO End of fixations
2018-10-03 13:48:56,017     INFO Showing fixation at (0, 0)
2018-10-03 13:48:57,225     INFO End of fixations
2018-10-03 13:48:57,225     INFO Showing instructions
2018-10-03 13:48:57,226     INFO Instruction: 
2018-10-03 13:48:57,974     INFO Received signal 5 after 0.733487129211 seconds
2018-10-03 13:48:57,974     INFO End of instructions
2018-10-03 13:48:57,974     INFO Block 1 fixations
2018-10-03 13:48:57,981     INFO Showing fixation at (0, 0)
2018-10-03 13:48:59,191     INFO End of fixations
2018-10-03 13:48:59,203     INFO Showing fixation at (0.019663754964754518, 0.7804739091449646)
2018-10-03 13:49:00,008     INFO End of fixations
2018-10-03 13:49:00,014     INFO Showing fixation at (-0.4669365788765619, -0.046218266952345766)
2018-10-03 13:49:01,225     INFO End of fixations
2018-10-03 13:49:01,233     INFO Showing fixation at (0.4401697810734795, -0.02831976190013675)
2018-10-03 13:49:02,041     INFO End of fixations
2018-10-03 13:49:02,047     INFO Showing fixation at (0.47336323485740517, -0.025964798529689755)
2018-10-03 13:49:02,858     INFO End of fixations
2018-10-03 13:49:02,864     INFO Showing fixation at (-0.4308985503582452, -0.04244297396782762)
2018-10-03 13:49:04,075     INFO End of fixations
2018-10-03 13:49:04,084     INFO Showing fixation at (0.009793716043881538, -0.8468388981777156)
2018-10-03 13:49:05,091     INFO End of fixations
2018-10-03 13:49:05,097     INFO Showing fixation at (0.018599424315725095, 0.8224485365451613)
2018-10-03 13:49:06,108     INFO End of fixations
2018-10-03 13:49:06,117     INFO Showing fixation at (-0.011925301727524519, -0.8003117415833851)
2018-10-03 13:49:06,925     INFO End of fixations
2018-10-03 13:49:06,931     INFO Showing fixation at (0.01713646971053319, 0.8456862085502788)
2018-10-03 13:49:07,741     INFO End of fixations
2018-10-03 13:49:07,748     INFO Showing fixation at (0.4741473564426925, -0.01267770099014924)
2018-10-03 13:49:08,958     INFO End of fixations
2018-10-03 13:49:08,967     INFO Showing fixation at (-0.022892695729477372, -0.8370173984383231)
2018-10-03 13:49:10,175     INFO End of fixations
2018-10-03 13:49:10,184     INFO Showing fixation at (-0.4818837450242707, -0.0484645807871317)
2018-10-03 13:49:11,191     INFO End of fixations
2018-10-03 13:49:11,196     INFO Showing fixation at (0, 0)
2018-10-03 13:49:12,208     INFO End of fixations
2018-10-03 13:49:12,208     INFO Showing instructions
2018-10-03 13:49:12,209     INFO Instruction: 
2018-10-03 13:49:12,974     INFO Received signal 5 after 0.749310016632 seconds
2018-10-03 13:49:12,974     INFO End of instructions
2018-10-03 13:49:12,974     INFO Block 1 saccades
2018-10-03 13:49:12,984     INFO Showing fixation at (0, 0)
2018-10-03 13:49:14,191     INFO End of fixations
2018-10-03 13:49:14,200     INFO Showing fixation at (0.019663754964754518, 0.7804739091449646)
2018-10-03 13:49:15,008     INFO End of fixations
2018-10-03 13:49:15,016     INFO Showing fixation at (-0.4669365788765619, -0.046218266952345766)
2018-10-03 13:49:16,225     INFO End of fixations
2018-10-03 13:49:16,235     INFO Showing fixation at (0.4401697810734795, -0.02831976190013675)
2018-10-03 13:49:17,042     INFO End of fixations
2018-10-03 13:49:17,051     INFO Showing fixation at (0.47336323485740517, -0.025964798529689755)
2018-10-03 13:49:17,858     INFO End of fixations
2018-10-03 13:49:17,874     INFO Showing fixation at (-0.4308985503582452, -0.04244297396782762)
2018-10-03 13:49:19,091     INFO End of fixations
2018-10-03 13:49:19,100     INFO Showing fixation at (0.009793716043881538, -0.8468388981777156)
2018-10-03 13:49:20,109     INFO End of fixations
2018-10-03 13:49:20,116     INFO Showing fixation at (0.018599424315725095, 0.8224485365451613)
2018-10-03 13:49:21,125     INFO End of fixations
2018-10-03 13:49:21,131     INFO Showing fixation at (-0.011925301727524519, -0.8003117415833851)
2018-10-03 13:49:21,942     INFO End of fixations
2018-10-03 13:49:21,952     INFO Showing fixation at (0.01713646971053319, 0.8456862085502788)
2018-10-03 13:49:22,759     INFO End of fixations
2018-10-03 13:49:22,768     INFO Showing fixation at (0.4741473564426925, -0.01267770099014924)
2018-10-03 13:49:23,975     INFO End of fixations
2018-10-03 13:49:23,981     INFO Showing fixation at (-0.022892695729477372, -0.8370173984383231)
2018-10-03 13:49:25,191     INFO End of fixations
2018-10-03 13:49:25,200     INFO Showing fixation at (-0.4818837450242707, -0.0484645807871317)
2018-10-03 13:49:26,209     INFO End of fixations
2018-10-03 13:49:26,215     INFO Showing fixation at (0, 0)
2018-10-03 13:49:27,226     INFO End of fixations
2018-10-03 13:49:27,226     INFO Showing instructions
2018-10-03 13:49:27,227     INFO Instruction: 
2018-10-03 13:49:27,974     INFO Received signal 5 after 0.732625961304 seconds
2018-10-03 13:49:27,974     INFO End of instructions
2018-10-03 13:49:27,974     INFO Block 2 fixations
2018-10-03 13:49:27,983     INFO Showing fixation at (0, 0)
2018-10-03 13:49:29,192     INFO End of fixations
2018-10-03 13:49:29,198     INFO Showing fixation at (-0.46279872337659445, 0.05086371094480825)
2018-10-03 13:49:30,209     INFO End of fixations
2018-10-03 13:49:30,215     INFO Showing fixation at (0.023463298416006362, 0.7606183726441076)
2018-10-03 13:49:31,026     INFO End of fixations
2018-10-03 13:49:31,035     INFO Showing fixation at (0.02136956009865132, -0.8467182773411298)
2018-10-03 13:49:32,042     INFO End of fixations
2018-10-03 13:49:32,052     INFO Showing fixation at (0.43010468159710175, -0.05630937533486415)
2018-10-03 13:49:33,259     INFO End of fixations
2018-10-03 13:49:33,264     INFO Showing fixation at (0.003934788823012389, 0.7780765748838199)
2018-10-03 13:49:34,476     INFO End of fixations
2018-10-03 13:49:34,481     INFO Showing fixation at (-0.01100836920549993, -0.8823013539207182)
2018-10-03 13:49:35,292     INFO End of fixations
2018-10-03 13:49:35,301     INFO Showing fixation at (0.4873121963146223, 0.04983454987957271)
2018-10-03 13:49:36,109     INFO End of fixations
2018-10-03 13:49:36,115     INFO Showing fixation at (0.45247534743791057, -0.048184018053172656)
2018-10-03 13:49:36,926     INFO End of fixations
2018-10-03 13:49:36,932     INFO Showing fixation at (-0.027314022073551495, -0.7587247180066007)
2018-10-03 13:49:38,142     INFO End of fixations
2018-10-03 13:49:38,148     INFO Showing fixation at (0.006314769769046102, 0.8115423597496386)
2018-10-03 13:49:39,359     INFO End of fixations
2018-10-03 13:49:39,368     INFO Showing fixation at (-0.4383115125657097, -0.05651777865900044)
2018-10-03 13:49:40,176     INFO End of fixations
2018-10-03 13:49:40,185     INFO Showing fixation at (-0.4235239645922948, 0.0021124235652369844)
2018-10-03 13:49:41,192     INFO End of fixations
2018-10-03 13:49:41,199     INFO Showing fixation at (0, 0)
2018-10-03 13:49:42,209     INFO End of fixations
2018-10-03 13:49:42,209     INFO Showing instructions
2018-10-03 13:49:42,211     INFO Instruction: 
2018-10-03 13:49:42,974     INFO Received signal 5 after 0.748193979263 seconds
2018-10-03 13:49:42,974     INFO End of instructions
2018-10-03 13:49:42,974     INFO Block 2 saccades
2018-10-03 13:49:42,983     INFO Showing fixation at (0, 0)
2018-10-03 13:49:44,193     INFO End of fixations
2018-10-03 13:49:44,202     INFO Showing fixation at (-0.46279872337659445, 0.05086371094480825)
2018-10-03 13:49:45,209     INFO End of fixations
2018-10-03 13:49:45,218     INFO Showing fixation at (0.023463298416006362, 0.7606183726441076)
2018-10-03 13:49:46,026     INFO End of fixations
2018-10-03 13:49:46,036     INFO Showing fixation at (0.02136956009865132, -0.8467182773411298)
2018-10-03 13:49:47,043     INFO End of fixations
2018-10-03 13:49:47,052     INFO Showing fixation at (0.43010468159710175, -0.05630937533486415)
2018-10-03 13:49:48,259     INFO End of fixations
2018-10-03 13:49:48,270     INFO Showing fixation at (0.003934788823012389, 0.7780765748838199)
2018-10-03 13:49:49,476     INFO End of fixations
2018-10-03 13:49:49,485     INFO Showing fixation at (-0.01100836920549993, -0.8823013539207182)
2018-10-03 13:49:50,292     INFO End of fixations
2018-10-03 13:49:50,302     INFO Showing fixation at (0.4873121963146223, 0.04983454987957271)
2018-10-03 13:49:51,108     INFO End of fixations
2018-10-03 13:49:51,114     INFO Showing fixation at (0.45247534743791057, -0.048184018053172656)
2018-10-03 13:49:51,926     INFO End of fixations
2018-10-03 13:49:51,935     INFO Showing fixation at (-0.027314022073551495, -0.7587247180066007)
2018-10-03 13:49:53,143     INFO End of fixations
2018-10-03 13:49:53,149     INFO Showing fixation at (0.006314769769046102, 0.8115423597496386)
2018-10-03 13:49:54,360     INFO End of fixations
2018-10-03 13:49:54,370     INFO Showing fixation at (-0.4383115125657097, -0.05651777865900044)
2018-10-03 13:49:55,176     INFO End of fixations
2018-10-03 13:49:55,185     INFO Showing fixation at (-0.4235239645922948, 0.0021124235652369844)
2018-10-03 13:49:56,193     INFO End of fixations
2018-10-03 13:49:56,199     INFO Showing fixation at (0, 0)
2018-10-03 13:49:57,210     INFO End of fixations
2018-10-03 13:49:57,210     INFO Showing instructions
2018-10-03 13:49:57,211     INFO Instruction: 
2018-10-03 13:49:57,973     INFO Received signal 5 after 0.747611045837 seconds
2018-10-03 13:49:57,973     INFO End of instructions
2018-10-03 13:49:57,973     INFO Block 3 fixations
2018-10-03 13:49:57,979     INFO Showing fixation at (0, 0)
2018-10-03 13:49:59,193     INFO End of fixations
2018-10-03 13:49:59,291     INFO Showing fixation at (-0.029204852607045827, -0.8328033737915636)
2018-10-03 13:50:00,510     INFO End of fixations
2018-10-03 13:50:00,519     INFO Showing fixation at (0.48013880365811973, -0.05303049748913029)
2018-10-03 13:50:01,326     INFO End of fixations
2018-10-03 13:50:01,332     INFO Showing fixation at (0.4750239565985725, -0.04936192089966093)
2018-10-03 13:50:02,543     INFO End of fixations
2018-10-03 13:50:02,548     INFO Showing fixation at (-0.0053274202035780704, 0.7960152531256551)
2018-10-03 13:50:03,360     INFO End of fixations
2018-10-03 13:50:03,366     INFO Showing fixation at (-0.4472861500858639, 0.028569692612728625)
2018-10-03 13:50:04,376     INFO End of fixations
2018-10-03 13:50:04,384     INFO Showing fixation at (0.0004847402777256593, 0.8719872230701994)
2018-10-03 13:50:05,193     INFO End of fixations
2018-10-03 13:50:05,199     INFO Showing fixation at (0.03489024993688601, 0.8373636585146711)
2018-10-03 13:50:06,210     INFO End of fixations
2018-10-03 13:50:06,215     INFO Showing fixation at (-0.4781178415097188, -0.02888221434329942)
2018-10-03 13:50:07,027     INFO End of fixations
2018-10-03 13:50:07,033     INFO Showing fixation at (0.032597833437112755, -0.8731001991686433)
2018-10-03 13:50:08,043     INFO End of fixations
2018-10-03 13:50:08,052     INFO Showing fixation at (-0.49239823778582636, 0.035728015623034196)
2018-10-03 13:50:09,260     INFO End of fixations
2018-10-03 13:50:09,269     INFO Showing fixation at (0.001442007304294668, -0.7758778958716942)
2018-10-03 13:50:10,476     INFO End of fixations
2018-10-03 13:50:10,482     INFO Showing fixation at (0.4651587109503468, 0.02021463493309439)
2018-10-03 13:50:11,493     INFO End of fixations
2018-10-03 13:50:11,503     INFO Showing fixation at (0, 0)
2018-10-03 13:50:12,310     INFO End of fixations
2018-10-03 13:50:12,310     INFO Showing instructions
2018-10-03 13:50:12,312     INFO Instruction: 
2018-10-03 13:50:12,973     INFO Received signal 5 after 0.647145986557 seconds
2018-10-03 13:50:12,974     INFO End of instructions
2018-10-03 13:50:12,974     INFO Block 3 saccades
2018-10-03 13:50:12,983     INFO Showing fixation at (0, 0)
2018-10-03 13:50:14,193     INFO End of fixations
2018-10-03 13:50:14,203     INFO Showing fixation at (-0.029204852607045827, -0.8328033737915636)
2018-10-03 13:50:15,410     INFO End of fixations
2018-10-03 13:50:15,416     INFO Showing fixation at (0.48013880365811973, -0.05303049748913029)
2018-10-03 13:50:16,227     INFO End of fixations
2018-10-03 13:50:16,235     INFO Showing fixation at (0.4750239565985725, -0.04936192089966093)
2018-10-03 13:50:17,444     INFO End of fixations
2018-10-03 13:50:17,454     INFO Showing fixation at (-0.0053274202035780704, 0.7960152531256551)
2018-10-03 13:50:18,260     INFO End of fixations
2018-10-03 13:50:18,269     INFO Showing fixation at (-0.4472861500858639, 0.028569692612728625)
2018-10-03 13:50:19,277     INFO End of fixations
2018-10-03 13:50:19,286     INFO Showing fixation at (0.0004847402777256593, 0.8719872230701994)
2018-10-03 13:50:20,094     INFO End of fixations
2018-10-03 13:50:20,100     INFO Showing fixation at (0.03489024993688601, 0.8373636585146711)
2018-10-03 13:50:21,110     INFO End of fixations
2018-10-03 13:50:21,119     INFO Showing fixation at (-0.4781178415097188, -0.02888221434329942)
2018-10-03 13:50:21,927     INFO End of fixations
2018-10-03 13:50:21,936     INFO Showing fixation at (0.032597833437112755, -0.8731001991686433)
2018-10-03 13:50:22,944     INFO End of fixations
2018-10-03 13:50:22,949     INFO Showing fixation at (-0.49239823778582636, 0.035728015623034196)
2018-10-03 13:50:24,160     INFO End of fixations
2018-10-03 13:50:24,167     INFO Showing fixation at (0.001442007304294668, -0.7758778958716942)
2018-10-03 13:50:25,377     INFO End of fixations
2018-10-03 13:50:25,386     INFO Showing fixation at (0.4651587109503468, 0.02021463493309439)
2018-10-03 13:50:26,394     INFO End of fixations
2018-10-03 13:50:26,403     INFO Showing fixation at (0, 0)
2018-10-03 13:50:27,210     INFO End of fixations
2018-10-03 13:50:27,211     INFO Showing instructions
2018-10-03 13:50:27,211     INFO Instruction: 
2018-10-03 13:50:27,974     INFO Received signal 5 after 0.74726319313 seconds
2018-10-03 13:50:27,974     INFO End of instructions
2018-10-03 13:50:27,974     INFO Block 4 fixations
2018-10-03 13:50:27,983     INFO Showing fixation at (0, 0)
2018-10-03 13:50:28,794     INFO End of fixations
2018-10-03 13:50:28,800     INFO Showing fixation at (-0.004714082559089873, -0.8671522164194858)
2018-10-03 13:50:29,611     INFO End of fixations
2018-10-03 13:50:29,620     INFO Showing fixation at (-0.4893431644846557, 0.03293720834879653)
2018-10-03 13:50:30,627     INFO End of fixations
2018-10-03 13:50:30,632     INFO Showing fixation at (-0.03819884649077694, 0.8105093692394628)
2018-10-03 13:50:31,444     INFO End of fixations
2018-10-03 13:50:31,449     INFO Showing fixation at (-0.0012743888795508432, -0.7809544596016113)
2018-10-03 13:50:32,661     INFO End of fixations
2018-10-03 13:50:32,670     INFO Showing fixation at (-0.013995587347228802, 0.838910558754417)
2018-10-03 13:50:33,877     INFO End of fixations
2018-10-03 13:50:33,883     INFO Showing fixation at (0.019844159368746048, -0.8775050573352543)
2018-10-03 13:50:34,694     INFO End of fixations
2018-10-03 13:50:34,701     INFO Showing fixation at (0.5001169787862038, 0.04060576883148656)
2018-10-03 13:50:35,911     INFO End of fixations
2018-10-03 13:50:35,916     INFO Showing fixation at (0.48796583648668473, 0.038338316184200166)
2018-10-03 13:50:36,928     INFO End of fixations
2018-10-03 13:50:36,937     INFO Showing fixation at (-0.4893637201435606, 0.028796726033083073)
2018-10-03 13:50:37,944     INFO End of fixations
2018-10-03 13:50:37,954     INFO Showing fixation at (0.45869276406741877, -0.019900223778746624)
2018-10-03 13:50:38,761     INFO End of fixations
2018-10-03 13:50:38,766     INFO Showing fixation at (0.008936996473659094, 0.7977992508144514)
2018-10-03 13:50:39,978     INFO End of fixations
2018-10-03 13:50:39,987     INFO Showing fixation at (-0.4573063495010295, 0.03008312902264025)
2018-10-03 13:50:41,194     INFO End of fixations
2018-10-03 13:50:41,201     INFO Showing fixation at (0, 0)
2018-10-03 13:50:42,211     INFO End of fixations
2018-10-03 13:50:42,211     INFO Showing instructions
2018-10-03 13:50:42,212     INFO Instruction: 
2018-10-03 13:50:42,973     INFO Received signal 5 after 0.746221780777 seconds
2018-10-03 13:50:42,973     INFO End of instructions
2018-10-03 13:50:42,974     INFO Block 4 saccades
2018-10-03 13:50:42,982     INFO Showing fixation at (0, 0)
2018-10-03 13:50:43,794     INFO End of fixations
2018-10-03 13:50:43,803     INFO Showing fixation at (-0.004714082559089873, -0.8671522164194858)
2018-10-03 13:50:44,611     INFO End of fixations
2018-10-03 13:50:44,617     INFO Showing fixation at (-0.4893431644846557, 0.03293720834879653)
2018-10-03 13:50:45,628     INFO End of fixations
2018-10-03 13:50:45,637     INFO Showing fixation at (-0.03819884649077694, 0.8105093692394628)
2018-10-03 13:50:46,444     INFO End of fixations
2018-10-03 13:50:46,453     INFO Showing fixation at (-0.0012743888795508432, -0.7809544596016113)
2018-10-03 13:50:47,661     INFO End of fixations
2018-10-03 13:50:47,672     INFO Showing fixation at (-0.013995587347228802, 0.838910558754417)
2018-10-03 13:50:48,877     INFO End of fixations
2018-10-03 13:50:48,886     INFO Showing fixation at (0.019844159368746048, -0.8775050573352543)
2018-10-03 13:50:49,694     INFO End of fixations
2018-10-03 13:50:49,700     INFO Showing fixation at (0.5001169787862038, 0.04060576883148656)
2018-10-03 13:50:50,911     INFO End of fixations
2018-10-03 13:50:50,920     INFO Showing fixation at (0.48796583648668473, 0.038338316184200166)
2018-10-03 13:50:51,928     INFO End of fixations
2018-10-03 13:50:51,937     INFO Showing fixation at (-0.4893637201435606, 0.028796726033083073)
2018-10-03 13:50:52,944     INFO End of fixations
2018-10-03 13:50:52,954     INFO Showing fixation at (0.45869276406741877, -0.019900223778746624)
2018-10-03 13:50:53,761     INFO End of fixations
2018-10-03 13:50:53,770     INFO Showing fixation at (0.008936996473659094, 0.7977992508144514)
2018-10-03 13:50:54,978     INFO End of fixations
2018-10-03 13:50:54,988     INFO Showing fixation at (-0.4573063495010295, 0.03008312902264025)
2018-10-03 13:50:56,195     INFO End of fixations
2018-10-03 13:50:56,200     INFO Showing fixation at (0, 0)
2018-10-03 13:50:57,212     INFO End of fixations
2018-10-03 13:50:57,212     INFO Showing instructions
2018-10-03 13:50:57,213     INFO Instruction: 
2018-10-03 13:50:57,972     INFO Received signal 5 after 0.744879961014 seconds
2018-10-03 13:50:57,973     INFO End of instructions
2018-10-03 13:50:57,973     INFO Block 5 fixations
2018-10-03 13:50:57,981     INFO Showing fixation at (0, 0)
2018-10-03 13:50:58,995     INFO End of fixations
2018-10-03 13:50:59,000     INFO Showing fixation at (0.4813074657692743, -0.0671778223068528)
2018-10-03 13:51:00,211     INFO End of fixations
2018-10-03 13:51:00,217     INFO Showing fixation at (0.03791041986878371, 0.8732849595233919)
2018-10-03 13:51:01,428     INFO End of fixations
2018-10-03 13:51:01,437     INFO Showing fixation at (-0.44076766458913874, 0.007860976529385041)
2018-10-03 13:51:02,445     INFO End of fixations
2018-10-03 13:51:02,450     INFO Showing fixation at (0.018681452473782167, 0.7856490974806006)
2018-10-03 13:51:03,662     INFO End of fixations
2018-10-03 13:51:03,671     INFO Showing fixation at (0.00942164368037849, -0.8104959889288904)
2018-10-03 13:51:04,878     INFO End of fixations
2018-10-03 13:51:04,884     INFO Showing fixation at (-0.4525456465478469, 0.007657158758506449)
2018-10-03 13:51:05,695     INFO End of fixations
2018-10-03 13:51:05,705     INFO Showing fixation at (-0.47120564412906835, -0.06576112859105496)
2018-10-03 13:51:06,712     INFO End of fixations
2018-10-03 13:51:06,720     INFO Showing fixation at (0.47886270887723725, -0.045602254838867665)
2018-10-03 13:51:07,729     INFO End of fixations
2018-10-03 13:51:07,734     INFO Showing fixation at (-0.03574635930970063, -0.8400633346013101)
2018-10-03 13:51:08,544     INFO End of fixations
2018-10-03 13:51:08,553     INFO Showing fixation at (-0.012850943055101656, 0.7867861548587124)
2018-10-03 13:51:09,361     INFO End of fixations
2018-10-03 13:51:09,370     INFO Showing fixation at (0.441378375595526, -0.04936067508187854)
2018-10-03 13:51:10,578     INFO End of fixations
2018-10-03 13:51:10,584     INFO Showing fixation at (-0.004720499070169977, -0.7741645495681293)
2018-10-03 13:51:11,395     INFO End of fixations
2018-10-03 13:51:11,404     INFO Showing fixation at (0, 0)
2018-10-03 13:51:12,212     INFO End of fixations
2018-10-03 13:51:12,212     INFO Showing instructions
2018-10-03 13:51:12,213     INFO Instruction: 
2018-10-03 13:51:12,974     INFO Received signal 5 after 0.745324134827 seconds
2018-10-03 13:51:12,974     INFO End of instructions
2018-10-03 13:51:12,974     INFO Block 5 saccades
2018-10-03 13:51:12,982     INFO Showing fixation at (0, 0)
2018-10-03 13:51:13,995     INFO End of fixations
2018-10-03 13:51:14,006     INFO Showing fixation at (0.4813074657692743, -0.0671778223068528)
2018-10-03 13:51:15,212     INFO End of fixations
2018-10-03 13:51:15,218     INFO Showing fixation at (0.03791041986878371, 0.8732849595233919)
2018-10-03 13:51:16,429     INFO End of fixations
2018-10-03 13:51:16,438     INFO Showing fixation at (-0.44076766458913874, 0.007860976529385041)
2018-10-03 13:51:17,446     INFO End of fixations
2018-10-03 13:51:17,454     INFO Showing fixation at (0.018681452473782167, 0.7856490974806006)
2018-10-03 13:51:18,662     INFO End of fixations
2018-10-03 13:51:18,671     INFO Showing fixation at (0.00942164368037849, -0.8104959889288904)
2018-10-03 13:51:19,878     INFO End of fixations
2018-10-03 13:51:19,888     INFO Showing fixation at (-0.4525456465478469, 0.007657158758506449)
2018-10-03 13:51:20,696     INFO End of fixations
2018-10-03 13:51:20,705     INFO Showing fixation at (-0.47120564412906835, -0.06576112859105496)
2018-10-03 13:51:21,712     INFO End of fixations
2018-10-03 13:51:21,721     INFO Showing fixation at (0.47886270887723725, -0.045602254838867665)
2018-10-03 13:51:22,729     INFO End of fixations
2018-10-03 13:51:22,738     INFO Showing fixation at (-0.03574635930970063, -0.8400633346013101)
2018-10-03 13:51:23,546     INFO End of fixations
2018-10-03 13:51:23,555     INFO Showing fixation at (-0.012850943055101656, 0.7867861548587124)
2018-10-03 13:51:24,362     INFO End of fixations
2018-10-03 13:51:24,368     INFO Showing fixation at (0.441378375595526, -0.04936067508187854)
2018-10-03 13:51:25,579     INFO End of fixations
2018-10-03 13:51:25,588     INFO Showing fixation at (-0.004720499070169977, -0.7741645495681293)
2018-10-03 13:51:26,396     INFO End of fixations
2018-10-03 13:51:26,405     INFO Showing fixation at (0, 0)
2018-10-03 13:51:27,213     INFO End of fixations
2018-10-03 13:51:27,213     INFO Showing instructions
2018-10-03 13:51:27,214     INFO Instruction: 
2018-10-03 13:51:27,973     INFO Received signal 5 after 0.744272947311 seconds
2018-10-03 13:51:27,973     INFO End of instructions
2018-10-03 13:51:27,973     INFO Block 6 fixations
2018-10-03 13:51:27,982     INFO Showing fixation at (0, 0)
2018-10-03 13:51:29,196     INFO End of fixations
2018-10-03 13:51:29,202     INFO Showing fixation at (0.023433924527021074, -0.8576369236640208)
2018-10-03 13:51:30,012     INFO End of fixations
2018-10-03 13:51:30,022     INFO Showing fixation at (-0.018534309471369814, -0.8194744590143278)
2018-10-03 13:51:30,829     INFO End of fixations
2018-10-03 13:51:30,838     INFO Showing fixation at (-0.01772189471211459, 0.8666819054812087)
2018-10-03 13:51:31,646     INFO End of fixations
2018-10-03 13:51:31,651     INFO Showing fixation at (0.0018313477293115665, 0.8642623385395481)
2018-10-03 13:51:32,663     INFO End of fixations
2018-10-03 13:51:32,672     INFO Showing fixation at (0.44131783164827526, -0.033601312027472074)
2018-10-03 13:51:33,679     INFO End of fixations
2018-10-03 13:51:33,685     INFO Showing fixation at (0.038099549190496004, 0.8622533056008377)
2018-10-03 13:51:34,696     INFO End of fixations
2018-10-03 13:51:34,705     INFO Showing fixation at (-0.4840989034879525, 0.04133143979440594)
2018-10-03 13:51:35,913     INFO End of fixations
2018-10-03 13:51:35,922     INFO Showing fixation at (0.44469539274112446, -0.005421374111106353)
2018-10-03 13:51:36,929     INFO End of fixations
2018-10-03 13:51:36,937     INFO Showing fixation at (-0.44603745448700516, 0.037369085172460195)
2018-10-03 13:51:37,746     INFO End of fixations
2018-10-03 13:51:37,752     INFO Showing fixation at (0.02049501670774754, -0.8168656485621958)
2018-10-03 13:51:38,563     INFO End of fixations
2018-10-03 13:51:38,569     INFO Showing fixation at (0.4884828788616476, 0.015181671936616431)
2018-10-03 13:51:39,779     INFO End of fixations
2018-10-03 13:51:39,785     INFO Showing fixation at (-0.4817737030926217, 0.013591059313158349)
2018-10-03 13:51:40,996     INFO End of fixations
2018-10-03 13:51:41,002     INFO Showing fixation at (0, 0)
2018-10-03 13:51:42,213     INFO End of fixations
2018-10-03 13:51:42,213     INFO Showing instructions
2018-10-03 13:51:42,214     INFO Instruction: 
2018-10-03 13:51:42,973     INFO Received signal 5 after 0.744210004807 seconds
2018-10-03 13:51:42,973     INFO End of instructions
2018-10-03 13:51:42,973     INFO Block 6 saccades
2018-10-03 13:51:42,980     INFO Showing fixation at (0, 0)
2018-10-03 13:51:44,196     INFO End of fixations
2018-10-03 13:51:44,202     INFO Showing fixation at (0.023433924527021074, -0.8576369236640208)
2018-10-03 13:51:45,013     INFO End of fixations
2018-10-03 13:51:45,019     INFO Showing fixation at (-0.018534309471369814, -0.8194744590143278)
2018-10-03 13:51:45,830     INFO End of fixations
2018-10-03 13:51:45,835     INFO Showing fixation at (-0.01772189471211459, 0.8666819054812087)
2018-10-03 13:51:46,646     INFO End of fixations
2018-10-03 13:51:46,654     INFO Showing fixation at (0.0018313477293115665, 0.8642623385395481)
2018-10-03 13:51:47,663     INFO End of fixations
2018-10-03 13:51:47,674     INFO Showing fixation at (0.44131783164827526, -0.033601312027472074)
2018-10-03 13:51:48,679     INFO End of fixations
2018-10-03 13:51:48,688     INFO Showing fixation at (0.038099549190496004, 0.8622533056008377)
2018-10-03 13:51:49,696     INFO End of fixations
2018-10-03 13:51:49,705     INFO Showing fixation at (-0.4840989034879525, 0.04133143979440594)
2018-10-03 13:51:50,913     INFO End of fixations
2018-10-03 13:51:50,922     INFO Showing fixation at (0.44469539274112446, -0.005421374111106353)
2018-10-03 13:51:51,930     INFO End of fixations
2018-10-03 13:51:51,936     INFO Showing fixation at (-0.44603745448700516, 0.037369085172460195)
2018-10-03 13:51:52,745     INFO End of fixations
2018-10-03 13:51:52,754     INFO Showing fixation at (0.02049501670774754, -0.8168656485621958)
2018-10-03 13:51:53,563     INFO End of fixations
2018-10-03 13:51:53,572     INFO Showing fixation at (0.4884828788616476, 0.015181671936616431)
2018-10-03 13:51:54,780     INFO End of fixations
2018-10-03 13:51:54,789     INFO Showing fixation at (-0.4817737030926217, 0.013591059313158349)
2018-10-03 13:51:55,997     INFO End of fixations
2018-10-03 13:51:56,004     INFO Showing fixation at (0, 0)
2018-10-03 13:51:57,214     INFO End of fixations
2018-10-03 13:51:57,214     INFO Showing instructions
2018-10-03 13:51:57,215     INFO Instruction: 
2018-10-03 13:51:57,973     INFO Received signal 5 after 0.743488073349 seconds
2018-10-03 13:51:57,973     INFO End of instructions
2018-10-03 13:51:57,973     INFO Block 7 fixations
2018-10-03 13:51:57,982     INFO Showing fixation at (0, 0)
2018-10-03 13:51:58,797     INFO End of fixations
2018-10-03 13:51:58,806     INFO Showing fixation at (0.43575860305732783, 0.002010702572999429)
2018-10-03 13:51:59,813     INFO End of fixations
2018-10-03 13:51:59,819     INFO Showing fixation at (-0.42727425096143534, -0.06254551107047132)
2018-10-03 13:52:01,030     INFO End of fixations
2018-10-03 13:52:01,039     INFO Showing fixation at (0.461928312771118, -0.03592603554329832)
2018-10-03 13:52:02,246     INFO End of fixations
2018-10-03 13:52:02,252     INFO Showing fixation at (0.025971814143372518, 0.7904363037203639)
2018-10-03 13:52:03,063     INFO End of fixations
2018-10-03 13:52:03,073     INFO Showing fixation at (0.4738401994020785, 0.04430620653451918)
2018-10-03 13:52:04,280     INFO End of fixations
2018-10-03 13:52:04,286     INFO Showing fixation at (-0.01825287380208599, 0.8368385652781279)
2018-10-03 13:52:05,297     INFO End of fixations
2018-10-03 13:52:05,306     INFO Showing fixation at (-0.02925466060427724, -0.8145968128767641)
2018-10-03 13:52:06,113     INFO End of fixations
2018-10-03 13:52:06,119     INFO Showing fixation at (-0.4866695411122945, 0.06103989863752965)
2018-10-03 13:52:07,131     INFO End of fixations
2018-10-03 13:52:07,140     INFO Showing fixation at (0.012293943393460537, -0.8711319607032109)
2018-10-03 13:52:07,947     INFO End of fixations
2018-10-03 13:52:07,952     INFO Showing fixation at (-0.42878865060151394, 0.024034229300266635)
2018-10-03 13:52:08,964     INFO End of fixations
2018-10-03 13:52:08,972     INFO Showing fixation at (0.03620580908891541, -0.8608979269534484)
2018-10-03 13:52:10,180     INFO End of fixations
2018-10-03 13:52:10,186     INFO Showing fixation at (0.0077709071142470915, 0.7582901293272275)
2018-10-03 13:52:11,397     INFO End of fixations
2018-10-03 13:52:11,406     INFO Showing fixation at (0, 0)
2018-10-03 13:52:12,214     INFO End of fixations
2018-10-03 13:52:12,214     INFO Showing instructions
2018-10-03 13:52:12,215     INFO Instruction: 
2018-10-03 13:52:12,972     INFO Received signal 5 after 0.74186706543 seconds
2018-10-03 13:52:12,972     INFO End of instructions
2018-10-03 13:52:12,972     INFO Block 7 saccades
2018-10-03 13:52:12,981     INFO Showing fixation at (0, 0)
2018-10-03 13:52:13,797     INFO End of fixations
2018-10-03 13:52:13,806     INFO Showing fixation at (0.43575860305732783, 0.002010702572999429)
2018-10-03 13:52:14,813     INFO End of fixations
2018-10-03 13:52:14,822     INFO Showing fixation at (-0.42727425096143534, -0.06254551107047132)
2018-10-03 13:52:16,030     INFO End of fixations
2018-10-03 13:52:16,040     INFO Showing fixation at (0.461928312771118, -0.03592603554329832)
2018-10-03 13:52:17,248     INFO End of fixations
2018-10-03 13:52:17,256     INFO Showing fixation at (0.025971814143372518, 0.7904363037203639)
2018-10-03 13:52:18,064     INFO End of fixations
2018-10-03 13:52:18,074     INFO Showing fixation at (0.4738401994020785, 0.04430620653451918)
2018-10-03 13:52:19,281     INFO End of fixations
2018-10-03 13:52:19,290     INFO Showing fixation at (-0.01825287380208599, 0.8368385652781279)
2018-10-03 13:52:20,297     INFO End of fixations
2018-10-03 13:52:20,307     INFO Showing fixation at (-0.02925466060427724, -0.8145968128767641)
2018-10-03 13:52:21,114     INFO End of fixations
2018-10-03 13:52:21,123     INFO Showing fixation at (-0.4866695411122945, 0.06103989863752965)
2018-10-03 13:52:22,131     INFO End of fixations
2018-10-03 13:52:22,140     INFO Showing fixation at (0.012293943393460537, -0.8711319607032109)
2018-10-03 13:52:22,947     INFO End of fixations
2018-10-03 13:52:22,957     INFO Showing fixation at (-0.42878865060151394, 0.024034229300266635)
2018-10-03 13:52:23,964     INFO End of fixations
2018-10-03 13:52:23,974     INFO Showing fixation at (0.03620580908891541, -0.8608979269534484)
2018-10-03 13:52:25,181     INFO End of fixations
2018-10-03 13:52:25,190     INFO Showing fixation at (0.0077709071142470915, 0.7582901293272275)
2018-10-03 13:52:26,397     INFO End of fixations
2018-10-03 13:52:26,406     INFO Showing fixation at (0, 0)
2018-10-03 13:52:27,214     INFO End of fixations
2018-10-03 13:52:27,215     INFO Showing instructions
2018-10-03 13:52:27,216     INFO Instruction: 
2018-10-03 13:52:27,972     INFO Received signal 5 after 0.7420129776 seconds
2018-10-03 13:52:27,972     INFO End of instructions
2018-10-03 13:52:27,973     INFO Block 8 fixations
2018-10-03 13:52:27,978     INFO Showing fixation at (0, 0)
2018-10-03 13:52:29,198     INFO End of fixations
2018-10-03 13:52:29,207     INFO Showing fixation at (0.03893861352454289, -0.765190586840637)
2018-10-03 13:52:30,014     INFO End of fixations
2018-10-03 13:52:30,023     INFO Showing fixation at (-0.4300947873068501, 0.00034354243950551755)
2018-10-03 13:52:31,231     INFO End of fixations
2018-10-03 13:52:31,240     INFO Showing fixation at (-0.0034652960929962354, 0.8666308604355697)
2018-10-03 13:52:32,248     INFO End of fixations
2018-10-03 13:52:32,254     INFO Showing fixation at (0.46709931629842716, -0.0459519390358521)
2018-10-03 13:52:33,264     INFO End of fixations
2018-10-03 13:52:33,270     INFO Showing fixation at (0.014377704109134824, -0.8877983247657032)
2018-10-03 13:52:34,280     INFO End of fixations
2018-10-03 13:52:34,290     INFO Showing fixation at (-0.03776097970404937, 0.8000535678147597)
2018-10-03 13:52:35,098     INFO End of fixations
2018-10-03 13:52:35,103     INFO Showing fixation at (0.49117126183185, 0.0541993704258929)
2018-10-03 13:52:35,914     INFO End of fixations
2018-10-03 13:52:35,923     INFO Showing fixation at (0.01005131372910556, 0.8690456127923981)
2018-10-03 13:52:36,731     INFO End of fixations
2018-10-03 13:52:36,737     INFO Showing fixation at (-0.4810708463440551, -0.016680282178273727)
2018-10-03 13:52:37,748     INFO End of fixations
2018-10-03 13:52:37,758     INFO Showing fixation at (0.49795055775538033, 0.06518875505046573)
2018-10-03 13:52:38,964     INFO End of fixations
2018-10-03 13:52:38,972     INFO Showing fixation at (-0.029858830748213827, -0.8489036603019491)
2018-10-03 13:52:40,181     INFO End of fixations
2018-10-03 13:52:40,190     INFO Showing fixation at (-0.4774457626162344, 0.0343755773908543)
2018-10-03 13:52:40,998     INFO End of fixations
2018-10-03 13:52:41,007     INFO Showing fixation at (0, 0)
2018-10-03 13:52:42,215     INFO End of fixations
2018-10-03 13:52:42,215     INFO Showing instructions
2018-10-03 13:52:42,216     INFO Instruction: 
2018-10-03 13:52:42,972     INFO Received signal 5 after 0.741013050079 seconds
2018-10-03 13:52:42,972     INFO End of instructions
2018-10-03 13:52:42,972     INFO Block 8 saccades
2018-10-03 13:52:42,981     INFO Showing fixation at (0, 0)
2018-10-03 13:52:44,198     INFO End of fixations
2018-10-03 13:52:44,203     INFO Showing fixation at (0.03893861352454289, -0.765190586840637)
2018-10-03 13:52:45,015     INFO End of fixations
2018-10-03 13:52:45,025     INFO Showing fixation at (-0.4300947873068501, 0.00034354243950551755)
2018-10-03 13:52:46,231     INFO End of fixations
2018-10-03 13:52:46,238     INFO Showing fixation at (-0.0034652960929962354, 0.8666308604355697)
2018-10-03 13:52:47,248     INFO End of fixations
2018-10-03 13:52:47,257     INFO Showing fixation at (0.46709931629842716, -0.0459519390358521)
2018-10-03 13:52:48,265     INFO End of fixations
2018-10-03 13:52:48,275     INFO Showing fixation at (0.014377704109134824, -0.8877983247657032)
2018-10-03 13:52:49,282     INFO End of fixations
2018-10-03 13:52:49,291     INFO Showing fixation at (-0.03776097970404937, 0.8000535678147597)
2018-10-03 13:52:50,098     INFO End of fixations
2018-10-03 13:52:50,104     INFO Showing fixation at (0.49117126183185, 0.0541993704258929)
2018-10-03 13:52:50,915     INFO End of fixations
2018-10-03 13:52:50,924     INFO Showing fixation at (0.01005131372910556, 0.8690456127923981)
2018-10-03 13:52:51,732     INFO End of fixations
2018-10-03 13:52:51,737     INFO Showing fixation at (-0.4810708463440551, -0.016680282178273727)
2018-10-03 13:52:52,748     INFO End of fixations
2018-10-03 13:52:52,754     INFO Showing fixation at (0.49795055775538033, 0.06518875505046573)
2018-10-03 13:52:53,965     INFO End of fixations
2018-10-03 13:52:53,972     INFO Showing fixation at (-0.029858830748213827, -0.8489036603019491)
2018-10-03 13:52:55,182     INFO End of fixations
2018-10-03 13:52:55,187     INFO Showing fixation at (-0.4774457626162344, 0.0343755773908543)
2018-10-03 13:52:55,998     INFO End of fixations
2018-10-03 13:52:56,008     INFO Showing fixation at (0, 0)
2018-10-03 13:52:57,215     INFO End of fixations
2018-10-03 13:52:57,216     INFO Showing instructions
2018-10-03 13:52:57,217     INFO Instruction: 
2018-10-03 13:52:57,972     INFO Received signal 5 after 0.741066932678 seconds
2018-10-03 13:52:57,972     INFO End of instructions
2018-10-03 13:52:57,972     INFO Block 9 fixations
2018-10-03 13:52:57,978     INFO Showing fixation at (0, 0)
2018-10-03 13:52:59,182     INFO End of fixations
2018-10-03 13:52:59,188     INFO Showing fixation at (0.47773372135078873, 0.03563029054096084)
2018-10-03 13:53:00,399     INFO End of fixations
2018-10-03 13:53:00,407     INFO Showing fixation at (0.4841754812663961, -0.0276813255295294)
2018-10-03 13:53:01,415     INFO End of fixations
2018-10-03 13:53:01,423     INFO Showing fixation at (-0.47315151167461783, -0.06449124714493348)
2018-10-03 13:53:02,632     INFO End of fixations
2018-10-03 13:53:02,641     INFO Showing fixation at (-0.01753901552346296, -0.8671014304805471)
2018-10-03 13:53:03,649     INFO End of fixations
2018-10-03 13:53:03,658     INFO Showing fixation at (0.023093845164383647, 0.8381769149229975)
2018-10-03 13:53:04,865     INFO End of fixations
2018-10-03 13:53:04,873     INFO Showing fixation at (0.033054097004491675, -0.8214302387499148)
2018-10-03 13:53:05,682     INFO End of fixations
2018-10-03 13:53:05,687     INFO Showing fixation at (0.021860295206373975, 0.8028209445141984)
2018-10-03 13:53:06,899     INFO End of fixations
2018-10-03 13:53:06,908     INFO Showing fixation at (-0.5007784027544074, 0.043155644905121957)
2018-10-03 13:53:07,916     INFO End of fixations
2018-10-03 13:53:07,926     INFO Showing fixation at (-0.46382385033021845, 0.02141869191310722)
2018-10-03 13:53:08,732     INFO End of fixations
2018-10-03 13:53:08,738     INFO Showing fixation at (0.4554749570821047, -0.023515395963730278)
2018-10-03 13:53:09,749     INFO End of fixations
2018-10-03 13:53:09,758     INFO Showing fixation at (0.02014726576954278, -0.7608230503521396)
2018-10-03 13:53:10,565     INFO End of fixations
2018-10-03 13:53:10,575     INFO Showing fixation at (0.03527803405783979, 0.7918724153806734)
2018-10-03 13:53:11,382     INFO End of fixations
2018-10-03 13:53:11,392     INFO Showing fixation at (0, 0)
2018-10-03 13:53:12,199     INFO End of fixations
2018-10-03 13:53:12,199     INFO Showing instructions
2018-10-03 13:53:12,200     INFO Instruction: 
2018-10-03 13:53:12,972     INFO Received signal 5 after 0.756718158722 seconds
2018-10-03 13:53:12,972     INFO End of instructions
2018-10-03 13:53:12,972     INFO Block 9 saccades
2018-10-03 13:53:12,981     INFO Showing fixation at (0, 0)
2018-10-03 13:53:14,198     INFO End of fixations
2018-10-03 13:53:14,204     INFO Showing fixation at (0.47773372135078873, 0.03563029054096084)
2018-10-03 13:53:15,416     INFO End of fixations
2018-10-03 13:53:15,421     INFO Showing fixation at (0.4841754812663961, -0.0276813255295294)
2018-10-03 13:53:16,432     INFO End of fixations
2018-10-03 13:53:16,442     INFO Showing fixation at (-0.47315151167461783, -0.06449124714493348)
2018-10-03 13:53:17,649     INFO End of fixations
2018-10-03 13:53:17,656     INFO Showing fixation at (-0.01753901552346296, -0.8671014304805471)
2018-10-03 13:53:18,666     INFO End of fixations
2018-10-03 13:53:18,671     INFO Showing fixation at (0.023093845164383647, 0.8381769149229975)
2018-10-03 13:53:19,882     INFO End of fixations
2018-10-03 13:53:19,888     INFO Showing fixation at (0.033054097004491675, -0.8214302387499148)
2018-10-03 13:53:20,699     INFO End of fixations
2018-10-03 13:53:20,708     INFO Showing fixation at (0.021860295206373975, 0.8028209445141984)
2018-10-03 13:53:21,916     INFO End of fixations
2018-10-03 13:53:21,926     INFO Showing fixation at (-0.5007784027544074, 0.043155644905121957)
2018-10-03 13:53:22,932     INFO End of fixations
2018-10-03 13:53:22,941     INFO Showing fixation at (-0.46382385033021845, 0.02141869191310722)
2018-10-03 13:53:23,749     INFO End of fixations
2018-10-03 13:53:23,758     INFO Showing fixation at (0.4554749570821047, -0.023515395963730278)
2018-10-03 13:53:24,766     INFO End of fixations
2018-10-03 13:53:24,775     INFO Showing fixation at (0.02014726576954278, -0.7608230503521396)
2018-10-03 13:53:25,583     INFO End of fixations
2018-10-03 13:53:25,588     INFO Showing fixation at (0.03527803405783979, 0.7918724153806734)
2018-10-03 13:53:26,399     INFO End of fixations
2018-10-03 13:53:26,408     INFO Showing fixation at (0, 0)
2018-10-03 13:53:27,216     INFO End of fixations
2018-10-03 13:53:27,222     INFO Showing fixation at (0, 0) for 8 second(s)
2018-10-03 13:53:27,972     INFO Received trigger 5
2018-10-03 13:53:28,972     INFO Received trigger 5
2018-10-03 13:53:29,972     INFO Received trigger 5
2018-10-03 13:53:30,972     INFO Received trigger 5
2018-10-03 13:53:31,972     INFO Received trigger 5
2018-10-03 13:53:32,971     INFO Received trigger 5
2018-10-03 13:53:33,971     INFO Received trigger 5
2018-10-03 13:53:38,540     INFO Received trigger 5
2018-10-03 13:53:38,541     INFO End of fixations
2018-10-03 13:53:38,541     INFO End of experiment
