2018-10-24 16:16:11,133     INFO #[ PsychoPy2 RuntimeInfoStart ]
  #[[ PsychoPy ]] #---------
    psychopyVersion: 1.85.6
    psychopyHaveExtRush: True
  #[[ Experiment ]] #---------
    experimentRunTime: 2018_10_24 16:16 (Year_Month_Day Hour:Min)
    experimentRunTime.epoch: 1540422965
    experimentScript: localizer.py
    experimentScript.digestSHA1: 73af835c2bb6458b858315d12675d6355738a2b3
    experimentScript.directory: /Users/mengdu/Repos/hierarchySaccades
  #[[ System ]] #---------
    systemHaveInternetAccess: True
    systemHostName: Mengs-MacBook-Pro-Server.local
    systemLocale: C
    systemMemFreeRAM: 3660.578125
    systemMemTotalRAM: 8192.0
    systemPlatform: darwin 10.13.6 x86_64
    systemPyo.InputDevices: {0: {'host api index': 0, 'latency': 0.0029478457290679216, 'default sr': 44100, 'name': u'Built-in Microph'}}
    systemPyo.OutputDevices: {1: {'host api index': 0, 'latency': 0.018798185512423515, 'default sr': 44100, 'name': u'Built-in Output'}, 2: {'host api index': 0, 'latency': 0.0014375000027939677, 'default sr': 48000, 'name': u'HDMI'}}
    systemPyoVersion: 0.8.6
    systemRebooted: Oct 23 22:41
    systemSec.OpenSSLVersion: LibreSSL 2.2.7
    systemSec.pythonSSL: True
    systemTimeNumpySD1000000_sec: 0.0060
    systemUser: mengdu
    systemUserID: 501
    systemUserProcCount: 147
    systemUserProcFlagged: mdworker Safari
    systemUsersCount: 1
  #[[ Window ]] #---------
    windowRefreshTimeSD_ms: 0.024
    windowRefreshTimeMedian_ms: 16.664
    windowRefreshTimeAvg_ms: 16.668
  #[[ Python ]] #---------
    pythonVersion: 2.7.12
  #[[ OpenGL ]] #---------
#[ PsychoPy2 RuntimeInfoEnd ]

2018-10-24 16:16:11,359     INFO Showing instructions
2018-10-24 16:16:11,413     INFO Instruction: When you see a RED cross, plea...
2018-10-24 16:16:14,876     INFO Received response [('space', 3.4367449283599854)]
2018-10-24 16:16:14,876     INFO End of instructions
2018-10-24 16:16:14,876     INFO Showing instructions
2018-10-24 16:16:14,915     INFO Instruction: When you see a RED cross, plea...
2018-10-24 16:16:22,158     INFO Received signal 5 after 7.22406005859 seconds
2018-10-24 16:16:22,158     INFO End of instructions
2018-10-24 16:16:22,159     INFO Showing instructions
2018-10-24 16:16:22,160     INFO Instruction: 
2018-10-24 16:16:23,158     INFO Received signal 5 after 0.990125179291 seconds
2018-10-24 16:16:23,158     INFO End of instructions
2018-10-24 16:16:23,158     INFO Block 0 fixations
2018-10-24 16:16:23,171     INFO Showing fixation at (0, 0)
2018-10-24 16:16:24,185     INFO End of fixations
2018-10-24 16:16:24,194     INFO Showing fixation at (-0.02023581393223956, 0.7606317928436883)
2018-10-24 16:16:25,201     INFO End of fixations
2018-10-24 16:16:25,209     INFO Showing fixation at (-0.038354446606350186, -0.8822206659524737)
2018-10-24 16:16:26,418     INFO End of fixations
2018-10-24 16:16:26,427     INFO Showing fixation at (-0.46630274052044696, 0.063813548613741)
2018-10-24 16:16:27,466     INFO End of fixations
2018-10-24 16:16:27,478     INFO Showing fixation at (-0.019013457737683648, 0.8774026316852179)
2018-10-24 16:16:28,284     INFO End of fixations
2018-10-24 16:16:28,289     INFO Showing fixation at (0.49952774979154896, 0.0568897473031279)
2018-10-24 16:16:29,101     INFO End of fixations
2018-10-24 16:16:29,107     INFO Showing fixation at (0.01881240162124613, -0.7974957626210611)
2018-10-24 16:16:30,318     INFO End of fixations
2018-10-24 16:16:30,326     INFO Showing fixation at (0.009287182655545442, 0.8098446867459126)
2018-10-24 16:16:31,134     INFO End of fixations
2018-10-24 16:16:31,142     INFO Showing fixation at (0.4997496829047642, -0.0041470389528994595)
2018-10-24 16:16:32,352     INFO End of fixations
2018-10-24 16:16:32,361     INFO Showing fixation at (-0.5010063395032534, -0.0440466200621448)
2018-10-24 16:16:33,169     INFO End of fixations
2018-10-24 16:16:33,178     INFO Showing fixation at (-0.42915312615882945, -0.0563365781394217)
2018-10-24 16:16:34,385     INFO End of fixations
2018-10-24 16:16:34,390     INFO Showing fixation at (0.003559446742952374, -0.802913423983634)
2018-10-24 16:16:35,402     INFO End of fixations
2018-10-24 16:16:35,407     INFO Showing fixation at (0.44528933603020315, -0.010305910281321343)
2018-10-24 16:16:36,218     INFO End of fixations
2018-10-24 16:16:36,228     INFO Showing fixation at (0, 0)
2018-10-24 16:16:37,435     INFO End of fixations
2018-10-24 16:16:37,435     INFO Showing instructions
2018-10-24 16:16:37,437     INFO Instruction: 
2018-10-24 16:16:38,157     INFO Received signal 5 after 0.706116199493 seconds
2018-10-24 16:16:38,157     INFO End of instructions
2018-10-24 16:16:38,158     INFO Block 0 saccades
2018-10-24 16:16:38,163     INFO Showing fixation at (0, 0)
2018-10-24 16:16:39,168     INFO End of fixations
2018-10-24 16:16:39,178     INFO Showing fixation at (-0.02023581393223956, 0.7606317928436883)
2018-10-24 16:16:40,185     INFO End of fixations
2018-10-24 16:16:40,193     INFO Showing fixation at (-0.038354446606350186, -0.8822206659524737)
2018-10-24 16:16:41,402     INFO End of fixations
2018-10-24 16:16:41,411     INFO Showing fixation at (-0.46630274052044696, 0.063813548613741)
2018-10-24 16:16:42,418     INFO End of fixations
2018-10-24 16:16:42,427     INFO Showing fixation at (-0.019013457737683648, 0.8774026316852179)
2018-10-24 16:16:43,235     INFO End of fixations
2018-10-24 16:16:43,244     INFO Showing fixation at (0.49952774979154896, 0.0568897473031279)
2018-10-24 16:16:44,052     INFO End of fixations
2018-10-24 16:16:44,057     INFO Showing fixation at (0.01881240162124613, -0.7974957626210611)
2018-10-24 16:16:45,269     INFO End of fixations
2018-10-24 16:16:45,281     INFO Showing fixation at (0.009287182655545442, 0.8098446867459126)
2018-10-24 16:16:46,085     INFO End of fixations
2018-10-24 16:16:46,090     INFO Showing fixation at (0.4997496829047642, -0.0041470389528994595)
2018-10-24 16:16:47,302     INFO End of fixations
2018-10-24 16:16:47,310     INFO Showing fixation at (-0.5010063395032534, -0.0440466200621448)
2018-10-24 16:16:48,119     INFO End of fixations
2018-10-24 16:16:48,128     INFO Showing fixation at (-0.42915312615882945, -0.0563365781394217)
2018-10-24 16:16:49,335     INFO End of fixations
2018-10-24 16:16:49,344     INFO Showing fixation at (0.003559446742952374, -0.802913423983634)
2018-10-24 16:16:50,352     INFO End of fixations
2018-10-24 16:16:50,438     INFO Showing fixation at (0.44528933603020315, -0.010305910281321343)
2018-10-24 16:16:51,252     INFO End of fixations
2018-10-24 16:16:51,261     INFO Showing fixation at (0, 0)
2018-10-24 16:16:52,469     INFO End of fixations
2018-10-24 16:16:52,469     INFO Showing instructions
2018-10-24 16:16:52,470     INFO Instruction: 
2018-10-24 16:16:53,158     INFO Received signal 5 after 0.6723279953 seconds
2018-10-24 16:16:53,158     INFO End of instructions
2018-10-24 16:16:53,158     INFO Block 1 fixations
2018-10-24 16:16:53,167     INFO Showing fixation at (0, 0)
2018-10-24 16:16:53,986     INFO End of fixations
2018-10-24 16:16:53,992     INFO Showing fixation at (-0.0021729469255469674, 0.7940755344104027)
2018-10-24 16:16:55,202     INFO End of fixations
2018-10-24 16:16:55,207     INFO Showing fixation at (0.47316394000013884, -0.05363563898603124)
2018-10-24 16:16:56,219     INFO End of fixations
2018-10-24 16:16:56,228     INFO Showing fixation at (-0.026263986826937237, -0.8465257030787908)
2018-10-24 16:16:57,236     INFO End of fixations
2018-10-24 16:16:57,243     INFO Showing fixation at (-0.014394765321294762, 0.8220407726732599)
2018-10-24 16:16:58,452     INFO End of fixations
2018-10-24 16:16:58,458     INFO Showing fixation at (0.43486386379198644, -0.03896778556419825)
2018-10-24 16:16:59,272     INFO End of fixations
2018-10-24 16:16:59,280     INFO Showing fixation at (0.023046845907169655, -0.8024288868952747)
2018-10-24 16:17:00,086     INFO End of fixations
2018-10-24 16:17:00,095     INFO Showing fixation at (-0.4442389031012802, -0.032182429479482376)
2018-10-24 16:17:01,302     INFO End of fixations
2018-10-24 16:17:01,311     INFO Showing fixation at (-0.4346338501202717, 0.026840742367656642)
2018-10-24 16:17:02,319     INFO End of fixations
2018-10-24 16:17:02,328     INFO Showing fixation at (0.028686955665265093, 0.7749475951644285)
2018-10-24 16:17:03,536     INFO End of fixations
2018-10-24 16:17:03,545     INFO Showing fixation at (0.012480167050510707, -0.872032232397536)
2018-10-24 16:17:04,752     INFO End of fixations
2018-10-24 16:17:04,761     INFO Showing fixation at (0.46605478216723234, 0.06904190676782712)
2018-10-24 16:17:05,769     INFO End of fixations
2018-10-24 16:17:05,775     INFO Showing fixation at (-0.4316940131412683, 0.029019913220502444)
2018-10-24 16:17:06,586     INFO End of fixations
2018-10-24 16:17:06,595     INFO Showing fixation at (0, 0)
2018-10-24 16:17:07,403     INFO End of fixations
2018-10-24 16:17:07,403     INFO Showing instructions
2018-10-24 16:17:07,404     INFO Instruction: 
2018-10-24 16:17:08,157     INFO Received signal 5 after 0.738346099854 seconds
2018-10-24 16:17:08,157     INFO End of instructions
2018-10-24 16:17:08,157     INFO Block 1 saccades
2018-10-24 16:17:08,162     INFO Showing fixation at (0, 0)
2018-10-24 16:17:08,969     INFO End of fixations
2018-10-24 16:17:08,975     INFO Showing fixation at (-0.0021729469255469674, 0.7940755344104027)
2018-10-24 16:17:10,186     INFO End of fixations
2018-10-24 16:17:10,195     INFO Showing fixation at (0.47316394000013884, -0.05363563898603124)
2018-10-24 16:17:11,203     INFO End of fixations
2018-10-24 16:17:11,209     INFO Showing fixation at (-0.026263986826937237, -0.8465257030787908)
2018-10-24 16:17:12,219     INFO End of fixations
2018-10-24 16:17:12,227     INFO Showing fixation at (-0.014394765321294762, 0.8220407726732599)
2018-10-24 16:17:13,436     INFO End of fixations
2018-10-24 16:17:13,444     INFO Showing fixation at (0.43486386379198644, -0.03896778556419825)
2018-10-24 16:17:14,253     INFO End of fixations
2018-10-24 16:17:14,258     INFO Showing fixation at (0.023046845907169655, -0.8024288868952747)
2018-10-24 16:17:15,069     INFO End of fixations
2018-10-24 16:17:15,075     INFO Showing fixation at (-0.4442389031012802, -0.032182429479482376)
2018-10-24 16:17:16,286     INFO End of fixations
2018-10-24 16:17:16,295     INFO Showing fixation at (-0.4346338501202717, 0.026840742367656642)
2018-10-24 16:17:17,303     INFO End of fixations
2018-10-24 16:17:17,312     INFO Showing fixation at (0.028686955665265093, 0.7749475951644285)
2018-10-24 16:17:18,520     INFO End of fixations
2018-10-24 16:17:18,528     INFO Showing fixation at (0.012480167050510707, -0.872032232397536)
2018-10-24 16:17:19,736     INFO End of fixations
2018-10-24 16:17:19,744     INFO Showing fixation at (0.46605478216723234, 0.06904190676782712)
2018-10-24 16:17:20,753     INFO End of fixations
2018-10-24 16:17:20,762     INFO Showing fixation at (-0.4316940131412683, 0.029019913220502444)
2018-10-24 16:17:21,570     INFO End of fixations
2018-10-24 16:17:21,579     INFO Showing fixation at (0, 0)
2018-10-24 16:17:22,386     INFO End of fixations
2018-10-24 16:17:22,387     INFO Showing instructions
2018-10-24 16:17:22,387     INFO Instruction: 
2018-10-24 16:17:23,157     INFO Received signal 5 after 0.753602981567 seconds
2018-10-24 16:17:23,157     INFO End of instructions
2018-10-24 16:17:23,157     INFO Block 2 fixations
2018-10-24 16:17:23,166     INFO Showing fixation at (0, 0)
2018-10-24 16:17:23,970     INFO End of fixations
2018-10-24 16:17:23,975     INFO Showing fixation at (-0.5005627977329723, 0.03956373739083607)
2018-10-24 16:17:24,987     INFO End of fixations
2018-10-24 16:17:24,995     INFO Showing fixation at (-0.022246417275822827, -0.8821192232075531)
2018-10-24 16:17:25,803     INFO End of fixations
2018-10-24 16:17:25,812     INFO Showing fixation at (-0.49845317243542536, 0.0018063752896205487)
2018-10-24 16:17:27,020     INFO End of fixations
2018-10-24 16:17:27,025     INFO Showing fixation at (-0.009004908042054532, 0.8294276617779545)
2018-10-24 16:17:28,237     INFO End of fixations
2018-10-24 16:17:28,246     INFO Showing fixation at (0.45277005449231306, 0.030387125578027877)
2018-10-24 16:17:29,053     INFO End of fixations
2018-10-24 16:17:29,062     INFO Showing fixation at (-0.44309137883955146, 0.005988839724653111)
2018-10-24 16:17:30,069     INFO End of fixations
2018-10-24 16:17:30,078     INFO Showing fixation at (0.4747256651558281, -0.012838179261519304)
2018-10-24 16:17:30,887     INFO End of fixations
2018-10-24 16:17:30,892     INFO Showing fixation at (-0.02243344171825993, -0.7542152326607572)
2018-10-24 16:17:32,103     INFO End of fixations
2018-10-24 16:17:32,113     INFO Showing fixation at (-0.03781718293321186, -0.7708728037591446)
2018-10-24 16:17:33,320     INFO End of fixations
2018-10-24 16:17:33,329     INFO Showing fixation at (-0.03539404312287256, 0.8542953254749927)
2018-10-24 16:17:34,337     INFO End of fixations
2018-10-24 16:17:34,345     INFO Showing fixation at (0.467462492712251, -0.052114977389330214)
2018-10-24 16:17:35,153     INFO End of fixations
2018-10-24 16:17:35,160     INFO Showing fixation at (0.013607113255676748, 0.7624171288391639)
2018-10-24 16:17:36,170     INFO End of fixations
2018-10-24 16:17:36,179     INFO Showing fixation at (0, 0)
2018-10-24 16:17:37,387     INFO End of fixations
2018-10-24 16:17:37,387     INFO Showing instructions
2018-10-24 16:17:37,389     INFO Instruction: 
2018-10-24 16:17:38,157     INFO Received signal 5 after 0.753931999207 seconds
2018-10-24 16:17:38,157     INFO End of instructions
2018-10-24 16:17:38,157     INFO Block 2 saccades
2018-10-24 16:17:38,166     INFO Showing fixation at (0, 0)
2018-10-24 16:17:38,970     INFO End of fixations
2018-10-24 16:17:38,976     INFO Showing fixation at (-0.5005627977329723, 0.03956373739083607)
2018-10-24 16:17:39,987     INFO End of fixations
2018-10-24 16:17:39,996     INFO Showing fixation at (-0.022246417275822827, -0.8821192232075531)
2018-10-24 16:17:40,804     INFO End of fixations
2018-10-24 16:17:40,814     INFO Showing fixation at (-0.49845317243542536, 0.0018063752896205487)
2018-10-24 16:17:42,020     INFO End of fixations
2018-10-24 16:17:42,029     INFO Showing fixation at (-0.009004908042054532, 0.8294276617779545)
2018-10-24 16:17:43,237     INFO End of fixations
2018-10-24 16:17:43,245     INFO Showing fixation at (0.45277005449231306, 0.030387125578027877)
2018-10-24 16:17:44,054     INFO End of fixations
2018-10-24 16:17:44,062     INFO Showing fixation at (-0.44309137883955146, 0.005988839724653111)
2018-10-24 16:17:45,070     INFO End of fixations
2018-10-24 16:17:45,079     INFO Showing fixation at (0.4747256651558281, -0.012838179261519304)
2018-10-24 16:17:45,887     INFO End of fixations
2018-10-24 16:17:45,897     INFO Showing fixation at (-0.02243344171825993, -0.7542152326607572)
2018-10-24 16:17:47,104     INFO End of fixations
2018-10-24 16:17:47,109     INFO Showing fixation at (-0.03781718293321186, -0.7708728037591446)
2018-10-24 16:17:48,320     INFO End of fixations
2018-10-24 16:17:48,329     INFO Showing fixation at (-0.03539404312287256, 0.8542953254749927)
2018-10-24 16:17:49,336     INFO End of fixations
2018-10-24 16:17:49,342     INFO Showing fixation at (0.467462492712251, -0.052114977389330214)
2018-10-24 16:17:50,154     INFO End of fixations
2018-10-24 16:17:50,161     INFO Showing fixation at (0.013607113255676748, 0.7624171288391639)
2018-10-24 16:17:51,171     INFO End of fixations
2018-10-24 16:17:51,179     INFO Showing fixation at (0, 0)
2018-10-24 16:17:52,387     INFO End of fixations
2018-10-24 16:17:52,387     INFO Showing instructions
2018-10-24 16:17:52,389     INFO Instruction: 
2018-10-24 16:17:53,156     INFO Received signal 5 after 0.75258898735 seconds
2018-10-24 16:17:53,157     INFO End of instructions
2018-10-24 16:17:53,157     INFO Block 3 fixations
2018-10-24 16:17:53,165     INFO Showing fixation at (0, 0)
2018-10-24 16:17:54,371     INFO End of fixations
2018-10-24 16:17:54,379     INFO Showing fixation at (0.4650502294168946, -0.0013549427590128366)
2018-10-24 16:17:55,387     INFO End of fixations
2018-10-24 16:17:55,396     INFO Showing fixation at (0.0002359450902417251, -0.8462899401982407)
2018-10-24 16:17:56,604     INFO End of fixations
2018-10-24 16:17:56,613     INFO Showing fixation at (0.02306420525943352, -0.7898234273759038)
2018-10-24 16:17:57,820     INFO End of fixations
2018-10-24 16:17:57,828     INFO Showing fixation at (-0.474505159568935, -0.03727096757106326)
2018-10-24 16:17:59,037     INFO End of fixations
2018-10-24 16:17:59,043     INFO Showing fixation at (0.035625911065254506, -0.7809709619729065)
2018-10-24 16:18:00,054     INFO End of fixations
2018-10-24 16:18:00,063     INFO Showing fixation at (-0.4732695869523517, 0.05270157087036967)
2018-10-24 16:18:01,271     INFO End of fixations
2018-10-24 16:18:01,276     INFO Showing fixation at (0.47999083543338994, 0.06800553735816367)
2018-10-24 16:18:02,088     INFO End of fixations
2018-10-24 16:18:02,095     INFO Showing fixation at (0.004715475599728153, 0.7754089168207603)
2018-10-24 16:18:02,905     INFO End of fixations
2018-10-24 16:18:02,913     INFO Showing fixation at (0.4278097185631346, -0.029584258351622948)
2018-10-24 16:18:03,921     INFO End of fixations
2018-10-24 16:18:03,930     INFO Showing fixation at (-0.01098675648734282, 0.7602932012706348)
2018-10-24 16:18:04,938     INFO End of fixations
2018-10-24 16:18:04,946     INFO Showing fixation at (-0.0014069458451546127, 0.8578089717138918)
2018-10-24 16:18:05,754     INFO End of fixations
2018-10-24 16:18:05,763     INFO Showing fixation at (-0.4417739581543818, -0.06356329751589893)
2018-10-24 16:18:06,571     INFO End of fixations
2018-10-24 16:18:06,580     INFO Showing fixation at (0, 0)
2018-10-24 16:18:07,388     INFO End of fixations
2018-10-24 16:18:07,388     INFO Showing instructions
2018-10-24 16:18:07,389     INFO Instruction: 
2018-10-24 16:18:08,156     INFO Received signal 5 after 0.752048969269 seconds
2018-10-24 16:18:08,156     INFO End of instructions
2018-10-24 16:18:08,156     INFO Block 3 saccades
2018-10-24 16:18:08,162     INFO Showing fixation at (0, 0)
2018-10-24 16:18:09,371     INFO End of fixations
2018-10-24 16:18:09,380     INFO Showing fixation at (0.4650502294168946, -0.0013549427590128366)
2018-10-24 16:18:10,388     INFO End of fixations
2018-10-24 16:18:10,393     INFO Showing fixation at (0.0002359450902417251, -0.8462899401982407)
2018-10-24 16:18:11,604     INFO End of fixations
2018-10-24 16:18:11,613     INFO Showing fixation at (0.02306420525943352, -0.7898234273759038)
2018-10-24 16:18:12,821     INFO End of fixations
2018-10-24 16:18:12,830     INFO Showing fixation at (-0.474505159568935, -0.03727096757106326)
2018-10-24 16:18:14,037     INFO End of fixations
2018-10-24 16:18:14,044     INFO Showing fixation at (0.035625911065254506, -0.7809709619729065)
2018-10-24 16:18:15,055     INFO End of fixations
2018-10-24 16:18:15,064     INFO Showing fixation at (-0.4732695869523517, 0.05270157087036967)
2018-10-24 16:18:16,271     INFO End of fixations
2018-10-24 16:18:16,280     INFO Showing fixation at (0.47999083543338994, 0.06800553735816367)
2018-10-24 16:18:17,088     INFO End of fixations
2018-10-24 16:18:17,097     INFO Showing fixation at (0.004715475599728153, 0.7754089168207603)
2018-10-24 16:18:17,905     INFO End of fixations
2018-10-24 16:18:17,913     INFO Showing fixation at (0.4278097185631346, -0.029584258351622948)
2018-10-24 16:18:18,921     INFO End of fixations
2018-10-24 16:18:18,931     INFO Showing fixation at (-0.01098675648734282, 0.7602932012706348)
2018-10-24 16:18:19,938     INFO End of fixations
2018-10-24 16:18:19,944     INFO Showing fixation at (-0.0014069458451546127, 0.8578089717138918)
2018-10-24 16:18:20,755     INFO End of fixations
2018-10-24 16:18:20,763     INFO Showing fixation at (-0.4417739581543818, -0.06356329751589893)
2018-10-24 16:18:21,572     INFO End of fixations
2018-10-24 16:18:21,580     INFO Showing fixation at (0, 0)
2018-10-24 16:18:22,388     INFO End of fixations
2018-10-24 16:18:22,388     INFO Showing instructions
2018-10-24 16:18:22,389     INFO Instruction: 
2018-10-24 16:18:23,156     INFO Received signal 5 after 0.751789093018 seconds
2018-10-24 16:18:23,156     INFO End of instructions
2018-10-24 16:18:23,156     INFO Block 4 fixations
2018-10-24 16:18:23,162     INFO Showing fixation at (0, 0)
2018-10-24 16:18:24,372     INFO End of fixations
2018-10-24 16:18:24,380     INFO Showing fixation at (-0.44953198920535425, 0.015371385459481371)
2018-10-24 16:18:25,188     INFO End of fixations
2018-10-24 16:18:25,197     INFO Showing fixation at (-0.012819560561805488, -0.7985185090734528)
2018-10-24 16:18:26,205     INFO End of fixations
2018-10-24 16:18:26,213     INFO Showing fixation at (-0.45250178662631413, -0.052733051686371504)
2018-10-24 16:18:27,421     INFO End of fixations
2018-10-24 16:18:27,428     INFO Showing fixation at (0.007312071210899933, 0.8640817468445161)
2018-10-24 16:18:28,638     INFO End of fixations
2018-10-24 16:18:28,648     INFO Showing fixation at (0.4333108693627088, 0.06850028324488577)
2018-10-24 16:18:29,855     INFO End of fixations
2018-10-24 16:18:29,864     INFO Showing fixation at (-0.008251493790863665, -0.8062175710814052)
2018-10-24 16:18:30,672     INFO End of fixations
2018-10-24 16:18:30,677     INFO Showing fixation at (0.4241855274816762, -0.02360964881625878)
2018-10-24 16:18:31,888     INFO End of fixations
2018-10-24 16:18:31,897     INFO Showing fixation at (0.4378101281670792, 0.0071182745602262065)
2018-10-24 16:18:32,905     INFO End of fixations
2018-10-24 16:18:32,914     INFO Showing fixation at (0.010231829602573114, -0.8531408508326939)
2018-10-24 16:18:33,722     INFO End of fixations
2018-10-24 16:18:33,728     INFO Showing fixation at (0.030232706800177117, 0.7669847827361458)
2018-10-24 16:18:34,739     INFO End of fixations
2018-10-24 16:18:34,747     INFO Showing fixation at (-0.028324348346491633, 0.8691074928786502)
2018-10-24 16:18:35,555     INFO End of fixations
2018-10-24 16:18:35,564     INFO Showing fixation at (-0.46828838059064615, 0.010592553862504003)
2018-10-24 16:18:36,572     INFO End of fixations
2018-10-24 16:18:36,579     INFO Showing fixation at (0, 0)
2018-10-24 16:18:37,389     INFO End of fixations
2018-10-24 16:18:37,389     INFO Showing instructions
2018-10-24 16:18:37,390     INFO Instruction: 
2018-10-24 16:18:38,156     INFO Received signal 5 after 0.750866174698 seconds
2018-10-24 16:18:38,156     INFO End of instructions
2018-10-24 16:18:38,156     INFO Block 4 saccades
2018-10-24 16:18:38,166     INFO Showing fixation at (0, 0)
2018-10-24 16:18:39,372     INFO End of fixations
2018-10-24 16:18:39,381     INFO Showing fixation at (-0.44953198920535425, 0.015371385459481371)
2018-10-24 16:18:40,189     INFO End of fixations
2018-10-24 16:18:40,197     INFO Showing fixation at (-0.012819560561805488, -0.7985185090734528)
2018-10-24 16:18:41,206     INFO End of fixations
2018-10-24 16:18:41,214     INFO Showing fixation at (-0.45250178662631413, -0.052733051686371504)
2018-10-24 16:18:42,422     INFO End of fixations
2018-10-24 16:18:42,428     INFO Showing fixation at (0.007312071210899933, 0.8640817468445161)
2018-10-24 16:18:43,639     INFO End of fixations
2018-10-24 16:18:43,645     INFO Showing fixation at (0.4333108693627088, 0.06850028324488577)
2018-10-24 16:18:44,856     INFO End of fixations
2018-10-24 16:18:44,861     INFO Showing fixation at (-0.008251493790863665, -0.8062175710814052)
2018-10-24 16:18:45,672     INFO End of fixations
2018-10-24 16:18:45,677     INFO Showing fixation at (0.4241855274816762, -0.02360964881625878)
2018-10-24 16:18:46,888     INFO End of fixations
2018-10-24 16:18:46,893     INFO Showing fixation at (0.4378101281670792, 0.0071182745602262065)
2018-10-24 16:18:47,905     INFO End of fixations
2018-10-24 16:18:47,914     INFO Showing fixation at (0.010231829602573114, -0.8531408508326939)
2018-10-24 16:18:48,722     INFO End of fixations
2018-10-24 16:18:48,731     INFO Showing fixation at (0.030232706800177117, 0.7669847827361458)
2018-10-24 16:18:49,739     INFO End of fixations
2018-10-24 16:18:49,748     INFO Showing fixation at (-0.028324348346491633, 0.8691074928786502)
2018-10-24 16:18:50,556     INFO End of fixations
2018-10-24 16:18:50,564     INFO Showing fixation at (-0.46828838059064615, 0.010592553862504003)
2018-10-24 16:18:51,572     INFO End of fixations
2018-10-24 16:18:51,582     INFO Showing fixation at (0, 0)
2018-10-24 16:18:52,389     INFO End of fixations
2018-10-24 16:18:52,389     INFO Showing instructions
2018-10-24 16:18:52,390     INFO Instruction: 
2018-10-24 16:18:53,156     INFO Received signal 5 after 0.74987912178 seconds
2018-10-24 16:18:53,156     INFO End of instructions
2018-10-24 16:18:53,156     INFO Block 5 fixations
2018-10-24 16:18:53,164     INFO Showing fixation at (0, 0)
2018-10-24 16:18:54,172     INFO End of fixations
2018-10-24 16:18:54,181     INFO Showing fixation at (-0.01580249475086331, 0.8072180344412652)
2018-10-24 16:18:55,189     INFO End of fixations
2018-10-24 16:18:55,196     INFO Showing fixation at (0.005314099877567556, 0.8125597727735288)
2018-10-24 16:18:56,406     INFO End of fixations
2018-10-24 16:18:56,415     INFO Showing fixation at (-0.45587004758685573, 0.0171571614083664)
2018-10-24 16:18:57,223     INFO End of fixations
2018-10-24 16:18:57,228     INFO Showing fixation at (0.4473469127305733, -0.01963950792071832)
2018-10-24 16:18:58,039     INFO End of fixations
2018-10-24 16:18:58,048     INFO Showing fixation at (0.4718122823969819, 0.025771052083479032)
2018-10-24 16:18:59,056     INFO End of fixations
2018-10-24 16:18:59,063     INFO Showing fixation at (0.03000594892071201, -0.7636487044092569)
2018-10-24 16:19:00,273     INFO End of fixations
2018-10-24 16:19:00,279     INFO Showing fixation at (0.4679704161455154, -0.02870395150934009)
2018-10-24 16:19:01,489     INFO End of fixations
2018-10-24 16:19:01,495     INFO Showing fixation at (-0.01865356586090859, 0.8446502022136922)
2018-10-24 16:19:02,306     INFO End of fixations
2018-10-24 16:19:02,315     INFO Showing fixation at (-0.02840624726678124, -0.8053989340983763)
2018-10-24 16:19:03,523     INFO End of fixations
2018-10-24 16:19:03,532     INFO Showing fixation at (-0.4258016149138535, -0.0355772075838692)
2018-10-24 16:19:04,539     INFO End of fixations
2018-10-24 16:19:04,548     INFO Showing fixation at (-0.42985583251001147, 0.02419849100482878)
2018-10-24 16:19:05,356     INFO End of fixations
2018-10-24 16:19:05,362     INFO Showing fixation at (0.0013553277881155484, -0.8621915609950894)
2018-10-24 16:19:06,173     INFO End of fixations
2018-10-24 16:19:06,178     INFO Showing fixation at (0, 0)
2018-10-24 16:19:07,390     INFO End of fixations
2018-10-24 16:19:07,390     INFO Showing instructions
2018-10-24 16:19:07,391     INFO Instruction: 
2018-10-24 16:19:08,155     INFO Received signal 5 after 0.749998092651 seconds
2018-10-24 16:19:08,156     INFO End of instructions
2018-10-24 16:19:08,156     INFO Block 5 saccades
2018-10-24 16:19:08,161     INFO Showing fixation at (0, 0)
2018-10-24 16:19:09,173     INFO End of fixations
2018-10-24 16:19:09,182     INFO Showing fixation at (-0.01580249475086331, 0.8072180344412652)
2018-10-24 16:19:10,190     INFO End of fixations
2018-10-24 16:19:10,197     INFO Showing fixation at (0.005314099877567556, 0.8125597727735288)
2018-10-24 16:19:11,406     INFO End of fixations
2018-10-24 16:19:11,412     INFO Showing fixation at (-0.45587004758685573, 0.0171571614083664)
2018-10-24 16:19:12,223     INFO End of fixations
2018-10-24 16:19:12,228     INFO Showing fixation at (0.4473469127305733, -0.01963950792071832)
2018-10-24 16:19:13,040     INFO End of fixations
2018-10-24 16:19:13,049     INFO Showing fixation at (0.4718122823969819, 0.025771052083479032)
2018-10-24 16:19:14,056     INFO End of fixations
2018-10-24 16:19:14,065     INFO Showing fixation at (0.03000594892071201, -0.7636487044092569)
2018-10-24 16:19:15,273     INFO End of fixations
2018-10-24 16:19:15,282     INFO Showing fixation at (0.4679704161455154, -0.02870395150934009)
2018-10-24 16:19:16,490     INFO End of fixations
2018-10-24 16:19:16,498     INFO Showing fixation at (-0.01865356586090859, 0.8446502022136922)
2018-10-24 16:19:17,306     INFO End of fixations
2018-10-24 16:19:17,315     INFO Showing fixation at (-0.02840624726678124, -0.8053989340983763)
2018-10-24 16:19:18,523     INFO End of fixations
2018-10-24 16:19:18,532     INFO Showing fixation at (-0.4258016149138535, -0.0355772075838692)
2018-10-24 16:19:19,540     INFO End of fixations
2018-10-24 16:19:19,549     INFO Showing fixation at (-0.42985583251001147, 0.02419849100482878)
2018-10-24 16:19:20,357     INFO End of fixations
2018-10-24 16:19:20,365     INFO Showing fixation at (0.0013553277881155484, -0.8621915609950894)
2018-10-24 16:19:21,173     INFO End of fixations
2018-10-24 16:19:21,182     INFO Showing fixation at (0, 0)
2018-10-24 16:19:22,390     INFO End of fixations
2018-10-24 16:19:22,390     INFO Showing instructions
2018-10-24 16:19:22,391     INFO Instruction: 
2018-10-24 16:19:23,155     INFO Received signal 5 after 0.748576879501 seconds
2018-10-24 16:19:23,155     INFO End of instructions
2018-10-24 16:19:23,155     INFO Block 6 fixations
2018-10-24 16:19:23,164     INFO Showing fixation at (0, 0)
2018-10-24 16:19:24,372     INFO End of fixations
2018-10-24 16:19:24,381     INFO Showing fixation at (0.013726284076222457, -0.8223486809497105)
2018-10-24 16:19:25,590     INFO End of fixations
2018-10-24 16:19:25,595     INFO Showing fixation at (0.47548502903224843, 0.00525084452297786)
2018-10-24 16:19:26,407     INFO End of fixations
2018-10-24 16:19:26,415     INFO Showing fixation at (-0.473748701253342, 0.033236569566948246)
2018-10-24 16:19:27,422     INFO End of fixations
2018-10-24 16:19:27,430     INFO Showing fixation at (0.009861982383630896, 0.8444049249208053)
2018-10-24 16:19:28,440     INFO End of fixations
2018-10-24 16:19:28,449     INFO Showing fixation at (0.444108434624116, -0.03090103655539305)
2018-10-24 16:19:29,257     INFO End of fixations
2018-10-24 16:19:29,264     INFO Showing fixation at (0.48478639636185583, -0.05396572907924607)
2018-10-24 16:19:30,273     INFO End of fixations
2018-10-24 16:19:30,282     INFO Showing fixation at (-0.033959673412551905, 0.7631471770599599)
2018-10-24 16:19:31,090     INFO End of fixations
2018-10-24 16:19:31,099     INFO Showing fixation at (0.009255424885689104, -0.7562719871664859)
2018-10-24 16:19:32,307     INFO End of fixations
2018-10-24 16:19:32,312     INFO Showing fixation at (0.01766279218688166, 0.8304864338696847)
2018-10-24 16:19:33,524     INFO End of fixations
2018-10-24 16:19:33,535     INFO Showing fixation at (-0.495916520719717, 0.040185934366875606)
2018-10-24 16:19:34,540     INFO End of fixations
2018-10-24 16:19:34,550     INFO Showing fixation at (-0.48494977728317545, -0.01237864835221169)
2018-10-24 16:19:35,357     INFO End of fixations
2018-10-24 16:19:35,366     INFO Showing fixation at (-0.007612844367120883, -0.7870765264084951)
2018-10-24 16:19:36,174     INFO End of fixations
2018-10-24 16:19:36,182     INFO Showing fixation at (0, 0)
2018-10-24 16:19:37,390     INFO End of fixations
2018-10-24 16:19:37,391     INFO Showing instructions
2018-10-24 16:19:37,392     INFO Instruction: 
2018-10-24 16:19:38,156     INFO Received signal 5 after 0.749047994614 seconds
2018-10-24 16:19:38,156     INFO End of instructions
2018-10-24 16:19:38,156     INFO Block 6 saccades
2018-10-24 16:19:38,166     INFO Showing fixation at (0, 0)
2018-10-24 16:19:39,373     INFO End of fixations
2018-10-24 16:19:39,381     INFO Showing fixation at (0.013726284076222457, -0.8223486809497105)
2018-10-24 16:19:40,590     INFO End of fixations
2018-10-24 16:19:40,596     INFO Showing fixation at (0.47548502903224843, 0.00525084452297786)
2018-10-24 16:19:41,407     INFO End of fixations
2018-10-24 16:19:41,412     INFO Showing fixation at (-0.473748701253342, 0.033236569566948246)
2018-10-24 16:19:42,424     INFO End of fixations
2018-10-24 16:19:42,429     INFO Showing fixation at (0.009861982383630896, 0.8444049249208053)
2018-10-24 16:19:43,440     INFO End of fixations
2018-10-24 16:19:43,449     INFO Showing fixation at (0.444108434624116, -0.03090103655539305)
2018-10-24 16:19:44,257     INFO End of fixations
2018-10-24 16:19:44,266     INFO Showing fixation at (0.48478639636185583, -0.05396572907924607)
2018-10-24 16:19:45,274     INFO End of fixations
2018-10-24 16:19:45,282     INFO Showing fixation at (-0.033959673412551905, 0.7631471770599599)
2018-10-24 16:19:46,091     INFO End of fixations
2018-10-24 16:19:46,096     INFO Showing fixation at (0.009255424885689104, -0.7562719871664859)
2018-10-24 16:19:47,307     INFO End of fixations
2018-10-24 16:19:47,316     INFO Showing fixation at (0.01766279218688166, 0.8304864338696847)
2018-10-24 16:19:48,524     INFO End of fixations
2018-10-24 16:19:48,533     INFO Showing fixation at (-0.495916520719717, 0.040185934366875606)
2018-10-24 16:19:49,541     INFO End of fixations
2018-10-24 16:19:49,548     INFO Showing fixation at (-0.48494977728317545, -0.01237864835221169)
2018-10-24 16:19:50,357     INFO End of fixations
2018-10-24 16:19:50,366     INFO Showing fixation at (-0.007612844367120883, -0.7870765264084951)
2018-10-24 16:19:51,174     INFO End of fixations
2018-10-24 16:19:51,183     INFO Showing fixation at (0, 0)
2018-10-24 16:19:52,391     INFO End of fixations
2018-10-24 16:19:52,391     INFO Showing instructions
2018-10-24 16:19:52,393     INFO Instruction: 
2018-10-24 16:19:53,156     INFO Received signal 5 after 0.748198032379 seconds
2018-10-24 16:19:53,156     INFO End of instructions
2018-10-24 16:19:53,156     INFO Block 7 fixations
2018-10-24 16:19:53,166     INFO Showing fixation at (0, 0)
2018-10-24 16:19:54,374     INFO End of fixations
2018-10-24 16:19:54,380     INFO Showing fixation at (-0.49544591090502116, 0.013713569796805464)
2018-10-24 16:19:55,191     INFO End of fixations
2018-10-24 16:19:55,200     INFO Showing fixation at (-0.4349360422513546, 0.003083317258903373)
2018-10-24 16:19:56,008     INFO End of fixations
2018-10-24 16:19:56,013     INFO Showing fixation at (-0.009797414051426877, 0.7781117783369809)
2018-10-24 16:19:56,824     INFO End of fixations
2018-10-24 16:19:56,832     INFO Showing fixation at (0.4331205530355432, 0.053962687792312516)
2018-10-24 16:19:57,641     INFO End of fixations
2018-10-24 16:19:57,649     INFO Showing fixation at (-0.45040735019477235, -0.03928309512453719)
2018-10-24 16:19:58,458     INFO End of fixations
2018-10-24 16:19:58,466     INFO Showing fixation at (0.030232153432420986, -0.8459283320503609)
2018-10-24 16:19:59,674     INFO End of fixations
2018-10-24 16:19:59,683     INFO Showing fixation at (-0.03225632187431097, -0.8369204929549087)
2018-10-24 16:20:00,691     INFO End of fixations
2018-10-24 16:20:00,700     INFO Showing fixation at (0.0050016325870308395, 0.881070647486318)
2018-10-24 16:20:01,908     INFO End of fixations
2018-10-24 16:20:01,917     INFO Showing fixation at (-0.024397487466406714, 0.7591267958359443)
2018-10-24 16:20:03,124     INFO End of fixations
2018-10-24 16:20:03,133     INFO Showing fixation at (0.451499006806249, -0.03698142547214226)
2018-10-24 16:20:04,141     INFO End of fixations
2018-10-24 16:20:04,147     INFO Showing fixation at (0.4479382882982152, 0.014908490965933371)
2018-10-24 16:20:05,158     INFO End of fixations
2018-10-24 16:20:05,167     INFO Showing fixation at (-0.030605911360367534, -0.7944256891288064)
2018-10-24 16:20:06,175     INFO End of fixations
2018-10-24 16:20:06,181     INFO Showing fixation at (0, 0)
2018-10-24 16:20:07,391     INFO End of fixations
2018-10-24 16:20:07,391     INFO Showing instructions
2018-10-24 16:20:07,392     INFO Instruction: 
2018-10-24 16:20:08,154     INFO Received signal 5 after 0.746799945831 seconds
2018-10-24 16:20:08,155     INFO End of instructions
2018-10-24 16:20:08,155     INFO Block 7 saccades
2018-10-24 16:20:08,163     INFO Showing fixation at (0, 0)
2018-10-24 16:20:09,375     INFO End of fixations
2018-10-24 16:20:09,383     INFO Showing fixation at (-0.49544591090502116, 0.013713569796805464)
2018-10-24 16:20:10,191     INFO End of fixations
2018-10-24 16:20:10,199     INFO Showing fixation at (-0.4349360422513546, 0.003083317258903373)
2018-10-24 16:20:11,008     INFO End of fixations
2018-10-24 16:20:11,014     INFO Showing fixation at (-0.009797414051426877, 0.7781117783369809)
2018-10-24 16:20:11,825     INFO End of fixations
2018-10-24 16:20:11,830     INFO Showing fixation at (0.4331205530355432, 0.053962687792312516)
2018-10-24 16:20:12,641     INFO End of fixations
2018-10-24 16:20:12,647     INFO Showing fixation at (-0.45040735019477235, -0.03928309512453719)
2018-10-24 16:20:13,458     INFO End of fixations
2018-10-24 16:20:13,467     INFO Showing fixation at (0.030232153432420986, -0.8459283320503609)
2018-10-24 16:20:14,675     INFO End of fixations
2018-10-24 16:20:14,684     INFO Showing fixation at (-0.03225632187431097, -0.8369204929549087)
2018-10-24 16:20:15,691     INFO End of fixations
2018-10-24 16:20:15,696     INFO Showing fixation at (0.0050016325870308395, 0.881070647486318)
2018-10-24 16:20:16,908     INFO End of fixations
2018-10-24 16:20:16,914     INFO Showing fixation at (-0.024397487466406714, 0.7591267958359443)
2018-10-24 16:20:18,125     INFO End of fixations
2018-10-24 16:20:18,133     INFO Showing fixation at (0.451499006806249, -0.03698142547214226)
2018-10-24 16:20:19,142     INFO End of fixations
2018-10-24 16:20:19,148     INFO Showing fixation at (0.4479382882982152, 0.014908490965933371)
2018-10-24 16:20:20,158     INFO End of fixations
2018-10-24 16:20:20,166     INFO Showing fixation at (-0.030605911360367534, -0.7944256891288064)
2018-10-24 16:20:21,175     INFO End of fixations
2018-10-24 16:20:21,184     INFO Showing fixation at (0, 0)
2018-10-24 16:20:22,392     INFO End of fixations
2018-10-24 16:20:22,392     INFO Showing instructions
2018-10-24 16:20:22,393     INFO Instruction: 
2018-10-24 16:20:23,155     INFO Received signal 5 after 0.747412919998 seconds
2018-10-24 16:20:23,155     INFO End of instructions
2018-10-24 16:20:23,155     INFO Block 8 fixations
2018-10-24 16:20:23,163     INFO Showing fixation at (0, 0)
2018-10-24 16:20:23,975     INFO End of fixations
2018-10-24 16:20:23,981     INFO Showing fixation at (0.4315634511124581, 0.0010270600867309798)
2018-10-24 16:20:25,192     INFO End of fixations
2018-10-24 16:20:25,197     INFO Showing fixation at (0.5009385620579303, 0.051068426956247734)
2018-10-24 16:20:26,208     INFO End of fixations
2018-10-24 16:20:26,214     INFO Showing fixation at (-0.5014396911792379, -0.02679158866309271)
2018-10-24 16:20:27,225     INFO End of fixations
2018-10-24 16:20:27,234     INFO Showing fixation at (0.4639168702005047, -0.05358966854452118)
2018-10-24 16:20:28,042     INFO End of fixations
2018-10-24 16:20:28,053     INFO Showing fixation at (-0.45768363188158306, 0.03395769572244395)
2018-10-24 16:20:29,259     INFO End of fixations
2018-10-24 16:20:29,267     INFO Showing fixation at (0.014165957574053409, -0.8562738480566212)
2018-10-24 16:20:30,075     INFO End of fixations
2018-10-24 16:20:30,083     INFO Showing fixation at (-0.017404027063906216, 0.8642961908432147)
2018-10-24 16:20:31,292     INFO End of fixations
2018-10-24 16:20:31,300     INFO Showing fixation at (0.01146444365199191, -0.8454096868579314)
2018-10-24 16:20:32,508     INFO End of fixations
2018-10-24 16:20:32,517     INFO Showing fixation at (-0.03510818017370136, -0.7810127797030368)
2018-10-24 16:20:33,524     INFO End of fixations
2018-10-24 16:20:33,531     INFO Showing fixation at (0.02678636635976507, 0.8196066880625492)
2018-10-24 16:20:34,342     INFO End of fixations
2018-10-24 16:20:34,348     INFO Showing fixation at (0.006339393552114124, 0.7711622477728113)
2018-10-24 16:20:35,158     INFO End of fixations
2018-10-24 16:20:35,165     INFO Showing fixation at (-0.4983521354318693, -0.06552390095474006)
2018-10-24 16:20:36,375     INFO End of fixations
2018-10-24 16:20:36,384     INFO Showing fixation at (0, 0)
2018-10-24 16:20:37,392     INFO End of fixations
2018-10-24 16:20:37,392     INFO Showing instructions
2018-10-24 16:20:37,394     INFO Instruction: 
2018-10-24 16:20:38,154     INFO Received signal 5 after 0.745848894119 seconds
2018-10-24 16:20:38,154     INFO End of instructions
2018-10-24 16:20:38,154     INFO Block 8 saccades
2018-10-24 16:20:38,169     INFO Showing fixation at (0, 0)
2018-10-24 16:20:38,976     INFO End of fixations
2018-10-24 16:20:38,981     INFO Showing fixation at (0.4315634511124581, 0.0010270600867309798)
2018-10-24 16:20:40,192     INFO End of fixations
2018-10-24 16:20:40,197     INFO Showing fixation at (0.5009385620579303, 0.051068426956247734)
2018-10-24 16:20:41,209     INFO End of fixations
2018-10-24 16:20:41,214     INFO Showing fixation at (-0.5014396911792379, -0.02679158866309271)
2018-10-24 16:20:42,226     INFO End of fixations
2018-10-24 16:20:42,231     INFO Showing fixation at (0.4639168702005047, -0.05358966854452118)
2018-10-24 16:20:43,042     INFO End of fixations
2018-10-24 16:20:43,048     INFO Showing fixation at (-0.45768363188158306, 0.03395769572244395)
2018-10-24 16:20:44,259     INFO End of fixations
2018-10-24 16:20:44,265     INFO Showing fixation at (0.014165957574053409, -0.8562738480566212)
2018-10-24 16:20:45,076     INFO End of fixations
2018-10-24 16:20:45,085     INFO Showing fixation at (-0.017404027063906216, 0.8642961908432147)
2018-10-24 16:20:46,292     INFO End of fixations
2018-10-24 16:20:46,297     INFO Showing fixation at (0.01146444365199191, -0.8454096868579314)
2018-10-24 16:20:47,509     INFO End of fixations
2018-10-24 16:20:47,518     INFO Showing fixation at (-0.03510818017370136, -0.7810127797030368)
2018-10-24 16:20:48,526     INFO End of fixations
2018-10-24 16:20:48,533     INFO Showing fixation at (0.02678636635976507, 0.8196066880625492)
2018-10-24 16:20:49,343     INFO End of fixations
2018-10-24 16:20:49,348     INFO Showing fixation at (0.006339393552114124, 0.7711622477728113)
2018-10-24 16:20:50,159     INFO End of fixations
2018-10-24 16:20:50,168     INFO Showing fixation at (-0.4983521354318693, -0.06552390095474006)
2018-10-24 16:20:51,376     INFO End of fixations
2018-10-24 16:20:51,385     INFO Showing fixation at (0, 0)
2018-10-24 16:20:52,393     INFO End of fixations
2018-10-24 16:20:52,393     INFO Showing instructions
2018-10-24 16:20:52,394     INFO Instruction: 
2018-10-24 16:20:53,154     INFO Received signal 5 after 0.745054006577 seconds
2018-10-24 16:20:53,154     INFO End of instructions
2018-10-24 16:20:53,154     INFO Block 9 fixations
2018-10-24 16:20:53,164     INFO Showing fixation at (0, 0)
2018-10-24 16:20:54,176     INFO End of fixations
2018-10-24 16:20:54,185     INFO Showing fixation at (0.4701968435367155, -0.01615349577092385)
2018-10-24 16:20:54,993     INFO End of fixations
2018-10-24 16:20:54,998     INFO Showing fixation at (0.016520782223644392, -0.7741135832280414)
2018-10-24 16:20:56,210     INFO End of fixations
2018-10-24 16:20:56,218     INFO Showing fixation at (0.45476025570451023, -0.002464520103828305)
2018-10-24 16:20:57,026     INFO End of fixations
2018-10-24 16:20:57,035     INFO Showing fixation at (-0.0326848607525832, 0.7702656592412889)
2018-10-24 16:20:58,243     INFO End of fixations
2018-10-24 16:20:58,248     INFO Showing fixation at (-0.433084706972839, 0.04409213465030358)
2018-10-24 16:20:59,259     INFO End of fixations
2018-10-24 16:20:59,265     INFO Showing fixation at (0.027598063921463273, 0.8779398578138045)
2018-10-24 16:21:00,476     INFO End of fixations
2018-10-24 16:21:00,482     INFO Showing fixation at (-0.45720146583539917, 0.061187567887965366)
2018-10-24 16:21:01,493     INFO End of fixations
2018-10-24 16:21:01,501     INFO Showing fixation at (-0.030807226841418858, -0.8699215876609313)
2018-10-24 16:21:02,310     INFO End of fixations
2018-10-24 16:21:02,315     INFO Showing fixation at (-0.016483143551680735, -0.823834914768094)
2018-10-24 16:21:03,526     INFO End of fixations
2018-10-24 16:21:03,535     INFO Showing fixation at (-0.426849772428843, -0.046525384812256036)
2018-10-24 16:21:04,543     INFO End of fixations
2018-10-24 16:21:04,550     INFO Showing fixation at (0.011958933272044718, 0.8549822417651117)
2018-10-24 16:21:05,360     INFO End of fixations
2018-10-24 16:21:05,368     INFO Showing fixation at (0.4538241955175589, -0.06808314483004452)
2018-10-24 16:21:06,176     INFO End of fixations
2018-10-24 16:21:06,185     INFO Showing fixation at (0, 0)
2018-10-24 16:21:07,393     INFO End of fixations
2018-10-24 16:21:07,393     INFO Showing instructions
2018-10-24 16:21:07,394     INFO Instruction: 
2018-10-24 16:21:08,155     INFO Received signal 5 after 0.745443820953 seconds
2018-10-24 16:21:08,155     INFO End of instructions
2018-10-24 16:21:08,155     INFO Block 9 saccades
2018-10-24 16:21:08,165     INFO Showing fixation at (0, 0)
2018-10-24 16:21:09,176     INFO End of fixations
2018-10-24 16:21:09,184     INFO Showing fixation at (0.4701968435367155, -0.01615349577092385)
2018-10-24 16:21:09,993     INFO End of fixations
2018-10-24 16:21:09,998     INFO Showing fixation at (0.016520782223644392, -0.7741135832280414)
2018-10-24 16:21:11,209     INFO End of fixations
2018-10-24 16:21:11,215     INFO Showing fixation at (0.45476025570451023, -0.002464520103828305)
2018-10-24 16:21:12,027     INFO End of fixations
2018-10-24 16:21:12,034     INFO Showing fixation at (-0.0326848607525832, 0.7702656592412889)
2018-10-24 16:21:13,243     INFO End of fixations
2018-10-24 16:21:13,252     INFO Showing fixation at (-0.433084706972839, 0.04409213465030358)
2018-10-24 16:21:14,260     INFO End of fixations
2018-10-24 16:21:14,267     INFO Showing fixation at (0.027598063921463273, 0.8779398578138045)
2018-10-24 16:21:15,477     INFO End of fixations
2018-10-24 16:21:15,485     INFO Showing fixation at (-0.45720146583539917, 0.061187567887965366)
2018-10-24 16:21:16,493     INFO End of fixations
2018-10-24 16:21:16,499     INFO Showing fixation at (-0.030807226841418858, -0.8699215876609313)
2018-10-24 16:21:17,310     INFO End of fixations
2018-10-24 16:21:17,319     INFO Showing fixation at (-0.016483143551680735, -0.823834914768094)
2018-10-24 16:21:18,527     INFO End of fixations
2018-10-24 16:21:18,536     INFO Showing fixation at (-0.426849772428843, -0.046525384812256036)
2018-10-24 16:21:19,544     INFO End of fixations
2018-10-24 16:21:19,552     INFO Showing fixation at (0.011958933272044718, 0.8549822417651117)
2018-10-24 16:21:20,360     INFO End of fixations
2018-10-24 16:21:20,368     INFO Showing fixation at (0.4538241955175589, -0.06808314483004452)
2018-10-24 16:21:21,176     INFO End of fixations
2018-10-24 16:21:21,185     INFO Showing fixation at (0, 0)
2018-10-24 16:21:22,394     INFO End of fixations
2018-10-24 16:21:22,397     INFO Showing fixation at (0, 0) for 8 second(s)
2018-10-24 16:21:23,154     INFO Received trigger 5
2018-10-24 16:21:24,154     INFO Received trigger 5
2018-10-24 16:21:25,154     INFO Received trigger 5
2018-10-24 16:21:26,154     INFO Received trigger 5
2018-10-24 16:21:27,154     INFO Received trigger 5
2018-10-24 16:21:28,154     INFO Received trigger 5
2018-10-24 16:21:29,154     INFO Received trigger 5
2018-10-24 16:21:32,422     INFO Received trigger 5
2018-10-24 16:21:32,422     INFO End of fixations
2018-10-24 16:21:32,423     INFO End of experiment
