2018-10-25 16:54:26,135     INFO #[ PsychoPy2 RuntimeInfoStart ]
  #[[ PsychoPy ]] #---------
    psychopyVersion: 1.85.6
    psychopyHaveExtRush: True
  #[[ Experiment ]] #---------
    experimentRunTime: 2018_10_25 16:54 (Year_Month_Day Hour:Min)
    experimentRunTime.epoch: 1540511663
    experimentScript: localizer.py
    experimentScript.digestSHA1: 73af835c2bb6458b858315d12675d6355738a2b3
    experimentScript.directory: /Users/mengdu/Repos/hierarchySaccades
  #[[ System ]] #---------
    systemHaveInternetAccess: True
    systemHostName: Mengs-MacBook-Pro-Server.local
    systemLocale: C
    systemMemFreeRAM: 4096.82421875
    systemMemTotalRAM: 8192.0
    systemPlatform: darwin 10.13.6 x86_64
    systemPyo.InputDevices: {0: {'host api index': 0, 'latency': 0.0029478457290679216, 'default sr': 44100, 'name': u'Built-in Microph'}}
    systemPyo.OutputDevices: {1: {'host api index': 0, 'latency': 0.018798185512423515, 'default sr': 44100, 'name': u'Built-in Output'}, 2: {'host api index': 0, 'latency': 0.0014375000027939677, 'default sr': 48000, 'name': u'HDMI'}}
    systemPyoVersion: 0.8.6
    systemRebooted: Oct 24 21:59
    systemSec.OpenSSLVersion: LibreSSL 2.2.7
    systemSec.pythonSSL: True
    systemTimeNumpySD1000000_sec: 0.0045
    systemUser: mengdu
    systemUserID: 501
    systemUserProcCount: 145
    systemUserProcFlagged: mdworker Safari
    systemUsersCount: 1
  #[[ Window ]] #---------
    windowRefreshTimeSD_ms: 0.040
    windowRefreshTimeMedian_ms: 16.670
    windowRefreshTimeAvg_ms: 16.667
  #[[ Python ]] #---------
    pythonVersion: 2.7.12
  #[[ OpenGL ]] #---------
#[ PsychoPy2 RuntimeInfoEnd ]

2018-10-25 16:54:26,277     INFO Showing instructions
2018-10-25 16:54:26,304     INFO Instruction: When you see a RED cross, plea...
2018-10-25 16:54:28,903     INFO Received response [('space', 2.5791728496551514)]
2018-10-25 16:54:28,903     INFO End of instructions
2018-10-25 16:54:28,903     INFO Showing instructions
2018-10-25 16:54:28,919     INFO Instruction: When you see a RED cross, plea...
2018-10-25 16:54:43,830     INFO Received signal 5 after 14.8930950165 seconds
2018-10-25 16:54:43,830     INFO End of instructions
2018-10-25 16:54:43,830     INFO Showing instructions
2018-10-25 16:54:43,831     INFO Instruction: 
2018-10-25 16:54:44,829     INFO Received signal 5 after 0.991743803024 seconds
2018-10-25 16:54:44,830     INFO End of instructions
2018-10-25 16:54:44,830     INFO Block 0 fixations
2018-10-25 16:54:44,836     INFO Showing fixation at (0, 0)
2018-10-25 16:54:46,055     INFO End of fixations
2018-10-25 16:54:46,062     INFO Showing fixation at (0.4949790633264346, -0.009789298238689147)
2018-10-25 16:54:46,872     INFO End of fixations
2018-10-25 16:54:46,876     INFO Showing fixation at (-0.47483062385875413, 0.025312517249462513)
2018-10-25 16:54:47,888     INFO End of fixations
2018-10-25 16:54:47,893     INFO Showing fixation at (-0.0026730137202886986, 0.8235317404625964)
2018-10-25 16:54:48,905     INFO End of fixations
2018-10-25 16:54:48,912     INFO Showing fixation at (-0.44090642609033004, 0.01799229093214226)
2018-10-25 16:54:49,921     INFO End of fixations
2018-10-25 16:54:49,934     INFO Showing fixation at (0.4458206591830772, -0.040794260564355464)
2018-10-25 16:54:50,738     INFO End of fixations
2018-10-25 16:54:50,743     INFO Showing fixation at (0.022230006457560493, -0.857020483788128)
2018-10-25 16:54:51,555     INFO End of fixations
2018-10-25 16:54:51,561     INFO Showing fixation at (-0.033281627339612596, 0.7672127083447788)
2018-10-25 16:54:52,371     INFO End of fixations
2018-10-25 16:54:52,376     INFO Showing fixation at (0.008823615133620427, 0.8396155875669107)
2018-10-25 16:54:53,389     INFO End of fixations
2018-10-25 16:54:53,393     INFO Showing fixation at (0.43410845806655635, -0.052379846006155355)
2018-10-25 16:54:54,606     INFO End of fixations
2018-10-25 16:54:54,611     INFO Showing fixation at (-0.03850533711797623, -0.8236250391294572)
2018-10-25 16:54:55,821     INFO End of fixations
2018-10-25 16:54:55,827     INFO Showing fixation at (-0.4813132327680584, 0.06083515399005873)
2018-10-25 16:54:56,638     INFO End of fixations
2018-10-25 16:54:56,644     INFO Showing fixation at (0.026853399032531353, -0.7842514174741048)
2018-10-25 16:54:57,855     INFO End of fixations
2018-10-25 16:54:57,860     INFO Showing fixation at (0, 0)
2018-10-25 16:54:59,072     INFO End of fixations
2018-10-25 16:54:59,072     INFO Showing instructions
2018-10-25 16:54:59,073     INFO Instruction: 
2018-10-25 16:54:59,829     INFO Received signal 5 after 0.741078138351 seconds
2018-10-25 16:54:59,829     INFO End of instructions
2018-10-25 16:54:59,829     INFO Block 0 saccades
2018-10-25 16:54:59,834     INFO Showing fixation at (0, 0)
2018-10-25 16:55:01,039     INFO End of fixations
2018-10-25 16:55:01,044     INFO Showing fixation at (0.4949790633264346, -0.009789298238689147)
2018-10-25 16:55:01,856     INFO End of fixations
2018-10-25 16:55:01,860     INFO Showing fixation at (-0.47483062385875413, 0.025312517249462513)
2018-10-25 16:55:02,872     INFO End of fixations
2018-10-25 16:55:02,877     INFO Showing fixation at (-0.0026730137202886986, 0.8235317404625964)
2018-10-25 16:55:03,889     INFO End of fixations
2018-10-25 16:55:03,894     INFO Showing fixation at (-0.44090642609033004, 0.01799229093214226)
2018-10-25 16:55:04,906     INFO End of fixations
2018-10-25 16:55:04,911     INFO Showing fixation at (0.4458206591830772, -0.040794260564355464)
2018-10-25 16:55:05,722     INFO End of fixations
2018-10-25 16:55:05,727     INFO Showing fixation at (0.022230006457560493, -0.857020483788128)
2018-10-25 16:55:06,539     INFO End of fixations
2018-10-25 16:55:06,547     INFO Showing fixation at (-0.033281627339612596, 0.7672127083447788)
2018-10-25 16:55:07,356     INFO End of fixations
2018-10-25 16:55:07,360     INFO Showing fixation at (0.008823615133620427, 0.8396155875669107)
2018-10-25 16:55:08,372     INFO End of fixations
2018-10-25 16:55:08,377     INFO Showing fixation at (0.43410845806655635, -0.052379846006155355)
2018-10-25 16:55:09,589     INFO End of fixations
2018-10-25 16:55:09,594     INFO Showing fixation at (-0.03850533711797623, -0.8236250391294572)
2018-10-25 16:55:10,806     INFO End of fixations
2018-10-25 16:55:10,810     INFO Showing fixation at (-0.4813132327680584, 0.06083515399005873)
2018-10-25 16:55:11,623     INFO End of fixations
2018-10-25 16:55:11,691     INFO Showing fixation at (0.026853399032531353, -0.7842514174741048)
2018-10-25 16:55:12,906     INFO End of fixations
2018-10-25 16:55:12,911     INFO Showing fixation at (0, 0)
2018-10-25 16:55:14,123     INFO End of fixations
2018-10-25 16:55:14,123     INFO Showing instructions
2018-10-25 16:55:14,124     INFO Instruction: 
2018-10-25 16:55:14,829     INFO Received signal 5 after 0.690556049347 seconds
2018-10-25 16:55:14,830     INFO End of instructions
2018-10-25 16:55:14,830     INFO Block 1 fixations
2018-10-25 16:55:14,834     INFO Showing fixation at (0, 0)
2018-10-25 16:55:16,039     INFO End of fixations
2018-10-25 16:55:16,044     INFO Showing fixation at (-0.03334306469137692, -0.847027540391016)
2018-10-25 16:55:16,856     INFO End of fixations
2018-10-25 16:55:16,861     INFO Showing fixation at (0.43553760666370267, 0.021062811414810895)
2018-10-25 16:55:18,073     INFO End of fixations
2018-10-25 16:55:18,077     INFO Showing fixation at (0.4692382634709381, 0.06021276461573696)
2018-10-25 16:55:19,290     INFO End of fixations
2018-10-25 16:55:19,294     INFO Showing fixation at (-0.4762615994584593, 0.0228827365062116)
2018-10-25 16:55:20,106     INFO End of fixations
2018-10-25 16:55:20,111     INFO Showing fixation at (0.022256235774308207, 0.8591667185797116)
2018-10-25 16:55:21,323     INFO End of fixations
2018-10-25 16:55:21,327     INFO Showing fixation at (0.4901427818962011, -0.068013538720466)
2018-10-25 16:55:22,140     INFO End of fixations
2018-10-25 16:55:22,144     INFO Showing fixation at (-0.427276154285224, -0.021497767781439567)
2018-10-25 16:55:23,156     INFO End of fixations
2018-10-25 16:55:23,161     INFO Showing fixation at (-0.013766267557229074, -0.8096214720711321)
2018-10-25 16:55:24,373     INFO End of fixations
2018-10-25 16:55:24,378     INFO Showing fixation at (-0.03568314544256791, -0.8120845025167666)
2018-10-25 16:55:25,390     INFO End of fixations
2018-10-25 16:55:25,395     INFO Showing fixation at (0.027531249754759207, 0.8329476155410017)
2018-10-25 16:55:26,406     INFO End of fixations
2018-10-25 16:55:26,415     INFO Showing fixation at (0.014035472318460064, 0.8911254247189684)
2018-10-25 16:55:27,223     INFO End of fixations
2018-10-25 16:55:27,228     INFO Showing fixation at (-0.461291923603008, 0.010255900701262866)
2018-10-25 16:55:28,040     INFO End of fixations
2018-10-25 16:55:28,045     INFO Showing fixation at (0, 0)
2018-10-25 16:55:29,056     INFO End of fixations
2018-10-25 16:55:29,057     INFO Showing instructions
2018-10-25 16:55:29,057     INFO Instruction: 
2018-10-25 16:55:29,829     INFO Received signal 5 after 0.756709098816 seconds
2018-10-25 16:55:29,829     INFO End of instructions
2018-10-25 16:55:29,829     INFO Block 1 saccades
2018-10-25 16:55:29,834     INFO Showing fixation at (0, 0)
2018-10-25 16:55:31,040     INFO End of fixations
2018-10-25 16:55:31,044     INFO Showing fixation at (-0.03334306469137692, -0.847027540391016)
2018-10-25 16:55:31,857     INFO End of fixations
2018-10-25 16:55:31,861     INFO Showing fixation at (0.43553760666370267, 0.021062811414810895)
2018-10-25 16:55:33,073     INFO End of fixations
2018-10-25 16:55:33,078     INFO Showing fixation at (0.4692382634709381, 0.06021276461573696)
2018-10-25 16:55:34,290     INFO End of fixations
2018-10-25 16:55:34,294     INFO Showing fixation at (-0.4762615994584593, 0.0228827365062116)
2018-10-25 16:55:35,107     INFO End of fixations
2018-10-25 16:55:35,112     INFO Showing fixation at (0.022256235774308207, 0.8591667185797116)
2018-10-25 16:55:36,323     INFO End of fixations
2018-10-25 16:55:36,328     INFO Showing fixation at (0.4901427818962011, -0.068013538720466)
2018-10-25 16:55:37,140     INFO End of fixations
2018-10-25 16:55:37,145     INFO Showing fixation at (-0.427276154285224, -0.021497767781439567)
2018-10-25 16:55:38,157     INFO End of fixations
2018-10-25 16:55:38,161     INFO Showing fixation at (-0.013766267557229074, -0.8096214720711321)
2018-10-25 16:55:39,373     INFO End of fixations
2018-10-25 16:55:39,377     INFO Showing fixation at (-0.03568314544256791, -0.8120845025167666)
2018-10-25 16:55:40,390     INFO End of fixations
2018-10-25 16:55:40,395     INFO Showing fixation at (0.027531249754759207, 0.8329476155410017)
2018-10-25 16:55:41,407     INFO End of fixations
2018-10-25 16:55:41,412     INFO Showing fixation at (0.014035472318460064, 0.8911254247189684)
2018-10-25 16:55:42,224     INFO End of fixations
2018-10-25 16:55:42,228     INFO Showing fixation at (-0.461291923603008, 0.010255900701262866)
2018-10-25 16:55:43,040     INFO End of fixations
2018-10-25 16:55:43,045     INFO Showing fixation at (0, 0)
2018-10-25 16:55:44,057     INFO End of fixations
2018-10-25 16:55:44,057     INFO Showing instructions
2018-10-25 16:55:44,058     INFO Instruction: 
2018-10-25 16:55:44,829     INFO Received signal 5 after 0.756266117096 seconds
2018-10-25 16:55:44,830     INFO End of instructions
2018-10-25 16:55:44,830     INFO Block 2 fixations
2018-10-25 16:55:44,834     INFO Showing fixation at (0, 0)
2018-10-25 16:55:46,040     INFO End of fixations
2018-10-25 16:55:46,045     INFO Showing fixation at (0.45600966310698143, 0.013406852632838376)
2018-10-25 16:55:47,057     INFO End of fixations
2018-10-25 16:55:47,062     INFO Showing fixation at (0.00743764629093456, -0.8426569041023328)
2018-10-25 16:55:48,274     INFO End of fixations
2018-10-25 16:55:48,278     INFO Showing fixation at (-0.43778134765621535, -0.04511337370235499)
2018-10-25 16:55:49,090     INFO End of fixations
2018-10-25 16:55:49,095     INFO Showing fixation at (-0.033037341966097505, -0.8237567062859641)
2018-10-25 16:55:50,307     INFO End of fixations
2018-10-25 16:55:50,312     INFO Showing fixation at (0.4464116593416583, 0.010124657609880627)
2018-10-25 16:55:51,524     INFO End of fixations
2018-10-25 16:55:51,528     INFO Showing fixation at (0.48636989842618594, -0.017903070268600003)
2018-10-25 16:55:52,540     INFO End of fixations
2018-10-25 16:55:52,545     INFO Showing fixation at (0.02719104598080277, 0.8864356337067988)
2018-10-25 16:55:53,757     INFO End of fixations
2018-10-25 16:55:53,762     INFO Showing fixation at (0.017637206347861575, -0.7753864309109305)
2018-10-25 16:55:54,774     INFO End of fixations
2018-10-25 16:55:54,779     INFO Showing fixation at (-0.45344324648657713, 0.055710455365126255)
2018-10-25 16:55:55,791     INFO End of fixations
2018-10-25 16:55:55,796     INFO Showing fixation at (-0.43497687939267504, 0.02477974136755144)
2018-10-25 16:55:56,607     INFO End of fixations
2018-10-25 16:55:56,612     INFO Showing fixation at (-0.018257504254926716, 0.8894045693961603)
2018-10-25 16:55:57,424     INFO End of fixations
2018-10-25 16:55:57,429     INFO Showing fixation at (0.018987958815709735, 0.8846265621669949)
2018-10-25 16:55:58,241     INFO End of fixations
2018-10-25 16:55:58,246     INFO Showing fixation at (0, 0)
2018-10-25 16:55:59,057     INFO End of fixations
2018-10-25 16:55:59,058     INFO Showing instructions
2018-10-25 16:55:59,058     INFO Instruction: 
2018-10-25 16:55:59,829     INFO Received signal 5 after 0.755714893341 seconds
2018-10-25 16:55:59,829     INFO End of instructions
2018-10-25 16:55:59,829     INFO Block 2 saccades
2018-10-25 16:55:59,833     INFO Showing fixation at (0, 0)
2018-10-25 16:56:01,041     INFO End of fixations
2018-10-25 16:56:01,045     INFO Showing fixation at (0.45600966310698143, 0.013406852632838376)
2018-10-25 16:56:02,057     INFO End of fixations
2018-10-25 16:56:02,062     INFO Showing fixation at (0.00743764629093456, -0.8426569041023328)
2018-10-25 16:56:03,274     INFO End of fixations
2018-10-25 16:56:03,280     INFO Showing fixation at (-0.43778134765621535, -0.04511337370235499)
2018-10-25 16:56:04,091     INFO End of fixations
2018-10-25 16:56:04,095     INFO Showing fixation at (-0.033037341966097505, -0.8237567062859641)
2018-10-25 16:56:05,308     INFO End of fixations
2018-10-25 16:56:05,313     INFO Showing fixation at (0.4464116593416583, 0.010124657609880627)
2018-10-25 16:56:06,524     INFO End of fixations
2018-10-25 16:56:06,529     INFO Showing fixation at (0.48636989842618594, -0.017903070268600003)
2018-10-25 16:56:07,541     INFO End of fixations
2018-10-25 16:56:07,546     INFO Showing fixation at (0.02719104598080277, 0.8864356337067988)
2018-10-25 16:56:08,758     INFO End of fixations
2018-10-25 16:56:08,763     INFO Showing fixation at (0.017637206347861575, -0.7753864309109305)
2018-10-25 16:56:09,774     INFO End of fixations
2018-10-25 16:56:09,779     INFO Showing fixation at (-0.45344324648657713, 0.055710455365126255)
2018-10-25 16:56:10,791     INFO End of fixations
2018-10-25 16:56:10,796     INFO Showing fixation at (-0.43497687939267504, 0.02477974136755144)
2018-10-25 16:56:11,608     INFO End of fixations
2018-10-25 16:56:11,612     INFO Showing fixation at (-0.018257504254926716, 0.8894045693961603)
2018-10-25 16:56:12,424     INFO End of fixations
2018-10-25 16:56:12,429     INFO Showing fixation at (0.018987958815709735, 0.8846265621669949)
2018-10-25 16:56:13,240     INFO End of fixations
2018-10-25 16:56:13,245     INFO Showing fixation at (0, 0)
2018-10-25 16:56:14,058     INFO End of fixations
2018-10-25 16:56:14,058     INFO Showing instructions
2018-10-25 16:56:14,059     INFO Instruction: 
2018-10-25 16:56:14,828     INFO Received signal 5 after 0.754172801971 seconds
2018-10-25 16:56:14,829     INFO End of instructions
2018-10-25 16:56:14,829     INFO Block 3 fixations
2018-10-25 16:56:14,833     INFO Showing fixation at (0, 0)
2018-10-25 16:56:15,841     INFO End of fixations
2018-10-25 16:56:15,846     INFO Showing fixation at (0.00573447837606221, 0.7791152578992081)
2018-10-25 16:56:16,658     INFO End of fixations
2018-10-25 16:56:16,663     INFO Showing fixation at (-0.028207578708856942, 0.7937732788762853)
2018-10-25 16:56:17,475     INFO End of fixations
2018-10-25 16:56:17,479     INFO Showing fixation at (-0.0038707949645188366, -0.806124582248512)
2018-10-25 16:56:18,491     INFO End of fixations
2018-10-25 16:56:18,496     INFO Showing fixation at (0.011400501177703748, 0.8556244195019546)
2018-10-25 16:56:19,308     INFO End of fixations
2018-10-25 16:56:19,313     INFO Showing fixation at (-0.033265060909314144, -0.7607635311150991)
2018-10-25 16:56:20,124     INFO End of fixations
2018-10-25 16:56:20,129     INFO Showing fixation at (0.03343293111642501, -0.8264481304662612)
2018-10-25 16:56:21,341     INFO End of fixations
2018-10-25 16:56:21,346     INFO Showing fixation at (-0.4660956063491676, 0.03518022374944524)
2018-10-25 16:56:22,558     INFO End of fixations
2018-10-25 16:56:22,563     INFO Showing fixation at (0.4738383368284065, 0.05288194740268318)
2018-10-25 16:56:23,775     INFO End of fixations
2018-10-25 16:56:23,779     INFO Showing fixation at (-0.49612971314054766, 0.04041120484299217)
2018-10-25 16:56:24,992     INFO End of fixations
2018-10-25 16:56:24,996     INFO Showing fixation at (-0.49044227011845226, 0.04718040090125232)
2018-10-25 16:56:26,009     INFO End of fixations
2018-10-25 16:56:26,014     INFO Showing fixation at (0.4833188831403824, 0.018617341206760882)
2018-10-25 16:56:26,825     INFO End of fixations
2018-10-25 16:56:26,832     INFO Showing fixation at (0.42370333623651574, 0.06265068400348567)
2018-10-25 16:56:28,041     INFO End of fixations
2018-10-25 16:56:28,046     INFO Showing fixation at (0, 0)
2018-10-25 16:56:29,058     INFO End of fixations
2018-10-25 16:56:29,058     INFO Showing instructions
2018-10-25 16:56:29,059     INFO Instruction: 
2018-10-25 16:56:29,829     INFO Received signal 5 after 0.754781007767 seconds
2018-10-25 16:56:29,829     INFO End of instructions
2018-10-25 16:56:29,829     INFO Block 3 saccades
2018-10-25 16:56:29,833     INFO Showing fixation at (0, 0)
2018-10-25 16:56:30,842     INFO End of fixations
2018-10-25 16:56:30,846     INFO Showing fixation at (0.00573447837606221, 0.7791152578992081)
2018-10-25 16:56:31,658     INFO End of fixations
2018-10-25 16:56:31,663     INFO Showing fixation at (-0.028207578708856942, 0.7937732788762853)
2018-10-25 16:56:32,475     INFO End of fixations
2018-10-25 16:56:32,480     INFO Showing fixation at (-0.0038707949645188366, -0.806124582248512)
2018-10-25 16:56:33,492     INFO End of fixations
2018-10-25 16:56:33,496     INFO Showing fixation at (0.011400501177703748, 0.8556244195019546)
2018-10-25 16:56:34,308     INFO End of fixations
2018-10-25 16:56:34,313     INFO Showing fixation at (-0.033265060909314144, -0.7607635311150991)
2018-10-25 16:56:35,125     INFO End of fixations
2018-10-25 16:56:35,130     INFO Showing fixation at (0.03343293111642501, -0.8264481304662612)
2018-10-25 16:56:36,342     INFO End of fixations
2018-10-25 16:56:36,347     INFO Showing fixation at (-0.4660956063491676, 0.03518022374944524)
2018-10-25 16:56:37,559     INFO End of fixations
2018-10-25 16:56:37,563     INFO Showing fixation at (0.4738383368284065, 0.05288194740268318)
2018-10-25 16:56:38,775     INFO End of fixations
2018-10-25 16:56:38,780     INFO Showing fixation at (-0.49612971314054766, 0.04041120484299217)
2018-10-25 16:56:39,992     INFO End of fixations
2018-10-25 16:56:39,997     INFO Showing fixation at (-0.49044227011845226, 0.04718040090125232)
2018-10-25 16:56:41,009     INFO End of fixations
2018-10-25 16:56:41,013     INFO Showing fixation at (0.4833188831403824, 0.018617341206760882)
2018-10-25 16:56:41,825     INFO End of fixations
2018-10-25 16:56:41,830     INFO Showing fixation at (0.42370333623651574, 0.06265068400348567)
2018-10-25 16:56:43,042     INFO End of fixations
2018-10-25 16:56:43,047     INFO Showing fixation at (0, 0)
2018-10-25 16:56:44,059     INFO End of fixations
2018-10-25 16:56:44,059     INFO Showing instructions
2018-10-25 16:56:44,060     INFO Instruction: 
2018-10-25 16:56:44,828     INFO Received signal 5 after 0.753745079041 seconds
2018-10-25 16:56:44,828     INFO End of instructions
2018-10-25 16:56:44,828     INFO Block 4 fixations
2018-10-25 16:56:44,833     INFO Showing fixation at (0, 0)
2018-10-25 16:56:45,842     INFO End of fixations
2018-10-25 16:56:45,847     INFO Showing fixation at (-0.032966275362246736, 0.832384404836337)
2018-10-25 16:56:46,659     INFO End of fixations
2018-10-25 16:56:46,664     INFO Showing fixation at (-0.4707901285923947, -0.0324796328372305)
2018-10-25 16:56:47,475     INFO End of fixations
2018-10-25 16:56:47,480     INFO Showing fixation at (-0.03824110318428592, -0.8177128585145768)
2018-10-25 16:56:48,492     INFO End of fixations
2018-10-25 16:56:48,497     INFO Showing fixation at (0.46944603141041025, -0.030443250169049273)
2018-10-25 16:56:49,309     INFO End of fixations
2018-10-25 16:56:49,314     INFO Showing fixation at (0.4919923836172749, -0.04266307654576825)
2018-10-25 16:56:50,124     INFO End of fixations
2018-10-25 16:56:50,129     INFO Showing fixation at (-0.5009735588676544, 0.060402885471336876)
2018-10-25 16:56:51,342     INFO End of fixations
2018-10-25 16:56:51,347     INFO Showing fixation at (-0.013613840355702483, 0.8234712779661865)
2018-10-25 16:56:52,359     INFO End of fixations
2018-10-25 16:56:52,364     INFO Showing fixation at (-0.0026034811590715176, 0.8471949627256717)
2018-10-25 16:56:53,376     INFO End of fixations
2018-10-25 16:56:53,381     INFO Showing fixation at (0.03791371763247174, -0.8281300361060736)
2018-10-25 16:56:54,192     INFO End of fixations
2018-10-25 16:56:54,197     INFO Showing fixation at (-0.018928437484692206, -0.8402709425735037)
2018-10-25 16:56:55,409     INFO End of fixations
2018-10-25 16:56:55,414     INFO Showing fixation at (0.49427173983460587, 0.066488435671919)
2018-10-25 16:56:56,626     INFO End of fixations
2018-10-25 16:56:56,631     INFO Showing fixation at (-0.44770336394461946, 0.053287154410835536)
2018-10-25 16:56:57,842     INFO End of fixations
2018-10-25 16:56:57,847     INFO Showing fixation at (0, 0)
2018-10-25 16:56:59,059     INFO End of fixations
2018-10-25 16:56:59,059     INFO Showing instructions
2018-10-25 16:56:59,060     INFO Instruction: 
2018-10-25 16:56:59,829     INFO Received signal 5 after 0.753762960434 seconds
2018-10-25 16:56:59,829     INFO End of instructions
2018-10-25 16:56:59,829     INFO Block 4 saccades
2018-10-25 16:56:59,834     INFO Showing fixation at (0, 0)
2018-10-25 16:57:00,842     INFO End of fixations
2018-10-25 16:57:00,847     INFO Showing fixation at (-0.032966275362246736, 0.832384404836337)
2018-10-25 16:57:01,659     INFO End of fixations
2018-10-25 16:57:01,664     INFO Showing fixation at (-0.4707901285923947, -0.0324796328372305)
2018-10-25 16:57:02,476     INFO End of fixations
2018-10-25 16:57:02,481     INFO Showing fixation at (-0.03824110318428592, -0.8177128585145768)
2018-10-25 16:57:03,493     INFO End of fixations
2018-10-25 16:57:03,497     INFO Showing fixation at (0.46944603141041025, -0.030443250169049273)
2018-10-25 16:57:04,309     INFO End of fixations
2018-10-25 16:57:04,314     INFO Showing fixation at (0.4919923836172749, -0.04266307654576825)
2018-10-25 16:57:05,126     INFO End of fixations
2018-10-25 16:57:05,131     INFO Showing fixation at (-0.5009735588676544, 0.060402885471336876)
2018-10-25 16:57:06,343     INFO End of fixations
2018-10-25 16:57:06,348     INFO Showing fixation at (-0.013613840355702483, 0.8234712779661865)
2018-10-25 16:57:07,359     INFO End of fixations
2018-10-25 16:57:07,364     INFO Showing fixation at (-0.0026034811590715176, 0.8471949627256717)
2018-10-25 16:57:08,376     INFO End of fixations
2018-10-25 16:57:08,381     INFO Showing fixation at (0.03791371763247174, -0.8281300361060736)
2018-10-25 16:57:09,193     INFO End of fixations
2018-10-25 16:57:09,197     INFO Showing fixation at (-0.018928437484692206, -0.8402709425735037)
2018-10-25 16:57:10,409     INFO End of fixations
2018-10-25 16:57:10,414     INFO Showing fixation at (0.49427173983460587, 0.066488435671919)
2018-10-25 16:57:11,626     INFO End of fixations
2018-10-25 16:57:11,631     INFO Showing fixation at (-0.44770336394461946, 0.053287154410835536)
2018-10-25 16:57:12,843     INFO End of fixations
2018-10-25 16:57:12,848     INFO Showing fixation at (0, 0)
2018-10-25 16:57:14,060     INFO End of fixations
2018-10-25 16:57:14,060     INFO Showing instructions
2018-10-25 16:57:14,060     INFO Instruction: 
2018-10-25 16:57:14,828     INFO Received signal 5 after 0.752709150314 seconds
2018-10-25 16:57:14,828     INFO End of instructions
2018-10-25 16:57:14,828     INFO Block 5 fixations
2018-10-25 16:57:14,833     INFO Showing fixation at (0, 0)
2018-10-25 16:57:16,043     INFO End of fixations
2018-10-25 16:57:16,048     INFO Showing fixation at (-0.48170680242719977, -0.009476178357194408)
2018-10-25 16:57:16,860     INFO End of fixations
2018-10-25 16:57:16,865     INFO Showing fixation at (0.45436830464560357, 0.03549870182296376)
2018-10-25 16:57:17,676     INFO End of fixations
2018-10-25 16:57:17,681     INFO Showing fixation at (0.03236614186258338, 0.8675939688692893)
2018-10-25 16:57:18,893     INFO End of fixations
2018-10-25 16:57:18,898     INFO Showing fixation at (-0.4833185392437918, 0.03899075144981755)
2018-10-25 16:57:19,910     INFO End of fixations
2018-10-25 16:57:19,914     INFO Showing fixation at (0.016861819621854915, 0.7866591572948557)
2018-10-25 16:57:21,127     INFO End of fixations
2018-10-25 16:57:21,131     INFO Showing fixation at (0.44711359090108416, 0.062245374955707644)
2018-10-25 16:57:21,943     INFO End of fixations
2018-10-25 16:57:21,948     INFO Showing fixation at (-0.019715787889404163, -0.8645308432466979)
2018-10-25 16:57:22,760     INFO End of fixations
2018-10-25 16:57:22,765     INFO Showing fixation at (-0.47100461155495266, 0.0671530987937892)
2018-10-25 16:57:23,777     INFO End of fixations
2018-10-25 16:57:23,781     INFO Showing fixation at (0.4832596272670615, -0.050420567105543164)
2018-10-25 16:57:24,993     INFO End of fixations
2018-10-25 16:57:24,998     INFO Showing fixation at (-0.03208443589988913, -0.8901995534298763)
2018-10-25 16:57:26,010     INFO End of fixations
2018-10-25 16:57:26,015     INFO Showing fixation at (-0.03475362567469303, -0.8256617183195906)
2018-10-25 16:57:26,828     INFO End of fixations
2018-10-25 16:57:26,837     INFO Showing fixation at (-0.03891524678299664, 0.7670003079866697)
2018-10-25 16:57:27,843     INFO End of fixations
2018-10-25 16:57:27,848     INFO Showing fixation at (0, 0)
2018-10-25 16:57:29,060     INFO End of fixations
2018-10-25 16:57:29,060     INFO Showing instructions
2018-10-25 16:57:29,061     INFO Instruction: 
2018-10-25 16:57:29,829     INFO Received signal 5 after 0.752723932266 seconds
2018-10-25 16:57:29,829     INFO End of instructions
2018-10-25 16:57:29,829     INFO Block 5 saccades
2018-10-25 16:57:29,833     INFO Showing fixation at (0, 0)
2018-10-25 16:57:31,043     INFO End of fixations
2018-10-25 16:57:31,048     INFO Showing fixation at (-0.48170680242719977, -0.009476178357194408)
2018-10-25 16:57:31,860     INFO End of fixations
2018-10-25 16:57:31,865     INFO Showing fixation at (0.45436830464560357, 0.03549870182296376)
2018-10-25 16:57:32,677     INFO End of fixations
2018-10-25 16:57:32,681     INFO Showing fixation at (0.03236614186258338, 0.8675939688692893)
2018-10-25 16:57:33,893     INFO End of fixations
2018-10-25 16:57:33,898     INFO Showing fixation at (-0.4833185392437918, 0.03899075144981755)
2018-10-25 16:57:34,910     INFO End of fixations
2018-10-25 16:57:34,915     INFO Showing fixation at (0.016861819621854915, 0.7866591572948557)
2018-10-25 16:57:36,127     INFO End of fixations
2018-10-25 16:57:36,132     INFO Showing fixation at (0.44711359090108416, 0.062245374955707644)
2018-10-25 16:57:36,944     INFO End of fixations
2018-10-25 16:57:36,949     INFO Showing fixation at (-0.019715787889404163, -0.8645308432466979)
2018-10-25 16:57:37,760     INFO End of fixations
2018-10-25 16:57:37,765     INFO Showing fixation at (-0.47100461155495266, 0.0671530987937892)
2018-10-25 16:57:38,777     INFO End of fixations
2018-10-25 16:57:38,782     INFO Showing fixation at (0.4832596272670615, -0.050420567105543164)
2018-10-25 16:57:39,994     INFO End of fixations
2018-10-25 16:57:39,998     INFO Showing fixation at (-0.03208443589988913, -0.8901995534298763)
2018-10-25 16:57:41,010     INFO End of fixations
2018-10-25 16:57:41,015     INFO Showing fixation at (-0.03475362567469303, -0.8256617183195906)
2018-10-25 16:57:41,828     INFO End of fixations
2018-10-25 16:57:41,832     INFO Showing fixation at (-0.03891524678299664, 0.7670003079866697)
2018-10-25 16:57:42,844     INFO End of fixations
2018-10-25 16:57:42,849     INFO Showing fixation at (0, 0)
2018-10-25 16:57:44,061     INFO End of fixations
2018-10-25 16:57:44,061     INFO Showing instructions
2018-10-25 16:57:44,061     INFO Instruction: 
2018-10-25 16:57:44,828     INFO Received signal 5 after 0.751750946045 seconds
2018-10-25 16:57:44,828     INFO End of instructions
2018-10-25 16:57:44,828     INFO Block 6 fixations
2018-10-25 16:57:44,833     INFO Showing fixation at (0, 0)
2018-10-25 16:57:45,844     INFO End of fixations
2018-10-25 16:57:45,849     INFO Showing fixation at (-0.025677926549861126, -0.7792375687917807)
2018-10-25 16:57:46,661     INFO End of fixations
2018-10-25 16:57:46,665     INFO Showing fixation at (0.03338050233915245, -0.758580836008336)
2018-10-25 16:57:47,478     INFO End of fixations
2018-10-25 16:57:47,482     INFO Showing fixation at (-0.42365567424830475, -0.03151906808934428)
2018-10-25 16:57:48,694     INFO End of fixations
2018-10-25 16:57:48,699     INFO Showing fixation at (-0.4605795838376896, -0.018888635726392926)
2018-10-25 16:57:49,511     INFO End of fixations
2018-10-25 16:57:49,515     INFO Showing fixation at (0.4474869871938959, -0.008134740802515271)
2018-10-25 16:57:50,527     INFO End of fixations
2018-10-25 16:57:50,532     INFO Showing fixation at (-0.0009187845370377326, -0.7646079472469056)
2018-10-25 16:57:51,544     INFO End of fixations
2018-10-25 16:57:51,549     INFO Showing fixation at (0.47557745179366684, 0.012883400773388107)
2018-10-25 16:57:52,361     INFO End of fixations
2018-10-25 16:57:52,365     INFO Showing fixation at (0.023337997823343816, 0.8040520335081995)
2018-10-25 16:57:53,377     INFO End of fixations
2018-10-25 16:57:53,381     INFO Showing fixation at (0.02355189780047287, 0.8425019661270319)
2018-10-25 16:57:54,594     INFO End of fixations
2018-10-25 16:57:54,600     INFO Showing fixation at (-0.4701449119193551, 0.027735031936925614)
2018-10-25 16:57:55,811     INFO End of fixations
2018-10-25 16:57:55,816     INFO Showing fixation at (0.4435795237356961, -0.040185836102348105)
2018-10-25 16:57:56,628     INFO End of fixations
2018-10-25 16:57:56,632     INFO Showing fixation at (-0.009342755811011315, 0.8736110360262249)
2018-10-25 16:57:57,845     INFO End of fixations
2018-10-25 16:57:57,850     INFO Showing fixation at (0, 0)
2018-10-25 16:57:59,061     INFO End of fixations
2018-10-25 16:57:59,061     INFO Showing instructions
2018-10-25 16:57:59,062     INFO Instruction: 
2018-10-25 16:57:59,828     INFO Received signal 5 after 0.750761032104 seconds
2018-10-25 16:57:59,828     INFO End of instructions
2018-10-25 16:57:59,828     INFO Block 6 saccades
2018-10-25 16:57:59,833     INFO Showing fixation at (0, 0)
2018-10-25 16:58:00,844     INFO End of fixations
2018-10-25 16:58:00,849     INFO Showing fixation at (-0.025677926549861126, -0.7792375687917807)
2018-10-25 16:58:01,661     INFO End of fixations
2018-10-25 16:58:01,666     INFO Showing fixation at (0.03338050233915245, -0.758580836008336)
2018-10-25 16:58:02,478     INFO End of fixations
2018-10-25 16:58:02,482     INFO Showing fixation at (-0.42365567424830475, -0.03151906808934428)
2018-10-25 16:58:03,694     INFO End of fixations
2018-10-25 16:58:03,699     INFO Showing fixation at (-0.4605795838376896, -0.018888635726392926)
2018-10-25 16:58:04,511     INFO End of fixations
2018-10-25 16:58:04,516     INFO Showing fixation at (0.4474869871938959, -0.008134740802515271)
2018-10-25 16:58:05,528     INFO End of fixations
2018-10-25 16:58:05,532     INFO Showing fixation at (-0.0009187845370377326, -0.7646079472469056)
2018-10-25 16:58:06,544     INFO End of fixations
2018-10-25 16:58:06,549     INFO Showing fixation at (0.47557745179366684, 0.012883400773388107)
2018-10-25 16:58:07,362     INFO End of fixations
2018-10-25 16:58:07,366     INFO Showing fixation at (0.023337997823343816, 0.8040520335081995)
2018-10-25 16:58:08,378     INFO End of fixations
2018-10-25 16:58:08,383     INFO Showing fixation at (0.02355189780047287, 0.8425019661270319)
2018-10-25 16:58:09,595     INFO End of fixations
2018-10-25 16:58:09,600     INFO Showing fixation at (-0.4701449119193551, 0.027735031936925614)
2018-10-25 16:58:10,811     INFO End of fixations
2018-10-25 16:58:10,816     INFO Showing fixation at (0.4435795237356961, -0.040185836102348105)
2018-10-25 16:58:11,628     INFO End of fixations
2018-10-25 16:58:11,633     INFO Showing fixation at (-0.009342755811011315, 0.8736110360262249)
2018-10-25 16:58:12,845     INFO End of fixations
2018-10-25 16:58:12,849     INFO Showing fixation at (0, 0)
2018-10-25 16:58:14,061     INFO End of fixations
2018-10-25 16:58:14,062     INFO Showing instructions
2018-10-25 16:58:14,062     INFO Instruction: 
2018-10-25 16:58:14,828     INFO Received signal 5 after 0.750778913498 seconds
2018-10-25 16:58:14,828     INFO End of instructions
2018-10-25 16:58:14,828     INFO Block 7 fixations
2018-10-25 16:58:14,833     INFO Showing fixation at (0, 0)
2018-10-25 16:58:15,645     INFO End of fixations
2018-10-25 16:58:15,649     INFO Showing fixation at (-0.013201577347742351, -0.7747625181799744)
2018-10-25 16:58:16,661     INFO End of fixations
2018-10-25 16:58:16,666     INFO Showing fixation at (-0.4402965715940113, -0.02517863291447619)
2018-10-25 16:58:17,879     INFO End of fixations
2018-10-25 16:58:17,883     INFO Showing fixation at (-0.007346111017066635, 0.773983152648259)
2018-10-25 16:58:18,695     INFO End of fixations
2018-10-25 16:58:18,700     INFO Showing fixation at (0.48644450045329596, -0.02948503244574637)
2018-10-25 16:58:19,512     INFO End of fixations
2018-10-25 16:58:19,516     INFO Showing fixation at (0.03178169755801445, 0.8524130907384877)
2018-10-25 16:58:20,728     INFO End of fixations
2018-10-25 16:58:20,733     INFO Showing fixation at (-0.4336905838463696, 0.02400254938999892)
2018-10-25 16:58:21,745     INFO End of fixations
2018-10-25 16:58:21,750     INFO Showing fixation at (0.017976159329293986, -0.8446623097240553)
2018-10-25 16:58:22,961     INFO End of fixations
2018-10-25 16:58:22,965     INFO Showing fixation at (-0.45292133875053353, 0.036392946620300806)
2018-10-25 16:58:23,978     INFO End of fixations
2018-10-25 16:58:23,983     INFO Showing fixation at (-0.03763637584160642, 0.883238405795274)
2018-10-25 16:58:24,795     INFO End of fixations
2018-10-25 16:58:24,800     INFO Showing fixation at (0.007316489759204445, -0.8102023223592368)
2018-10-25 16:58:25,612     INFO End of fixations
2018-10-25 16:58:25,617     INFO Showing fixation at (0.45150125828373416, -0.04881624893834392)
2018-10-25 16:58:26,829     INFO End of fixations
2018-10-25 16:58:26,833     INFO Showing fixation at (0.4703676485245899, 0.023469452270154262)
2018-10-25 16:58:28,045     INFO End of fixations
2018-10-25 16:58:28,051     INFO Showing fixation at (0, 0)
2018-10-25 16:58:29,062     INFO End of fixations
2018-10-25 16:58:29,062     INFO Showing instructions
2018-10-25 16:58:29,063     INFO Instruction: 
2018-10-25 16:58:29,827     INFO Received signal 5 after 0.749636888504 seconds
2018-10-25 16:58:29,827     INFO End of instructions
2018-10-25 16:58:29,828     INFO Block 7 saccades
2018-10-25 16:58:29,832     INFO Showing fixation at (0, 0)
2018-10-25 16:58:30,645     INFO End of fixations
2018-10-25 16:58:30,650     INFO Showing fixation at (-0.013201577347742351, -0.7747625181799744)
2018-10-25 16:58:31,662     INFO End of fixations
2018-10-25 16:58:31,667     INFO Showing fixation at (-0.4402965715940113, -0.02517863291447619)
2018-10-25 16:58:32,879     INFO End of fixations
2018-10-25 16:58:32,883     INFO Showing fixation at (-0.007346111017066635, 0.773983152648259)
2018-10-25 16:58:33,695     INFO End of fixations
2018-10-25 16:58:33,700     INFO Showing fixation at (0.48644450045329596, -0.02948503244574637)
2018-10-25 16:58:34,512     INFO End of fixations
2018-10-25 16:58:34,517     INFO Showing fixation at (0.03178169755801445, 0.8524130907384877)
2018-10-25 16:58:35,729     INFO End of fixations
2018-10-25 16:58:35,733     INFO Showing fixation at (-0.4336905838463696, 0.02400254938999892)
2018-10-25 16:58:36,745     INFO End of fixations
2018-10-25 16:58:36,750     INFO Showing fixation at (0.017976159329293986, -0.8446623097240553)
2018-10-25 16:58:37,962     INFO End of fixations
2018-10-25 16:58:37,967     INFO Showing fixation at (-0.45292133875053353, 0.036392946620300806)
2018-10-25 16:58:38,979     INFO End of fixations
2018-10-25 16:58:38,983     INFO Showing fixation at (-0.03763637584160642, 0.883238405795274)
2018-10-25 16:58:39,796     INFO End of fixations
2018-10-25 16:58:39,800     INFO Showing fixation at (0.007316489759204445, -0.8102023223592368)
2018-10-25 16:58:40,612     INFO End of fixations
2018-10-25 16:58:40,617     INFO Showing fixation at (0.45150125828373416, -0.04881624893834392)
2018-10-25 16:58:41,829     INFO End of fixations
2018-10-25 16:58:41,834     INFO Showing fixation at (0.4703676485245899, 0.023469452270154262)
2018-10-25 16:58:43,046     INFO End of fixations
2018-10-25 16:58:43,050     INFO Showing fixation at (0, 0)
2018-10-25 16:58:44,062     INFO End of fixations
2018-10-25 16:58:44,063     INFO Showing instructions
2018-10-25 16:58:44,063     INFO Instruction: 
2018-10-25 16:58:44,827     INFO Received signal 5 after 0.7487180233 seconds
2018-10-25 16:58:44,827     INFO End of instructions
2018-10-25 16:58:44,827     INFO Block 8 fixations
2018-10-25 16:58:44,831     INFO Showing fixation at (0, 0)
2018-10-25 16:58:45,646     INFO End of fixations
2018-10-25 16:58:45,650     INFO Showing fixation at (0.4834486353613173, -0.05231581811661742)
2018-10-25 16:58:46,862     INFO End of fixations
2018-10-25 16:58:46,867     INFO Showing fixation at (-0.46311339547984204, 0.011362353972906386)
2018-10-25 16:58:47,880     INFO End of fixations
2018-10-25 16:58:47,884     INFO Showing fixation at (-0.026483770488534286, 0.8755116496637136)
2018-10-25 16:58:49,095     INFO End of fixations
2018-10-25 16:58:49,099     INFO Showing fixation at (0.0016715354425043266, -0.7537512047007546)
2018-10-25 16:58:49,912     INFO End of fixations
2018-10-25 16:58:49,917     INFO Showing fixation at (0.02761384327603615, -0.7602999547177887)
2018-10-25 16:58:50,729     INFO End of fixations
2018-10-25 16:58:50,734     INFO Showing fixation at (0.43407800087241083, -0.009116903375701098)
2018-10-25 16:58:51,946     INFO End of fixations
2018-10-25 16:58:51,951     INFO Showing fixation at (0.031121313370381154, 0.8145371375739461)
2018-10-25 16:58:52,963     INFO End of fixations
2018-10-25 16:58:52,967     INFO Showing fixation at (0.47859590397735213, -0.055253043899519697)
2018-10-25 16:58:53,779     INFO End of fixations
2018-10-25 16:58:53,784     INFO Showing fixation at (0.021868992768701613, -0.7714837096367932)
2018-10-25 16:58:54,796     INFO End of fixations
2018-10-25 16:58:54,801     INFO Showing fixation at (-0.031979014323543484, 0.76810601432711)
2018-10-25 16:58:55,613     INFO End of fixations
2018-10-25 16:58:55,618     INFO Showing fixation at (-0.42571697547593523, 0.06404172723641216)
2018-10-25 16:58:56,829     INFO End of fixations
2018-10-25 16:58:56,834     INFO Showing fixation at (-0.45658450418006474, -0.0635736671279736)
2018-10-25 16:58:58,045     INFO End of fixations
2018-10-25 16:58:58,050     INFO Showing fixation at (0, 0)
2018-10-25 16:58:59,063     INFO End of fixations
2018-10-25 16:58:59,063     INFO Showing instructions
2018-10-25 16:58:59,064     INFO Instruction: 
2018-10-25 16:58:59,827     INFO Received signal 5 after 0.748718976974 seconds
2018-10-25 16:58:59,827     INFO End of instructions
2018-10-25 16:58:59,827     INFO Block 8 saccades
2018-10-25 16:58:59,832     INFO Showing fixation at (0, 0)
2018-10-25 16:59:00,646     INFO End of fixations
2018-10-25 16:59:00,651     INFO Showing fixation at (0.4834486353613173, -0.05231581811661742)
2018-10-25 16:59:01,863     INFO End of fixations
2018-10-25 16:59:01,867     INFO Showing fixation at (-0.46311339547984204, 0.011362353972906386)
2018-10-25 16:59:02,880     INFO End of fixations
2018-10-25 16:59:02,884     INFO Showing fixation at (-0.026483770488534286, 0.8755116496637136)
2018-10-25 16:59:04,096     INFO End of fixations
2018-10-25 16:59:04,101     INFO Showing fixation at (0.0016715354425043266, -0.7537512047007546)
2018-10-25 16:59:04,913     INFO End of fixations
2018-10-25 16:59:04,918     INFO Showing fixation at (0.02761384327603615, -0.7602999547177887)
2018-10-25 16:59:05,730     INFO End of fixations
2018-10-25 16:59:05,735     INFO Showing fixation at (0.43407800087241083, -0.009116903375701098)
2018-10-25 16:59:06,946     INFO End of fixations
2018-10-25 16:59:06,951     INFO Showing fixation at (0.031121313370381154, 0.8145371375739461)
2018-10-25 16:59:07,964     INFO End of fixations
2018-10-25 16:59:07,968     INFO Showing fixation at (0.47859590397735213, -0.055253043899519697)
2018-10-25 16:59:08,780     INFO End of fixations
2018-10-25 16:59:08,784     INFO Showing fixation at (0.021868992768701613, -0.7714837096367932)
2018-10-25 16:59:09,796     INFO End of fixations
2018-10-25 16:59:09,801     INFO Showing fixation at (-0.031979014323543484, 0.76810601432711)
2018-10-25 16:59:10,613     INFO End of fixations
2018-10-25 16:59:10,618     INFO Showing fixation at (-0.42571697547593523, 0.06404172723641216)
2018-10-25 16:59:11,829     INFO End of fixations
2018-10-25 16:59:11,833     INFO Showing fixation at (-0.45658450418006474, -0.0635736671279736)
2018-10-25 16:59:13,045     INFO End of fixations
2018-10-25 16:59:13,050     INFO Showing fixation at (0, 0)
2018-10-25 16:59:14,063     INFO End of fixations
2018-10-25 16:59:14,063     INFO Showing instructions
2018-10-25 16:59:14,064     INFO Instruction: 
2018-10-25 16:59:14,827     INFO Received signal 5 after 0.747936010361 seconds
2018-10-25 16:59:14,827     INFO End of instructions
2018-10-25 16:59:14,827     INFO Block 9 fixations
2018-10-25 16:59:14,832     INFO Showing fixation at (0, 0)
2018-10-25 16:59:16,046     INFO End of fixations
2018-10-25 16:59:16,051     INFO Showing fixation at (-0.47074308324621783, 0.04909631994764359)
2018-10-25 16:59:17,064     INFO End of fixations
2018-10-25 16:59:17,068     INFO Showing fixation at (-0.02320273346728835, 0.8288865533455813)
2018-10-25 16:59:18,280     INFO End of fixations
2018-10-25 16:59:18,285     INFO Showing fixation at (-0.4866221860140894, -0.045890795398222384)
2018-10-25 16:59:19,497     INFO End of fixations
2018-10-25 16:59:19,501     INFO Showing fixation at (0.02635830358144084, 0.779580899992011)
2018-10-25 16:59:20,513     INFO End of fixations
2018-10-25 16:59:20,518     INFO Showing fixation at (0.47715863625910376, -0.044861198461595884)
2018-10-25 16:59:21,330     INFO End of fixations
2018-10-25 16:59:21,335     INFO Showing fixation at (0.0012907149110057553, 0.8790820045300197)
2018-10-25 16:59:22,147     INFO End of fixations
2018-10-25 16:59:22,151     INFO Showing fixation at (0.44853458086248327, 0.06805741833100878)
2018-10-25 16:59:23,163     INFO End of fixations
2018-10-25 16:59:23,168     INFO Showing fixation at (0.03585326269187629, -0.8818748956495073)
2018-10-25 16:59:23,980     INFO End of fixations
2018-10-25 16:59:23,985     INFO Showing fixation at (-0.00813920166772053, -0.8508846556013979)
2018-10-25 16:59:25,197     INFO End of fixations
2018-10-25 16:59:25,201     INFO Showing fixation at (0.46028241103160517, 0.0095005705951125)
2018-10-25 16:59:26,014     INFO End of fixations
2018-10-25 16:59:26,018     INFO Showing fixation at (-0.002846451054551939, -0.7772662216646761)
2018-10-25 16:59:26,831     INFO End of fixations
2018-10-25 16:59:26,838     INFO Showing fixation at (-0.4850850188706837, -0.03560168871624286)
2018-10-25 16:59:27,847     INFO End of fixations
2018-10-25 16:59:27,851     INFO Showing fixation at (0, 0)
2018-10-25 16:59:29,064     INFO End of fixations
2018-10-25 16:59:29,064     INFO Showing instructions
2018-10-25 16:59:29,065     INFO Instruction: 
2018-10-25 16:59:29,827     INFO Received signal 5 after 0.747748851776 seconds
2018-10-25 16:59:29,827     INFO End of instructions
2018-10-25 16:59:29,828     INFO Block 9 saccades
2018-10-25 16:59:29,832     INFO Showing fixation at (0, 0)
2018-10-25 16:59:31,046     INFO End of fixations
2018-10-25 16:59:31,051     INFO Showing fixation at (-0.47074308324621783, 0.04909631994764359)
2018-10-25 16:59:32,064     INFO End of fixations
2018-10-25 16:59:32,068     INFO Showing fixation at (-0.02320273346728835, 0.8288865533455813)
2018-10-25 16:59:33,280     INFO End of fixations
2018-10-25 16:59:33,285     INFO Showing fixation at (-0.4866221860140894, -0.045890795398222384)
2018-10-25 16:59:34,497     INFO End of fixations
2018-10-25 16:59:34,502     INFO Showing fixation at (0.02635830358144084, 0.779580899992011)
2018-10-25 16:59:35,514     INFO End of fixations
2018-10-25 16:59:35,518     INFO Showing fixation at (0.47715863625910376, -0.044861198461595884)
2018-10-25 16:59:36,331     INFO End of fixations
2018-10-25 16:59:36,335     INFO Showing fixation at (0.0012907149110057553, 0.8790820045300197)
2018-10-25 16:59:37,148     INFO End of fixations
2018-10-25 16:59:37,152     INFO Showing fixation at (0.44853458086248327, 0.06805741833100878)
2018-10-25 16:59:38,164     INFO End of fixations
2018-10-25 16:59:38,169     INFO Showing fixation at (0.03585326269187629, -0.8818748956495073)
2018-10-25 16:59:38,981     INFO End of fixations
2018-10-25 16:59:38,986     INFO Showing fixation at (-0.00813920166772053, -0.8508846556013979)
2018-10-25 16:59:40,197     INFO End of fixations
2018-10-25 16:59:40,202     INFO Showing fixation at (0.46028241103160517, 0.0095005705951125)
2018-10-25 16:59:41,014     INFO End of fixations
2018-10-25 16:59:41,019     INFO Showing fixation at (-0.002846451054551939, -0.7772662216646761)
2018-10-25 16:59:41,831     INFO End of fixations
2018-10-25 16:59:41,835     INFO Showing fixation at (-0.4850850188706837, -0.03560168871624286)
2018-10-25 16:59:42,847     INFO End of fixations
2018-10-25 16:59:42,852     INFO Showing fixation at (0, 0)
2018-10-25 16:59:44,064     INFO End of fixations
2018-10-25 16:59:44,067     INFO Showing fixation at (0, 0) for 8 second(s)
2018-10-25 16:59:44,827     INFO Received trigger 5
2018-10-25 16:59:45,827     INFO Received trigger 5
2018-10-25 16:59:46,827     INFO Received trigger 5
2018-10-25 16:59:47,827     INFO Received trigger 5
2018-10-25 16:59:48,827     INFO Received trigger 5
2018-10-25 16:59:49,827     INFO Received trigger 5
2018-10-25 16:59:50,827     INFO Received trigger 5
2018-10-25 16:59:54,655     INFO Received trigger 5
2018-10-25 16:59:54,655     INFO End of fixations
2018-10-25 16:59:54,655     INFO End of experiment
